[2025-10-12T07:56:14.042+0000] {local_task_job_runner.py:123} INFO - ::group::Pre task execution logs
[2025-10-12T07:56:14.054+0000] {taskinstance.py:2612} INFO - Dependencies all met for dep_context=non-requeueable deps ti=<TaskInstance: read_sqlite_db.read_customers manual__2025-10-12T07:56:11.918562+00:00 [queued]>
[2025-10-12T07:56:14.064+0000] {taskinstance.py:2612} INFO - Dependencies all met for dep_context=requeueable deps ti=<TaskInstance: read_sqlite_db.read_customers manual__2025-10-12T07:56:11.918562+00:00 [queued]>
[2025-10-12T07:56:14.065+0000] {taskinstance.py:2865} INFO - Starting attempt 1 of 1
[2025-10-12T07:56:14.089+0000] {taskinstance.py:2888} INFO - Executing <Task(PythonOperator): read_customers> on 2025-10-12 07:56:11.918562+00:00
[2025-10-12T07:56:14.093+0000] {standard_task_runner.py:72} INFO - Started process 84 to run task
[2025-10-12T07:56:14.096+0000] {standard_task_runner.py:104} INFO - Running: ['airflow', 'tasks', 'run', 'read_sqlite_db', 'read_customers', 'manual__2025-10-12T07:56:11.918562+00:00', '--job-id', '20', '--raw', '--subdir', 'DAGS_FOLDER/read_sqlite_db.py', '--cfg-path', '/tmp/tmpal18r87f']
[2025-10-12T07:56:14.104+0000] {standard_task_runner.py:105} INFO - Job 20: Subtask read_customers
[2025-10-12T07:56:14.133+0000] {logging_mixin.py:190} WARNING - /home/airflow/.local/lib/python3.12/site-packages/airflow/settings.py:209 DeprecationWarning: The sql_alchemy_conn option in [core] has been moved to the sql_alchemy_conn option in [database] - the old setting has been used, but please update your config.
[2025-10-12T07:56:14.185+0000] {task_command.py:467} INFO - Running <TaskInstance: read_sqlite_db.read_customers manual__2025-10-12T07:56:11.918562+00:00 [running]> on host 3eeb3e8ab23c
[2025-10-12T07:56:14.292+0000] {taskinstance.py:3131} INFO - Exporting env vars: AIRFLOW_CTX_DAG_OWNER='airflow' AIRFLOW_CTX_DAG_ID='read_sqlite_db' AIRFLOW_CTX_TASK_ID='read_customers' AIRFLOW_CTX_EXECUTION_DATE='2025-10-12T07:56:11.918562+00:00' AIRFLOW_CTX_TRY_NUMBER='1' AIRFLOW_CTX_DAG_RUN_ID='manual__2025-10-12T07:56:11.918562+00:00'
[2025-10-12T07:56:14.292+0000] {taskinstance.py:731} INFO - ::endgroup::
[2025-10-12T07:56:14.541+0000] {logging_mixin.py:190} INFO - [
    {
        "date": 20210307,
        "dateChecked": "2021-03-07T24:00:00Z",
        "death": 515151,
        "deathIncrease": 842,
        "hash": "a80d0063822e251249fd9a44730c49cb23defd83",
        "hospitalized": 776361,
        "hospitalizedCumulative": 776361,
        "hospitalizedCurrently": 40199,
        "hospitalizedIncrease": 726,
        "inIcuCumulative": 45475,
        "inIcuCurrently": 8134,
        "lastModified": "2021-03-07T24:00:00Z",
        "negative": 74582825,
        "negativeIncrease": 131835,
        "onVentilatorCumulative": 4281,
        "onVentilatorCurrently": 2802,
        "pending": 11808,
        "posNeg": 0,
        "positive": 28756489,
        "positiveIncrease": 41835,
        "recovered": null,
        "states": 56,
        "total": 0,
        "totalTestResults": 363825123,
        "totalTestResultsIncrease": 1170059
    },
    {
        "date": 20210306,
        "dateChecked": "2021-03-06T24:00:00Z",
        "death": 514309,
        "deathIncrease": 1680,
        "hash": "dae5e558c24adb86686bbd58c08cce5f610b8bb0",
        "hospitalized": 775635,
        "hospitalizedCumulative": 775635,
        "hospitalizedCurrently": 41401,
        "hospitalizedIncrease": 503,
        "inIcuCumulative": 45453,
        "inIcuCurrently": 8409,
        "lastModified": "2021-03-06T24:00:00Z",
        "negative": 74450990,
        "negativeIncrease": 143835,
        "onVentilatorCumulative": 4280,
        "onVentilatorCurrently": 2811,
        "pending": 11783,
        "posNeg": 0,
        "positive": 28714654,
        "positiveIncrease": 60015,
        "recovered": null,
        "states": 56,
        "total": 0,
        "totalTestResults": 362655064,
        "totalTestResultsIncrease": 1430992
    },
    {
        "date": 20210305,
        "dateChecked": "2021-03-05T24:00:00Z",
        "death": 512629,
        "deathIncrease": 2221,
        "hash": "724844c01659d0103801c57c0f72bf8cc8ab025c",
        "hospitalized": 775132,
        "hospitalizedCumulative": 775132,
        "hospitalizedCurrently": 42541,
        "hospitalizedIncrease": 2781,
        "inIcuCumulative": 45373,
        "inIcuCurrently": 8634,
        "lastModified": "2021-03-05T24:00:00Z",
        "negative": 74307155,
        "negativeIncrease": 271917,
        "onVentilatorCumulative": 4275,
        "onVentilatorCurrently": 2889,
        "pending": 12213,
        "posNeg": 0,
        "positive": 28654639,
        "positiveIncrease": 68787,
        "recovered": null,
        "states": 56,
        "total": 0,
        "totalTestResults": 361224072,
        "totalTestResultsIncrease": 1744417
    },
    {
        "date": 20210304,
        "dateChecked": "2021-03-04T24:00:00Z",
        "death": 510408,
        "deathIncrease": 1743,
        "hash": "5c549ad30f9abf48dc5de36d20fa707014be1ff3",
        "hospitalized": 772351,
        "hospitalizedCumulative": 772351,
        "hospitalizedCurrently": 44172,
        "hospitalizedIncrease": 1530,
        "inIcuCumulative": 45293,
        "inIcuCurrently": 8970,
        "lastModified": "2021-03-04T24:00:00Z",
        "negative": 74035238,
        "negativeIncrease": 177957,
        "onVentilatorCumulative": 4267,
        "onVentilatorCurrently": 2973,
        "pending": 12405,
        "posNeg": 0,
        "positive": 28585852,
        "positiveIncrease": 65487,
        "recovered": null,
        "states": 56,
        "total": 0,
        "totalTestResults": 359479655,
        "totalTestResultsIncrease": 1590984
    },
    {
        "date": 20210303,
        "dateChecked": "2021-03-03T24:00:00Z",
        "death": 508665,
        "deathIncrease": 2449,
        "hash": "fef6c425d2b773a9221fe353f13852f3e4a4bfb0",
        "hospitalized": 770821,
        "hospitalizedCumulative": 770821,
        "hospitalizedCurrently": 45462,
        "hospitalizedIncrease": 2172,
        "inIcuCumulative": 45214,
        "inIcuCurrently": 9359,
        "lastModified": "2021-03-03T24:00:00Z",
        "negative": 73857281,
        "negativeIncrease": 267001,
        "onVentilatorCumulative": 4260,
        "onVentilatorCurrently": 3094,
        "pending": 11778,
        "posNeg": 0,
        "positive": 28520365,
        "positiveIncrease": 66836,
        "recovered": null,
        "states": 56,
        "total": 0,
        "totalTestResults": 357888671,
        "totalTestResultsIncrease": 1406795
    }
]
[2025-10-12T07:56:14.542+0000] {python.py:240} INFO - Done. Returned value was: []
[2025-10-12T07:56:14.573+0000] {taskinstance.py:340} INFO - ::group::Post task execution logs
[2025-10-12T07:56:14.574+0000] {taskinstance.py:352} INFO - Marking task as SUCCESS. dag_id=read_sqlite_db, task_id=read_customers, run_id=manual__2025-10-12T07:56:11.918562+00:00, execution_date=20251012T075611, start_date=20251012T075614, end_date=20251012T075614
[2025-10-12T07:56:14.631+0000] {local_task_job_runner.py:266} INFO - Task exited with return code 0
[2025-10-12T07:56:14.649+0000] {taskinstance.py:3900} INFO - 0 downstream tasks scheduled from follow-on schedule check
[2025-10-12T07:56:14.650+0000] {local_task_job_runner.py:245} INFO - ::endgroup::
