[2025-10-17T18:58:23.188+0000] {processor.py:186} INFO - Started process (PID=27) to work on /opt/airflow/dags/fetch_clean_save_covid_data.py
[2025-10-17T18:58:23.189+0000] {processor.py:914} INFO - Processing file /opt/airflow/dags/fetch_clean_save_covid_data.py for tasks to queue
[2025-10-17T18:58:23.192+0000] {logging_mixin.py:190} INFO - [2025-10-17T18:58:23.191+0000] {dagbag.py:588} INFO - Filling up the DagBag from /opt/airflow/dags/fetch_clean_save_covid_data.py
[2025-10-17T18:58:24.563+0000] {processor.py:925} INFO - DAG(s) 'save_cleaned_covid_data' retrieved from /opt/airflow/dags/fetch_clean_save_covid_data.py
[2025-10-17T18:58:24.596+0000] {logging_mixin.py:190} INFO - [2025-10-17T18:58:24.595+0000] {dag.py:3239} INFO - Sync 1 DAGs
[2025-10-17T18:58:24.627+0000] {logging_mixin.py:190} INFO - [2025-10-17T18:58:24.627+0000] {dag.py:4180} INFO - Setting next_dagrun for save_cleaned_covid_data to None, run_after=None
[2025-10-17T18:58:24.662+0000] {processor.py:208} INFO - Processing /opt/airflow/dags/fetch_clean_save_covid_data.py took 1.484 seconds
[2025-10-17T18:58:55.702+0000] {processor.py:186} INFO - Started process (PID=32) to work on /opt/airflow/dags/fetch_clean_save_covid_data.py
[2025-10-17T18:58:55.703+0000] {processor.py:914} INFO - Processing file /opt/airflow/dags/fetch_clean_save_covid_data.py for tasks to queue
[2025-10-17T18:58:55.706+0000] {logging_mixin.py:190} INFO - [2025-10-17T18:58:55.705+0000] {dagbag.py:588} INFO - Filling up the DagBag from /opt/airflow/dags/fetch_clean_save_covid_data.py
[2025-10-17T18:58:56.043+0000] {processor.py:925} INFO - DAG(s) 'save_cleaned_covid_data' retrieved from /opt/airflow/dags/fetch_clean_save_covid_data.py
[2025-10-17T18:58:56.069+0000] {logging_mixin.py:190} INFO - [2025-10-17T18:58:56.068+0000] {dag.py:3239} INFO - Sync 1 DAGs
[2025-10-17T18:58:56.080+0000] {logging_mixin.py:190} INFO - [2025-10-17T18:58:56.080+0000] {dag.py:4180} INFO - Setting next_dagrun for save_cleaned_covid_data to None, run_after=None
[2025-10-17T18:58:56.124+0000] {processor.py:208} INFO - Processing /opt/airflow/dags/fetch_clean_save_covid_data.py took 0.427 seconds
[2025-10-17T18:59:26.484+0000] {processor.py:186} INFO - Started process (PID=37) to work on /opt/airflow/dags/fetch_clean_save_covid_data.py
[2025-10-17T18:59:26.485+0000] {processor.py:914} INFO - Processing file /opt/airflow/dags/fetch_clean_save_covid_data.py for tasks to queue
[2025-10-17T18:59:26.487+0000] {logging_mixin.py:190} INFO - [2025-10-17T18:59:26.487+0000] {dagbag.py:588} INFO - Filling up the DagBag from /opt/airflow/dags/fetch_clean_save_covid_data.py
[2025-10-17T18:59:26.838+0000] {processor.py:925} INFO - DAG(s) 'save_cleaned_covid_data' retrieved from /opt/airflow/dags/fetch_clean_save_covid_data.py
[2025-10-17T18:59:26.874+0000] {logging_mixin.py:190} INFO - [2025-10-17T18:59:26.873+0000] {dag.py:3239} INFO - Sync 1 DAGs
[2025-10-17T18:59:26.885+0000] {logging_mixin.py:190} INFO - [2025-10-17T18:59:26.884+0000] {dag.py:4180} INFO - Setting next_dagrun for save_cleaned_covid_data to None, run_after=None
[2025-10-17T18:59:26.921+0000] {processor.py:208} INFO - Processing /opt/airflow/dags/fetch_clean_save_covid_data.py took 0.442 seconds
[2025-10-17T18:59:57.102+0000] {processor.py:186} INFO - Started process (PID=42) to work on /opt/airflow/dags/fetch_clean_save_covid_data.py
[2025-10-17T18:59:57.103+0000] {processor.py:914} INFO - Processing file /opt/airflow/dags/fetch_clean_save_covid_data.py for tasks to queue
[2025-10-17T18:59:57.105+0000] {logging_mixin.py:190} INFO - [2025-10-17T18:59:57.105+0000] {dagbag.py:588} INFO - Filling up the DagBag from /opt/airflow/dags/fetch_clean_save_covid_data.py
[2025-10-17T18:59:57.437+0000] {processor.py:925} INFO - DAG(s) 'save_cleaned_covid_data' retrieved from /opt/airflow/dags/fetch_clean_save_covid_data.py
[2025-10-17T18:59:57.463+0000] {logging_mixin.py:190} INFO - [2025-10-17T18:59:57.463+0000] {dag.py:3239} INFO - Sync 1 DAGs
[2025-10-17T18:59:57.476+0000] {logging_mixin.py:190} INFO - [2025-10-17T18:59:57.475+0000] {dag.py:4180} INFO - Setting next_dagrun for save_cleaned_covid_data to None, run_after=None
[2025-10-17T18:59:57.519+0000] {processor.py:208} INFO - Processing /opt/airflow/dags/fetch_clean_save_covid_data.py took 0.421 seconds
[2025-10-17T19:00:27.670+0000] {processor.py:186} INFO - Started process (PID=55) to work on /opt/airflow/dags/fetch_clean_save_covid_data.py
[2025-10-17T19:00:27.671+0000] {processor.py:914} INFO - Processing file /opt/airflow/dags/fetch_clean_save_covid_data.py for tasks to queue
[2025-10-17T19:00:27.673+0000] {logging_mixin.py:190} INFO - [2025-10-17T19:00:27.673+0000] {dagbag.py:588} INFO - Filling up the DagBag from /opt/airflow/dags/fetch_clean_save_covid_data.py
[2025-10-17T19:00:28.020+0000] {processor.py:925} INFO - DAG(s) 'save_cleaned_covid_data' retrieved from /opt/airflow/dags/fetch_clean_save_covid_data.py
[2025-10-17T19:00:28.052+0000] {logging_mixin.py:190} INFO - [2025-10-17T19:00:28.052+0000] {dag.py:3239} INFO - Sync 1 DAGs
[2025-10-17T19:00:28.066+0000] {logging_mixin.py:190} INFO - [2025-10-17T19:00:28.066+0000] {dag.py:4180} INFO - Setting next_dagrun for save_cleaned_covid_data to None, run_after=None
[2025-10-17T19:00:28.111+0000] {processor.py:208} INFO - Processing /opt/airflow/dags/fetch_clean_save_covid_data.py took 0.446 seconds
[2025-10-17T19:00:58.289+0000] {processor.py:186} INFO - Started process (PID=68) to work on /opt/airflow/dags/fetch_clean_save_covid_data.py
[2025-10-17T19:00:58.289+0000] {processor.py:914} INFO - Processing file /opt/airflow/dags/fetch_clean_save_covid_data.py for tasks to queue
[2025-10-17T19:00:58.291+0000] {logging_mixin.py:190} INFO - [2025-10-17T19:00:58.291+0000] {dagbag.py:588} INFO - Filling up the DagBag from /opt/airflow/dags/fetch_clean_save_covid_data.py
[2025-10-17T19:00:58.612+0000] {processor.py:925} INFO - DAG(s) 'save_cleaned_covid_data' retrieved from /opt/airflow/dags/fetch_clean_save_covid_data.py
[2025-10-17T19:00:58.639+0000] {logging_mixin.py:190} INFO - [2025-10-17T19:00:58.638+0000] {dag.py:3239} INFO - Sync 1 DAGs
[2025-10-17T19:00:58.650+0000] {logging_mixin.py:190} INFO - [2025-10-17T19:00:58.650+0000] {dag.py:4180} INFO - Setting next_dagrun for save_cleaned_covid_data to None, run_after=None
[2025-10-17T19:00:58.694+0000] {processor.py:208} INFO - Processing /opt/airflow/dags/fetch_clean_save_covid_data.py took 0.410 seconds
[2025-10-17T19:01:28.840+0000] {processor.py:186} INFO - Started process (PID=81) to work on /opt/airflow/dags/fetch_clean_save_covid_data.py
[2025-10-17T19:01:28.841+0000] {processor.py:914} INFO - Processing file /opt/airflow/dags/fetch_clean_save_covid_data.py for tasks to queue
[2025-10-17T19:01:28.843+0000] {logging_mixin.py:190} INFO - [2025-10-17T19:01:28.843+0000] {dagbag.py:588} INFO - Filling up the DagBag from /opt/airflow/dags/fetch_clean_save_covid_data.py
[2025-10-17T19:01:29.177+0000] {processor.py:925} INFO - DAG(s) 'save_cleaned_covid_data' retrieved from /opt/airflow/dags/fetch_clean_save_covid_data.py
[2025-10-17T19:01:29.215+0000] {logging_mixin.py:190} INFO - [2025-10-17T19:01:29.215+0000] {dag.py:3239} INFO - Sync 1 DAGs
[2025-10-17T19:01:29.228+0000] {logging_mixin.py:190} INFO - [2025-10-17T19:01:29.228+0000] {dag.py:4180} INFO - Setting next_dagrun for save_cleaned_covid_data to None, run_after=None
[2025-10-17T19:01:29.260+0000] {processor.py:208} INFO - Processing /opt/airflow/dags/fetch_clean_save_covid_data.py took 0.425 seconds
[2025-10-17T19:01:59.523+0000] {processor.py:186} INFO - Started process (PID=94) to work on /opt/airflow/dags/fetch_clean_save_covid_data.py
[2025-10-17T19:01:59.524+0000] {processor.py:914} INFO - Processing file /opt/airflow/dags/fetch_clean_save_covid_data.py for tasks to queue
[2025-10-17T19:01:59.526+0000] {logging_mixin.py:190} INFO - [2025-10-17T19:01:59.526+0000] {dagbag.py:588} INFO - Filling up the DagBag from /opt/airflow/dags/fetch_clean_save_covid_data.py
[2025-10-17T19:01:59.835+0000] {processor.py:925} INFO - DAG(s) 'save_cleaned_covid_data' retrieved from /opt/airflow/dags/fetch_clean_save_covid_data.py
[2025-10-17T19:01:59.860+0000] {logging_mixin.py:190} INFO - [2025-10-17T19:01:59.860+0000] {dag.py:3239} INFO - Sync 1 DAGs
[2025-10-17T19:01:59.873+0000] {logging_mixin.py:190} INFO - [2025-10-17T19:01:59.873+0000] {dag.py:4180} INFO - Setting next_dagrun for save_cleaned_covid_data to None, run_after=None
[2025-10-17T19:01:59.925+0000] {processor.py:208} INFO - Processing /opt/airflow/dags/fetch_clean_save_covid_data.py took 0.406 seconds
[2025-10-17T19:02:30.242+0000] {processor.py:186} INFO - Started process (PID=107) to work on /opt/airflow/dags/fetch_clean_save_covid_data.py
[2025-10-17T19:02:30.243+0000] {processor.py:914} INFO - Processing file /opt/airflow/dags/fetch_clean_save_covid_data.py for tasks to queue
[2025-10-17T19:02:30.245+0000] {logging_mixin.py:190} INFO - [2025-10-17T19:02:30.245+0000] {dagbag.py:588} INFO - Filling up the DagBag from /opt/airflow/dags/fetch_clean_save_covid_data.py
[2025-10-17T19:02:30.576+0000] {processor.py:925} INFO - DAG(s) 'save_cleaned_covid_data' retrieved from /opt/airflow/dags/fetch_clean_save_covid_data.py
[2025-10-17T19:02:30.604+0000] {logging_mixin.py:190} INFO - [2025-10-17T19:02:30.604+0000] {dag.py:3239} INFO - Sync 1 DAGs
[2025-10-17T19:02:30.615+0000] {logging_mixin.py:190} INFO - [2025-10-17T19:02:30.615+0000] {dag.py:4180} INFO - Setting next_dagrun for save_cleaned_covid_data to None, run_after=None
[2025-10-17T19:02:30.652+0000] {processor.py:208} INFO - Processing /opt/airflow/dags/fetch_clean_save_covid_data.py took 0.416 seconds
[2025-10-17T19:03:00.876+0000] {processor.py:186} INFO - Started process (PID=120) to work on /opt/airflow/dags/fetch_clean_save_covid_data.py
[2025-10-17T19:03:00.877+0000] {processor.py:914} INFO - Processing file /opt/airflow/dags/fetch_clean_save_covid_data.py for tasks to queue
[2025-10-17T19:03:00.879+0000] {logging_mixin.py:190} INFO - [2025-10-17T19:03:00.878+0000] {dagbag.py:588} INFO - Filling up the DagBag from /opt/airflow/dags/fetch_clean_save_covid_data.py
[2025-10-17T19:03:01.198+0000] {processor.py:925} INFO - DAG(s) 'save_cleaned_covid_data' retrieved from /opt/airflow/dags/fetch_clean_save_covid_data.py
[2025-10-17T19:03:01.223+0000] {logging_mixin.py:190} INFO - [2025-10-17T19:03:01.223+0000] {dag.py:3239} INFO - Sync 1 DAGs
[2025-10-17T19:03:01.235+0000] {logging_mixin.py:190} INFO - [2025-10-17T19:03:01.235+0000] {dag.py:4180} INFO - Setting next_dagrun for save_cleaned_covid_data to None, run_after=None
[2025-10-17T19:03:01.283+0000] {processor.py:208} INFO - Processing /opt/airflow/dags/fetch_clean_save_covid_data.py took 0.412 seconds
[2025-10-17T19:03:31.951+0000] {processor.py:186} INFO - Started process (PID=133) to work on /opt/airflow/dags/fetch_clean_save_covid_data.py
[2025-10-17T19:03:31.952+0000] {processor.py:914} INFO - Processing file /opt/airflow/dags/fetch_clean_save_covid_data.py for tasks to queue
[2025-10-17T19:03:31.954+0000] {logging_mixin.py:190} INFO - [2025-10-17T19:03:31.954+0000] {dagbag.py:588} INFO - Filling up the DagBag from /opt/airflow/dags/fetch_clean_save_covid_data.py
[2025-10-17T19:03:32.298+0000] {processor.py:925} INFO - DAG(s) 'save_cleaned_covid_data' retrieved from /opt/airflow/dags/fetch_clean_save_covid_data.py
[2025-10-17T19:03:32.318+0000] {logging_mixin.py:190} INFO - [2025-10-17T19:03:32.317+0000] {dag.py:3239} INFO - Sync 1 DAGs
[2025-10-17T19:03:32.328+0000] {logging_mixin.py:190} INFO - [2025-10-17T19:03:32.328+0000] {dag.py:4180} INFO - Setting next_dagrun for save_cleaned_covid_data to None, run_after=None
[2025-10-17T19:03:32.372+0000] {processor.py:208} INFO - Processing /opt/airflow/dags/fetch_clean_save_covid_data.py took 0.427 seconds
[2025-10-17T19:04:03.208+0000] {processor.py:186} INFO - Started process (PID=146) to work on /opt/airflow/dags/fetch_clean_save_covid_data.py
[2025-10-17T19:04:03.209+0000] {processor.py:914} INFO - Processing file /opt/airflow/dags/fetch_clean_save_covid_data.py for tasks to queue
[2025-10-17T19:04:03.211+0000] {logging_mixin.py:190} INFO - [2025-10-17T19:04:03.210+0000] {dagbag.py:588} INFO - Filling up the DagBag from /opt/airflow/dags/fetch_clean_save_covid_data.py
[2025-10-17T19:04:03.522+0000] {processor.py:925} INFO - DAG(s) 'save_cleaned_covid_data' retrieved from /opt/airflow/dags/fetch_clean_save_covid_data.py
[2025-10-17T19:04:03.548+0000] {logging_mixin.py:190} INFO - [2025-10-17T19:04:03.548+0000] {dag.py:3239} INFO - Sync 1 DAGs
[2025-10-17T19:04:03.561+0000] {logging_mixin.py:190} INFO - [2025-10-17T19:04:03.561+0000] {dag.py:4180} INFO - Setting next_dagrun for save_cleaned_covid_data to None, run_after=None
[2025-10-17T19:04:03.610+0000] {processor.py:208} INFO - Processing /opt/airflow/dags/fetch_clean_save_covid_data.py took 0.407 seconds
[2025-10-17T19:04:34.277+0000] {processor.py:186} INFO - Started process (PID=159) to work on /opt/airflow/dags/fetch_clean_save_covid_data.py
[2025-10-17T19:04:34.278+0000] {processor.py:914} INFO - Processing file /opt/airflow/dags/fetch_clean_save_covid_data.py for tasks to queue
[2025-10-17T19:04:34.281+0000] {logging_mixin.py:190} INFO - [2025-10-17T19:04:34.280+0000] {dagbag.py:588} INFO - Filling up the DagBag from /opt/airflow/dags/fetch_clean_save_covid_data.py
[2025-10-17T19:04:34.693+0000] {processor.py:925} INFO - DAG(s) 'save_cleaned_covid_data' retrieved from /opt/airflow/dags/fetch_clean_save_covid_data.py
[2025-10-17T19:04:34.718+0000] {logging_mixin.py:190} INFO - [2025-10-17T19:04:34.718+0000] {dag.py:3239} INFO - Sync 1 DAGs
[2025-10-17T19:04:34.729+0000] {logging_mixin.py:190} INFO - [2025-10-17T19:04:34.729+0000] {dag.py:4180} INFO - Setting next_dagrun for save_cleaned_covid_data to None, run_after=None
[2025-10-17T19:04:34.772+0000] {processor.py:208} INFO - Processing /opt/airflow/dags/fetch_clean_save_covid_data.py took 0.501 seconds
[2025-10-17T19:05:05.719+0000] {processor.py:186} INFO - Started process (PID=172) to work on /opt/airflow/dags/fetch_clean_save_covid_data.py
[2025-10-17T19:05:05.720+0000] {processor.py:914} INFO - Processing file /opt/airflow/dags/fetch_clean_save_covid_data.py for tasks to queue
[2025-10-17T19:05:05.722+0000] {logging_mixin.py:190} INFO - [2025-10-17T19:05:05.721+0000] {dagbag.py:588} INFO - Filling up the DagBag from /opt/airflow/dags/fetch_clean_save_covid_data.py
[2025-10-17T19:05:06.102+0000] {processor.py:925} INFO - DAG(s) 'save_cleaned_covid_data' retrieved from /opt/airflow/dags/fetch_clean_save_covid_data.py
[2025-10-17T19:05:06.124+0000] {logging_mixin.py:190} INFO - [2025-10-17T19:05:06.124+0000] {dag.py:3239} INFO - Sync 1 DAGs
[2025-10-17T19:05:06.136+0000] {logging_mixin.py:190} INFO - [2025-10-17T19:05:06.136+0000] {dag.py:4180} INFO - Setting next_dagrun for save_cleaned_covid_data to None, run_after=None
[2025-10-17T19:05:06.180+0000] {processor.py:208} INFO - Processing /opt/airflow/dags/fetch_clean_save_covid_data.py took 0.465 seconds
[2025-10-17T19:05:37.090+0000] {processor.py:186} INFO - Started process (PID=185) to work on /opt/airflow/dags/fetch_clean_save_covid_data.py
[2025-10-17T19:05:37.091+0000] {processor.py:914} INFO - Processing file /opt/airflow/dags/fetch_clean_save_covid_data.py for tasks to queue
[2025-10-17T19:05:37.093+0000] {logging_mixin.py:190} INFO - [2025-10-17T19:05:37.092+0000] {dagbag.py:588} INFO - Filling up the DagBag from /opt/airflow/dags/fetch_clean_save_covid_data.py
[2025-10-17T19:05:37.421+0000] {processor.py:925} INFO - DAG(s) 'save_cleaned_covid_data' retrieved from /opt/airflow/dags/fetch_clean_save_covid_data.py
[2025-10-17T19:05:37.450+0000] {logging_mixin.py:190} INFO - [2025-10-17T19:05:37.449+0000] {dag.py:3239} INFO - Sync 1 DAGs
[2025-10-17T19:05:37.463+0000] {logging_mixin.py:190} INFO - [2025-10-17T19:05:37.463+0000] {dag.py:4180} INFO - Setting next_dagrun for save_cleaned_covid_data to None, run_after=None
[2025-10-17T19:05:37.518+0000] {processor.py:208} INFO - Processing /opt/airflow/dags/fetch_clean_save_covid_data.py took 0.433 seconds
[2025-10-17T19:06:08.069+0000] {processor.py:186} INFO - Started process (PID=198) to work on /opt/airflow/dags/fetch_clean_save_covid_data.py
[2025-10-17T19:06:08.069+0000] {processor.py:914} INFO - Processing file /opt/airflow/dags/fetch_clean_save_covid_data.py for tasks to queue
[2025-10-17T19:06:08.072+0000] {logging_mixin.py:190} INFO - [2025-10-17T19:06:08.071+0000] {dagbag.py:588} INFO - Filling up the DagBag from /opt/airflow/dags/fetch_clean_save_covid_data.py
[2025-10-17T19:06:08.383+0000] {processor.py:925} INFO - DAG(s) 'save_cleaned_covid_data' retrieved from /opt/airflow/dags/fetch_clean_save_covid_data.py
[2025-10-17T19:06:08.408+0000] {logging_mixin.py:190} INFO - [2025-10-17T19:06:08.408+0000] {dag.py:3239} INFO - Sync 1 DAGs
[2025-10-17T19:06:08.419+0000] {logging_mixin.py:190} INFO - [2025-10-17T19:06:08.419+0000] {dag.py:4180} INFO - Setting next_dagrun for save_cleaned_covid_data to None, run_after=None
[2025-10-17T19:06:08.461+0000] {processor.py:208} INFO - Processing /opt/airflow/dags/fetch_clean_save_covid_data.py took 0.396 seconds
[2025-10-17T19:06:39.380+0000] {processor.py:186} INFO - Started process (PID=211) to work on /opt/airflow/dags/fetch_clean_save_covid_data.py
[2025-10-17T19:06:39.381+0000] {processor.py:914} INFO - Processing file /opt/airflow/dags/fetch_clean_save_covid_data.py for tasks to queue
[2025-10-17T19:06:39.383+0000] {logging_mixin.py:190} INFO - [2025-10-17T19:06:39.383+0000] {dagbag.py:588} INFO - Filling up the DagBag from /opt/airflow/dags/fetch_clean_save_covid_data.py
[2025-10-17T19:06:39.711+0000] {processor.py:925} INFO - DAG(s) 'save_cleaned_covid_data' retrieved from /opt/airflow/dags/fetch_clean_save_covid_data.py
[2025-10-17T19:06:39.730+0000] {logging_mixin.py:190} INFO - [2025-10-17T19:06:39.730+0000] {dag.py:3239} INFO - Sync 1 DAGs
[2025-10-17T19:06:39.742+0000] {logging_mixin.py:190} INFO - [2025-10-17T19:06:39.742+0000] {dag.py:4180} INFO - Setting next_dagrun for save_cleaned_covid_data to None, run_after=None
[2025-10-17T19:06:39.785+0000] {processor.py:208} INFO - Processing /opt/airflow/dags/fetch_clean_save_covid_data.py took 0.410 seconds
[2025-10-17T19:07:10.553+0000] {processor.py:186} INFO - Started process (PID=224) to work on /opt/airflow/dags/fetch_clean_save_covid_data.py
[2025-10-17T19:07:10.554+0000] {processor.py:914} INFO - Processing file /opt/airflow/dags/fetch_clean_save_covid_data.py for tasks to queue
[2025-10-17T19:07:10.556+0000] {logging_mixin.py:190} INFO - [2025-10-17T19:07:10.555+0000] {dagbag.py:588} INFO - Filling up the DagBag from /opt/airflow/dags/fetch_clean_save_covid_data.py
[2025-10-17T19:07:10.902+0000] {processor.py:925} INFO - DAG(s) 'save_cleaned_covid_data' retrieved from /opt/airflow/dags/fetch_clean_save_covid_data.py
[2025-10-17T19:07:10.922+0000] {logging_mixin.py:190} INFO - [2025-10-17T19:07:10.922+0000] {dag.py:3239} INFO - Sync 1 DAGs
[2025-10-17T19:07:10.934+0000] {logging_mixin.py:190} INFO - [2025-10-17T19:07:10.934+0000] {dag.py:4180} INFO - Setting next_dagrun for save_cleaned_covid_data to None, run_after=None
[2025-10-17T19:07:11.018+0000] {processor.py:208} INFO - Processing /opt/airflow/dags/fetch_clean_save_covid_data.py took 0.470 seconds
[2025-10-17T19:07:41.560+0000] {processor.py:186} INFO - Started process (PID=237) to work on /opt/airflow/dags/fetch_clean_save_covid_data.py
[2025-10-17T19:07:41.561+0000] {processor.py:914} INFO - Processing file /opt/airflow/dags/fetch_clean_save_covid_data.py for tasks to queue
[2025-10-17T19:07:41.563+0000] {logging_mixin.py:190} INFO - [2025-10-17T19:07:41.563+0000] {dagbag.py:588} INFO - Filling up the DagBag from /opt/airflow/dags/fetch_clean_save_covid_data.py
[2025-10-17T19:07:41.893+0000] {processor.py:925} INFO - DAG(s) 'save_cleaned_covid_data' retrieved from /opt/airflow/dags/fetch_clean_save_covid_data.py
[2025-10-17T19:07:41.924+0000] {logging_mixin.py:190} INFO - [2025-10-17T19:07:41.923+0000] {dag.py:3239} INFO - Sync 1 DAGs
[2025-10-17T19:07:41.937+0000] {logging_mixin.py:190} INFO - [2025-10-17T19:07:41.937+0000] {dag.py:4180} INFO - Setting next_dagrun for save_cleaned_covid_data to None, run_after=None
[2025-10-17T19:07:41.970+0000] {processor.py:208} INFO - Processing /opt/airflow/dags/fetch_clean_save_covid_data.py took 0.414 seconds
[2025-10-17T19:08:12.847+0000] {processor.py:186} INFO - Started process (PID=250) to work on /opt/airflow/dags/fetch_clean_save_covid_data.py
[2025-10-17T19:08:12.847+0000] {processor.py:914} INFO - Processing file /opt/airflow/dags/fetch_clean_save_covid_data.py for tasks to queue
[2025-10-17T19:08:12.849+0000] {logging_mixin.py:190} INFO - [2025-10-17T19:08:12.849+0000] {dagbag.py:588} INFO - Filling up the DagBag from /opt/airflow/dags/fetch_clean_save_covid_data.py
[2025-10-17T19:08:13.186+0000] {processor.py:925} INFO - DAG(s) 'save_cleaned_covid_data' retrieved from /opt/airflow/dags/fetch_clean_save_covid_data.py
[2025-10-17T19:08:13.212+0000] {logging_mixin.py:190} INFO - [2025-10-17T19:08:13.211+0000] {dag.py:3239} INFO - Sync 1 DAGs
[2025-10-17T19:08:13.224+0000] {logging_mixin.py:190} INFO - [2025-10-17T19:08:13.224+0000] {dag.py:4180} INFO - Setting next_dagrun for save_cleaned_covid_data to None, run_after=None
[2025-10-17T19:08:13.256+0000] {processor.py:208} INFO - Processing /opt/airflow/dags/fetch_clean_save_covid_data.py took 0.414 seconds
[2025-10-17T19:08:44.159+0000] {processor.py:186} INFO - Started process (PID=263) to work on /opt/airflow/dags/fetch_clean_save_covid_data.py
[2025-10-17T19:08:44.160+0000] {processor.py:914} INFO - Processing file /opt/airflow/dags/fetch_clean_save_covid_data.py for tasks to queue
[2025-10-17T19:08:44.162+0000] {logging_mixin.py:190} INFO - [2025-10-17T19:08:44.162+0000] {dagbag.py:588} INFO - Filling up the DagBag from /opt/airflow/dags/fetch_clean_save_covid_data.py
[2025-10-17T19:08:44.476+0000] {processor.py:925} INFO - DAG(s) 'save_cleaned_covid_data' retrieved from /opt/airflow/dags/fetch_clean_save_covid_data.py
[2025-10-17T19:08:44.501+0000] {logging_mixin.py:190} INFO - [2025-10-17T19:08:44.501+0000] {dag.py:3239} INFO - Sync 1 DAGs
[2025-10-17T19:08:44.512+0000] {logging_mixin.py:190} INFO - [2025-10-17T19:08:44.512+0000] {dag.py:4180} INFO - Setting next_dagrun for save_cleaned_covid_data to None, run_after=None
[2025-10-17T19:08:44.563+0000] {processor.py:208} INFO - Processing /opt/airflow/dags/fetch_clean_save_covid_data.py took 0.408 seconds
[2025-10-17T19:09:15.307+0000] {processor.py:186} INFO - Started process (PID=276) to work on /opt/airflow/dags/fetch_clean_save_covid_data.py
[2025-10-17T19:09:15.308+0000] {processor.py:914} INFO - Processing file /opt/airflow/dags/fetch_clean_save_covid_data.py for tasks to queue
[2025-10-17T19:09:15.310+0000] {logging_mixin.py:190} INFO - [2025-10-17T19:09:15.310+0000] {dagbag.py:588} INFO - Filling up the DagBag from /opt/airflow/dags/fetch_clean_save_covid_data.py
[2025-10-17T19:09:15.618+0000] {processor.py:925} INFO - DAG(s) 'save_cleaned_covid_data' retrieved from /opt/airflow/dags/fetch_clean_save_covid_data.py
[2025-10-17T19:09:15.648+0000] {logging_mixin.py:190} INFO - [2025-10-17T19:09:15.648+0000] {dag.py:3239} INFO - Sync 1 DAGs
[2025-10-17T19:09:15.661+0000] {logging_mixin.py:190} INFO - [2025-10-17T19:09:15.660+0000] {dag.py:4180} INFO - Setting next_dagrun for save_cleaned_covid_data to None, run_after=None
[2025-10-17T19:09:15.709+0000] {processor.py:208} INFO - Processing /opt/airflow/dags/fetch_clean_save_covid_data.py took 0.406 seconds
[2025-10-17T19:09:46.305+0000] {processor.py:186} INFO - Started process (PID=289) to work on /opt/airflow/dags/fetch_clean_save_covid_data.py
[2025-10-17T19:09:46.306+0000] {processor.py:914} INFO - Processing file /opt/airflow/dags/fetch_clean_save_covid_data.py for tasks to queue
[2025-10-17T19:09:46.308+0000] {logging_mixin.py:190} INFO - [2025-10-17T19:09:46.307+0000] {dagbag.py:588} INFO - Filling up the DagBag from /opt/airflow/dags/fetch_clean_save_covid_data.py
[2025-10-17T19:09:46.611+0000] {processor.py:925} INFO - DAG(s) 'save_cleaned_covid_data' retrieved from /opt/airflow/dags/fetch_clean_save_covid_data.py
[2025-10-17T19:09:46.648+0000] {logging_mixin.py:190} INFO - [2025-10-17T19:09:46.647+0000] {dag.py:3239} INFO - Sync 1 DAGs
[2025-10-17T19:09:46.663+0000] {logging_mixin.py:190} INFO - [2025-10-17T19:09:46.663+0000] {dag.py:4180} INFO - Setting next_dagrun for save_cleaned_covid_data to None, run_after=None
[2025-10-17T19:09:46.727+0000] {processor.py:208} INFO - Processing /opt/airflow/dags/fetch_clean_save_covid_data.py took 0.427 seconds
[2025-10-17T19:10:17.586+0000] {processor.py:186} INFO - Started process (PID=302) to work on /opt/airflow/dags/fetch_clean_save_covid_data.py
[2025-10-17T19:10:17.587+0000] {processor.py:914} INFO - Processing file /opt/airflow/dags/fetch_clean_save_covid_data.py for tasks to queue
[2025-10-17T19:10:17.589+0000] {logging_mixin.py:190} INFO - [2025-10-17T19:10:17.589+0000] {dagbag.py:588} INFO - Filling up the DagBag from /opt/airflow/dags/fetch_clean_save_covid_data.py
[2025-10-17T19:10:17.917+0000] {processor.py:925} INFO - DAG(s) 'save_cleaned_covid_data' retrieved from /opt/airflow/dags/fetch_clean_save_covid_data.py
[2025-10-17T19:10:17.947+0000] {logging_mixin.py:190} INFO - [2025-10-17T19:10:17.947+0000] {dag.py:3239} INFO - Sync 1 DAGs
[2025-10-17T19:10:17.961+0000] {logging_mixin.py:190} INFO - [2025-10-17T19:10:17.960+0000] {dag.py:4180} INFO - Setting next_dagrun for save_cleaned_covid_data to None, run_after=None
[2025-10-17T19:10:17.996+0000] {processor.py:208} INFO - Processing /opt/airflow/dags/fetch_clean_save_covid_data.py took 0.414 seconds
[2025-10-17T19:10:48.908+0000] {processor.py:186} INFO - Started process (PID=315) to work on /opt/airflow/dags/fetch_clean_save_covid_data.py
[2025-10-17T19:10:48.908+0000] {processor.py:914} INFO - Processing file /opt/airflow/dags/fetch_clean_save_covid_data.py for tasks to queue
[2025-10-17T19:10:48.910+0000] {logging_mixin.py:190} INFO - [2025-10-17T19:10:48.910+0000] {dagbag.py:588} INFO - Filling up the DagBag from /opt/airflow/dags/fetch_clean_save_covid_data.py
[2025-10-17T19:10:49.213+0000] {processor.py:925} INFO - DAG(s) 'save_cleaned_covid_data' retrieved from /opt/airflow/dags/fetch_clean_save_covid_data.py
[2025-10-17T19:10:49.241+0000] {logging_mixin.py:190} INFO - [2025-10-17T19:10:49.241+0000] {dag.py:3239} INFO - Sync 1 DAGs
[2025-10-17T19:10:49.254+0000] {logging_mixin.py:190} INFO - [2025-10-17T19:10:49.254+0000] {dag.py:4180} INFO - Setting next_dagrun for save_cleaned_covid_data to None, run_after=None
[2025-10-17T19:10:49.303+0000] {processor.py:208} INFO - Processing /opt/airflow/dags/fetch_clean_save_covid_data.py took 0.399 seconds
[2025-10-17T19:11:19.958+0000] {processor.py:186} INFO - Started process (PID=328) to work on /opt/airflow/dags/fetch_clean_save_covid_data.py
[2025-10-17T19:11:19.959+0000] {processor.py:914} INFO - Processing file /opt/airflow/dags/fetch_clean_save_covid_data.py for tasks to queue
[2025-10-17T19:11:19.961+0000] {logging_mixin.py:190} INFO - [2025-10-17T19:11:19.960+0000] {dagbag.py:588} INFO - Filling up the DagBag from /opt/airflow/dags/fetch_clean_save_covid_data.py
[2025-10-17T19:11:20.271+0000] {processor.py:925} INFO - DAG(s) 'save_cleaned_covid_data' retrieved from /opt/airflow/dags/fetch_clean_save_covid_data.py
[2025-10-17T19:11:20.294+0000] {logging_mixin.py:190} INFO - [2025-10-17T19:11:20.293+0000] {dag.py:3239} INFO - Sync 1 DAGs
[2025-10-17T19:11:20.305+0000] {logging_mixin.py:190} INFO - [2025-10-17T19:11:20.305+0000] {dag.py:4180} INFO - Setting next_dagrun for save_cleaned_covid_data to None, run_after=None
[2025-10-17T19:11:20.349+0000] {processor.py:208} INFO - Processing /opt/airflow/dags/fetch_clean_save_covid_data.py took 0.396 seconds
[2025-10-17T19:11:51.095+0000] {processor.py:186} INFO - Started process (PID=341) to work on /opt/airflow/dags/fetch_clean_save_covid_data.py
[2025-10-17T19:11:51.096+0000] {processor.py:914} INFO - Processing file /opt/airflow/dags/fetch_clean_save_covid_data.py for tasks to queue
[2025-10-17T19:11:51.097+0000] {logging_mixin.py:190} INFO - [2025-10-17T19:11:51.097+0000] {dagbag.py:588} INFO - Filling up the DagBag from /opt/airflow/dags/fetch_clean_save_covid_data.py
[2025-10-17T19:11:51.391+0000] {processor.py:925} INFO - DAG(s) 'save_cleaned_covid_data' retrieved from /opt/airflow/dags/fetch_clean_save_covid_data.py
[2025-10-17T19:11:51.425+0000] {logging_mixin.py:190} INFO - [2025-10-17T19:11:51.425+0000] {dag.py:3239} INFO - Sync 1 DAGs
[2025-10-17T19:11:51.438+0000] {logging_mixin.py:190} INFO - [2025-10-17T19:11:51.438+0000] {dag.py:4180} INFO - Setting next_dagrun for save_cleaned_covid_data to None, run_after=None
[2025-10-17T19:11:51.486+0000] {processor.py:208} INFO - Processing /opt/airflow/dags/fetch_clean_save_covid_data.py took 0.396 seconds
[2025-10-17T19:12:22.234+0000] {processor.py:186} INFO - Started process (PID=354) to work on /opt/airflow/dags/fetch_clean_save_covid_data.py
[2025-10-17T19:12:22.235+0000] {processor.py:914} INFO - Processing file /opt/airflow/dags/fetch_clean_save_covid_data.py for tasks to queue
[2025-10-17T19:12:22.237+0000] {logging_mixin.py:190} INFO - [2025-10-17T19:12:22.236+0000] {dagbag.py:588} INFO - Filling up the DagBag from /opt/airflow/dags/fetch_clean_save_covid_data.py
[2025-10-17T19:12:22.655+0000] {processor.py:925} INFO - DAG(s) 'save_cleaned_covid_data' retrieved from /opt/airflow/dags/fetch_clean_save_covid_data.py
[2025-10-17T19:12:22.683+0000] {logging_mixin.py:190} INFO - [2025-10-17T19:12:22.683+0000] {dag.py:3239} INFO - Sync 1 DAGs
[2025-10-17T19:12:22.696+0000] {logging_mixin.py:190} INFO - [2025-10-17T19:12:22.696+0000] {dag.py:4180} INFO - Setting next_dagrun for save_cleaned_covid_data to None, run_after=None
[2025-10-17T19:12:22.741+0000] {processor.py:208} INFO - Processing /opt/airflow/dags/fetch_clean_save_covid_data.py took 0.511 seconds
[2025-10-17T19:12:53.493+0000] {processor.py:186} INFO - Started process (PID=367) to work on /opt/airflow/dags/fetch_clean_save_covid_data.py
[2025-10-17T19:12:53.495+0000] {processor.py:914} INFO - Processing file /opt/airflow/dags/fetch_clean_save_covid_data.py for tasks to queue
[2025-10-17T19:12:53.498+0000] {logging_mixin.py:190} INFO - [2025-10-17T19:12:53.497+0000] {dagbag.py:588} INFO - Filling up the DagBag from /opt/airflow/dags/fetch_clean_save_covid_data.py
[2025-10-17T19:12:53.725+0000] {processor.py:925} INFO - DAG(s) 'save_cleaned_covid_data' retrieved from /opt/airflow/dags/fetch_clean_save_covid_data.py
[2025-10-17T19:12:53.760+0000] {logging_mixin.py:190} INFO - [2025-10-17T19:12:53.760+0000] {dag.py:3239} INFO - Sync 1 DAGs
[2025-10-17T19:12:53.777+0000] {logging_mixin.py:190} INFO - [2025-10-17T19:12:53.777+0000] {dag.py:4180} INFO - Setting next_dagrun for save_cleaned_covid_data to None, run_after=None
[2025-10-17T19:12:53.844+0000] {processor.py:208} INFO - Processing /opt/airflow/dags/fetch_clean_save_covid_data.py took 0.358 seconds
[2025-10-17T19:13:24.086+0000] {processor.py:186} INFO - Started process (PID=380) to work on /opt/airflow/dags/fetch_clean_save_covid_data.py
[2025-10-17T19:13:24.087+0000] {processor.py:914} INFO - Processing file /opt/airflow/dags/fetch_clean_save_covid_data.py for tasks to queue
[2025-10-17T19:13:24.089+0000] {logging_mixin.py:190} INFO - [2025-10-17T19:13:24.089+0000] {dagbag.py:588} INFO - Filling up the DagBag from /opt/airflow/dags/fetch_clean_save_covid_data.py
[2025-10-17T19:13:24.323+0000] {processor.py:925} INFO - DAG(s) 'save_cleaned_covid_data' retrieved from /opt/airflow/dags/fetch_clean_save_covid_data.py
[2025-10-17T19:13:24.360+0000] {logging_mixin.py:190} INFO - [2025-10-17T19:13:24.360+0000] {dag.py:3239} INFO - Sync 1 DAGs
[2025-10-17T19:13:24.377+0000] {logging_mixin.py:190} INFO - [2025-10-17T19:13:24.377+0000] {dag.py:4180} INFO - Setting next_dagrun for save_cleaned_covid_data to None, run_after=None
[2025-10-17T19:13:24.447+0000] {processor.py:208} INFO - Processing /opt/airflow/dags/fetch_clean_save_covid_data.py took 0.366 seconds
[2025-10-17T19:13:54.766+0000] {processor.py:186} INFO - Started process (PID=393) to work on /opt/airflow/dags/fetch_clean_save_covid_data.py
[2025-10-17T19:13:54.767+0000] {processor.py:914} INFO - Processing file /opt/airflow/dags/fetch_clean_save_covid_data.py for tasks to queue
[2025-10-17T19:13:54.769+0000] {logging_mixin.py:190} INFO - [2025-10-17T19:13:54.769+0000] {dagbag.py:588} INFO - Filling up the DagBag from /opt/airflow/dags/fetch_clean_save_covid_data.py
[2025-10-17T19:13:55.008+0000] {processor.py:925} INFO - DAG(s) 'save_cleaned_covid_data' retrieved from /opt/airflow/dags/fetch_clean_save_covid_data.py
[2025-10-17T19:13:55.038+0000] {logging_mixin.py:190} INFO - [2025-10-17T19:13:55.037+0000] {dag.py:3239} INFO - Sync 1 DAGs
[2025-10-17T19:13:55.053+0000] {logging_mixin.py:190} INFO - [2025-10-17T19:13:55.053+0000] {dag.py:4180} INFO - Setting next_dagrun for save_cleaned_covid_data to None, run_after=None
[2025-10-17T19:13:55.114+0000] {processor.py:208} INFO - Processing /opt/airflow/dags/fetch_clean_save_covid_data.py took 0.352 seconds
[2025-10-17T19:14:25.875+0000] {processor.py:186} INFO - Started process (PID=406) to work on /opt/airflow/dags/fetch_clean_save_covid_data.py
[2025-10-17T19:14:25.876+0000] {processor.py:914} INFO - Processing file /opt/airflow/dags/fetch_clean_save_covid_data.py for tasks to queue
[2025-10-17T19:14:25.878+0000] {logging_mixin.py:190} INFO - [2025-10-17T19:14:25.878+0000] {dagbag.py:588} INFO - Filling up the DagBag from /opt/airflow/dags/fetch_clean_save_covid_data.py
[2025-10-17T19:14:26.083+0000] {processor.py:925} INFO - DAG(s) 'save_cleaned_covid_data' retrieved from /opt/airflow/dags/fetch_clean_save_covid_data.py
[2025-10-17T19:14:26.121+0000] {logging_mixin.py:190} INFO - [2025-10-17T19:14:26.120+0000] {dag.py:3239} INFO - Sync 1 DAGs
[2025-10-17T19:14:26.137+0000] {logging_mixin.py:190} INFO - [2025-10-17T19:14:26.137+0000] {dag.py:4180} INFO - Setting next_dagrun for save_cleaned_covid_data to None, run_after=None
[2025-10-17T19:14:26.208+0000] {processor.py:208} INFO - Processing /opt/airflow/dags/fetch_clean_save_covid_data.py took 0.338 seconds
[2025-10-17T19:14:57.300+0000] {processor.py:186} INFO - Started process (PID=419) to work on /opt/airflow/dags/fetch_clean_save_covid_data.py
[2025-10-17T19:14:57.301+0000] {processor.py:914} INFO - Processing file /opt/airflow/dags/fetch_clean_save_covid_data.py for tasks to queue
[2025-10-17T19:14:57.303+0000] {logging_mixin.py:190} INFO - [2025-10-17T19:14:57.303+0000] {dagbag.py:588} INFO - Filling up the DagBag from /opt/airflow/dags/fetch_clean_save_covid_data.py
[2025-10-17T19:14:57.519+0000] {processor.py:925} INFO - DAG(s) 'save_cleaned_covid_data' retrieved from /opt/airflow/dags/fetch_clean_save_covid_data.py
[2025-10-17T19:14:57.547+0000] {logging_mixin.py:190} INFO - [2025-10-17T19:14:57.546+0000] {dag.py:3239} INFO - Sync 1 DAGs
[2025-10-17T19:14:57.560+0000] {logging_mixin.py:190} INFO - [2025-10-17T19:14:57.560+0000] {dag.py:4180} INFO - Setting next_dagrun for save_cleaned_covid_data to None, run_after=None
[2025-10-17T19:14:57.594+0000] {processor.py:208} INFO - Processing /opt/airflow/dags/fetch_clean_save_covid_data.py took 0.299 seconds
[2025-10-17T19:15:28.635+0000] {processor.py:186} INFO - Started process (PID=432) to work on /opt/airflow/dags/fetch_clean_save_covid_data.py
[2025-10-17T19:15:28.636+0000] {processor.py:914} INFO - Processing file /opt/airflow/dags/fetch_clean_save_covid_data.py for tasks to queue
[2025-10-17T19:15:28.638+0000] {logging_mixin.py:190} INFO - [2025-10-17T19:15:28.637+0000] {dagbag.py:588} INFO - Filling up the DagBag from /opt/airflow/dags/fetch_clean_save_covid_data.py
[2025-10-17T19:15:28.845+0000] {processor.py:925} INFO - DAG(s) 'save_cleaned_covid_data' retrieved from /opt/airflow/dags/fetch_clean_save_covid_data.py
[2025-10-17T19:15:28.878+0000] {logging_mixin.py:190} INFO - [2025-10-17T19:15:28.877+0000] {dag.py:3239} INFO - Sync 1 DAGs
[2025-10-17T19:15:28.892+0000] {logging_mixin.py:190} INFO - [2025-10-17T19:15:28.892+0000] {dag.py:4180} INFO - Setting next_dagrun for save_cleaned_covid_data to None, run_after=None
[2025-10-17T19:15:28.928+0000] {processor.py:208} INFO - Processing /opt/airflow/dags/fetch_clean_save_covid_data.py took 0.298 seconds
[2025-10-17T19:15:59.993+0000] {processor.py:186} INFO - Started process (PID=445) to work on /opt/airflow/dags/fetch_clean_save_covid_data.py
[2025-10-17T19:15:59.994+0000] {processor.py:914} INFO - Processing file /opt/airflow/dags/fetch_clean_save_covid_data.py for tasks to queue
[2025-10-17T19:15:59.996+0000] {logging_mixin.py:190} INFO - [2025-10-17T19:15:59.996+0000] {dagbag.py:588} INFO - Filling up the DagBag from /opt/airflow/dags/fetch_clean_save_covid_data.py
[2025-10-17T19:16:00.204+0000] {processor.py:925} INFO - DAG(s) 'save_cleaned_covid_data' retrieved from /opt/airflow/dags/fetch_clean_save_covid_data.py
[2025-10-17T19:16:00.238+0000] {logging_mixin.py:190} INFO - [2025-10-17T19:16:00.238+0000] {dag.py:3239} INFO - Sync 1 DAGs
[2025-10-17T19:16:00.257+0000] {logging_mixin.py:190} INFO - [2025-10-17T19:16:00.257+0000] {dag.py:4180} INFO - Setting next_dagrun for save_cleaned_covid_data to None, run_after=None
[2025-10-17T19:16:00.300+0000] {processor.py:208} INFO - Processing /opt/airflow/dags/fetch_clean_save_covid_data.py took 0.312 seconds
[2025-10-17T19:16:32.550+0000] {processor.py:186} INFO - Started process (PID=467) to work on /opt/airflow/dags/fetch_clean_save_covid_data.py
[2025-10-17T19:16:32.551+0000] {processor.py:914} INFO - Processing file /opt/airflow/dags/fetch_clean_save_covid_data.py for tasks to queue
[2025-10-17T19:16:32.556+0000] {logging_mixin.py:190} INFO - [2025-10-17T19:16:32.554+0000] {dagbag.py:588} INFO - Filling up the DagBag from /opt/airflow/dags/fetch_clean_save_covid_data.py
[2025-10-17T19:16:32.856+0000] {processor.py:925} INFO - DAG(s) 'save_cleaned_covid_data' retrieved from /opt/airflow/dags/fetch_clean_save_covid_data.py
[2025-10-17T19:16:32.878+0000] {logging_mixin.py:190} INFO - [2025-10-17T19:16:32.878+0000] {dag.py:3239} INFO - Sync 1 DAGs
[2025-10-17T19:16:32.890+0000] {logging_mixin.py:190} INFO - [2025-10-17T19:16:32.890+0000] {dag.py:4180} INFO - Setting next_dagrun for save_cleaned_covid_data to None, run_after=None
[2025-10-17T19:16:32.937+0000] {processor.py:208} INFO - Processing /opt/airflow/dags/fetch_clean_save_covid_data.py took 0.392 seconds
[2025-10-17T19:17:04.253+0000] {processor.py:186} INFO - Started process (PID=552) to work on /opt/airflow/dags/fetch_clean_save_covid_data.py
[2025-10-17T19:17:04.254+0000] {processor.py:914} INFO - Processing file /opt/airflow/dags/fetch_clean_save_covid_data.py for tasks to queue
[2025-10-17T19:17:04.257+0000] {logging_mixin.py:190} INFO - [2025-10-17T19:17:04.256+0000] {dagbag.py:588} INFO - Filling up the DagBag from /opt/airflow/dags/fetch_clean_save_covid_data.py
[2025-10-17T19:17:04.472+0000] {processor.py:925} INFO - DAG(s) 'save_cleaned_covid_data' retrieved from /opt/airflow/dags/fetch_clean_save_covid_data.py
[2025-10-17T19:17:04.496+0000] {logging_mixin.py:190} INFO - [2025-10-17T19:17:04.496+0000] {dag.py:3239} INFO - Sync 1 DAGs
[2025-10-17T19:17:04.508+0000] {logging_mixin.py:190} INFO - [2025-10-17T19:17:04.508+0000] {dag.py:4180} INFO - Setting next_dagrun for save_cleaned_covid_data to None, run_after=None
[2025-10-17T19:17:04.542+0000] {processor.py:208} INFO - Processing /opt/airflow/dags/fetch_clean_save_covid_data.py took 0.293 seconds
[2025-10-17T19:17:36.377+0000] {processor.py:186} INFO - Started process (PID=583) to work on /opt/airflow/dags/fetch_clean_save_covid_data.py
[2025-10-17T19:17:36.378+0000] {processor.py:914} INFO - Processing file /opt/airflow/dags/fetch_clean_save_covid_data.py for tasks to queue
[2025-10-17T19:17:36.381+0000] {logging_mixin.py:190} INFO - [2025-10-17T19:17:36.380+0000] {dagbag.py:588} INFO - Filling up the DagBag from /opt/airflow/dags/fetch_clean_save_covid_data.py
[2025-10-17T19:17:36.586+0000] {processor.py:925} INFO - DAG(s) 'save_cleaned_covid_data' retrieved from /opt/airflow/dags/fetch_clean_save_covid_data.py
[2025-10-17T19:17:36.622+0000] {logging_mixin.py:190} INFO - [2025-10-17T19:17:36.622+0000] {dag.py:3239} INFO - Sync 1 DAGs
[2025-10-17T19:17:36.637+0000] {logging_mixin.py:190} INFO - [2025-10-17T19:17:36.637+0000] {dag.py:4180} INFO - Setting next_dagrun for save_cleaned_covid_data to None, run_after=None
[2025-10-17T19:17:36.697+0000] {processor.py:208} INFO - Processing /opt/airflow/dags/fetch_clean_save_covid_data.py took 0.325 seconds
[2025-10-17T19:19:28.551+0000] {processor.py:186} INFO - Started process (PID=657) to work on /opt/airflow/dags/fetch_clean_save_covid_data.py
[2025-10-17T19:19:28.552+0000] {processor.py:914} INFO - Processing file /opt/airflow/dags/fetch_clean_save_covid_data.py for tasks to queue
[2025-10-17T19:19:28.553+0000] {logging_mixin.py:190} INFO - [2025-10-17T19:19:28.552+0000] {dagbag.py:588} INFO - Filling up the DagBag from /opt/airflow/dags/fetch_clean_save_covid_data.py
[2025-10-17T19:19:28.759+0000] {processor.py:925} INFO - DAG(s) 'save_cleaned_covid_data' retrieved from /opt/airflow/dags/fetch_clean_save_covid_data.py
[2025-10-17T19:19:28.790+0000] {logging_mixin.py:190} INFO - [2025-10-17T19:19:28.790+0000] {dag.py:3239} INFO - Sync 1 DAGs
[2025-10-17T19:19:28.803+0000] {logging_mixin.py:190} INFO - [2025-10-17T19:19:28.803+0000] {dag.py:4180} INFO - Setting next_dagrun for save_cleaned_covid_data to None, run_after=None
[2025-10-17T19:19:28.836+0000] {processor.py:208} INFO - Processing /opt/airflow/dags/fetch_clean_save_covid_data.py took 0.291 seconds
[2025-10-17T19:19:59.944+0000] {processor.py:186} INFO - Started process (PID=670) to work on /opt/airflow/dags/fetch_clean_save_covid_data.py
[2025-10-17T19:19:59.945+0000] {processor.py:914} INFO - Processing file /opt/airflow/dags/fetch_clean_save_covid_data.py for tasks to queue
[2025-10-17T19:19:59.946+0000] {logging_mixin.py:190} INFO - [2025-10-17T19:19:59.946+0000] {dagbag.py:588} INFO - Filling up the DagBag from /opt/airflow/dags/fetch_clean_save_covid_data.py
[2025-10-17T19:20:00.154+0000] {processor.py:925} INFO - DAG(s) 'save_cleaned_covid_data' retrieved from /opt/airflow/dags/fetch_clean_save_covid_data.py
[2025-10-17T19:20:00.182+0000] {logging_mixin.py:190} INFO - [2025-10-17T19:20:00.182+0000] {dag.py:3239} INFO - Sync 1 DAGs
[2025-10-17T19:20:00.198+0000] {logging_mixin.py:190} INFO - [2025-10-17T19:20:00.198+0000] {dag.py:4180} INFO - Setting next_dagrun for save_cleaned_covid_data to None, run_after=None
[2025-10-17T19:20:00.237+0000] {processor.py:208} INFO - Processing /opt/airflow/dags/fetch_clean_save_covid_data.py took 0.298 seconds
[2025-10-17T19:20:30.909+0000] {processor.py:186} INFO - Started process (PID=683) to work on /opt/airflow/dags/fetch_clean_save_covid_data.py
[2025-10-17T19:20:30.910+0000] {processor.py:914} INFO - Processing file /opt/airflow/dags/fetch_clean_save_covid_data.py for tasks to queue
[2025-10-17T19:20:30.911+0000] {logging_mixin.py:190} INFO - [2025-10-17T19:20:30.911+0000] {dagbag.py:588} INFO - Filling up the DagBag from /opt/airflow/dags/fetch_clean_save_covid_data.py
[2025-10-17T19:20:31.116+0000] {processor.py:925} INFO - DAG(s) 'save_cleaned_covid_data' retrieved from /opt/airflow/dags/fetch_clean_save_covid_data.py
[2025-10-17T19:20:31.137+0000] {logging_mixin.py:190} INFO - [2025-10-17T19:20:31.137+0000] {dag.py:3239} INFO - Sync 1 DAGs
[2025-10-17T19:20:31.149+0000] {logging_mixin.py:190} INFO - [2025-10-17T19:20:31.149+0000] {dag.py:4180} INFO - Setting next_dagrun for save_cleaned_covid_data to None, run_after=None
[2025-10-17T19:20:31.192+0000] {processor.py:208} INFO - Processing /opt/airflow/dags/fetch_clean_save_covid_data.py took 0.288 seconds
[2025-10-17T19:22:51.793+0000] {processor.py:186} INFO - Started process (PID=776) to work on /opt/airflow/dags/fetch_clean_save_covid_data.py
[2025-10-17T19:22:51.793+0000] {processor.py:914} INFO - Processing file /opt/airflow/dags/fetch_clean_save_covid_data.py for tasks to queue
[2025-10-17T19:22:51.795+0000] {logging_mixin.py:190} INFO - [2025-10-17T19:22:51.794+0000] {dagbag.py:588} INFO - Filling up the DagBag from /opt/airflow/dags/fetch_clean_save_covid_data.py
[2025-10-17T19:22:51.996+0000] {processor.py:925} INFO - DAG(s) 'save_cleaned_covid_data' retrieved from /opt/airflow/dags/fetch_clean_save_covid_data.py
[2025-10-17T19:22:52.025+0000] {logging_mixin.py:190} INFO - [2025-10-17T19:22:52.025+0000] {dag.py:3239} INFO - Sync 1 DAGs
[2025-10-17T19:22:52.039+0000] {logging_mixin.py:190} INFO - [2025-10-17T19:22:52.038+0000] {dag.py:4180} INFO - Setting next_dagrun for save_cleaned_covid_data to None, run_after=None
[2025-10-17T19:22:52.072+0000] {processor.py:208} INFO - Processing /opt/airflow/dags/fetch_clean_save_covid_data.py took 0.284 seconds
[2025-10-17T19:23:23.546+0000] {processor.py:186} INFO - Started process (PID=789) to work on /opt/airflow/dags/fetch_clean_save_covid_data.py
[2025-10-17T19:23:23.547+0000] {processor.py:914} INFO - Processing file /opt/airflow/dags/fetch_clean_save_covid_data.py for tasks to queue
[2025-10-17T19:23:23.549+0000] {logging_mixin.py:190} INFO - [2025-10-17T19:23:23.548+0000] {dagbag.py:588} INFO - Filling up the DagBag from /opt/airflow/dags/fetch_clean_save_covid_data.py
[2025-10-17T19:23:23.763+0000] {processor.py:925} INFO - DAG(s) 'save_cleaned_covid_data' retrieved from /opt/airflow/dags/fetch_clean_save_covid_data.py
[2025-10-17T19:23:23.791+0000] {logging_mixin.py:190} INFO - [2025-10-17T19:23:23.791+0000] {dag.py:3239} INFO - Sync 1 DAGs
[2025-10-17T19:23:23.805+0000] {logging_mixin.py:190} INFO - [2025-10-17T19:23:23.805+0000] {dag.py:4180} INFO - Setting next_dagrun for save_cleaned_covid_data to None, run_after=None
[2025-10-17T19:23:23.860+0000] {processor.py:208} INFO - Processing /opt/airflow/dags/fetch_clean_save_covid_data.py took 0.320 seconds
[2025-10-17T19:23:55.515+0000] {processor.py:186} INFO - Started process (PID=802) to work on /opt/airflow/dags/fetch_clean_save_covid_data.py
[2025-10-17T19:23:55.516+0000] {processor.py:914} INFO - Processing file /opt/airflow/dags/fetch_clean_save_covid_data.py for tasks to queue
[2025-10-17T19:23:55.517+0000] {logging_mixin.py:190} INFO - [2025-10-17T19:23:55.517+0000] {dagbag.py:588} INFO - Filling up the DagBag from /opt/airflow/dags/fetch_clean_save_covid_data.py
[2025-10-17T19:23:55.722+0000] {processor.py:925} INFO - DAG(s) 'save_cleaned_covid_data' retrieved from /opt/airflow/dags/fetch_clean_save_covid_data.py
[2025-10-17T19:23:55.748+0000] {logging_mixin.py:190} INFO - [2025-10-17T19:23:55.747+0000] {dag.py:3239} INFO - Sync 1 DAGs
[2025-10-17T19:23:55.761+0000] {logging_mixin.py:190} INFO - [2025-10-17T19:23:55.761+0000] {dag.py:4180} INFO - Setting next_dagrun for save_cleaned_covid_data to None, run_after=None
[2025-10-17T19:23:55.798+0000] {processor.py:208} INFO - Processing /opt/airflow/dags/fetch_clean_save_covid_data.py took 0.288 seconds
[2025-10-17T19:24:27.241+0000] {processor.py:186} INFO - Started process (PID=815) to work on /opt/airflow/dags/fetch_clean_save_covid_data.py
[2025-10-17T19:24:27.242+0000] {processor.py:914} INFO - Processing file /opt/airflow/dags/fetch_clean_save_covid_data.py for tasks to queue
[2025-10-17T19:24:27.243+0000] {logging_mixin.py:190} INFO - [2025-10-17T19:24:27.243+0000] {dagbag.py:588} INFO - Filling up the DagBag from /opt/airflow/dags/fetch_clean_save_covid_data.py
[2025-10-17T19:24:27.447+0000] {processor.py:925} INFO - DAG(s) 'save_cleaned_covid_data' retrieved from /opt/airflow/dags/fetch_clean_save_covid_data.py
[2025-10-17T19:24:27.486+0000] {logging_mixin.py:190} INFO - [2025-10-17T19:24:27.485+0000] {dag.py:3239} INFO - Sync 1 DAGs
[2025-10-17T19:24:27.501+0000] {logging_mixin.py:190} INFO - [2025-10-17T19:24:27.501+0000] {dag.py:4180} INFO - Setting next_dagrun for save_cleaned_covid_data to None, run_after=None
[2025-10-17T19:24:27.557+0000] {processor.py:208} INFO - Processing /opt/airflow/dags/fetch_clean_save_covid_data.py took 0.320 seconds
