[2025-10-17T18:58:26.710+0000] {processor.py:186} INFO - Started process (PID=30) to work on /opt/airflow/dags/init_sqlite_db.py
[2025-10-17T18:58:26.712+0000] {processor.py:914} INFO - Processing file /opt/airflow/dags/init_sqlite_db.py for tasks to queue
[2025-10-17T18:58:26.715+0000] {logging_mixin.py:190} INFO - [2025-10-17T18:58:26.715+0000] {dagbag.py:588} INFO - Filling up the DagBag from /opt/airflow/dags/init_sqlite_db.py
[2025-10-17T18:58:26.750+0000] {processor.py:925} INFO - DAG(s) 'init_sqlite_db' retrieved from /opt/airflow/dags/init_sqlite_db.py
[2025-10-17T18:58:26.786+0000] {logging_mixin.py:190} INFO - [2025-10-17T18:58:26.785+0000] {dag.py:3239} INFO - Sync 1 DAGs
[2025-10-17T18:58:26.802+0000] {logging_mixin.py:190} INFO - [2025-10-17T18:58:26.802+0000] {dag.py:4180} INFO - Setting next_dagrun for init_sqlite_db to None, run_after=None
[2025-10-17T18:58:26.841+0000] {processor.py:208} INFO - Processing /opt/airflow/dags/init_sqlite_db.py took 0.137 seconds
[2025-10-17T18:58:58.629+0000] {processor.py:186} INFO - Started process (PID=35) to work on /opt/airflow/dags/init_sqlite_db.py
[2025-10-17T18:58:58.630+0000] {processor.py:914} INFO - Processing file /opt/airflow/dags/init_sqlite_db.py for tasks to queue
[2025-10-17T18:58:58.632+0000] {logging_mixin.py:190} INFO - [2025-10-17T18:58:58.632+0000] {dagbag.py:588} INFO - Filling up the DagBag from /opt/airflow/dags/init_sqlite_db.py
[2025-10-17T18:58:58.645+0000] {processor.py:925} INFO - DAG(s) 'init_sqlite_db' retrieved from /opt/airflow/dags/init_sqlite_db.py
[2025-10-17T18:58:58.672+0000] {logging_mixin.py:190} INFO - [2025-10-17T18:58:58.671+0000] {dag.py:3239} INFO - Sync 1 DAGs
[2025-10-17T18:58:58.690+0000] {logging_mixin.py:190} INFO - [2025-10-17T18:58:58.690+0000] {dag.py:4180} INFO - Setting next_dagrun for init_sqlite_db to None, run_after=None
[2025-10-17T18:58:58.729+0000] {processor.py:208} INFO - Processing /opt/airflow/dags/init_sqlite_db.py took 0.105 seconds
[2025-10-17T18:59:29.414+0000] {processor.py:186} INFO - Started process (PID=40) to work on /opt/airflow/dags/init_sqlite_db.py
[2025-10-17T18:59:29.415+0000] {processor.py:914} INFO - Processing file /opt/airflow/dags/init_sqlite_db.py for tasks to queue
[2025-10-17T18:59:29.417+0000] {logging_mixin.py:190} INFO - [2025-10-17T18:59:29.416+0000] {dagbag.py:588} INFO - Filling up the DagBag from /opt/airflow/dags/init_sqlite_db.py
[2025-10-17T18:59:29.433+0000] {processor.py:925} INFO - DAG(s) 'init_sqlite_db' retrieved from /opt/airflow/dags/init_sqlite_db.py
[2025-10-17T18:59:29.456+0000] {logging_mixin.py:190} INFO - [2025-10-17T18:59:29.456+0000] {dag.py:3239} INFO - Sync 1 DAGs
[2025-10-17T18:59:29.471+0000] {logging_mixin.py:190} INFO - [2025-10-17T18:59:29.471+0000] {dag.py:4180} INFO - Setting next_dagrun for init_sqlite_db to None, run_after=None
[2025-10-17T18:59:29.513+0000] {processor.py:208} INFO - Processing /opt/airflow/dags/init_sqlite_db.py took 0.106 seconds
[2025-10-17T19:00:00.045+0000] {processor.py:186} INFO - Started process (PID=45) to work on /opt/airflow/dags/init_sqlite_db.py
[2025-10-17T19:00:00.046+0000] {processor.py:914} INFO - Processing file /opt/airflow/dags/init_sqlite_db.py for tasks to queue
[2025-10-17T19:00:00.048+0000] {logging_mixin.py:190} INFO - [2025-10-17T19:00:00.048+0000] {dagbag.py:588} INFO - Filling up the DagBag from /opt/airflow/dags/init_sqlite_db.py
[2025-10-17T19:00:00.060+0000] {processor.py:925} INFO - DAG(s) 'init_sqlite_db' retrieved from /opt/airflow/dags/init_sqlite_db.py
[2025-10-17T19:00:00.085+0000] {logging_mixin.py:190} INFO - [2025-10-17T19:00:00.085+0000] {dag.py:3239} INFO - Sync 1 DAGs
[2025-10-17T19:00:00.102+0000] {logging_mixin.py:190} INFO - [2025-10-17T19:00:00.102+0000] {dag.py:4180} INFO - Setting next_dagrun for init_sqlite_db to None, run_after=None
[2025-10-17T19:00:00.153+0000] {processor.py:208} INFO - Processing /opt/airflow/dags/init_sqlite_db.py took 0.112 seconds
[2025-10-17T19:00:30.616+0000] {processor.py:186} INFO - Started process (PID=58) to work on /opt/airflow/dags/init_sqlite_db.py
[2025-10-17T19:00:30.616+0000] {processor.py:914} INFO - Processing file /opt/airflow/dags/init_sqlite_db.py for tasks to queue
[2025-10-17T19:00:30.618+0000] {logging_mixin.py:190} INFO - [2025-10-17T19:00:30.618+0000] {dagbag.py:588} INFO - Filling up the DagBag from /opt/airflow/dags/init_sqlite_db.py
[2025-10-17T19:00:30.630+0000] {processor.py:925} INFO - DAG(s) 'init_sqlite_db' retrieved from /opt/airflow/dags/init_sqlite_db.py
[2025-10-17T19:00:30.657+0000] {logging_mixin.py:190} INFO - [2025-10-17T19:00:30.657+0000] {dag.py:3239} INFO - Sync 1 DAGs
[2025-10-17T19:00:30.673+0000] {logging_mixin.py:190} INFO - [2025-10-17T19:00:30.673+0000] {dag.py:4180} INFO - Setting next_dagrun for init_sqlite_db to None, run_after=None
[2025-10-17T19:00:30.708+0000] {processor.py:208} INFO - Processing /opt/airflow/dags/init_sqlite_db.py took 0.097 seconds
[2025-10-17T19:01:01.211+0000] {processor.py:186} INFO - Started process (PID=71) to work on /opt/airflow/dags/init_sqlite_db.py
[2025-10-17T19:01:01.212+0000] {processor.py:914} INFO - Processing file /opt/airflow/dags/init_sqlite_db.py for tasks to queue
[2025-10-17T19:01:01.214+0000] {logging_mixin.py:190} INFO - [2025-10-17T19:01:01.213+0000] {dagbag.py:588} INFO - Filling up the DagBag from /opt/airflow/dags/init_sqlite_db.py
[2025-10-17T19:01:01.226+0000] {processor.py:925} INFO - DAG(s) 'init_sqlite_db' retrieved from /opt/airflow/dags/init_sqlite_db.py
[2025-10-17T19:01:01.249+0000] {logging_mixin.py:190} INFO - [2025-10-17T19:01:01.249+0000] {dag.py:3239} INFO - Sync 1 DAGs
[2025-10-17T19:01:01.264+0000] {logging_mixin.py:190} INFO - [2025-10-17T19:01:01.264+0000] {dag.py:4180} INFO - Setting next_dagrun for init_sqlite_db to None, run_after=None
[2025-10-17T19:01:01.311+0000] {processor.py:208} INFO - Processing /opt/airflow/dags/init_sqlite_db.py took 0.105 seconds
[2025-10-17T19:01:31.823+0000] {processor.py:186} INFO - Started process (PID=84) to work on /opt/airflow/dags/init_sqlite_db.py
[2025-10-17T19:01:31.824+0000] {processor.py:914} INFO - Processing file /opt/airflow/dags/init_sqlite_db.py for tasks to queue
[2025-10-17T19:01:31.827+0000] {logging_mixin.py:190} INFO - [2025-10-17T19:01:31.826+0000] {dagbag.py:588} INFO - Filling up the DagBag from /opt/airflow/dags/init_sqlite_db.py
[2025-10-17T19:01:31.843+0000] {processor.py:925} INFO - DAG(s) 'init_sqlite_db' retrieved from /opt/airflow/dags/init_sqlite_db.py
[2025-10-17T19:01:31.870+0000] {logging_mixin.py:190} INFO - [2025-10-17T19:01:31.870+0000] {dag.py:3239} INFO - Sync 1 DAGs
[2025-10-17T19:01:31.888+0000] {logging_mixin.py:190} INFO - [2025-10-17T19:01:31.888+0000] {dag.py:4180} INFO - Setting next_dagrun for init_sqlite_db to None, run_after=None
[2025-10-17T19:01:31.925+0000] {processor.py:208} INFO - Processing /opt/airflow/dags/init_sqlite_db.py took 0.106 seconds
[2025-10-17T19:02:02.471+0000] {processor.py:186} INFO - Started process (PID=97) to work on /opt/airflow/dags/init_sqlite_db.py
[2025-10-17T19:02:02.472+0000] {processor.py:914} INFO - Processing file /opt/airflow/dags/init_sqlite_db.py for tasks to queue
[2025-10-17T19:02:02.474+0000] {logging_mixin.py:190} INFO - [2025-10-17T19:02:02.474+0000] {dagbag.py:588} INFO - Filling up the DagBag from /opt/airflow/dags/init_sqlite_db.py
[2025-10-17T19:02:02.486+0000] {processor.py:925} INFO - DAG(s) 'init_sqlite_db' retrieved from /opt/airflow/dags/init_sqlite_db.py
[2025-10-17T19:02:02.508+0000] {logging_mixin.py:190} INFO - [2025-10-17T19:02:02.508+0000] {dag.py:3239} INFO - Sync 1 DAGs
[2025-10-17T19:02:02.522+0000] {logging_mixin.py:190} INFO - [2025-10-17T19:02:02.522+0000] {dag.py:4180} INFO - Setting next_dagrun for init_sqlite_db to None, run_after=None
[2025-10-17T19:02:02.569+0000] {processor.py:208} INFO - Processing /opt/airflow/dags/init_sqlite_db.py took 0.102 seconds
[2025-10-17T19:02:33.241+0000] {processor.py:186} INFO - Started process (PID=110) to work on /opt/airflow/dags/init_sqlite_db.py
[2025-10-17T19:02:33.242+0000] {processor.py:914} INFO - Processing file /opt/airflow/dags/init_sqlite_db.py for tasks to queue
[2025-10-17T19:02:33.245+0000] {logging_mixin.py:190} INFO - [2025-10-17T19:02:33.244+0000] {dagbag.py:588} INFO - Filling up the DagBag from /opt/airflow/dags/init_sqlite_db.py
[2025-10-17T19:02:33.258+0000] {processor.py:925} INFO - DAG(s) 'init_sqlite_db' retrieved from /opt/airflow/dags/init_sqlite_db.py
[2025-10-17T19:02:33.284+0000] {logging_mixin.py:190} INFO - [2025-10-17T19:02:33.284+0000] {dag.py:3239} INFO - Sync 1 DAGs
[2025-10-17T19:02:33.299+0000] {logging_mixin.py:190} INFO - [2025-10-17T19:02:33.299+0000] {dag.py:4180} INFO - Setting next_dagrun for init_sqlite_db to None, run_after=None
[2025-10-17T19:02:33.339+0000] {processor.py:208} INFO - Processing /opt/airflow/dags/init_sqlite_db.py took 0.102 seconds
[2025-10-17T19:03:03.834+0000] {processor.py:186} INFO - Started process (PID=123) to work on /opt/airflow/dags/init_sqlite_db.py
[2025-10-17T19:03:03.835+0000] {processor.py:914} INFO - Processing file /opt/airflow/dags/init_sqlite_db.py for tasks to queue
[2025-10-17T19:03:03.837+0000] {logging_mixin.py:190} INFO - [2025-10-17T19:03:03.837+0000] {dagbag.py:588} INFO - Filling up the DagBag from /opt/airflow/dags/init_sqlite_db.py
[2025-10-17T19:03:03.850+0000] {processor.py:925} INFO - DAG(s) 'init_sqlite_db' retrieved from /opt/airflow/dags/init_sqlite_db.py
[2025-10-17T19:03:03.872+0000] {logging_mixin.py:190} INFO - [2025-10-17T19:03:03.872+0000] {dag.py:3239} INFO - Sync 1 DAGs
[2025-10-17T19:03:03.886+0000] {logging_mixin.py:190} INFO - [2025-10-17T19:03:03.886+0000] {dag.py:4180} INFO - Setting next_dagrun for init_sqlite_db to None, run_after=None
[2025-10-17T19:03:03.932+0000] {processor.py:208} INFO - Processing /opt/airflow/dags/init_sqlite_db.py took 0.102 seconds
[2025-10-17T19:03:34.874+0000] {processor.py:186} INFO - Started process (PID=136) to work on /opt/airflow/dags/init_sqlite_db.py
[2025-10-17T19:03:34.875+0000] {processor.py:914} INFO - Processing file /opt/airflow/dags/init_sqlite_db.py for tasks to queue
[2025-10-17T19:03:34.877+0000] {logging_mixin.py:190} INFO - [2025-10-17T19:03:34.876+0000] {dagbag.py:588} INFO - Filling up the DagBag from /opt/airflow/dags/init_sqlite_db.py
[2025-10-17T19:03:34.890+0000] {processor.py:925} INFO - DAG(s) 'init_sqlite_db' retrieved from /opt/airflow/dags/init_sqlite_db.py
[2025-10-17T19:03:34.913+0000] {logging_mixin.py:190} INFO - [2025-10-17T19:03:34.912+0000] {dag.py:3239} INFO - Sync 1 DAGs
[2025-10-17T19:03:34.926+0000] {logging_mixin.py:190} INFO - [2025-10-17T19:03:34.926+0000] {dag.py:4180} INFO - Setting next_dagrun for init_sqlite_db to None, run_after=None
[2025-10-17T19:03:34.974+0000] {processor.py:208} INFO - Processing /opt/airflow/dags/init_sqlite_db.py took 0.105 seconds
[2025-10-17T19:04:06.162+0000] {processor.py:186} INFO - Started process (PID=149) to work on /opt/airflow/dags/init_sqlite_db.py
[2025-10-17T19:04:06.163+0000] {processor.py:914} INFO - Processing file /opt/airflow/dags/init_sqlite_db.py for tasks to queue
[2025-10-17T19:04:06.165+0000] {logging_mixin.py:190} INFO - [2025-10-17T19:04:06.164+0000] {dagbag.py:588} INFO - Filling up the DagBag from /opt/airflow/dags/init_sqlite_db.py
[2025-10-17T19:04:06.176+0000] {processor.py:925} INFO - DAG(s) 'init_sqlite_db' retrieved from /opt/airflow/dags/init_sqlite_db.py
[2025-10-17T19:04:06.199+0000] {logging_mixin.py:190} INFO - [2025-10-17T19:04:06.199+0000] {dag.py:3239} INFO - Sync 1 DAGs
[2025-10-17T19:04:06.216+0000] {logging_mixin.py:190} INFO - [2025-10-17T19:04:06.215+0000] {dag.py:4180} INFO - Setting next_dagrun for init_sqlite_db to None, run_after=None
[2025-10-17T19:04:06.266+0000] {processor.py:208} INFO - Processing /opt/airflow/dags/init_sqlite_db.py took 0.108 seconds
[2025-10-17T19:04:37.292+0000] {processor.py:186} INFO - Started process (PID=162) to work on /opt/airflow/dags/init_sqlite_db.py
[2025-10-17T19:04:37.293+0000] {processor.py:914} INFO - Processing file /opt/airflow/dags/init_sqlite_db.py for tasks to queue
[2025-10-17T19:04:37.296+0000] {logging_mixin.py:190} INFO - [2025-10-17T19:04:37.295+0000] {dagbag.py:588} INFO - Filling up the DagBag from /opt/airflow/dags/init_sqlite_db.py
[2025-10-17T19:04:37.311+0000] {processor.py:925} INFO - DAG(s) 'init_sqlite_db' retrieved from /opt/airflow/dags/init_sqlite_db.py
[2025-10-17T19:04:37.337+0000] {logging_mixin.py:190} INFO - [2025-10-17T19:04:37.336+0000] {dag.py:3239} INFO - Sync 1 DAGs
[2025-10-17T19:04:37.351+0000] {logging_mixin.py:190} INFO - [2025-10-17T19:04:37.351+0000] {dag.py:4180} INFO - Setting next_dagrun for init_sqlite_db to None, run_after=None
[2025-10-17T19:04:37.389+0000] {processor.py:208} INFO - Processing /opt/airflow/dags/init_sqlite_db.py took 0.101 seconds
[2025-10-17T19:05:08.771+0000] {processor.py:186} INFO - Started process (PID=175) to work on /opt/airflow/dags/init_sqlite_db.py
[2025-10-17T19:05:08.772+0000] {processor.py:914} INFO - Processing file /opt/airflow/dags/init_sqlite_db.py for tasks to queue
[2025-10-17T19:05:08.775+0000] {logging_mixin.py:190} INFO - [2025-10-17T19:05:08.774+0000] {dagbag.py:588} INFO - Filling up the DagBag from /opt/airflow/dags/init_sqlite_db.py
[2025-10-17T19:05:08.789+0000] {processor.py:925} INFO - DAG(s) 'init_sqlite_db' retrieved from /opt/airflow/dags/init_sqlite_db.py
[2025-10-17T19:05:08.812+0000] {logging_mixin.py:190} INFO - [2025-10-17T19:05:08.812+0000] {dag.py:3239} INFO - Sync 1 DAGs
[2025-10-17T19:05:08.826+0000] {logging_mixin.py:190} INFO - [2025-10-17T19:05:08.826+0000] {dag.py:4180} INFO - Setting next_dagrun for init_sqlite_db to None, run_after=None
[2025-10-17T19:05:08.971+0000] {processor.py:208} INFO - Processing /opt/airflow/dags/init_sqlite_db.py took 0.207 seconds
[2025-10-17T19:05:39.250+0000] {processor.py:186} INFO - Started process (PID=188) to work on /opt/airflow/dags/init_sqlite_db.py
[2025-10-17T19:05:39.251+0000] {processor.py:914} INFO - Processing file /opt/airflow/dags/init_sqlite_db.py for tasks to queue
[2025-10-17T19:05:39.253+0000] {logging_mixin.py:190} INFO - [2025-10-17T19:05:39.252+0000] {dagbag.py:588} INFO - Filling up the DagBag from /opt/airflow/dags/init_sqlite_db.py
[2025-10-17T19:05:39.266+0000] {processor.py:925} INFO - DAG(s) 'init_sqlite_db' retrieved from /opt/airflow/dags/init_sqlite_db.py
[2025-10-17T19:05:39.289+0000] {logging_mixin.py:190} INFO - [2025-10-17T19:05:39.289+0000] {dag.py:3239} INFO - Sync 1 DAGs
[2025-10-17T19:05:39.401+0000] {logging_mixin.py:190} INFO - [2025-10-17T19:05:39.400+0000] {dag.py:4180} INFO - Setting next_dagrun for init_sqlite_db to None, run_after=None
[2025-10-17T19:05:39.445+0000] {processor.py:208} INFO - Processing /opt/airflow/dags/init_sqlite_db.py took 0.199 seconds
[2025-10-17T19:06:11.020+0000] {processor.py:186} INFO - Started process (PID=201) to work on /opt/airflow/dags/init_sqlite_db.py
[2025-10-17T19:06:11.021+0000] {processor.py:914} INFO - Processing file /opt/airflow/dags/init_sqlite_db.py for tasks to queue
[2025-10-17T19:06:11.023+0000] {logging_mixin.py:190} INFO - [2025-10-17T19:06:11.023+0000] {dagbag.py:588} INFO - Filling up the DagBag from /opt/airflow/dags/init_sqlite_db.py
[2025-10-17T19:06:11.036+0000] {processor.py:925} INFO - DAG(s) 'init_sqlite_db' retrieved from /opt/airflow/dags/init_sqlite_db.py
[2025-10-17T19:06:11.062+0000] {logging_mixin.py:190} INFO - [2025-10-17T19:06:11.062+0000] {dag.py:3239} INFO - Sync 1 DAGs
[2025-10-17T19:06:11.077+0000] {logging_mixin.py:190} INFO - [2025-10-17T19:06:11.077+0000] {dag.py:4180} INFO - Setting next_dagrun for init_sqlite_db to None, run_after=None
[2025-10-17T19:06:11.124+0000] {processor.py:208} INFO - Processing /opt/airflow/dags/init_sqlite_db.py took 0.108 seconds
[2025-10-17T19:06:42.247+0000] {processor.py:186} INFO - Started process (PID=214) to work on /opt/airflow/dags/init_sqlite_db.py
[2025-10-17T19:06:42.248+0000] {processor.py:914} INFO - Processing file /opt/airflow/dags/init_sqlite_db.py for tasks to queue
[2025-10-17T19:06:42.250+0000] {logging_mixin.py:190} INFO - [2025-10-17T19:06:42.250+0000] {dagbag.py:588} INFO - Filling up the DagBag from /opt/airflow/dags/init_sqlite_db.py
[2025-10-17T19:06:42.264+0000] {processor.py:925} INFO - DAG(s) 'init_sqlite_db' retrieved from /opt/airflow/dags/init_sqlite_db.py
[2025-10-17T19:06:42.292+0000] {logging_mixin.py:190} INFO - [2025-10-17T19:06:42.292+0000] {dag.py:3239} INFO - Sync 1 DAGs
[2025-10-17T19:06:42.307+0000] {logging_mixin.py:190} INFO - [2025-10-17T19:06:42.306+0000] {dag.py:4180} INFO - Setting next_dagrun for init_sqlite_db to None, run_after=None
[2025-10-17T19:06:42.344+0000] {processor.py:208} INFO - Processing /opt/airflow/dags/init_sqlite_db.py took 0.103 seconds
[2025-10-17T19:07:13.481+0000] {processor.py:186} INFO - Started process (PID=227) to work on /opt/airflow/dags/init_sqlite_db.py
[2025-10-17T19:07:13.482+0000] {processor.py:914} INFO - Processing file /opt/airflow/dags/init_sqlite_db.py for tasks to queue
[2025-10-17T19:07:13.485+0000] {logging_mixin.py:190} INFO - [2025-10-17T19:07:13.484+0000] {dagbag.py:588} INFO - Filling up the DagBag from /opt/airflow/dags/init_sqlite_db.py
[2025-10-17T19:07:13.497+0000] {processor.py:925} INFO - DAG(s) 'init_sqlite_db' retrieved from /opt/airflow/dags/init_sqlite_db.py
[2025-10-17T19:07:13.521+0000] {logging_mixin.py:190} INFO - [2025-10-17T19:07:13.520+0000] {dag.py:3239} INFO - Sync 1 DAGs
[2025-10-17T19:07:13.535+0000] {logging_mixin.py:190} INFO - [2025-10-17T19:07:13.535+0000] {dag.py:4180} INFO - Setting next_dagrun for init_sqlite_db to None, run_after=None
[2025-10-17T19:07:13.582+0000] {processor.py:208} INFO - Processing /opt/airflow/dags/init_sqlite_db.py took 0.105 seconds
[2025-10-17T19:07:44.551+0000] {processor.py:186} INFO - Started process (PID=240) to work on /opt/airflow/dags/init_sqlite_db.py
[2025-10-17T19:07:44.552+0000] {processor.py:914} INFO - Processing file /opt/airflow/dags/init_sqlite_db.py for tasks to queue
[2025-10-17T19:07:44.554+0000] {logging_mixin.py:190} INFO - [2025-10-17T19:07:44.554+0000] {dagbag.py:588} INFO - Filling up the DagBag from /opt/airflow/dags/init_sqlite_db.py
[2025-10-17T19:07:44.566+0000] {processor.py:925} INFO - DAG(s) 'init_sqlite_db' retrieved from /opt/airflow/dags/init_sqlite_db.py
[2025-10-17T19:07:44.589+0000] {logging_mixin.py:190} INFO - [2025-10-17T19:07:44.589+0000] {dag.py:3239} INFO - Sync 1 DAGs
[2025-10-17T19:07:44.604+0000] {logging_mixin.py:190} INFO - [2025-10-17T19:07:44.604+0000] {dag.py:4180} INFO - Setting next_dagrun for init_sqlite_db to None, run_after=None
[2025-10-17T19:07:44.659+0000] {processor.py:208} INFO - Processing /opt/airflow/dags/init_sqlite_db.py took 0.115 seconds
[2025-10-17T19:08:15.910+0000] {processor.py:186} INFO - Started process (PID=253) to work on /opt/airflow/dags/init_sqlite_db.py
[2025-10-17T19:08:15.910+0000] {processor.py:914} INFO - Processing file /opt/airflow/dags/init_sqlite_db.py for tasks to queue
[2025-10-17T19:08:15.912+0000] {logging_mixin.py:190} INFO - [2025-10-17T19:08:15.912+0000] {dagbag.py:588} INFO - Filling up the DagBag from /opt/airflow/dags/init_sqlite_db.py
[2025-10-17T19:08:15.924+0000] {processor.py:925} INFO - DAG(s) 'init_sqlite_db' retrieved from /opt/airflow/dags/init_sqlite_db.py
[2025-10-17T19:08:15.949+0000] {logging_mixin.py:190} INFO - [2025-10-17T19:08:15.948+0000] {dag.py:3239} INFO - Sync 1 DAGs
[2025-10-17T19:08:15.963+0000] {logging_mixin.py:190} INFO - [2025-10-17T19:08:15.963+0000] {dag.py:4180} INFO - Setting next_dagrun for init_sqlite_db to None, run_after=None
[2025-10-17T19:08:16.123+0000] {processor.py:208} INFO - Processing /opt/airflow/dags/init_sqlite_db.py took 0.218 seconds
[2025-10-17T19:08:47.215+0000] {processor.py:186} INFO - Started process (PID=266) to work on /opt/airflow/dags/init_sqlite_db.py
[2025-10-17T19:08:47.216+0000] {processor.py:914} INFO - Processing file /opt/airflow/dags/init_sqlite_db.py for tasks to queue
[2025-10-17T19:08:47.218+0000] {logging_mixin.py:190} INFO - [2025-10-17T19:08:47.218+0000] {dagbag.py:588} INFO - Filling up the DagBag from /opt/airflow/dags/init_sqlite_db.py
[2025-10-17T19:08:47.230+0000] {processor.py:925} INFO - DAG(s) 'init_sqlite_db' retrieved from /opt/airflow/dags/init_sqlite_db.py
[2025-10-17T19:08:47.253+0000] {logging_mixin.py:190} INFO - [2025-10-17T19:08:47.253+0000] {dag.py:3239} INFO - Sync 1 DAGs
[2025-10-17T19:08:47.374+0000] {logging_mixin.py:190} INFO - [2025-10-17T19:08:47.374+0000] {dag.py:4180} INFO - Setting next_dagrun for init_sqlite_db to None, run_after=None
[2025-10-17T19:08:47.415+0000] {processor.py:208} INFO - Processing /opt/airflow/dags/init_sqlite_db.py took 0.205 seconds
[2025-10-17T19:09:18.252+0000] {processor.py:186} INFO - Started process (PID=279) to work on /opt/airflow/dags/init_sqlite_db.py
[2025-10-17T19:09:18.252+0000] {processor.py:914} INFO - Processing file /opt/airflow/dags/init_sqlite_db.py for tasks to queue
[2025-10-17T19:09:18.254+0000] {logging_mixin.py:190} INFO - [2025-10-17T19:09:18.254+0000] {dagbag.py:588} INFO - Filling up the DagBag from /opt/airflow/dags/init_sqlite_db.py
[2025-10-17T19:09:18.267+0000] {processor.py:925} INFO - DAG(s) 'init_sqlite_db' retrieved from /opt/airflow/dags/init_sqlite_db.py
[2025-10-17T19:09:18.290+0000] {logging_mixin.py:190} INFO - [2025-10-17T19:09:18.290+0000] {dag.py:3239} INFO - Sync 1 DAGs
[2025-10-17T19:09:18.305+0000] {logging_mixin.py:190} INFO - [2025-10-17T19:09:18.305+0000] {dag.py:4180} INFO - Setting next_dagrun for init_sqlite_db to None, run_after=None
[2025-10-17T19:09:18.363+0000] {processor.py:208} INFO - Processing /opt/airflow/dags/init_sqlite_db.py took 0.116 seconds
[2025-10-17T19:09:49.234+0000] {processor.py:186} INFO - Started process (PID=292) to work on /opt/airflow/dags/init_sqlite_db.py
[2025-10-17T19:09:49.235+0000] {processor.py:914} INFO - Processing file /opt/airflow/dags/init_sqlite_db.py for tasks to queue
[2025-10-17T19:09:49.237+0000] {logging_mixin.py:190} INFO - [2025-10-17T19:09:49.237+0000] {dagbag.py:588} INFO - Filling up the DagBag from /opt/airflow/dags/init_sqlite_db.py
[2025-10-17T19:09:49.249+0000] {processor.py:925} INFO - DAG(s) 'init_sqlite_db' retrieved from /opt/airflow/dags/init_sqlite_db.py
[2025-10-17T19:09:49.273+0000] {logging_mixin.py:190} INFO - [2025-10-17T19:09:49.273+0000] {dag.py:3239} INFO - Sync 1 DAGs
[2025-10-17T19:09:49.290+0000] {logging_mixin.py:190} INFO - [2025-10-17T19:09:49.290+0000] {dag.py:4180} INFO - Setting next_dagrun for init_sqlite_db to None, run_after=None
[2025-10-17T19:09:49.344+0000] {processor.py:208} INFO - Processing /opt/airflow/dags/init_sqlite_db.py took 0.114 seconds
[2025-10-17T19:10:20.468+0000] {processor.py:186} INFO - Started process (PID=305) to work on /opt/airflow/dags/init_sqlite_db.py
[2025-10-17T19:10:20.469+0000] {processor.py:914} INFO - Processing file /opt/airflow/dags/init_sqlite_db.py for tasks to queue
[2025-10-17T19:10:20.471+0000] {logging_mixin.py:190} INFO - [2025-10-17T19:10:20.471+0000] {dagbag.py:588} INFO - Filling up the DagBag from /opt/airflow/dags/init_sqlite_db.py
[2025-10-17T19:10:20.484+0000] {processor.py:925} INFO - DAG(s) 'init_sqlite_db' retrieved from /opt/airflow/dags/init_sqlite_db.py
[2025-10-17T19:10:20.506+0000] {logging_mixin.py:190} INFO - [2025-10-17T19:10:20.506+0000] {dag.py:3239} INFO - Sync 1 DAGs
[2025-10-17T19:10:20.519+0000] {logging_mixin.py:190} INFO - [2025-10-17T19:10:20.519+0000] {dag.py:4180} INFO - Setting next_dagrun for init_sqlite_db to None, run_after=None
[2025-10-17T19:10:20.573+0000] {processor.py:208} INFO - Processing /opt/airflow/dags/init_sqlite_db.py took 0.109 seconds
[2025-10-17T19:10:51.887+0000] {processor.py:186} INFO - Started process (PID=318) to work on /opt/airflow/dags/init_sqlite_db.py
[2025-10-17T19:10:51.888+0000] {processor.py:914} INFO - Processing file /opt/airflow/dags/init_sqlite_db.py for tasks to queue
[2025-10-17T19:10:51.890+0000] {logging_mixin.py:190} INFO - [2025-10-17T19:10:51.889+0000] {dagbag.py:588} INFO - Filling up the DagBag from /opt/airflow/dags/init_sqlite_db.py
[2025-10-17T19:10:51.902+0000] {processor.py:925} INFO - DAG(s) 'init_sqlite_db' retrieved from /opt/airflow/dags/init_sqlite_db.py
[2025-10-17T19:10:51.926+0000] {logging_mixin.py:190} INFO - [2025-10-17T19:10:51.925+0000] {dag.py:3239} INFO - Sync 1 DAGs
[2025-10-17T19:10:51.940+0000] {logging_mixin.py:190} INFO - [2025-10-17T19:10:51.940+0000] {dag.py:4180} INFO - Setting next_dagrun for init_sqlite_db to None, run_after=None
[2025-10-17T19:10:52.003+0000] {processor.py:208} INFO - Processing /opt/airflow/dags/init_sqlite_db.py took 0.121 seconds
[2025-10-17T19:11:22.458+0000] {processor.py:186} INFO - Started process (PID=331) to work on /opt/airflow/dags/init_sqlite_db.py
[2025-10-17T19:11:22.460+0000] {processor.py:914} INFO - Processing file /opt/airflow/dags/init_sqlite_db.py for tasks to queue
[2025-10-17T19:11:22.462+0000] {logging_mixin.py:190} INFO - [2025-10-17T19:11:22.462+0000] {dagbag.py:588} INFO - Filling up the DagBag from /opt/airflow/dags/init_sqlite_db.py
[2025-10-17T19:11:22.480+0000] {processor.py:925} INFO - DAG(s) 'init_sqlite_db' retrieved from /opt/airflow/dags/init_sqlite_db.py
[2025-10-17T19:11:22.505+0000] {logging_mixin.py:190} INFO - [2025-10-17T19:11:22.505+0000] {dag.py:3239} INFO - Sync 1 DAGs
[2025-10-17T19:11:22.518+0000] {logging_mixin.py:190} INFO - [2025-10-17T19:11:22.517+0000] {dag.py:4180} INFO - Setting next_dagrun for init_sqlite_db to None, run_after=None
[2025-10-17T19:11:22.681+0000] {processor.py:208} INFO - Processing /opt/airflow/dags/init_sqlite_db.py took 0.229 seconds
[2025-10-17T19:11:54.138+0000] {processor.py:186} INFO - Started process (PID=344) to work on /opt/airflow/dags/init_sqlite_db.py
[2025-10-17T19:11:54.139+0000] {processor.py:914} INFO - Processing file /opt/airflow/dags/init_sqlite_db.py for tasks to queue
[2025-10-17T19:11:54.141+0000] {logging_mixin.py:190} INFO - [2025-10-17T19:11:54.141+0000] {dagbag.py:588} INFO - Filling up the DagBag from /opt/airflow/dags/init_sqlite_db.py
[2025-10-17T19:11:54.156+0000] {processor.py:925} INFO - DAG(s) 'init_sqlite_db' retrieved from /opt/airflow/dags/init_sqlite_db.py
[2025-10-17T19:11:54.179+0000] {logging_mixin.py:190} INFO - [2025-10-17T19:11:54.179+0000] {dag.py:3239} INFO - Sync 1 DAGs
[2025-10-17T19:11:54.296+0000] {logging_mixin.py:190} INFO - [2025-10-17T19:11:54.296+0000] {dag.py:4180} INFO - Setting next_dagrun for init_sqlite_db to None, run_after=None
[2025-10-17T19:11:54.355+0000] {processor.py:208} INFO - Processing /opt/airflow/dags/init_sqlite_db.py took 0.221 seconds
[2025-10-17T19:12:25.223+0000] {processor.py:186} INFO - Started process (PID=357) to work on /opt/airflow/dags/init_sqlite_db.py
[2025-10-17T19:12:25.224+0000] {processor.py:914} INFO - Processing file /opt/airflow/dags/init_sqlite_db.py for tasks to queue
[2025-10-17T19:12:25.226+0000] {logging_mixin.py:190} INFO - [2025-10-17T19:12:25.226+0000] {dagbag.py:588} INFO - Filling up the DagBag from /opt/airflow/dags/init_sqlite_db.py
[2025-10-17T19:12:25.238+0000] {processor.py:925} INFO - DAG(s) 'init_sqlite_db' retrieved from /opt/airflow/dags/init_sqlite_db.py
[2025-10-17T19:12:25.362+0000] {logging_mixin.py:190} INFO - [2025-10-17T19:12:25.361+0000] {dag.py:3239} INFO - Sync 1 DAGs
[2025-10-17T19:12:25.378+0000] {logging_mixin.py:190} INFO - [2025-10-17T19:12:25.378+0000] {dag.py:4180} INFO - Setting next_dagrun for init_sqlite_db to None, run_after=None
[2025-10-17T19:12:25.450+0000] {processor.py:208} INFO - Processing /opt/airflow/dags/init_sqlite_db.py took 0.231 seconds
[2025-10-17T19:12:56.243+0000] {processor.py:186} INFO - Started process (PID=370) to work on /opt/airflow/dags/init_sqlite_db.py
[2025-10-17T19:12:56.244+0000] {processor.py:914} INFO - Processing file /opt/airflow/dags/init_sqlite_db.py for tasks to queue
[2025-10-17T19:12:56.246+0000] {logging_mixin.py:190} INFO - [2025-10-17T19:12:56.246+0000] {dagbag.py:588} INFO - Filling up the DagBag from /opt/airflow/dags/init_sqlite_db.py
[2025-10-17T19:12:56.259+0000] {processor.py:925} INFO - DAG(s) 'init_sqlite_db' retrieved from /opt/airflow/dags/init_sqlite_db.py
[2025-10-17T19:12:56.287+0000] {logging_mixin.py:190} INFO - [2025-10-17T19:12:56.287+0000] {dag.py:3239} INFO - Sync 1 DAGs
[2025-10-17T19:12:56.304+0000] {logging_mixin.py:190} INFO - [2025-10-17T19:12:56.304+0000] {dag.py:4180} INFO - Setting next_dagrun for init_sqlite_db to None, run_after=None
[2025-10-17T19:12:56.380+0000] {processor.py:208} INFO - Processing /opt/airflow/dags/init_sqlite_db.py took 0.141 seconds
[2025-10-17T19:13:26.498+0000] {processor.py:186} INFO - Started process (PID=383) to work on /opt/airflow/dags/init_sqlite_db.py
[2025-10-17T19:13:26.499+0000] {processor.py:914} INFO - Processing file /opt/airflow/dags/init_sqlite_db.py for tasks to queue
[2025-10-17T19:13:26.501+0000] {logging_mixin.py:190} INFO - [2025-10-17T19:13:26.500+0000] {dagbag.py:588} INFO - Filling up the DagBag from /opt/airflow/dags/init_sqlite_db.py
[2025-10-17T19:13:26.514+0000] {processor.py:925} INFO - DAG(s) 'init_sqlite_db' retrieved from /opt/airflow/dags/init_sqlite_db.py
[2025-10-17T19:13:26.540+0000] {logging_mixin.py:190} INFO - [2025-10-17T19:13:26.540+0000] {dag.py:3239} INFO - Sync 1 DAGs
[2025-10-17T19:13:26.557+0000] {logging_mixin.py:190} INFO - [2025-10-17T19:13:26.556+0000] {dag.py:4180} INFO - Setting next_dagrun for init_sqlite_db to None, run_after=None
[2025-10-17T19:13:26.612+0000] {processor.py:208} INFO - Processing /opt/airflow/dags/init_sqlite_db.py took 0.119 seconds
[2025-10-17T19:13:57.379+0000] {processor.py:186} INFO - Started process (PID=396) to work on /opt/airflow/dags/init_sqlite_db.py
[2025-10-17T19:13:57.380+0000] {processor.py:914} INFO - Processing file /opt/airflow/dags/init_sqlite_db.py for tasks to queue
[2025-10-17T19:13:57.382+0000] {logging_mixin.py:190} INFO - [2025-10-17T19:13:57.382+0000] {dagbag.py:588} INFO - Filling up the DagBag from /opt/airflow/dags/init_sqlite_db.py
[2025-10-17T19:13:57.398+0000] {processor.py:925} INFO - DAG(s) 'init_sqlite_db' retrieved from /opt/airflow/dags/init_sqlite_db.py
[2025-10-17T19:13:57.429+0000] {logging_mixin.py:190} INFO - [2025-10-17T19:13:57.429+0000] {dag.py:3239} INFO - Sync 1 DAGs
[2025-10-17T19:13:57.445+0000] {logging_mixin.py:190} INFO - [2025-10-17T19:13:57.445+0000] {dag.py:4180} INFO - Setting next_dagrun for init_sqlite_db to None, run_after=None
[2025-10-17T19:13:57.494+0000] {processor.py:208} INFO - Processing /opt/airflow/dags/init_sqlite_db.py took 0.120 seconds
[2025-10-17T19:14:28.670+0000] {processor.py:186} INFO - Started process (PID=409) to work on /opt/airflow/dags/init_sqlite_db.py
[2025-10-17T19:14:28.671+0000] {processor.py:914} INFO - Processing file /opt/airflow/dags/init_sqlite_db.py for tasks to queue
[2025-10-17T19:14:28.673+0000] {logging_mixin.py:190} INFO - [2025-10-17T19:14:28.673+0000] {dagbag.py:588} INFO - Filling up the DagBag from /opt/airflow/dags/init_sqlite_db.py
[2025-10-17T19:14:28.686+0000] {processor.py:925} INFO - DAG(s) 'init_sqlite_db' retrieved from /opt/airflow/dags/init_sqlite_db.py
[2025-10-17T19:14:28.711+0000] {logging_mixin.py:190} INFO - [2025-10-17T19:14:28.711+0000] {dag.py:3239} INFO - Sync 1 DAGs
[2025-10-17T19:14:28.726+0000] {logging_mixin.py:190} INFO - [2025-10-17T19:14:28.726+0000] {dag.py:4180} INFO - Setting next_dagrun for init_sqlite_db to None, run_after=None
[2025-10-17T19:14:28.779+0000] {processor.py:208} INFO - Processing /opt/airflow/dags/init_sqlite_db.py took 0.114 seconds
[2025-10-17T19:15:00.016+0000] {processor.py:186} INFO - Started process (PID=422) to work on /opt/airflow/dags/init_sqlite_db.py
[2025-10-17T19:15:00.017+0000] {processor.py:914} INFO - Processing file /opt/airflow/dags/init_sqlite_db.py for tasks to queue
[2025-10-17T19:15:00.019+0000] {logging_mixin.py:190} INFO - [2025-10-17T19:15:00.019+0000] {dagbag.py:588} INFO - Filling up the DagBag from /opt/airflow/dags/init_sqlite_db.py
[2025-10-17T19:15:00.034+0000] {processor.py:925} INFO - DAG(s) 'init_sqlite_db' retrieved from /opt/airflow/dags/init_sqlite_db.py
[2025-10-17T19:15:00.058+0000] {logging_mixin.py:190} INFO - [2025-10-17T19:15:00.058+0000] {dag.py:3239} INFO - Sync 1 DAGs
[2025-10-17T19:15:00.075+0000] {logging_mixin.py:190} INFO - [2025-10-17T19:15:00.075+0000] {dag.py:4180} INFO - Setting next_dagrun for init_sqlite_db to None, run_after=None
[2025-10-17T19:15:00.112+0000] {processor.py:208} INFO - Processing /opt/airflow/dags/init_sqlite_db.py took 0.101 seconds
[2025-10-17T19:15:31.299+0000] {processor.py:186} INFO - Started process (PID=435) to work on /opt/airflow/dags/init_sqlite_db.py
[2025-10-17T19:15:31.300+0000] {processor.py:914} INFO - Processing file /opt/airflow/dags/init_sqlite_db.py for tasks to queue
[2025-10-17T19:15:31.302+0000] {logging_mixin.py:190} INFO - [2025-10-17T19:15:31.301+0000] {dagbag.py:588} INFO - Filling up the DagBag from /opt/airflow/dags/init_sqlite_db.py
[2025-10-17T19:15:31.314+0000] {processor.py:925} INFO - DAG(s) 'init_sqlite_db' retrieved from /opt/airflow/dags/init_sqlite_db.py
[2025-10-17T19:15:31.338+0000] {logging_mixin.py:190} INFO - [2025-10-17T19:15:31.337+0000] {dag.py:3239} INFO - Sync 1 DAGs
[2025-10-17T19:15:31.352+0000] {logging_mixin.py:190} INFO - [2025-10-17T19:15:31.352+0000] {dag.py:4180} INFO - Setting next_dagrun for init_sqlite_db to None, run_after=None
[2025-10-17T19:15:31.410+0000] {processor.py:208} INFO - Processing /opt/airflow/dags/init_sqlite_db.py took 0.116 seconds
[2025-10-17T19:16:02.651+0000] {processor.py:186} INFO - Started process (PID=448) to work on /opt/airflow/dags/init_sqlite_db.py
[2025-10-17T19:16:02.652+0000] {processor.py:914} INFO - Processing file /opt/airflow/dags/init_sqlite_db.py for tasks to queue
[2025-10-17T19:16:02.655+0000] {logging_mixin.py:190} INFO - [2025-10-17T19:16:02.655+0000] {dagbag.py:588} INFO - Filling up the DagBag from /opt/airflow/dags/init_sqlite_db.py
[2025-10-17T19:16:02.672+0000] {processor.py:925} INFO - DAG(s) 'init_sqlite_db' retrieved from /opt/airflow/dags/init_sqlite_db.py
[2025-10-17T19:16:02.700+0000] {logging_mixin.py:190} INFO - [2025-10-17T19:16:02.699+0000] {dag.py:3239} INFO - Sync 1 DAGs
[2025-10-17T19:16:02.716+0000] {logging_mixin.py:190} INFO - [2025-10-17T19:16:02.716+0000] {dag.py:4180} INFO - Setting next_dagrun for init_sqlite_db to None, run_after=None
[2025-10-17T19:16:02.752+0000] {processor.py:208} INFO - Processing /opt/airflow/dags/init_sqlite_db.py took 0.106 seconds
[2025-10-17T19:16:35.219+0000] {processor.py:186} INFO - Started process (PID=470) to work on /opt/airflow/dags/init_sqlite_db.py
[2025-10-17T19:16:35.220+0000] {processor.py:914} INFO - Processing file /opt/airflow/dags/init_sqlite_db.py for tasks to queue
[2025-10-17T19:16:35.223+0000] {logging_mixin.py:190} INFO - [2025-10-17T19:16:35.222+0000] {dagbag.py:588} INFO - Filling up the DagBag from /opt/airflow/dags/init_sqlite_db.py
[2025-10-17T19:16:35.238+0000] {processor.py:925} INFO - DAG(s) 'init_sqlite_db' retrieved from /opt/airflow/dags/init_sqlite_db.py
[2025-10-17T19:16:35.265+0000] {logging_mixin.py:190} INFO - [2025-10-17T19:16:35.264+0000] {dag.py:3239} INFO - Sync 1 DAGs
[2025-10-17T19:16:35.279+0000] {logging_mixin.py:190} INFO - [2025-10-17T19:16:35.278+0000] {dag.py:4180} INFO - Setting next_dagrun for init_sqlite_db to None, run_after=None
[2025-10-17T19:16:35.318+0000] {processor.py:208} INFO - Processing /opt/airflow/dags/init_sqlite_db.py took 0.103 seconds
[2025-10-17T19:17:06.954+0000] {processor.py:186} INFO - Started process (PID=555) to work on /opt/airflow/dags/init_sqlite_db.py
[2025-10-17T19:17:06.954+0000] {processor.py:914} INFO - Processing file /opt/airflow/dags/init_sqlite_db.py for tasks to queue
[2025-10-17T19:17:06.956+0000] {logging_mixin.py:190} INFO - [2025-10-17T19:17:06.956+0000] {dagbag.py:588} INFO - Filling up the DagBag from /opt/airflow/dags/init_sqlite_db.py
[2025-10-17T19:17:06.969+0000] {processor.py:925} INFO - DAG(s) 'init_sqlite_db' retrieved from /opt/airflow/dags/init_sqlite_db.py
[2025-10-17T19:17:06.991+0000] {logging_mixin.py:190} INFO - [2025-10-17T19:17:06.991+0000] {dag.py:3239} INFO - Sync 1 DAGs
[2025-10-17T19:17:07.008+0000] {logging_mixin.py:190} INFO - [2025-10-17T19:17:07.007+0000] {dag.py:4180} INFO - Setting next_dagrun for init_sqlite_db to None, run_after=None
[2025-10-17T19:17:07.055+0000] {processor.py:208} INFO - Processing /opt/airflow/dags/init_sqlite_db.py took 0.106 seconds
[2025-10-17T19:19:31.238+0000] {processor.py:186} INFO - Started process (PID=660) to work on /opt/airflow/dags/init_sqlite_db.py
[2025-10-17T19:19:31.239+0000] {processor.py:914} INFO - Processing file /opt/airflow/dags/init_sqlite_db.py for tasks to queue
[2025-10-17T19:19:31.240+0000] {logging_mixin.py:190} INFO - [2025-10-17T19:19:31.240+0000] {dagbag.py:588} INFO - Filling up the DagBag from /opt/airflow/dags/init_sqlite_db.py
[2025-10-17T19:19:31.247+0000] {processor.py:925} INFO - DAG(s) 'init_sqlite_db' retrieved from /opt/airflow/dags/init_sqlite_db.py
[2025-10-17T19:19:31.269+0000] {logging_mixin.py:190} INFO - [2025-10-17T19:19:31.269+0000] {dag.py:3239} INFO - Sync 1 DAGs
[2025-10-17T19:19:31.281+0000] {logging_mixin.py:190} INFO - [2025-10-17T19:19:31.281+0000] {dag.py:4180} INFO - Setting next_dagrun for init_sqlite_db to None, run_after=None
[2025-10-17T19:19:31.316+0000] {processor.py:208} INFO - Processing /opt/airflow/dags/init_sqlite_db.py took 0.082 seconds
[2025-10-17T19:20:01.929+0000] {processor.py:186} INFO - Started process (PID=673) to work on /opt/airflow/dags/init_sqlite_db.py
[2025-10-17T19:20:01.930+0000] {processor.py:914} INFO - Processing file /opt/airflow/dags/init_sqlite_db.py for tasks to queue
[2025-10-17T19:20:01.931+0000] {logging_mixin.py:190} INFO - [2025-10-17T19:20:01.931+0000] {dagbag.py:588} INFO - Filling up the DagBag from /opt/airflow/dags/init_sqlite_db.py
[2025-10-17T19:20:01.940+0000] {processor.py:925} INFO - DAG(s) 'init_sqlite_db' retrieved from /opt/airflow/dags/init_sqlite_db.py
[2025-10-17T19:20:01.965+0000] {logging_mixin.py:190} INFO - [2025-10-17T19:20:01.965+0000] {dag.py:3239} INFO - Sync 1 DAGs
[2025-10-17T19:20:01.977+0000] {logging_mixin.py:190} INFO - [2025-10-17T19:20:01.976+0000] {dag.py:4180} INFO - Setting next_dagrun for init_sqlite_db to None, run_after=None
[2025-10-17T19:20:02.023+0000] {processor.py:208} INFO - Processing /opt/airflow/dags/init_sqlite_db.py took 0.099 seconds
[2025-10-17T19:20:33.649+0000] {processor.py:186} INFO - Started process (PID=686) to work on /opt/airflow/dags/init_sqlite_db.py
[2025-10-17T19:20:33.650+0000] {processor.py:914} INFO - Processing file /opt/airflow/dags/init_sqlite_db.py for tasks to queue
[2025-10-17T19:20:33.651+0000] {logging_mixin.py:190} INFO - [2025-10-17T19:20:33.651+0000] {dagbag.py:588} INFO - Filling up the DagBag from /opt/airflow/dags/init_sqlite_db.py
[2025-10-17T19:20:33.660+0000] {processor.py:925} INFO - DAG(s) 'init_sqlite_db' retrieved from /opt/airflow/dags/init_sqlite_db.py
[2025-10-17T19:20:33.686+0000] {logging_mixin.py:190} INFO - [2025-10-17T19:20:33.686+0000] {dag.py:3239} INFO - Sync 1 DAGs
[2025-10-17T19:20:33.702+0000] {logging_mixin.py:190} INFO - [2025-10-17T19:20:33.702+0000] {dag.py:4180} INFO - Setting next_dagrun for init_sqlite_db to None, run_after=None
[2025-10-17T19:20:33.767+0000] {processor.py:208} INFO - Processing /opt/airflow/dags/init_sqlite_db.py took 0.122 seconds
[2025-10-17T19:22:54.498+0000] {processor.py:186} INFO - Started process (PID=779) to work on /opt/airflow/dags/init_sqlite_db.py
[2025-10-17T19:22:54.499+0000] {processor.py:914} INFO - Processing file /opt/airflow/dags/init_sqlite_db.py for tasks to queue
[2025-10-17T19:22:54.500+0000] {logging_mixin.py:190} INFO - [2025-10-17T19:22:54.499+0000] {dagbag.py:588} INFO - Filling up the DagBag from /opt/airflow/dags/init_sqlite_db.py
[2025-10-17T19:22:54.509+0000] {processor.py:925} INFO - DAG(s) 'init_sqlite_db' retrieved from /opt/airflow/dags/init_sqlite_db.py
[2025-10-17T19:22:54.534+0000] {logging_mixin.py:190} INFO - [2025-10-17T19:22:54.534+0000] {dag.py:3239} INFO - Sync 1 DAGs
[2025-10-17T19:22:54.546+0000] {logging_mixin.py:190} INFO - [2025-10-17T19:22:54.546+0000] {dag.py:4180} INFO - Setting next_dagrun for init_sqlite_db to None, run_after=None
[2025-10-17T19:22:54.595+0000] {processor.py:208} INFO - Processing /opt/airflow/dags/init_sqlite_db.py took 0.102 seconds
[2025-10-17T19:23:25.504+0000] {processor.py:186} INFO - Started process (PID=792) to work on /opt/airflow/dags/init_sqlite_db.py
[2025-10-17T19:23:25.505+0000] {processor.py:914} INFO - Processing file /opt/airflow/dags/init_sqlite_db.py for tasks to queue
[2025-10-17T19:23:25.506+0000] {logging_mixin.py:190} INFO - [2025-10-17T19:23:25.506+0000] {dagbag.py:588} INFO - Filling up the DagBag from /opt/airflow/dags/init_sqlite_db.py
[2025-10-17T19:23:25.516+0000] {processor.py:925} INFO - DAG(s) 'init_sqlite_db' retrieved from /opt/airflow/dags/init_sqlite_db.py
[2025-10-17T19:23:25.540+0000] {logging_mixin.py:190} INFO - [2025-10-17T19:23:25.540+0000] {dag.py:3239} INFO - Sync 1 DAGs
[2025-10-17T19:23:25.555+0000] {logging_mixin.py:190} INFO - [2025-10-17T19:23:25.555+0000] {dag.py:4180} INFO - Setting next_dagrun for init_sqlite_db to None, run_after=None
[2025-10-17T19:23:25.606+0000] {processor.py:208} INFO - Processing /opt/airflow/dags/init_sqlite_db.py took 0.107 seconds
[2025-10-17T19:23:57.666+0000] {processor.py:186} INFO - Started process (PID=805) to work on /opt/airflow/dags/init_sqlite_db.py
[2025-10-17T19:23:57.667+0000] {processor.py:914} INFO - Processing file /opt/airflow/dags/init_sqlite_db.py for tasks to queue
[2025-10-17T19:23:57.668+0000] {logging_mixin.py:190} INFO - [2025-10-17T19:23:57.668+0000] {dagbag.py:588} INFO - Filling up the DagBag from /opt/airflow/dags/init_sqlite_db.py
[2025-10-17T19:23:57.677+0000] {processor.py:925} INFO - DAG(s) 'init_sqlite_db' retrieved from /opt/airflow/dags/init_sqlite_db.py
[2025-10-17T19:23:57.703+0000] {logging_mixin.py:190} INFO - [2025-10-17T19:23:57.703+0000] {dag.py:3239} INFO - Sync 1 DAGs
[2025-10-17T19:23:57.719+0000] {logging_mixin.py:190} INFO - [2025-10-17T19:23:57.718+0000] {dag.py:4180} INFO - Setting next_dagrun for init_sqlite_db to None, run_after=None
[2025-10-17T19:23:57.770+0000] {processor.py:208} INFO - Processing /opt/airflow/dags/init_sqlite_db.py took 0.109 seconds
[2025-10-17T19:24:30.078+0000] {processor.py:186} INFO - Started process (PID=818) to work on /opt/airflow/dags/init_sqlite_db.py
[2025-10-17T19:24:30.079+0000] {processor.py:914} INFO - Processing file /opt/airflow/dags/init_sqlite_db.py for tasks to queue
[2025-10-17T19:24:30.081+0000] {logging_mixin.py:190} INFO - [2025-10-17T19:24:30.080+0000] {dagbag.py:588} INFO - Filling up the DagBag from /opt/airflow/dags/init_sqlite_db.py
[2025-10-17T19:24:30.089+0000] {processor.py:925} INFO - DAG(s) 'init_sqlite_db' retrieved from /opt/airflow/dags/init_sqlite_db.py
[2025-10-17T19:24:30.117+0000] {logging_mixin.py:190} INFO - [2025-10-17T19:24:30.116+0000] {dag.py:3239} INFO - Sync 1 DAGs
[2025-10-17T19:24:30.129+0000] {logging_mixin.py:190} INFO - [2025-10-17T19:24:30.129+0000] {dag.py:4180} INFO - Setting next_dagrun for init_sqlite_db to None, run_after=None
[2025-10-17T19:24:30.162+0000] {processor.py:208} INFO - Processing /opt/airflow/dags/init_sqlite_db.py took 0.089 seconds
