[2025-10-17T18:58:25.760+0000] {processor.py:186} INFO - Started process (PID=29) to work on /opt/airflow/dags/read_sqlite_db.py
[2025-10-17T18:58:25.761+0000] {processor.py:914} INFO - Processing file /opt/airflow/dags/read_sqlite_db.py for tasks to queue
[2025-10-17T18:58:25.762+0000] {logging_mixin.py:190} INFO - [2025-10-17T18:58:25.762+0000] {dagbag.py:588} INFO - Filling up the DagBag from /opt/airflow/dags/read_sqlite_db.py
[2025-10-17T18:58:25.780+0000] {processor.py:925} INFO - DAG(s) 'read_sqlite_db' retrieved from /opt/airflow/dags/read_sqlite_db.py
[2025-10-17T18:58:25.818+0000] {logging_mixin.py:190} INFO - [2025-10-17T18:58:25.818+0000] {dag.py:3239} INFO - Sync 1 DAGs
[2025-10-17T18:58:25.835+0000] {logging_mixin.py:190} INFO - [2025-10-17T18:58:25.835+0000] {dag.py:4180} INFO - Setting next_dagrun for read_sqlite_db to None, run_after=None
[2025-10-17T18:58:25.877+0000] {processor.py:208} INFO - Processing /opt/airflow/dags/read_sqlite_db.py took 0.121 seconds
[2025-10-17T18:58:57.309+0000] {processor.py:186} INFO - Started process (PID=34) to work on /opt/airflow/dags/read_sqlite_db.py
[2025-10-17T18:58:57.310+0000] {processor.py:914} INFO - Processing file /opt/airflow/dags/read_sqlite_db.py for tasks to queue
[2025-10-17T18:58:57.312+0000] {logging_mixin.py:190} INFO - [2025-10-17T18:58:57.312+0000] {dagbag.py:588} INFO - Filling up the DagBag from /opt/airflow/dags/read_sqlite_db.py
[2025-10-17T18:58:57.323+0000] {processor.py:925} INFO - DAG(s) 'read_sqlite_db' retrieved from /opt/airflow/dags/read_sqlite_db.py
[2025-10-17T18:58:57.347+0000] {logging_mixin.py:190} INFO - [2025-10-17T18:58:57.347+0000] {dag.py:3239} INFO - Sync 1 DAGs
[2025-10-17T18:58:57.363+0000] {logging_mixin.py:190} INFO - [2025-10-17T18:58:57.363+0000] {dag.py:4180} INFO - Setting next_dagrun for read_sqlite_db to None, run_after=None
[2025-10-17T18:58:57.407+0000] {processor.py:208} INFO - Processing /opt/airflow/dags/read_sqlite_db.py took 0.103 seconds
[2025-10-17T18:59:28.085+0000] {processor.py:186} INFO - Started process (PID=39) to work on /opt/airflow/dags/read_sqlite_db.py
[2025-10-17T18:59:28.086+0000] {processor.py:914} INFO - Processing file /opt/airflow/dags/read_sqlite_db.py for tasks to queue
[2025-10-17T18:59:28.088+0000] {logging_mixin.py:190} INFO - [2025-10-17T18:59:28.087+0000] {dagbag.py:588} INFO - Filling up the DagBag from /opt/airflow/dags/read_sqlite_db.py
[2025-10-17T18:59:28.099+0000] {processor.py:925} INFO - DAG(s) 'read_sqlite_db' retrieved from /opt/airflow/dags/read_sqlite_db.py
[2025-10-17T18:59:28.120+0000] {logging_mixin.py:190} INFO - [2025-10-17T18:59:28.120+0000] {dag.py:3239} INFO - Sync 1 DAGs
[2025-10-17T18:59:28.135+0000] {logging_mixin.py:190} INFO - [2025-10-17T18:59:28.135+0000] {dag.py:4180} INFO - Setting next_dagrun for read_sqlite_db to None, run_after=None
[2025-10-17T18:59:28.189+0000] {processor.py:208} INFO - Processing /opt/airflow/dags/read_sqlite_db.py took 0.108 seconds
[2025-10-17T18:59:58.693+0000] {processor.py:186} INFO - Started process (PID=44) to work on /opt/airflow/dags/read_sqlite_db.py
[2025-10-17T18:59:58.694+0000] {processor.py:914} INFO - Processing file /opt/airflow/dags/read_sqlite_db.py for tasks to queue
[2025-10-17T18:59:58.696+0000] {logging_mixin.py:190} INFO - [2025-10-17T18:59:58.696+0000] {dagbag.py:588} INFO - Filling up the DagBag from /opt/airflow/dags/read_sqlite_db.py
[2025-10-17T18:59:58.709+0000] {processor.py:925} INFO - DAG(s) 'read_sqlite_db' retrieved from /opt/airflow/dags/read_sqlite_db.py
[2025-10-17T18:59:58.733+0000] {logging_mixin.py:190} INFO - [2025-10-17T18:59:58.733+0000] {dag.py:3239} INFO - Sync 1 DAGs
[2025-10-17T18:59:58.748+0000] {logging_mixin.py:190} INFO - [2025-10-17T18:59:58.748+0000] {dag.py:4180} INFO - Setting next_dagrun for read_sqlite_db to None, run_after=None
[2025-10-17T18:59:58.803+0000] {processor.py:208} INFO - Processing /opt/airflow/dags/read_sqlite_db.py took 0.114 seconds
[2025-10-17T19:00:29.282+0000] {processor.py:186} INFO - Started process (PID=57) to work on /opt/airflow/dags/read_sqlite_db.py
[2025-10-17T19:00:29.283+0000] {processor.py:914} INFO - Processing file /opt/airflow/dags/read_sqlite_db.py for tasks to queue
[2025-10-17T19:00:29.285+0000] {logging_mixin.py:190} INFO - [2025-10-17T19:00:29.285+0000] {dagbag.py:588} INFO - Filling up the DagBag from /opt/airflow/dags/read_sqlite_db.py
[2025-10-17T19:00:29.299+0000] {processor.py:925} INFO - DAG(s) 'read_sqlite_db' retrieved from /opt/airflow/dags/read_sqlite_db.py
[2025-10-17T19:00:29.323+0000] {logging_mixin.py:190} INFO - [2025-10-17T19:00:29.323+0000] {dag.py:3239} INFO - Sync 1 DAGs
[2025-10-17T19:00:29.338+0000] {logging_mixin.py:190} INFO - [2025-10-17T19:00:29.338+0000] {dag.py:4180} INFO - Setting next_dagrun for read_sqlite_db to None, run_after=None
[2025-10-17T19:00:29.375+0000] {processor.py:208} INFO - Processing /opt/airflow/dags/read_sqlite_db.py took 0.097 seconds
[2025-10-17T19:00:59.887+0000] {processor.py:186} INFO - Started process (PID=70) to work on /opt/airflow/dags/read_sqlite_db.py
[2025-10-17T19:00:59.888+0000] {processor.py:914} INFO - Processing file /opt/airflow/dags/read_sqlite_db.py for tasks to queue
[2025-10-17T19:00:59.889+0000] {logging_mixin.py:190} INFO - [2025-10-17T19:00:59.889+0000] {dagbag.py:588} INFO - Filling up the DagBag from /opt/airflow/dags/read_sqlite_db.py
[2025-10-17T19:00:59.902+0000] {processor.py:925} INFO - DAG(s) 'read_sqlite_db' retrieved from /opt/airflow/dags/read_sqlite_db.py
[2025-10-17T19:00:59.926+0000] {logging_mixin.py:190} INFO - [2025-10-17T19:00:59.926+0000] {dag.py:3239} INFO - Sync 1 DAGs
[2025-10-17T19:00:59.941+0000] {logging_mixin.py:190} INFO - [2025-10-17T19:00:59.941+0000] {dag.py:4180} INFO - Setting next_dagrun for read_sqlite_db to None, run_after=None
[2025-10-17T19:00:59.990+0000] {processor.py:208} INFO - Processing /opt/airflow/dags/read_sqlite_db.py took 0.107 seconds
[2025-10-17T19:01:30.444+0000] {processor.py:186} INFO - Started process (PID=83) to work on /opt/airflow/dags/read_sqlite_db.py
[2025-10-17T19:01:30.445+0000] {processor.py:914} INFO - Processing file /opt/airflow/dags/read_sqlite_db.py for tasks to queue
[2025-10-17T19:01:30.447+0000] {logging_mixin.py:190} INFO - [2025-10-17T19:01:30.446+0000] {dagbag.py:588} INFO - Filling up the DagBag from /opt/airflow/dags/read_sqlite_db.py
[2025-10-17T19:01:30.460+0000] {processor.py:925} INFO - DAG(s) 'read_sqlite_db' retrieved from /opt/airflow/dags/read_sqlite_db.py
[2025-10-17T19:01:30.486+0000] {logging_mixin.py:190} INFO - [2025-10-17T19:01:30.485+0000] {dag.py:3239} INFO - Sync 1 DAGs
[2025-10-17T19:01:30.503+0000] {logging_mixin.py:190} INFO - [2025-10-17T19:01:30.503+0000] {dag.py:4180} INFO - Setting next_dagrun for read_sqlite_db to None, run_after=None
[2025-10-17T19:01:30.553+0000] {processor.py:208} INFO - Processing /opt/airflow/dags/read_sqlite_db.py took 0.115 seconds
[2025-10-17T19:02:01.136+0000] {processor.py:186} INFO - Started process (PID=96) to work on /opt/airflow/dags/read_sqlite_db.py
[2025-10-17T19:02:01.137+0000] {processor.py:914} INFO - Processing file /opt/airflow/dags/read_sqlite_db.py for tasks to queue
[2025-10-17T19:02:01.139+0000] {logging_mixin.py:190} INFO - [2025-10-17T19:02:01.139+0000] {dagbag.py:588} INFO - Filling up the DagBag from /opt/airflow/dags/read_sqlite_db.py
[2025-10-17T19:02:01.151+0000] {processor.py:925} INFO - DAG(s) 'read_sqlite_db' retrieved from /opt/airflow/dags/read_sqlite_db.py
[2025-10-17T19:02:01.176+0000] {logging_mixin.py:190} INFO - [2025-10-17T19:02:01.176+0000] {dag.py:3239} INFO - Sync 1 DAGs
[2025-10-17T19:02:01.191+0000] {logging_mixin.py:190} INFO - [2025-10-17T19:02:01.191+0000] {dag.py:4180} INFO - Setting next_dagrun for read_sqlite_db to None, run_after=None
[2025-10-17T19:02:01.245+0000] {processor.py:208} INFO - Processing /opt/airflow/dags/read_sqlite_db.py took 0.113 seconds
[2025-10-17T19:02:31.876+0000] {processor.py:186} INFO - Started process (PID=109) to work on /opt/airflow/dags/read_sqlite_db.py
[2025-10-17T19:02:31.877+0000] {processor.py:914} INFO - Processing file /opt/airflow/dags/read_sqlite_db.py for tasks to queue
[2025-10-17T19:02:31.879+0000] {logging_mixin.py:190} INFO - [2025-10-17T19:02:31.878+0000] {dagbag.py:588} INFO - Filling up the DagBag from /opt/airflow/dags/read_sqlite_db.py
[2025-10-17T19:02:31.894+0000] {processor.py:925} INFO - DAG(s) 'read_sqlite_db' retrieved from /opt/airflow/dags/read_sqlite_db.py
[2025-10-17T19:02:31.919+0000] {logging_mixin.py:190} INFO - [2025-10-17T19:02:31.918+0000] {dag.py:3239} INFO - Sync 1 DAGs
[2025-10-17T19:02:31.936+0000] {logging_mixin.py:190} INFO - [2025-10-17T19:02:31.936+0000] {dag.py:4180} INFO - Setting next_dagrun for read_sqlite_db to None, run_after=None
[2025-10-17T19:02:31.980+0000] {processor.py:208} INFO - Processing /opt/airflow/dags/read_sqlite_db.py took 0.108 seconds
[2025-10-17T19:03:02.498+0000] {processor.py:186} INFO - Started process (PID=122) to work on /opt/airflow/dags/read_sqlite_db.py
[2025-10-17T19:03:02.499+0000] {processor.py:914} INFO - Processing file /opt/airflow/dags/read_sqlite_db.py for tasks to queue
[2025-10-17T19:03:02.501+0000] {logging_mixin.py:190} INFO - [2025-10-17T19:03:02.501+0000] {dagbag.py:588} INFO - Filling up the DagBag from /opt/airflow/dags/read_sqlite_db.py
[2025-10-17T19:03:02.513+0000] {processor.py:925} INFO - DAG(s) 'read_sqlite_db' retrieved from /opt/airflow/dags/read_sqlite_db.py
[2025-10-17T19:03:02.536+0000] {logging_mixin.py:190} INFO - [2025-10-17T19:03:02.536+0000] {dag.py:3239} INFO - Sync 1 DAGs
[2025-10-17T19:03:02.549+0000] {logging_mixin.py:190} INFO - [2025-10-17T19:03:02.549+0000] {dag.py:4180} INFO - Setting next_dagrun for read_sqlite_db to None, run_after=None
[2025-10-17T19:03:02.595+0000] {processor.py:208} INFO - Processing /opt/airflow/dags/read_sqlite_db.py took 0.101 seconds
[2025-10-17T19:03:33.558+0000] {processor.py:186} INFO - Started process (PID=135) to work on /opt/airflow/dags/read_sqlite_db.py
[2025-10-17T19:03:33.559+0000] {processor.py:914} INFO - Processing file /opt/airflow/dags/read_sqlite_db.py for tasks to queue
[2025-10-17T19:03:33.561+0000] {logging_mixin.py:190} INFO - [2025-10-17T19:03:33.561+0000] {dagbag.py:588} INFO - Filling up the DagBag from /opt/airflow/dags/read_sqlite_db.py
[2025-10-17T19:03:33.574+0000] {processor.py:925} INFO - DAG(s) 'read_sqlite_db' retrieved from /opt/airflow/dags/read_sqlite_db.py
[2025-10-17T19:03:33.597+0000] {logging_mixin.py:190} INFO - [2025-10-17T19:03:33.596+0000] {dag.py:3239} INFO - Sync 1 DAGs
[2025-10-17T19:03:33.611+0000] {logging_mixin.py:190} INFO - [2025-10-17T19:03:33.611+0000] {dag.py:4180} INFO - Setting next_dagrun for read_sqlite_db to None, run_after=None
[2025-10-17T19:03:33.658+0000] {processor.py:208} INFO - Processing /opt/airflow/dags/read_sqlite_db.py took 0.104 seconds
[2025-10-17T19:04:04.831+0000] {processor.py:186} INFO - Started process (PID=148) to work on /opt/airflow/dags/read_sqlite_db.py
[2025-10-17T19:04:04.831+0000] {processor.py:914} INFO - Processing file /opt/airflow/dags/read_sqlite_db.py for tasks to queue
[2025-10-17T19:04:04.833+0000] {logging_mixin.py:190} INFO - [2025-10-17T19:04:04.833+0000] {dagbag.py:588} INFO - Filling up the DagBag from /opt/airflow/dags/read_sqlite_db.py
[2025-10-17T19:04:04.846+0000] {processor.py:925} INFO - DAG(s) 'read_sqlite_db' retrieved from /opt/airflow/dags/read_sqlite_db.py
[2025-10-17T19:04:04.868+0000] {logging_mixin.py:190} INFO - [2025-10-17T19:04:04.868+0000] {dag.py:3239} INFO - Sync 1 DAGs
[2025-10-17T19:04:04.882+0000] {logging_mixin.py:190} INFO - [2025-10-17T19:04:04.882+0000] {dag.py:4180} INFO - Setting next_dagrun for read_sqlite_db to None, run_after=None
[2025-10-17T19:04:04.943+0000] {processor.py:208} INFO - Processing /opt/airflow/dags/read_sqlite_db.py took 0.117 seconds
[2025-10-17T19:04:35.977+0000] {processor.py:186} INFO - Started process (PID=161) to work on /opt/airflow/dags/read_sqlite_db.py
[2025-10-17T19:04:35.978+0000] {processor.py:914} INFO - Processing file /opt/airflow/dags/read_sqlite_db.py for tasks to queue
[2025-10-17T19:04:35.980+0000] {logging_mixin.py:190} INFO - [2025-10-17T19:04:35.980+0000] {dagbag.py:588} INFO - Filling up the DagBag from /opt/airflow/dags/read_sqlite_db.py
[2025-10-17T19:04:35.994+0000] {processor.py:925} INFO - DAG(s) 'read_sqlite_db' retrieved from /opt/airflow/dags/read_sqlite_db.py
[2025-10-17T19:04:36.016+0000] {logging_mixin.py:190} INFO - [2025-10-17T19:04:36.016+0000] {dag.py:3239} INFO - Sync 1 DAGs
[2025-10-17T19:04:36.030+0000] {logging_mixin.py:190} INFO - [2025-10-17T19:04:36.030+0000] {dag.py:4180} INFO - Setting next_dagrun for read_sqlite_db to None, run_after=None
[2025-10-17T19:04:36.072+0000] {processor.py:208} INFO - Processing /opt/airflow/dags/read_sqlite_db.py took 0.100 seconds
[2025-10-17T19:05:07.324+0000] {processor.py:186} INFO - Started process (PID=174) to work on /opt/airflow/dags/read_sqlite_db.py
[2025-10-17T19:05:07.325+0000] {processor.py:914} INFO - Processing file /opt/airflow/dags/read_sqlite_db.py for tasks to queue
[2025-10-17T19:05:07.327+0000] {logging_mixin.py:190} INFO - [2025-10-17T19:05:07.327+0000] {dagbag.py:588} INFO - Filling up the DagBag from /opt/airflow/dags/read_sqlite_db.py
[2025-10-17T19:05:07.339+0000] {processor.py:925} INFO - DAG(s) 'read_sqlite_db' retrieved from /opt/airflow/dags/read_sqlite_db.py
[2025-10-17T19:05:07.363+0000] {logging_mixin.py:190} INFO - [2025-10-17T19:05:07.363+0000] {dag.py:3239} INFO - Sync 1 DAGs
[2025-10-17T19:05:07.378+0000] {logging_mixin.py:190} INFO - [2025-10-17T19:05:07.377+0000] {dag.py:4180} INFO - Setting next_dagrun for read_sqlite_db to None, run_after=None
[2025-10-17T19:05:07.543+0000] {processor.py:208} INFO - Processing /opt/airflow/dags/read_sqlite_db.py took 0.224 seconds
[2025-10-17T19:05:38.687+0000] {processor.py:186} INFO - Started process (PID=187) to work on /opt/airflow/dags/read_sqlite_db.py
[2025-10-17T19:05:38.688+0000] {processor.py:914} INFO - Processing file /opt/airflow/dags/read_sqlite_db.py for tasks to queue
[2025-10-17T19:05:38.690+0000] {logging_mixin.py:190} INFO - [2025-10-17T19:05:38.690+0000] {dagbag.py:588} INFO - Filling up the DagBag from /opt/airflow/dags/read_sqlite_db.py
[2025-10-17T19:05:38.702+0000] {processor.py:925} INFO - DAG(s) 'read_sqlite_db' retrieved from /opt/airflow/dags/read_sqlite_db.py
[2025-10-17T19:05:38.725+0000] {logging_mixin.py:190} INFO - [2025-10-17T19:05:38.725+0000] {dag.py:3239} INFO - Sync 1 DAGs
[2025-10-17T19:05:38.836+0000] {logging_mixin.py:190} INFO - [2025-10-17T19:05:38.836+0000] {dag.py:4180} INFO - Setting next_dagrun for read_sqlite_db to None, run_after=None
[2025-10-17T19:05:38.889+0000] {processor.py:208} INFO - Processing /opt/airflow/dags/read_sqlite_db.py took 0.206 seconds
[2025-10-17T19:06:09.694+0000] {processor.py:186} INFO - Started process (PID=200) to work on /opt/airflow/dags/read_sqlite_db.py
[2025-10-17T19:06:09.696+0000] {processor.py:914} INFO - Processing file /opt/airflow/dags/read_sqlite_db.py for tasks to queue
[2025-10-17T19:06:09.698+0000] {logging_mixin.py:190} INFO - [2025-10-17T19:06:09.697+0000] {dagbag.py:588} INFO - Filling up the DagBag from /opt/airflow/dags/read_sqlite_db.py
[2025-10-17T19:06:09.711+0000] {processor.py:925} INFO - DAG(s) 'read_sqlite_db' retrieved from /opt/airflow/dags/read_sqlite_db.py
[2025-10-17T19:06:09.734+0000] {logging_mixin.py:190} INFO - [2025-10-17T19:06:09.734+0000] {dag.py:3239} INFO - Sync 1 DAGs
[2025-10-17T19:06:09.748+0000] {logging_mixin.py:190} INFO - [2025-10-17T19:06:09.748+0000] {dag.py:4180} INFO - Setting next_dagrun for read_sqlite_db to None, run_after=None
[2025-10-17T19:06:09.812+0000] {processor.py:208} INFO - Processing /opt/airflow/dags/read_sqlite_db.py took 0.123 seconds
[2025-10-17T19:06:40.912+0000] {processor.py:186} INFO - Started process (PID=213) to work on /opt/airflow/dags/read_sqlite_db.py
[2025-10-17T19:06:40.913+0000] {processor.py:914} INFO - Processing file /opt/airflow/dags/read_sqlite_db.py for tasks to queue
[2025-10-17T19:06:40.915+0000] {logging_mixin.py:190} INFO - [2025-10-17T19:06:40.914+0000] {dagbag.py:588} INFO - Filling up the DagBag from /opt/airflow/dags/read_sqlite_db.py
[2025-10-17T19:06:40.927+0000] {processor.py:925} INFO - DAG(s) 'read_sqlite_db' retrieved from /opt/airflow/dags/read_sqlite_db.py
[2025-10-17T19:06:40.950+0000] {logging_mixin.py:190} INFO - [2025-10-17T19:06:40.949+0000] {dag.py:3239} INFO - Sync 1 DAGs
[2025-10-17T19:06:40.963+0000] {logging_mixin.py:190} INFO - [2025-10-17T19:06:40.963+0000] {dag.py:4180} INFO - Setting next_dagrun for read_sqlite_db to None, run_after=None
[2025-10-17T19:06:41.017+0000] {processor.py:208} INFO - Processing /opt/airflow/dags/read_sqlite_db.py took 0.110 seconds
[2025-10-17T19:07:12.162+0000] {processor.py:186} INFO - Started process (PID=226) to work on /opt/airflow/dags/read_sqlite_db.py
[2025-10-17T19:07:12.163+0000] {processor.py:914} INFO - Processing file /opt/airflow/dags/read_sqlite_db.py for tasks to queue
[2025-10-17T19:07:12.165+0000] {logging_mixin.py:190} INFO - [2025-10-17T19:07:12.165+0000] {dagbag.py:588} INFO - Filling up the DagBag from /opt/airflow/dags/read_sqlite_db.py
[2025-10-17T19:07:12.181+0000] {processor.py:925} INFO - DAG(s) 'read_sqlite_db' retrieved from /opt/airflow/dags/read_sqlite_db.py
[2025-10-17T19:07:12.210+0000] {logging_mixin.py:190} INFO - [2025-10-17T19:07:12.210+0000] {dag.py:3239} INFO - Sync 1 DAGs
[2025-10-17T19:07:12.224+0000] {logging_mixin.py:190} INFO - [2025-10-17T19:07:12.224+0000] {dag.py:4180} INFO - Setting next_dagrun for read_sqlite_db to None, run_after=None
[2025-10-17T19:07:12.268+0000] {processor.py:208} INFO - Processing /opt/airflow/dags/read_sqlite_db.py took 0.111 seconds
[2025-10-17T19:07:43.206+0000] {processor.py:186} INFO - Started process (PID=239) to work on /opt/airflow/dags/read_sqlite_db.py
[2025-10-17T19:07:43.206+0000] {processor.py:914} INFO - Processing file /opt/airflow/dags/read_sqlite_db.py for tasks to queue
[2025-10-17T19:07:43.208+0000] {logging_mixin.py:190} INFO - [2025-10-17T19:07:43.208+0000] {dagbag.py:588} INFO - Filling up the DagBag from /opt/airflow/dags/read_sqlite_db.py
[2025-10-17T19:07:43.220+0000] {processor.py:925} INFO - DAG(s) 'read_sqlite_db' retrieved from /opt/airflow/dags/read_sqlite_db.py
[2025-10-17T19:07:43.244+0000] {logging_mixin.py:190} INFO - [2025-10-17T19:07:43.243+0000] {dag.py:3239} INFO - Sync 1 DAGs
[2025-10-17T19:07:43.259+0000] {logging_mixin.py:190} INFO - [2025-10-17T19:07:43.259+0000] {dag.py:4180} INFO - Setting next_dagrun for read_sqlite_db to None, run_after=None
[2025-10-17T19:07:43.297+0000] {processor.py:208} INFO - Processing /opt/airflow/dags/read_sqlite_db.py took 0.095 seconds
[2025-10-17T19:08:14.445+0000] {processor.py:186} INFO - Started process (PID=252) to work on /opt/airflow/dags/read_sqlite_db.py
[2025-10-17T19:08:14.446+0000] {processor.py:914} INFO - Processing file /opt/airflow/dags/read_sqlite_db.py for tasks to queue
[2025-10-17T19:08:14.448+0000] {logging_mixin.py:190} INFO - [2025-10-17T19:08:14.447+0000] {dagbag.py:588} INFO - Filling up the DagBag from /opt/airflow/dags/read_sqlite_db.py
[2025-10-17T19:08:14.460+0000] {processor.py:925} INFO - DAG(s) 'read_sqlite_db' retrieved from /opt/airflow/dags/read_sqlite_db.py
[2025-10-17T19:08:14.483+0000] {logging_mixin.py:190} INFO - [2025-10-17T19:08:14.483+0000] {dag.py:3239} INFO - Sync 1 DAGs
[2025-10-17T19:08:14.496+0000] {logging_mixin.py:190} INFO - [2025-10-17T19:08:14.496+0000] {dag.py:4180} INFO - Setting next_dagrun for read_sqlite_db to None, run_after=None
[2025-10-17T19:08:14.641+0000] {processor.py:208} INFO - Processing /opt/airflow/dags/read_sqlite_db.py took 0.201 seconds
[2025-10-17T19:08:45.772+0000] {processor.py:186} INFO - Started process (PID=265) to work on /opt/airflow/dags/read_sqlite_db.py
[2025-10-17T19:08:45.772+0000] {processor.py:914} INFO - Processing file /opt/airflow/dags/read_sqlite_db.py for tasks to queue
[2025-10-17T19:08:45.774+0000] {logging_mixin.py:190} INFO - [2025-10-17T19:08:45.774+0000] {dagbag.py:588} INFO - Filling up the DagBag from /opt/airflow/dags/read_sqlite_db.py
[2025-10-17T19:08:45.786+0000] {processor.py:925} INFO - DAG(s) 'read_sqlite_db' retrieved from /opt/airflow/dags/read_sqlite_db.py
[2025-10-17T19:08:45.810+0000] {logging_mixin.py:190} INFO - [2025-10-17T19:08:45.810+0000] {dag.py:3239} INFO - Sync 1 DAGs
[2025-10-17T19:08:45.920+0000] {logging_mixin.py:190} INFO - [2025-10-17T19:08:45.920+0000] {dag.py:4180} INFO - Setting next_dagrun for read_sqlite_db to None, run_after=None
[2025-10-17T19:08:45.967+0000] {processor.py:208} INFO - Processing /opt/airflow/dags/read_sqlite_db.py took 0.200 seconds
[2025-10-17T19:09:16.832+0000] {processor.py:186} INFO - Started process (PID=278) to work on /opt/airflow/dags/read_sqlite_db.py
[2025-10-17T19:09:16.833+0000] {processor.py:914} INFO - Processing file /opt/airflow/dags/read_sqlite_db.py for tasks to queue
[2025-10-17T19:09:16.835+0000] {logging_mixin.py:190} INFO - [2025-10-17T19:09:16.834+0000] {dagbag.py:588} INFO - Filling up the DagBag from /opt/airflow/dags/read_sqlite_db.py
[2025-10-17T19:09:16.847+0000] {processor.py:925} INFO - DAG(s) 'read_sqlite_db' retrieved from /opt/airflow/dags/read_sqlite_db.py
[2025-10-17T19:09:16.870+0000] {logging_mixin.py:190} INFO - [2025-10-17T19:09:16.870+0000] {dag.py:3239} INFO - Sync 1 DAGs
[2025-10-17T19:09:16.885+0000] {logging_mixin.py:190} INFO - [2025-10-17T19:09:16.884+0000] {dag.py:4180} INFO - Setting next_dagrun for read_sqlite_db to None, run_after=None
[2025-10-17T19:09:16.919+0000] {processor.py:208} INFO - Processing /opt/airflow/dags/read_sqlite_db.py took 0.091 seconds
[2025-10-17T19:09:47.881+0000] {processor.py:186} INFO - Started process (PID=291) to work on /opt/airflow/dags/read_sqlite_db.py
[2025-10-17T19:09:47.881+0000] {processor.py:914} INFO - Processing file /opt/airflow/dags/read_sqlite_db.py for tasks to queue
[2025-10-17T19:09:47.883+0000] {logging_mixin.py:190} INFO - [2025-10-17T19:09:47.883+0000] {dagbag.py:588} INFO - Filling up the DagBag from /opt/airflow/dags/read_sqlite_db.py
[2025-10-17T19:09:47.895+0000] {processor.py:925} INFO - DAG(s) 'read_sqlite_db' retrieved from /opt/airflow/dags/read_sqlite_db.py
[2025-10-17T19:09:47.919+0000] {logging_mixin.py:190} INFO - [2025-10-17T19:09:47.919+0000] {dag.py:3239} INFO - Sync 1 DAGs
[2025-10-17T19:09:47.935+0000] {logging_mixin.py:190} INFO - [2025-10-17T19:09:47.935+0000] {dag.py:4180} INFO - Setting next_dagrun for read_sqlite_db to None, run_after=None
[2025-10-17T19:09:48.004+0000] {processor.py:208} INFO - Processing /opt/airflow/dags/read_sqlite_db.py took 0.128 seconds
[2025-10-17T19:10:19.167+0000] {processor.py:186} INFO - Started process (PID=304) to work on /opt/airflow/dags/read_sqlite_db.py
[2025-10-17T19:10:19.168+0000] {processor.py:914} INFO - Processing file /opt/airflow/dags/read_sqlite_db.py for tasks to queue
[2025-10-17T19:10:19.170+0000] {logging_mixin.py:190} INFO - [2025-10-17T19:10:19.170+0000] {dagbag.py:588} INFO - Filling up the DagBag from /opt/airflow/dags/read_sqlite_db.py
[2025-10-17T19:10:19.182+0000] {processor.py:925} INFO - DAG(s) 'read_sqlite_db' retrieved from /opt/airflow/dags/read_sqlite_db.py
[2025-10-17T19:10:19.205+0000] {logging_mixin.py:190} INFO - [2025-10-17T19:10:19.205+0000] {dag.py:3239} INFO - Sync 1 DAGs
[2025-10-17T19:10:19.220+0000] {logging_mixin.py:190} INFO - [2025-10-17T19:10:19.220+0000] {dag.py:4180} INFO - Setting next_dagrun for read_sqlite_db to None, run_after=None
[2025-10-17T19:10:19.261+0000] {processor.py:208} INFO - Processing /opt/airflow/dags/read_sqlite_db.py took 0.099 seconds
[2025-10-17T19:10:50.554+0000] {processor.py:186} INFO - Started process (PID=317) to work on /opt/airflow/dags/read_sqlite_db.py
[2025-10-17T19:10:50.555+0000] {processor.py:914} INFO - Processing file /opt/airflow/dags/read_sqlite_db.py for tasks to queue
[2025-10-17T19:10:50.557+0000] {logging_mixin.py:190} INFO - [2025-10-17T19:10:50.556+0000] {dagbag.py:588} INFO - Filling up the DagBag from /opt/airflow/dags/read_sqlite_db.py
[2025-10-17T19:10:50.569+0000] {processor.py:925} INFO - DAG(s) 'read_sqlite_db' retrieved from /opt/airflow/dags/read_sqlite_db.py
[2025-10-17T19:10:50.591+0000] {logging_mixin.py:190} INFO - [2025-10-17T19:10:50.591+0000] {dag.py:3239} INFO - Sync 1 DAGs
[2025-10-17T19:10:50.607+0000] {logging_mixin.py:190} INFO - [2025-10-17T19:10:50.607+0000] {dag.py:4180} INFO - Setting next_dagrun for read_sqlite_db to None, run_after=None
[2025-10-17T19:10:50.663+0000] {processor.py:208} INFO - Processing /opt/airflow/dags/read_sqlite_db.py took 0.113 seconds
[2025-10-17T19:11:21.513+0000] {processor.py:186} INFO - Started process (PID=330) to work on /opt/airflow/dags/read_sqlite_db.py
[2025-10-17T19:11:21.514+0000] {processor.py:914} INFO - Processing file /opt/airflow/dags/read_sqlite_db.py for tasks to queue
[2025-10-17T19:11:21.516+0000] {logging_mixin.py:190} INFO - [2025-10-17T19:11:21.515+0000] {dagbag.py:588} INFO - Filling up the DagBag from /opt/airflow/dags/read_sqlite_db.py
[2025-10-17T19:11:21.528+0000] {processor.py:925} INFO - DAG(s) 'read_sqlite_db' retrieved from /opt/airflow/dags/read_sqlite_db.py
[2025-10-17T19:11:21.552+0000] {logging_mixin.py:190} INFO - [2025-10-17T19:11:21.552+0000] {dag.py:3239} INFO - Sync 1 DAGs
[2025-10-17T19:11:21.569+0000] {logging_mixin.py:190} INFO - [2025-10-17T19:11:21.568+0000] {dag.py:4180} INFO - Setting next_dagrun for read_sqlite_db to None, run_after=None
[2025-10-17T19:11:21.709+0000] {processor.py:208} INFO - Processing /opt/airflow/dags/read_sqlite_db.py took 0.200 seconds
[2025-10-17T19:11:52.690+0000] {processor.py:186} INFO - Started process (PID=343) to work on /opt/airflow/dags/read_sqlite_db.py
[2025-10-17T19:11:52.691+0000] {processor.py:914} INFO - Processing file /opt/airflow/dags/read_sqlite_db.py for tasks to queue
[2025-10-17T19:11:52.693+0000] {logging_mixin.py:190} INFO - [2025-10-17T19:11:52.693+0000] {dagbag.py:588} INFO - Filling up the DagBag from /opt/airflow/dags/read_sqlite_db.py
[2025-10-17T19:11:52.706+0000] {processor.py:925} INFO - DAG(s) 'read_sqlite_db' retrieved from /opt/airflow/dags/read_sqlite_db.py
[2025-10-17T19:11:52.729+0000] {logging_mixin.py:190} INFO - [2025-10-17T19:11:52.729+0000] {dag.py:3239} INFO - Sync 1 DAGs
[2025-10-17T19:11:52.858+0000] {logging_mixin.py:190} INFO - [2025-10-17T19:11:52.858+0000] {dag.py:4180} INFO - Setting next_dagrun for read_sqlite_db to None, run_after=None
[2025-10-17T19:11:52.921+0000] {processor.py:208} INFO - Processing /opt/airflow/dags/read_sqlite_db.py took 0.234 seconds
[2025-10-17T19:12:23.781+0000] {processor.py:186} INFO - Started process (PID=356) to work on /opt/airflow/dags/read_sqlite_db.py
[2025-10-17T19:12:23.782+0000] {processor.py:914} INFO - Processing file /opt/airflow/dags/read_sqlite_db.py for tasks to queue
[2025-10-17T19:12:23.784+0000] {logging_mixin.py:190} INFO - [2025-10-17T19:12:23.784+0000] {dagbag.py:588} INFO - Filling up the DagBag from /opt/airflow/dags/read_sqlite_db.py
[2025-10-17T19:12:23.797+0000] {processor.py:925} INFO - DAG(s) 'read_sqlite_db' retrieved from /opt/airflow/dags/read_sqlite_db.py
[2025-10-17T19:12:23.925+0000] {logging_mixin.py:190} INFO - [2025-10-17T19:12:23.925+0000] {dag.py:3239} INFO - Sync 1 DAGs
[2025-10-17T19:12:23.938+0000] {logging_mixin.py:190} INFO - [2025-10-17T19:12:23.938+0000] {dag.py:4180} INFO - Setting next_dagrun for read_sqlite_db to None, run_after=None
[2025-10-17T19:12:23.984+0000] {processor.py:208} INFO - Processing /opt/airflow/dags/read_sqlite_db.py took 0.207 seconds
[2025-10-17T19:12:54.916+0000] {processor.py:186} INFO - Started process (PID=369) to work on /opt/airflow/dags/read_sqlite_db.py
[2025-10-17T19:12:54.917+0000] {processor.py:914} INFO - Processing file /opt/airflow/dags/read_sqlite_db.py for tasks to queue
[2025-10-17T19:12:54.919+0000] {logging_mixin.py:190} INFO - [2025-10-17T19:12:54.919+0000] {dagbag.py:588} INFO - Filling up the DagBag from /opt/airflow/dags/read_sqlite_db.py
[2025-10-17T19:12:54.936+0000] {processor.py:925} INFO - DAG(s) 'read_sqlite_db' retrieved from /opt/airflow/dags/read_sqlite_db.py
[2025-10-17T19:12:54.959+0000] {logging_mixin.py:190} INFO - [2025-10-17T19:12:54.959+0000] {dag.py:3239} INFO - Sync 1 DAGs
[2025-10-17T19:12:54.973+0000] {logging_mixin.py:190} INFO - [2025-10-17T19:12:54.973+0000] {dag.py:4180} INFO - Setting next_dagrun for read_sqlite_db to None, run_after=None
[2025-10-17T19:12:55.015+0000] {processor.py:208} INFO - Processing /opt/airflow/dags/read_sqlite_db.py took 0.104 seconds
[2025-10-17T19:13:25.631+0000] {processor.py:186} INFO - Started process (PID=382) to work on /opt/airflow/dags/read_sqlite_db.py
[2025-10-17T19:13:25.632+0000] {processor.py:914} INFO - Processing file /opt/airflow/dags/read_sqlite_db.py for tasks to queue
[2025-10-17T19:13:25.634+0000] {logging_mixin.py:190} INFO - [2025-10-17T19:13:25.634+0000] {dagbag.py:588} INFO - Filling up the DagBag from /opt/airflow/dags/read_sqlite_db.py
[2025-10-17T19:13:25.645+0000] {processor.py:925} INFO - DAG(s) 'read_sqlite_db' retrieved from /opt/airflow/dags/read_sqlite_db.py
[2025-10-17T19:13:25.671+0000] {logging_mixin.py:190} INFO - [2025-10-17T19:13:25.671+0000] {dag.py:3239} INFO - Sync 1 DAGs
[2025-10-17T19:13:25.687+0000] {logging_mixin.py:190} INFO - [2025-10-17T19:13:25.687+0000] {dag.py:4180} INFO - Setting next_dagrun for read_sqlite_db to None, run_after=None
[2025-10-17T19:13:25.742+0000] {processor.py:208} INFO - Processing /opt/airflow/dags/read_sqlite_db.py took 0.115 seconds
[2025-10-17T19:13:56.299+0000] {processor.py:186} INFO - Started process (PID=395) to work on /opt/airflow/dags/read_sqlite_db.py
[2025-10-17T19:13:56.300+0000] {processor.py:914} INFO - Processing file /opt/airflow/dags/read_sqlite_db.py for tasks to queue
[2025-10-17T19:13:56.302+0000] {logging_mixin.py:190} INFO - [2025-10-17T19:13:56.302+0000] {dagbag.py:588} INFO - Filling up the DagBag from /opt/airflow/dags/read_sqlite_db.py
[2025-10-17T19:13:56.314+0000] {processor.py:925} INFO - DAG(s) 'read_sqlite_db' retrieved from /opt/airflow/dags/read_sqlite_db.py
[2025-10-17T19:13:56.337+0000] {logging_mixin.py:190} INFO - [2025-10-17T19:13:56.336+0000] {dag.py:3239} INFO - Sync 1 DAGs
[2025-10-17T19:13:56.351+0000] {logging_mixin.py:190} INFO - [2025-10-17T19:13:56.350+0000] {dag.py:4180} INFO - Setting next_dagrun for read_sqlite_db to None, run_after=None
[2025-10-17T19:13:56.385+0000] {processor.py:208} INFO - Processing /opt/airflow/dags/read_sqlite_db.py took 0.091 seconds
[2025-10-17T19:14:27.387+0000] {processor.py:186} INFO - Started process (PID=408) to work on /opt/airflow/dags/read_sqlite_db.py
[2025-10-17T19:14:27.388+0000] {processor.py:914} INFO - Processing file /opt/airflow/dags/read_sqlite_db.py for tasks to queue
[2025-10-17T19:14:27.390+0000] {logging_mixin.py:190} INFO - [2025-10-17T19:14:27.389+0000] {dagbag.py:588} INFO - Filling up the DagBag from /opt/airflow/dags/read_sqlite_db.py
[2025-10-17T19:14:27.402+0000] {processor.py:925} INFO - DAG(s) 'read_sqlite_db' retrieved from /opt/airflow/dags/read_sqlite_db.py
[2025-10-17T19:14:27.426+0000] {logging_mixin.py:190} INFO - [2025-10-17T19:14:27.426+0000] {dag.py:3239} INFO - Sync 1 DAGs
[2025-10-17T19:14:27.442+0000] {logging_mixin.py:190} INFO - [2025-10-17T19:14:27.442+0000] {dag.py:4180} INFO - Setting next_dagrun for read_sqlite_db to None, run_after=None
[2025-10-17T19:14:27.499+0000] {processor.py:208} INFO - Processing /opt/airflow/dags/read_sqlite_db.py took 0.117 seconds
[2025-10-17T19:14:58.814+0000] {processor.py:186} INFO - Started process (PID=421) to work on /opt/airflow/dags/read_sqlite_db.py
[2025-10-17T19:14:58.815+0000] {processor.py:914} INFO - Processing file /opt/airflow/dags/read_sqlite_db.py for tasks to queue
[2025-10-17T19:14:58.817+0000] {logging_mixin.py:190} INFO - [2025-10-17T19:14:58.817+0000] {dagbag.py:588} INFO - Filling up the DagBag from /opt/airflow/dags/read_sqlite_db.py
[2025-10-17T19:14:58.830+0000] {processor.py:925} INFO - DAG(s) 'read_sqlite_db' retrieved from /opt/airflow/dags/read_sqlite_db.py
[2025-10-17T19:14:58.852+0000] {logging_mixin.py:190} INFO - [2025-10-17T19:14:58.852+0000] {dag.py:3239} INFO - Sync 1 DAGs
[2025-10-17T19:14:58.866+0000] {logging_mixin.py:190} INFO - [2025-10-17T19:14:58.866+0000] {dag.py:4180} INFO - Setting next_dagrun for read_sqlite_db to None, run_after=None
[2025-10-17T19:14:58.915+0000] {processor.py:208} INFO - Processing /opt/airflow/dags/read_sqlite_db.py took 0.105 seconds
[2025-10-17T19:15:30.155+0000] {processor.py:186} INFO - Started process (PID=434) to work on /opt/airflow/dags/read_sqlite_db.py
[2025-10-17T19:15:30.156+0000] {processor.py:914} INFO - Processing file /opt/airflow/dags/read_sqlite_db.py for tasks to queue
[2025-10-17T19:15:30.158+0000] {logging_mixin.py:190} INFO - [2025-10-17T19:15:30.158+0000] {dagbag.py:588} INFO - Filling up the DagBag from /opt/airflow/dags/read_sqlite_db.py
[2025-10-17T19:15:30.171+0000] {processor.py:925} INFO - DAG(s) 'read_sqlite_db' retrieved from /opt/airflow/dags/read_sqlite_db.py
[2025-10-17T19:15:30.195+0000] {logging_mixin.py:190} INFO - [2025-10-17T19:15:30.195+0000] {dag.py:3239} INFO - Sync 1 DAGs
[2025-10-17T19:15:30.209+0000] {logging_mixin.py:190} INFO - [2025-10-17T19:15:30.209+0000] {dag.py:4180} INFO - Setting next_dagrun for read_sqlite_db to None, run_after=None
[2025-10-17T19:15:30.278+0000] {processor.py:208} INFO - Processing /opt/airflow/dags/read_sqlite_db.py took 0.127 seconds
[2025-10-17T19:16:01.522+0000] {processor.py:186} INFO - Started process (PID=447) to work on /opt/airflow/dags/read_sqlite_db.py
[2025-10-17T19:16:01.523+0000] {processor.py:914} INFO - Processing file /opt/airflow/dags/read_sqlite_db.py for tasks to queue
[2025-10-17T19:16:01.525+0000] {logging_mixin.py:190} INFO - [2025-10-17T19:16:01.525+0000] {dagbag.py:588} INFO - Filling up the DagBag from /opt/airflow/dags/read_sqlite_db.py
[2025-10-17T19:16:01.539+0000] {processor.py:925} INFO - DAG(s) 'read_sqlite_db' retrieved from /opt/airflow/dags/read_sqlite_db.py
[2025-10-17T19:16:01.565+0000] {logging_mixin.py:190} INFO - [2025-10-17T19:16:01.565+0000] {dag.py:3239} INFO - Sync 1 DAGs
[2025-10-17T19:16:01.581+0000] {logging_mixin.py:190} INFO - [2025-10-17T19:16:01.581+0000] {dag.py:4180} INFO - Setting next_dagrun for read_sqlite_db to None, run_after=None
[2025-10-17T19:16:01.630+0000] {processor.py:208} INFO - Processing /opt/airflow/dags/read_sqlite_db.py took 0.112 seconds
[2025-10-17T19:16:33.901+0000] {processor.py:186} INFO - Started process (PID=469) to work on /opt/airflow/dags/read_sqlite_db.py
[2025-10-17T19:16:33.902+0000] {processor.py:914} INFO - Processing file /opt/airflow/dags/read_sqlite_db.py for tasks to queue
[2025-10-17T19:16:33.904+0000] {logging_mixin.py:190} INFO - [2025-10-17T19:16:33.903+0000] {dagbag.py:588} INFO - Filling up the DagBag from /opt/airflow/dags/read_sqlite_db.py
[2025-10-17T19:16:33.917+0000] {processor.py:925} INFO - DAG(s) 'read_sqlite_db' retrieved from /opt/airflow/dags/read_sqlite_db.py
[2025-10-17T19:16:33.940+0000] {logging_mixin.py:190} INFO - [2025-10-17T19:16:33.940+0000] {dag.py:3239} INFO - Sync 1 DAGs
[2025-10-17T19:16:33.952+0000] {logging_mixin.py:190} INFO - [2025-10-17T19:16:33.951+0000] {dag.py:4180} INFO - Setting next_dagrun for read_sqlite_db to None, run_after=None
[2025-10-17T19:16:33.997+0000] {processor.py:208} INFO - Processing /opt/airflow/dags/read_sqlite_db.py took 0.101 seconds
[2025-10-17T19:17:05.642+0000] {processor.py:186} INFO - Started process (PID=554) to work on /opt/airflow/dags/read_sqlite_db.py
[2025-10-17T19:17:05.643+0000] {processor.py:914} INFO - Processing file /opt/airflow/dags/read_sqlite_db.py for tasks to queue
[2025-10-17T19:17:05.646+0000] {logging_mixin.py:190} INFO - [2025-10-17T19:17:05.646+0000] {dagbag.py:588} INFO - Filling up the DagBag from /opt/airflow/dags/read_sqlite_db.py
[2025-10-17T19:17:05.662+0000] {processor.py:925} INFO - DAG(s) 'read_sqlite_db' retrieved from /opt/airflow/dags/read_sqlite_db.py
[2025-10-17T19:17:05.689+0000] {logging_mixin.py:190} INFO - [2025-10-17T19:17:05.689+0000] {dag.py:3239} INFO - Sync 1 DAGs
[2025-10-17T19:17:05.704+0000] {logging_mixin.py:190} INFO - [2025-10-17T19:17:05.703+0000] {dag.py:4180} INFO - Setting next_dagrun for read_sqlite_db to None, run_after=None
[2025-10-17T19:17:05.741+0000] {processor.py:208} INFO - Processing /opt/airflow/dags/read_sqlite_db.py took 0.105 seconds
[2025-10-17T19:17:39.997+0000] {processor.py:186} INFO - Started process (PID=612) to work on /opt/airflow/dags/read_sqlite_db.py
[2025-10-17T19:17:39.997+0000] {processor.py:914} INFO - Processing file /opt/airflow/dags/read_sqlite_db.py for tasks to queue
[2025-10-17T19:17:40.000+0000] {logging_mixin.py:190} INFO - [2025-10-17T19:17:39.999+0000] {dagbag.py:588} INFO - Filling up the DagBag from /opt/airflow/dags/read_sqlite_db.py
[2025-10-17T19:17:40.013+0000] {processor.py:925} INFO - DAG(s) 'read_sqlite_db' retrieved from /opt/airflow/dags/read_sqlite_db.py
[2025-10-17T19:17:40.040+0000] {logging_mixin.py:190} INFO - [2025-10-17T19:17:40.040+0000] {dag.py:3239} INFO - Sync 1 DAGs
[2025-10-17T19:17:40.056+0000] {logging_mixin.py:190} INFO - [2025-10-17T19:17:40.056+0000] {dag.py:4180} INFO - Setting next_dagrun for read_sqlite_db to None, run_after=None
[2025-10-17T19:17:40.105+0000] {processor.py:208} INFO - Processing /opt/airflow/dags/read_sqlite_db.py took 0.113 seconds
[2025-10-17T19:19:29.943+0000] {processor.py:186} INFO - Started process (PID=659) to work on /opt/airflow/dags/read_sqlite_db.py
[2025-10-17T19:19:29.944+0000] {processor.py:914} INFO - Processing file /opt/airflow/dags/read_sqlite_db.py for tasks to queue
[2025-10-17T19:19:29.945+0000] {logging_mixin.py:190} INFO - [2025-10-17T19:19:29.945+0000] {dagbag.py:588} INFO - Filling up the DagBag from /opt/airflow/dags/read_sqlite_db.py
[2025-10-17T19:19:29.953+0000] {processor.py:925} INFO - DAG(s) 'read_sqlite_db' retrieved from /opt/airflow/dags/read_sqlite_db.py
[2025-10-17T19:19:29.976+0000] {logging_mixin.py:190} INFO - [2025-10-17T19:19:29.976+0000] {dag.py:3239} INFO - Sync 1 DAGs
[2025-10-17T19:19:29.990+0000] {logging_mixin.py:190} INFO - [2025-10-17T19:19:29.990+0000] {dag.py:4180} INFO - Setting next_dagrun for read_sqlite_db to None, run_after=None
[2025-10-17T19:19:30.051+0000] {processor.py:208} INFO - Processing /opt/airflow/dags/read_sqlite_db.py took 0.112 seconds
[2025-10-17T19:20:01.441+0000] {processor.py:186} INFO - Started process (PID=672) to work on /opt/airflow/dags/read_sqlite_db.py
[2025-10-17T19:20:01.442+0000] {processor.py:914} INFO - Processing file /opt/airflow/dags/read_sqlite_db.py for tasks to queue
[2025-10-17T19:20:01.443+0000] {logging_mixin.py:190} INFO - [2025-10-17T19:20:01.443+0000] {dagbag.py:588} INFO - Filling up the DagBag from /opt/airflow/dags/read_sqlite_db.py
[2025-10-17T19:20:01.454+0000] {processor.py:925} INFO - DAG(s) 'read_sqlite_db' retrieved from /opt/airflow/dags/read_sqlite_db.py
[2025-10-17T19:20:01.482+0000] {logging_mixin.py:190} INFO - [2025-10-17T19:20:01.482+0000] {dag.py:3239} INFO - Sync 1 DAGs
[2025-10-17T19:20:01.494+0000] {logging_mixin.py:190} INFO - [2025-10-17T19:20:01.494+0000] {dag.py:4180} INFO - Setting next_dagrun for read_sqlite_db to None, run_after=None
[2025-10-17T19:20:01.532+0000] {processor.py:208} INFO - Processing /opt/airflow/dags/read_sqlite_db.py took 0.097 seconds
[2025-10-17T19:20:32.309+0000] {processor.py:186} INFO - Started process (PID=685) to work on /opt/airflow/dags/read_sqlite_db.py
[2025-10-17T19:20:32.310+0000] {processor.py:914} INFO - Processing file /opt/airflow/dags/read_sqlite_db.py for tasks to queue
[2025-10-17T19:20:32.311+0000] {logging_mixin.py:190} INFO - [2025-10-17T19:20:32.310+0000] {dagbag.py:588} INFO - Filling up the DagBag from /opt/airflow/dags/read_sqlite_db.py
[2025-10-17T19:20:32.319+0000] {processor.py:925} INFO - DAG(s) 'read_sqlite_db' retrieved from /opt/airflow/dags/read_sqlite_db.py
[2025-10-17T19:20:32.348+0000] {logging_mixin.py:190} INFO - [2025-10-17T19:20:32.348+0000] {dag.py:3239} INFO - Sync 1 DAGs
[2025-10-17T19:20:32.362+0000] {logging_mixin.py:190} INFO - [2025-10-17T19:20:32.361+0000] {dag.py:4180} INFO - Setting next_dagrun for read_sqlite_db to None, run_after=None
[2025-10-17T19:20:32.404+0000] {processor.py:208} INFO - Processing /opt/airflow/dags/read_sqlite_db.py took 0.100 seconds
[2025-10-17T19:22:53.203+0000] {processor.py:186} INFO - Started process (PID=778) to work on /opt/airflow/dags/read_sqlite_db.py
[2025-10-17T19:22:53.204+0000] {processor.py:914} INFO - Processing file /opt/airflow/dags/read_sqlite_db.py for tasks to queue
[2025-10-17T19:22:53.205+0000] {logging_mixin.py:190} INFO - [2025-10-17T19:22:53.204+0000] {dagbag.py:588} INFO - Filling up the DagBag from /opt/airflow/dags/read_sqlite_db.py
[2025-10-17T19:22:53.213+0000] {processor.py:925} INFO - DAG(s) 'read_sqlite_db' retrieved from /opt/airflow/dags/read_sqlite_db.py
[2025-10-17T19:22:53.237+0000] {logging_mixin.py:190} INFO - [2025-10-17T19:22:53.237+0000] {dag.py:3239} INFO - Sync 1 DAGs
[2025-10-17T19:22:53.252+0000] {logging_mixin.py:190} INFO - [2025-10-17T19:22:53.252+0000] {dag.py:4180} INFO - Setting next_dagrun for read_sqlite_db to None, run_after=None
[2025-10-17T19:22:53.304+0000] {processor.py:208} INFO - Processing /opt/airflow/dags/read_sqlite_db.py took 0.106 seconds
[2025-10-17T19:23:25.067+0000] {processor.py:186} INFO - Started process (PID=791) to work on /opt/airflow/dags/read_sqlite_db.py
[2025-10-17T19:23:25.068+0000] {processor.py:914} INFO - Processing file /opt/airflow/dags/read_sqlite_db.py for tasks to queue
[2025-10-17T19:23:25.069+0000] {logging_mixin.py:190} INFO - [2025-10-17T19:23:25.068+0000] {dagbag.py:588} INFO - Filling up the DagBag from /opt/airflow/dags/read_sqlite_db.py
[2025-10-17T19:23:25.078+0000] {processor.py:925} INFO - DAG(s) 'read_sqlite_db' retrieved from /opt/airflow/dags/read_sqlite_db.py
[2025-10-17T19:23:25.103+0000] {logging_mixin.py:190} INFO - [2025-10-17T19:23:25.103+0000] {dag.py:3239} INFO - Sync 1 DAGs
[2025-10-17T19:23:25.116+0000] {logging_mixin.py:190} INFO - [2025-10-17T19:23:25.116+0000] {dag.py:4180} INFO - Setting next_dagrun for read_sqlite_db to None, run_after=None
[2025-10-17T19:23:25.164+0000] {processor.py:208} INFO - Processing /opt/airflow/dags/read_sqlite_db.py took 0.101 seconds
[2025-10-17T19:23:56.312+0000] {processor.py:186} INFO - Started process (PID=804) to work on /opt/airflow/dags/read_sqlite_db.py
[2025-10-17T19:23:56.313+0000] {processor.py:914} INFO - Processing file /opt/airflow/dags/read_sqlite_db.py for tasks to queue
[2025-10-17T19:23:56.314+0000] {logging_mixin.py:190} INFO - [2025-10-17T19:23:56.314+0000] {dagbag.py:588} INFO - Filling up the DagBag from /opt/airflow/dags/read_sqlite_db.py
[2025-10-17T19:23:56.322+0000] {processor.py:925} INFO - DAG(s) 'read_sqlite_db' retrieved from /opt/airflow/dags/read_sqlite_db.py
[2025-10-17T19:23:56.346+0000] {logging_mixin.py:190} INFO - [2025-10-17T19:23:56.346+0000] {dag.py:3239} INFO - Sync 1 DAGs
[2025-10-17T19:23:56.363+0000] {logging_mixin.py:190} INFO - [2025-10-17T19:23:56.363+0000] {dag.py:4180} INFO - Setting next_dagrun for read_sqlite_db to None, run_after=None
[2025-10-17T19:23:56.431+0000] {processor.py:208} INFO - Processing /opt/airflow/dags/read_sqlite_db.py took 0.123 seconds
[2025-10-17T19:24:28.763+0000] {processor.py:186} INFO - Started process (PID=817) to work on /opt/airflow/dags/read_sqlite_db.py
[2025-10-17T19:24:28.764+0000] {processor.py:914} INFO - Processing file /opt/airflow/dags/read_sqlite_db.py for tasks to queue
[2025-10-17T19:24:28.765+0000] {logging_mixin.py:190} INFO - [2025-10-17T19:24:28.765+0000] {dagbag.py:588} INFO - Filling up the DagBag from /opt/airflow/dags/read_sqlite_db.py
[2025-10-17T19:24:28.775+0000] {processor.py:925} INFO - DAG(s) 'read_sqlite_db' retrieved from /opt/airflow/dags/read_sqlite_db.py
[2025-10-17T19:24:28.801+0000] {logging_mixin.py:190} INFO - [2025-10-17T19:24:28.801+0000] {dag.py:3239} INFO - Sync 1 DAGs
[2025-10-17T19:24:28.814+0000] {logging_mixin.py:190} INFO - [2025-10-17T19:24:28.813+0000] {dag.py:4180} INFO - Setting next_dagrun for read_sqlite_db to None, run_after=None
[2025-10-17T19:24:28.851+0000] {processor.py:208} INFO - Processing /opt/airflow/dags/read_sqlite_db.py took 0.093 seconds
