[2025-10-11T14:13:04.168+0000] {processor.py:186} INFO - Started process (PID=27) to work on /opt/airflow/dags/example_dag.py
[2025-10-11T14:13:04.169+0000] {processor.py:914} INFO - Processing file /opt/airflow/dags/example_dag.py for tasks to queue
[2025-10-11T14:13:04.173+0000] {logging_mixin.py:190} INFO - [2025-10-11T14:13:04.173+0000] {dagbag.py:588} INFO - Filling up the DagBag from /opt/airflow/dags/example_dag.py
[2025-10-11T14:13:04.200+0000] {processor.py:925} INFO - DAG(s) 'sqlite_example_dag' retrieved from /opt/airflow/dags/example_dag.py
[2025-10-11T14:13:04.251+0000] {logging_mixin.py:190} INFO - [2025-10-11T14:13:04.250+0000] {dag.py:3239} INFO - Sync 1 DAGs
[2025-10-11T14:13:04.274+0000] {logging_mixin.py:190} INFO - [2025-10-11T14:13:04.274+0000] {dag.py:4180} INFO - Setting next_dagrun for sqlite_example_dag to None, run_after=None
[2025-10-11T14:13:04.385+0000] {processor.py:208} INFO - Processing /opt/airflow/dags/example_dag.py took 0.223 seconds
[2025-10-11T14:13:35.572+0000] {processor.py:186} INFO - Started process (PID=29) to work on /opt/airflow/dags/example_dag.py
[2025-10-11T14:13:35.573+0000] {processor.py:914} INFO - Processing file /opt/airflow/dags/example_dag.py for tasks to queue
[2025-10-11T14:13:35.575+0000] {logging_mixin.py:190} INFO - [2025-10-11T14:13:35.575+0000] {dagbag.py:588} INFO - Filling up the DagBag from /opt/airflow/dags/example_dag.py
[2025-10-11T14:13:35.595+0000] {processor.py:925} INFO - DAG(s) 'sqlite_example_dag' retrieved from /opt/airflow/dags/example_dag.py
[2025-10-11T14:13:35.624+0000] {logging_mixin.py:190} INFO - [2025-10-11T14:13:35.623+0000] {dag.py:3239} INFO - Sync 1 DAGs
[2025-10-11T14:13:35.638+0000] {logging_mixin.py:190} INFO - [2025-10-11T14:13:35.637+0000] {dag.py:4180} INFO - Setting next_dagrun for sqlite_example_dag to None, run_after=None
[2025-10-11T14:13:35.737+0000] {processor.py:208} INFO - Processing /opt/airflow/dags/example_dag.py took 0.170 seconds
[2025-10-11T14:14:05.871+0000] {processor.py:186} INFO - Started process (PID=41) to work on /opt/airflow/dags/example_dag.py
[2025-10-11T14:14:05.872+0000] {processor.py:914} INFO - Processing file /opt/airflow/dags/example_dag.py for tasks to queue
[2025-10-11T14:14:05.875+0000] {logging_mixin.py:190} INFO - [2025-10-11T14:14:05.875+0000] {dagbag.py:588} INFO - Filling up the DagBag from /opt/airflow/dags/example_dag.py
[2025-10-11T14:14:05.919+0000] {processor.py:925} INFO - DAG(s) 'sqlite_example_dag' retrieved from /opt/airflow/dags/example_dag.py
[2025-10-11T14:14:05.987+0000] {logging_mixin.py:190} INFO - [2025-10-11T14:14:05.987+0000] {dag.py:3239} INFO - Sync 1 DAGs
[2025-10-11T14:14:06.005+0000] {logging_mixin.py:190} INFO - [2025-10-11T14:14:06.005+0000] {dag.py:4180} INFO - Setting next_dagrun for sqlite_example_dag to None, run_after=None
[2025-10-11T14:14:06.100+0000] {processor.py:208} INFO - Processing /opt/airflow/dags/example_dag.py took 0.233 seconds
[2025-10-11T14:14:37.436+0000] {processor.py:186} INFO - Started process (PID=43) to work on /opt/airflow/dags/example_dag.py
[2025-10-11T14:14:37.437+0000] {processor.py:914} INFO - Processing file /opt/airflow/dags/example_dag.py for tasks to queue
[2025-10-11T14:14:37.439+0000] {logging_mixin.py:190} INFO - [2025-10-11T14:14:37.439+0000] {dagbag.py:588} INFO - Filling up the DagBag from /opt/airflow/dags/example_dag.py
[2025-10-11T14:14:37.484+0000] {processor.py:925} INFO - DAG(s) 'sqlite_example_dag' retrieved from /opt/airflow/dags/example_dag.py
[2025-10-11T14:14:37.532+0000] {logging_mixin.py:190} INFO - [2025-10-11T14:14:37.532+0000] {dag.py:3239} INFO - Sync 1 DAGs
[2025-10-11T14:14:37.550+0000] {logging_mixin.py:190} INFO - [2025-10-11T14:14:37.550+0000] {dag.py:4180} INFO - Setting next_dagrun for sqlite_example_dag to None, run_after=None
[2025-10-11T14:14:37.649+0000] {processor.py:208} INFO - Processing /opt/airflow/dags/example_dag.py took 0.217 seconds
[2025-10-11T14:15:08.171+0000] {processor.py:186} INFO - Started process (PID=45) to work on /opt/airflow/dags/example_dag.py
[2025-10-11T14:15:08.173+0000] {processor.py:914} INFO - Processing file /opt/airflow/dags/example_dag.py for tasks to queue
[2025-10-11T14:15:08.175+0000] {logging_mixin.py:190} INFO - [2025-10-11T14:15:08.175+0000] {dagbag.py:588} INFO - Filling up the DagBag from /opt/airflow/dags/example_dag.py
[2025-10-11T14:15:08.219+0000] {processor.py:925} INFO - DAG(s) 'sqlite_example_dag' retrieved from /opt/airflow/dags/example_dag.py
[2025-10-11T14:15:08.267+0000] {logging_mixin.py:190} INFO - [2025-10-11T14:15:08.266+0000] {dag.py:3239} INFO - Sync 1 DAGs
[2025-10-11T14:15:08.285+0000] {logging_mixin.py:190} INFO - [2025-10-11T14:15:08.285+0000] {dag.py:4180} INFO - Setting next_dagrun for sqlite_example_dag to None, run_after=None
[2025-10-11T14:15:08.455+0000] {processor.py:208} INFO - Processing /opt/airflow/dags/example_dag.py took 0.288 seconds
[2025-10-11T14:15:39.654+0000] {processor.py:186} INFO - Started process (PID=47) to work on /opt/airflow/dags/example_dag.py
[2025-10-11T14:15:39.655+0000] {processor.py:914} INFO - Processing file /opt/airflow/dags/example_dag.py for tasks to queue
[2025-10-11T14:15:39.658+0000] {logging_mixin.py:190} INFO - [2025-10-11T14:15:39.657+0000] {dagbag.py:588} INFO - Filling up the DagBag from /opt/airflow/dags/example_dag.py
[2025-10-11T14:15:39.681+0000] {processor.py:925} INFO - DAG(s) 'sqlite_example_dag' retrieved from /opt/airflow/dags/example_dag.py
[2025-10-11T14:15:39.720+0000] {logging_mixin.py:190} INFO - [2025-10-11T14:15:39.719+0000] {dag.py:3239} INFO - Sync 1 DAGs
[2025-10-11T14:15:39.738+0000] {logging_mixin.py:190} INFO - [2025-10-11T14:15:39.738+0000] {dag.py:4180} INFO - Setting next_dagrun for sqlite_example_dag to None, run_after=None
[2025-10-11T14:15:39.909+0000] {processor.py:208} INFO - Processing /opt/airflow/dags/example_dag.py took 0.260 seconds
[2025-10-11T14:16:10.212+0000] {processor.py:186} INFO - Started process (PID=49) to work on /opt/airflow/dags/example_dag.py
[2025-10-11T14:16:10.213+0000] {processor.py:914} INFO - Processing file /opt/airflow/dags/example_dag.py for tasks to queue
[2025-10-11T14:16:10.215+0000] {logging_mixin.py:190} INFO - [2025-10-11T14:16:10.215+0000] {dagbag.py:588} INFO - Filling up the DagBag from /opt/airflow/dags/example_dag.py
[2025-10-11T14:16:10.253+0000] {processor.py:925} INFO - DAG(s) 'sqlite_example_dag' retrieved from /opt/airflow/dags/example_dag.py
[2025-10-11T14:16:10.306+0000] {logging_mixin.py:190} INFO - [2025-10-11T14:16:10.305+0000] {dag.py:3239} INFO - Sync 1 DAGs
[2025-10-11T14:16:10.327+0000] {logging_mixin.py:190} INFO - [2025-10-11T14:16:10.327+0000] {dag.py:4180} INFO - Setting next_dagrun for sqlite_example_dag to None, run_after=None
[2025-10-11T14:16:10.498+0000] {processor.py:208} INFO - Processing /opt/airflow/dags/example_dag.py took 0.291 seconds
[2025-10-11T14:19:02.074+0000] {processor.py:186} INFO - Started process (PID=27) to work on /opt/airflow/dags/example_dag.py
[2025-10-11T14:19:02.076+0000] {processor.py:914} INFO - Processing file /opt/airflow/dags/example_dag.py for tasks to queue
[2025-10-11T14:19:02.080+0000] {logging_mixin.py:190} INFO - [2025-10-11T14:19:02.080+0000] {dagbag.py:588} INFO - Filling up the DagBag from /opt/airflow/dags/example_dag.py
[2025-10-11T14:19:02.122+0000] {processor.py:925} INFO - DAG(s) 'sqlite_example_dag' retrieved from /opt/airflow/dags/example_dag.py
[2025-10-11T14:19:02.171+0000] {logging_mixin.py:190} INFO - [2025-10-11T14:19:02.171+0000] {dag.py:3239} INFO - Sync 1 DAGs
[2025-10-11T14:19:02.196+0000] {logging_mixin.py:190} INFO - [2025-10-11T14:19:02.196+0000] {dag.py:4180} INFO - Setting next_dagrun for sqlite_example_dag to None, run_after=None
[2025-10-11T14:19:02.339+0000] {processor.py:208} INFO - Processing /opt/airflow/dags/example_dag.py took 0.270 seconds
[2025-10-11T14:19:32.507+0000] {processor.py:186} INFO - Started process (PID=29) to work on /opt/airflow/dags/example_dag.py
[2025-10-11T14:19:32.508+0000] {processor.py:914} INFO - Processing file /opt/airflow/dags/example_dag.py for tasks to queue
[2025-10-11T14:19:32.510+0000] {logging_mixin.py:190} INFO - [2025-10-11T14:19:32.510+0000] {dagbag.py:588} INFO - Filling up the DagBag from /opt/airflow/dags/example_dag.py
[2025-10-11T14:19:32.557+0000] {processor.py:925} INFO - DAG(s) 'sqlite_example_dag' retrieved from /opt/airflow/dags/example_dag.py
[2025-10-11T14:19:32.603+0000] {logging_mixin.py:190} INFO - [2025-10-11T14:19:32.603+0000] {dag.py:3239} INFO - Sync 1 DAGs
[2025-10-11T14:19:32.623+0000] {logging_mixin.py:190} INFO - [2025-10-11T14:19:32.623+0000] {dag.py:4180} INFO - Setting next_dagrun for sqlite_example_dag to None, run_after=None
[2025-10-11T14:19:32.777+0000] {processor.py:208} INFO - Processing /opt/airflow/dags/example_dag.py took 0.274 seconds
[2025-10-11T14:20:03.900+0000] {processor.py:186} INFO - Started process (PID=31) to work on /opt/airflow/dags/example_dag.py
[2025-10-11T14:20:03.901+0000] {processor.py:914} INFO - Processing file /opt/airflow/dags/example_dag.py for tasks to queue
[2025-10-11T14:20:03.904+0000] {logging_mixin.py:190} INFO - [2025-10-11T14:20:03.904+0000] {dagbag.py:588} INFO - Filling up the DagBag from /opt/airflow/dags/example_dag.py
[2025-10-11T14:20:03.930+0000] {processor.py:925} INFO - DAG(s) 'sqlite_example_dag' retrieved from /opt/airflow/dags/example_dag.py
[2025-10-11T14:20:03.980+0000] {logging_mixin.py:190} INFO - [2025-10-11T14:20:03.980+0000] {dag.py:3239} INFO - Sync 1 DAGs
[2025-10-11T14:20:04.000+0000] {logging_mixin.py:190} INFO - [2025-10-11T14:20:04.000+0000] {dag.py:4180} INFO - Setting next_dagrun for sqlite_example_dag to None, run_after=None
[2025-10-11T14:20:04.084+0000] {processor.py:208} INFO - Processing /opt/airflow/dags/example_dag.py took 0.190 seconds
[2025-10-11T14:20:35.315+0000] {processor.py:186} INFO - Started process (PID=33) to work on /opt/airflow/dags/example_dag.py
[2025-10-11T14:20:35.317+0000] {processor.py:914} INFO - Processing file /opt/airflow/dags/example_dag.py for tasks to queue
[2025-10-11T14:20:35.319+0000] {logging_mixin.py:190} INFO - [2025-10-11T14:20:35.319+0000] {dagbag.py:588} INFO - Filling up the DagBag from /opt/airflow/dags/example_dag.py
[2025-10-11T14:20:35.362+0000] {processor.py:925} INFO - DAG(s) 'sqlite_example_dag' retrieved from /opt/airflow/dags/example_dag.py
[2025-10-11T14:20:35.410+0000] {logging_mixin.py:190} INFO - [2025-10-11T14:20:35.410+0000] {dag.py:3239} INFO - Sync 1 DAGs
[2025-10-11T14:20:35.430+0000] {logging_mixin.py:190} INFO - [2025-10-11T14:20:35.430+0000] {dag.py:4180} INFO - Setting next_dagrun for sqlite_example_dag to None, run_after=None
[2025-10-11T14:20:35.585+0000] {processor.py:208} INFO - Processing /opt/airflow/dags/example_dag.py took 0.276 seconds
[2025-10-11T14:21:06.588+0000] {processor.py:186} INFO - Started process (PID=35) to work on /opt/airflow/dags/example_dag.py
[2025-10-11T14:21:06.589+0000] {processor.py:914} INFO - Processing file /opt/airflow/dags/example_dag.py for tasks to queue
[2025-10-11T14:21:06.591+0000] {logging_mixin.py:190} INFO - [2025-10-11T14:21:06.591+0000] {dagbag.py:588} INFO - Filling up the DagBag from /opt/airflow/dags/example_dag.py
[2025-10-11T14:21:06.623+0000] {processor.py:925} INFO - DAG(s) 'sqlite_example_dag' retrieved from /opt/airflow/dags/example_dag.py
[2025-10-11T14:21:06.665+0000] {logging_mixin.py:190} INFO - [2025-10-11T14:21:06.665+0000] {dag.py:3239} INFO - Sync 1 DAGs
[2025-10-11T14:21:06.684+0000] {logging_mixin.py:190} INFO - [2025-10-11T14:21:06.683+0000] {dag.py:4180} INFO - Setting next_dagrun for sqlite_example_dag to None, run_after=None
[2025-10-11T14:21:06.804+0000] {processor.py:208} INFO - Processing /opt/airflow/dags/example_dag.py took 0.220 seconds
[2025-10-11T14:21:37.073+0000] {processor.py:186} INFO - Started process (PID=37) to work on /opt/airflow/dags/example_dag.py
[2025-10-11T14:21:37.074+0000] {processor.py:914} INFO - Processing file /opt/airflow/dags/example_dag.py for tasks to queue
[2025-10-11T14:21:37.078+0000] {logging_mixin.py:190} INFO - [2025-10-11T14:21:37.077+0000] {dagbag.py:588} INFO - Filling up the DagBag from /opt/airflow/dags/example_dag.py
[2025-10-11T14:21:37.120+0000] {processor.py:925} INFO - DAG(s) 'sqlite_example_dag' retrieved from /opt/airflow/dags/example_dag.py
[2025-10-11T14:21:37.170+0000] {logging_mixin.py:190} INFO - [2025-10-11T14:21:37.169+0000] {dag.py:3239} INFO - Sync 1 DAGs
[2025-10-11T14:21:37.190+0000] {logging_mixin.py:190} INFO - [2025-10-11T14:21:37.190+0000] {dag.py:4180} INFO - Setting next_dagrun for sqlite_example_dag to None, run_after=None
[2025-10-11T14:21:37.331+0000] {processor.py:208} INFO - Processing /opt/airflow/dags/example_dag.py took 0.264 seconds
[2025-10-11T14:22:07.738+0000] {processor.py:186} INFO - Started process (PID=39) to work on /opt/airflow/dags/example_dag.py
[2025-10-11T14:22:07.740+0000] {processor.py:914} INFO - Processing file /opt/airflow/dags/example_dag.py for tasks to queue
[2025-10-11T14:22:07.743+0000] {logging_mixin.py:190} INFO - [2025-10-11T14:22:07.743+0000] {dagbag.py:588} INFO - Filling up the DagBag from /opt/airflow/dags/example_dag.py
[2025-10-11T14:22:07.784+0000] {processor.py:925} INFO - DAG(s) 'sqlite_example_dag' retrieved from /opt/airflow/dags/example_dag.py
[2025-10-11T14:22:07.829+0000] {logging_mixin.py:190} INFO - [2025-10-11T14:22:07.829+0000] {dag.py:3239} INFO - Sync 1 DAGs
[2025-10-11T14:22:07.847+0000] {logging_mixin.py:190} INFO - [2025-10-11T14:22:07.847+0000] {dag.py:4180} INFO - Setting next_dagrun for sqlite_example_dag to None, run_after=None
[2025-10-11T14:22:08.013+0000] {processor.py:208} INFO - Processing /opt/airflow/dags/example_dag.py took 0.281 seconds
[2025-10-11T14:22:38.848+0000] {processor.py:186} INFO - Started process (PID=41) to work on /opt/airflow/dags/example_dag.py
[2025-10-11T14:22:38.849+0000] {processor.py:914} INFO - Processing file /opt/airflow/dags/example_dag.py for tasks to queue
[2025-10-11T14:22:38.851+0000] {logging_mixin.py:190} INFO - [2025-10-11T14:22:38.851+0000] {dagbag.py:588} INFO - Filling up the DagBag from /opt/airflow/dags/example_dag.py
[2025-10-11T14:22:38.881+0000] {processor.py:925} INFO - DAG(s) 'sqlite_example_dag' retrieved from /opt/airflow/dags/example_dag.py
[2025-10-11T14:22:38.925+0000] {logging_mixin.py:190} INFO - [2025-10-11T14:22:38.925+0000] {dag.py:3239} INFO - Sync 1 DAGs
[2025-10-11T14:22:38.944+0000] {logging_mixin.py:190} INFO - [2025-10-11T14:22:38.944+0000] {dag.py:4180} INFO - Setting next_dagrun for sqlite_example_dag to None, run_after=None
[2025-10-11T14:22:39.102+0000] {processor.py:208} INFO - Processing /opt/airflow/dags/example_dag.py took 0.259 seconds
[2025-10-11T14:23:10.193+0000] {processor.py:186} INFO - Started process (PID=43) to work on /opt/airflow/dags/example_dag.py
[2025-10-11T14:23:10.195+0000] {processor.py:914} INFO - Processing file /opt/airflow/dags/example_dag.py for tasks to queue
[2025-10-11T14:23:10.197+0000] {logging_mixin.py:190} INFO - [2025-10-11T14:23:10.197+0000] {dagbag.py:588} INFO - Filling up the DagBag from /opt/airflow/dags/example_dag.py
[2025-10-11T14:23:10.238+0000] {processor.py:925} INFO - DAG(s) 'sqlite_example_dag' retrieved from /opt/airflow/dags/example_dag.py
[2025-10-11T14:23:10.287+0000] {logging_mixin.py:190} INFO - [2025-10-11T14:23:10.287+0000] {dag.py:3239} INFO - Sync 1 DAGs
[2025-10-11T14:23:10.308+0000] {logging_mixin.py:190} INFO - [2025-10-11T14:23:10.308+0000] {dag.py:4180} INFO - Setting next_dagrun for sqlite_example_dag to None, run_after=None
[2025-10-11T14:23:10.445+0000] {processor.py:208} INFO - Processing /opt/airflow/dags/example_dag.py took 0.256 seconds
[2025-10-11T14:23:40.610+0000] {processor.py:186} INFO - Started process (PID=45) to work on /opt/airflow/dags/example_dag.py
[2025-10-11T14:23:40.611+0000] {processor.py:914} INFO - Processing file /opt/airflow/dags/example_dag.py for tasks to queue
[2025-10-11T14:23:40.614+0000] {logging_mixin.py:190} INFO - [2025-10-11T14:23:40.613+0000] {dagbag.py:588} INFO - Filling up the DagBag from /opt/airflow/dags/example_dag.py
[2025-10-11T14:23:40.651+0000] {processor.py:925} INFO - DAG(s) 'sqlite_example_dag' retrieved from /opt/airflow/dags/example_dag.py
[2025-10-11T14:23:40.696+0000] {logging_mixin.py:190} INFO - [2025-10-11T14:23:40.695+0000] {dag.py:3239} INFO - Sync 1 DAGs
[2025-10-11T14:23:40.713+0000] {logging_mixin.py:190} INFO - [2025-10-11T14:23:40.713+0000] {dag.py:4180} INFO - Setting next_dagrun for sqlite_example_dag to None, run_after=None
[2025-10-11T14:23:40.870+0000] {processor.py:208} INFO - Processing /opt/airflow/dags/example_dag.py took 0.265 seconds
[2025-10-11T14:24:11.280+0000] {processor.py:186} INFO - Started process (PID=47) to work on /opt/airflow/dags/example_dag.py
[2025-10-11T14:24:11.281+0000] {processor.py:914} INFO - Processing file /opt/airflow/dags/example_dag.py for tasks to queue
[2025-10-11T14:24:11.284+0000] {logging_mixin.py:190} INFO - [2025-10-11T14:24:11.283+0000] {dagbag.py:588} INFO - Filling up the DagBag from /opt/airflow/dags/example_dag.py
[2025-10-11T14:24:11.321+0000] {processor.py:925} INFO - DAG(s) 'sqlite_example_dag' retrieved from /opt/airflow/dags/example_dag.py
[2025-10-11T14:24:11.371+0000] {logging_mixin.py:190} INFO - [2025-10-11T14:24:11.371+0000] {dag.py:3239} INFO - Sync 1 DAGs
[2025-10-11T14:24:11.391+0000] {logging_mixin.py:190} INFO - [2025-10-11T14:24:11.390+0000] {dag.py:4180} INFO - Setting next_dagrun for sqlite_example_dag to None, run_after=None
[2025-10-11T14:24:11.527+0000] {processor.py:208} INFO - Processing /opt/airflow/dags/example_dag.py took 0.252 seconds
[2025-10-11T14:24:41.758+0000] {processor.py:186} INFO - Started process (PID=49) to work on /opt/airflow/dags/example_dag.py
[2025-10-11T14:24:41.759+0000] {processor.py:914} INFO - Processing file /opt/airflow/dags/example_dag.py for tasks to queue
[2025-10-11T14:24:41.761+0000] {logging_mixin.py:190} INFO - [2025-10-11T14:24:41.761+0000] {dagbag.py:588} INFO - Filling up the DagBag from /opt/airflow/dags/example_dag.py
[2025-10-11T14:24:41.781+0000] {processor.py:925} INFO - DAG(s) 'sqlite_example_dag' retrieved from /opt/airflow/dags/example_dag.py
[2025-10-11T14:24:41.820+0000] {logging_mixin.py:190} INFO - [2025-10-11T14:24:41.819+0000] {dag.py:3239} INFO - Sync 1 DAGs
[2025-10-11T14:24:41.839+0000] {logging_mixin.py:190} INFO - [2025-10-11T14:24:41.839+0000] {dag.py:4180} INFO - Setting next_dagrun for sqlite_example_dag to None, run_after=None
[2025-10-11T14:24:41.971+0000] {processor.py:208} INFO - Processing /opt/airflow/dags/example_dag.py took 0.218 seconds
[2025-10-11T14:25:13.148+0000] {processor.py:186} INFO - Started process (PID=51) to work on /opt/airflow/dags/example_dag.py
[2025-10-11T14:25:13.149+0000] {processor.py:914} INFO - Processing file /opt/airflow/dags/example_dag.py for tasks to queue
[2025-10-11T14:25:13.151+0000] {logging_mixin.py:190} INFO - [2025-10-11T14:25:13.151+0000] {dagbag.py:588} INFO - Filling up the DagBag from /opt/airflow/dags/example_dag.py
[2025-10-11T14:25:13.177+0000] {processor.py:925} INFO - DAG(s) 'sqlite_example_dag' retrieved from /opt/airflow/dags/example_dag.py
[2025-10-11T14:25:13.220+0000] {logging_mixin.py:190} INFO - [2025-10-11T14:25:13.220+0000] {dag.py:3239} INFO - Sync 1 DAGs
[2025-10-11T14:25:13.241+0000] {logging_mixin.py:190} INFO - [2025-10-11T14:25:13.241+0000] {dag.py:4180} INFO - Setting next_dagrun for sqlite_example_dag to None, run_after=None
[2025-10-11T14:25:13.407+0000] {processor.py:208} INFO - Processing /opt/airflow/dags/example_dag.py took 0.264 seconds
[2025-10-11T14:25:43.744+0000] {processor.py:186} INFO - Started process (PID=53) to work on /opt/airflow/dags/example_dag.py
[2025-10-11T14:25:43.746+0000] {processor.py:914} INFO - Processing file /opt/airflow/dags/example_dag.py for tasks to queue
[2025-10-11T14:25:43.748+0000] {logging_mixin.py:190} INFO - [2025-10-11T14:25:43.748+0000] {dagbag.py:588} INFO - Filling up the DagBag from /opt/airflow/dags/example_dag.py
[2025-10-11T14:25:43.788+0000] {processor.py:925} INFO - DAG(s) 'sqlite_example_dag' retrieved from /opt/airflow/dags/example_dag.py
[2025-10-11T14:25:43.831+0000] {logging_mixin.py:190} INFO - [2025-10-11T14:25:43.831+0000] {dag.py:3239} INFO - Sync 1 DAGs
[2025-10-11T14:25:43.850+0000] {logging_mixin.py:190} INFO - [2025-10-11T14:25:43.850+0000] {dag.py:4180} INFO - Setting next_dagrun for sqlite_example_dag to None, run_after=None
[2025-10-11T14:25:43.994+0000] {processor.py:208} INFO - Processing /opt/airflow/dags/example_dag.py took 0.255 seconds
[2025-10-11T14:26:14.384+0000] {processor.py:186} INFO - Started process (PID=55) to work on /opt/airflow/dags/example_dag.py
[2025-10-11T14:26:14.385+0000] {processor.py:914} INFO - Processing file /opt/airflow/dags/example_dag.py for tasks to queue
[2025-10-11T14:26:14.388+0000] {logging_mixin.py:190} INFO - [2025-10-11T14:26:14.388+0000] {dagbag.py:588} INFO - Filling up the DagBag from /opt/airflow/dags/example_dag.py
[2025-10-11T14:26:14.432+0000] {processor.py:925} INFO - DAG(s) 'sqlite_example_dag' retrieved from /opt/airflow/dags/example_dag.py
[2025-10-11T14:26:14.474+0000] {logging_mixin.py:190} INFO - [2025-10-11T14:26:14.474+0000] {dag.py:3239} INFO - Sync 1 DAGs
[2025-10-11T14:26:14.491+0000] {logging_mixin.py:190} INFO - [2025-10-11T14:26:14.491+0000] {dag.py:4180} INFO - Setting next_dagrun for sqlite_example_dag to None, run_after=None
[2025-10-11T14:26:14.642+0000] {processor.py:208} INFO - Processing /opt/airflow/dags/example_dag.py took 0.263 seconds
[2025-10-11T14:26:45.844+0000] {processor.py:186} INFO - Started process (PID=57) to work on /opt/airflow/dags/example_dag.py
[2025-10-11T14:26:45.846+0000] {processor.py:914} INFO - Processing file /opt/airflow/dags/example_dag.py for tasks to queue
[2025-10-11T14:26:45.848+0000] {logging_mixin.py:190} INFO - [2025-10-11T14:26:45.848+0000] {dagbag.py:588} INFO - Filling up the DagBag from /opt/airflow/dags/example_dag.py
[2025-10-11T14:26:45.889+0000] {processor.py:925} INFO - DAG(s) 'sqlite_example_dag' retrieved from /opt/airflow/dags/example_dag.py
[2025-10-11T14:26:45.932+0000] {logging_mixin.py:190} INFO - [2025-10-11T14:26:45.932+0000] {dag.py:3239} INFO - Sync 1 DAGs
[2025-10-11T14:26:45.950+0000] {logging_mixin.py:190} INFO - [2025-10-11T14:26:45.950+0000] {dag.py:4180} INFO - Setting next_dagrun for sqlite_example_dag to None, run_after=None
[2025-10-11T14:26:46.102+0000] {processor.py:208} INFO - Processing /opt/airflow/dags/example_dag.py took 0.262 seconds
[2025-10-11T14:27:16.598+0000] {processor.py:186} INFO - Started process (PID=59) to work on /opt/airflow/dags/example_dag.py
[2025-10-11T14:27:16.599+0000] {processor.py:914} INFO - Processing file /opt/airflow/dags/example_dag.py for tasks to queue
[2025-10-11T14:27:16.601+0000] {logging_mixin.py:190} INFO - [2025-10-11T14:27:16.601+0000] {dagbag.py:588} INFO - Filling up the DagBag from /opt/airflow/dags/example_dag.py
[2025-10-11T14:27:16.644+0000] {processor.py:925} INFO - DAG(s) 'sqlite_example_dag' retrieved from /opt/airflow/dags/example_dag.py
[2025-10-11T14:27:16.693+0000] {logging_mixin.py:190} INFO - [2025-10-11T14:27:16.693+0000] {dag.py:3239} INFO - Sync 1 DAGs
[2025-10-11T14:27:16.713+0000] {logging_mixin.py:190} INFO - [2025-10-11T14:27:16.713+0000] {dag.py:4180} INFO - Setting next_dagrun for sqlite_example_dag to None, run_after=None
[2025-10-11T14:27:16.873+0000] {processor.py:208} INFO - Processing /opt/airflow/dags/example_dag.py took 0.281 seconds
[2025-10-11T14:27:48.283+0000] {processor.py:186} INFO - Started process (PID=61) to work on /opt/airflow/dags/example_dag.py
[2025-10-11T14:27:48.284+0000] {processor.py:914} INFO - Processing file /opt/airflow/dags/example_dag.py for tasks to queue
[2025-10-11T14:27:48.287+0000] {logging_mixin.py:190} INFO - [2025-10-11T14:27:48.287+0000] {dagbag.py:588} INFO - Filling up the DagBag from /opt/airflow/dags/example_dag.py
[2025-10-11T14:27:48.326+0000] {processor.py:925} INFO - DAG(s) 'sqlite_example_dag' retrieved from /opt/airflow/dags/example_dag.py
[2025-10-11T14:27:48.372+0000] {logging_mixin.py:190} INFO - [2025-10-11T14:27:48.372+0000] {dag.py:3239} INFO - Sync 1 DAGs
[2025-10-11T14:27:48.391+0000] {logging_mixin.py:190} INFO - [2025-10-11T14:27:48.391+0000] {dag.py:4180} INFO - Setting next_dagrun for sqlite_example_dag to None, run_after=None
[2025-10-11T14:27:48.543+0000] {processor.py:208} INFO - Processing /opt/airflow/dags/example_dag.py took 0.264 seconds
[2025-10-11T14:28:19.291+0000] {processor.py:186} INFO - Started process (PID=63) to work on /opt/airflow/dags/example_dag.py
[2025-10-11T14:28:19.292+0000] {processor.py:914} INFO - Processing file /opt/airflow/dags/example_dag.py for tasks to queue
[2025-10-11T14:28:19.294+0000] {logging_mixin.py:190} INFO - [2025-10-11T14:28:19.294+0000] {dagbag.py:588} INFO - Filling up the DagBag from /opt/airflow/dags/example_dag.py
[2025-10-11T14:28:19.308+0000] {processor.py:925} INFO - DAG(s) 'sqlite_example_dag' retrieved from /opt/airflow/dags/example_dag.py
[2025-10-11T14:28:19.335+0000] {logging_mixin.py:190} INFO - [2025-10-11T14:28:19.334+0000] {dag.py:3239} INFO - Sync 1 DAGs
[2025-10-11T14:28:19.348+0000] {logging_mixin.py:190} INFO - [2025-10-11T14:28:19.347+0000] {dag.py:4180} INFO - Setting next_dagrun for sqlite_example_dag to None, run_after=None
[2025-10-11T14:28:19.624+0000] {processor.py:208} INFO - Processing /opt/airflow/dags/example_dag.py took 0.337 seconds
[2025-10-11T14:28:50.019+0000] {processor.py:186} INFO - Started process (PID=65) to work on /opt/airflow/dags/example_dag.py
[2025-10-11T14:28:50.019+0000] {processor.py:914} INFO - Processing file /opt/airflow/dags/example_dag.py for tasks to queue
[2025-10-11T14:28:50.021+0000] {logging_mixin.py:190} INFO - [2025-10-11T14:28:50.021+0000] {dagbag.py:588} INFO - Filling up the DagBag from /opt/airflow/dags/example_dag.py
[2025-10-11T14:28:50.038+0000] {processor.py:925} INFO - DAG(s) 'sqlite_example_dag' retrieved from /opt/airflow/dags/example_dag.py
[2025-10-11T14:28:50.066+0000] {logging_mixin.py:190} INFO - [2025-10-11T14:28:50.066+0000] {dag.py:3239} INFO - Sync 1 DAGs
[2025-10-11T14:28:50.236+0000] {logging_mixin.py:190} INFO - [2025-10-11T14:28:50.236+0000] {dag.py:4180} INFO - Setting next_dagrun for sqlite_example_dag to None, run_after=None
[2025-10-11T14:28:50.318+0000] {processor.py:208} INFO - Processing /opt/airflow/dags/example_dag.py took 0.304 seconds
[2025-10-11T14:29:20.751+0000] {processor.py:186} INFO - Started process (PID=67) to work on /opt/airflow/dags/example_dag.py
[2025-10-11T14:29:20.751+0000] {processor.py:914} INFO - Processing file /opt/airflow/dags/example_dag.py for tasks to queue
[2025-10-11T14:29:20.754+0000] {logging_mixin.py:190} INFO - [2025-10-11T14:29:20.754+0000] {dagbag.py:588} INFO - Filling up the DagBag from /opt/airflow/dags/example_dag.py
[2025-10-11T14:29:20.769+0000] {processor.py:925} INFO - DAG(s) 'sqlite_example_dag' retrieved from /opt/airflow/dags/example_dag.py
[2025-10-11T14:29:20.794+0000] {logging_mixin.py:190} INFO - [2025-10-11T14:29:20.794+0000] {dag.py:3239} INFO - Sync 1 DAGs
[2025-10-11T14:29:20.953+0000] {logging_mixin.py:190} INFO - [2025-10-11T14:29:20.952+0000] {dag.py:4180} INFO - Setting next_dagrun for sqlite_example_dag to None, run_after=None
[2025-10-11T14:29:21.003+0000] {processor.py:208} INFO - Processing /opt/airflow/dags/example_dag.py took 0.257 seconds
[2025-10-11T14:29:51.377+0000] {processor.py:186} INFO - Started process (PID=69) to work on /opt/airflow/dags/example_dag.py
[2025-10-11T14:29:51.378+0000] {processor.py:914} INFO - Processing file /opt/airflow/dags/example_dag.py for tasks to queue
[2025-10-11T14:29:51.380+0000] {logging_mixin.py:190} INFO - [2025-10-11T14:29:51.380+0000] {dagbag.py:588} INFO - Filling up the DagBag from /opt/airflow/dags/example_dag.py
[2025-10-11T14:29:51.395+0000] {processor.py:925} INFO - DAG(s) 'sqlite_example_dag' retrieved from /opt/airflow/dags/example_dag.py
[2025-10-11T14:29:51.424+0000] {logging_mixin.py:190} INFO - [2025-10-11T14:29:51.423+0000] {dag.py:3239} INFO - Sync 1 DAGs
[2025-10-11T14:29:51.436+0000] {logging_mixin.py:190} INFO - [2025-10-11T14:29:51.436+0000] {dag.py:4180} INFO - Setting next_dagrun for sqlite_example_dag to None, run_after=None
[2025-10-11T14:29:51.518+0000] {processor.py:208} INFO - Processing /opt/airflow/dags/example_dag.py took 0.145 seconds
[2025-10-11T14:30:21.667+0000] {processor.py:186} INFO - Started process (PID=71) to work on /opt/airflow/dags/example_dag.py
[2025-10-11T14:30:21.668+0000] {processor.py:914} INFO - Processing file /opt/airflow/dags/example_dag.py for tasks to queue
[2025-10-11T14:30:21.672+0000] {logging_mixin.py:190} INFO - [2025-10-11T14:30:21.671+0000] {dagbag.py:588} INFO - Filling up the DagBag from /opt/airflow/dags/example_dag.py
[2025-10-11T14:30:21.691+0000] {processor.py:925} INFO - DAG(s) 'sqlite_example_dag' retrieved from /opt/airflow/dags/example_dag.py
[2025-10-11T14:30:21.723+0000] {logging_mixin.py:190} INFO - [2025-10-11T14:30:21.723+0000] {dag.py:3239} INFO - Sync 1 DAGs
[2025-10-11T14:30:21.738+0000] {logging_mixin.py:190} INFO - [2025-10-11T14:30:21.738+0000] {dag.py:4180} INFO - Setting next_dagrun for sqlite_example_dag to None, run_after=None
[2025-10-11T14:30:21.836+0000] {processor.py:208} INFO - Processing /opt/airflow/dags/example_dag.py took 0.173 seconds
[2025-10-11T14:30:52.151+0000] {processor.py:186} INFO - Started process (PID=73) to work on /opt/airflow/dags/example_dag.py
[2025-10-11T14:30:52.152+0000] {processor.py:914} INFO - Processing file /opt/airflow/dags/example_dag.py for tasks to queue
[2025-10-11T14:30:52.155+0000] {logging_mixin.py:190} INFO - [2025-10-11T14:30:52.154+0000] {dagbag.py:588} INFO - Filling up the DagBag from /opt/airflow/dags/example_dag.py
[2025-10-11T14:30:52.175+0000] {processor.py:925} INFO - DAG(s) 'sqlite_example_dag' retrieved from /opt/airflow/dags/example_dag.py
[2025-10-11T14:30:52.210+0000] {logging_mixin.py:190} INFO - [2025-10-11T14:30:52.210+0000] {dag.py:3239} INFO - Sync 1 DAGs
[2025-10-11T14:30:52.228+0000] {logging_mixin.py:190} INFO - [2025-10-11T14:30:52.228+0000] {dag.py:4180} INFO - Setting next_dagrun for sqlite_example_dag to None, run_after=None
[2025-10-11T14:30:52.303+0000] {processor.py:208} INFO - Processing /opt/airflow/dags/example_dag.py took 0.158 seconds
[2025-10-11T14:31:22.611+0000] {processor.py:186} INFO - Started process (PID=75) to work on /opt/airflow/dags/example_dag.py
[2025-10-11T14:31:22.612+0000] {processor.py:914} INFO - Processing file /opt/airflow/dags/example_dag.py for tasks to queue
[2025-10-11T14:31:22.614+0000] {logging_mixin.py:190} INFO - [2025-10-11T14:31:22.614+0000] {dagbag.py:588} INFO - Filling up the DagBag from /opt/airflow/dags/example_dag.py
[2025-10-11T14:31:22.629+0000] {processor.py:925} INFO - DAG(s) 'sqlite_example_dag' retrieved from /opt/airflow/dags/example_dag.py
[2025-10-11T14:31:22.651+0000] {logging_mixin.py:190} INFO - [2025-10-11T14:31:22.651+0000] {dag.py:3239} INFO - Sync 1 DAGs
[2025-10-11T14:31:22.662+0000] {logging_mixin.py:190} INFO - [2025-10-11T14:31:22.662+0000] {dag.py:4180} INFO - Setting next_dagrun for sqlite_example_dag to None, run_after=None
[2025-10-11T14:31:22.738+0000] {processor.py:208} INFO - Processing /opt/airflow/dags/example_dag.py took 0.132 seconds
[2025-10-11T14:31:54.112+0000] {processor.py:186} INFO - Started process (PID=77) to work on /opt/airflow/dags/example_dag.py
[2025-10-11T14:31:54.113+0000] {processor.py:914} INFO - Processing file /opt/airflow/dags/example_dag.py for tasks to queue
[2025-10-11T14:31:54.115+0000] {logging_mixin.py:190} INFO - [2025-10-11T14:31:54.115+0000] {dagbag.py:588} INFO - Filling up the DagBag from /opt/airflow/dags/example_dag.py
[2025-10-11T14:31:54.129+0000] {processor.py:925} INFO - DAG(s) 'sqlite_example_dag' retrieved from /opt/airflow/dags/example_dag.py
[2025-10-11T14:31:54.152+0000] {logging_mixin.py:190} INFO - [2025-10-11T14:31:54.152+0000] {dag.py:3239} INFO - Sync 1 DAGs
[2025-10-11T14:31:54.163+0000] {logging_mixin.py:190} INFO - [2025-10-11T14:31:54.163+0000] {dag.py:4180} INFO - Setting next_dagrun for sqlite_example_dag to None, run_after=None
[2025-10-11T14:31:54.239+0000] {processor.py:208} INFO - Processing /opt/airflow/dags/example_dag.py took 0.130 seconds
[2025-10-11T14:32:24.484+0000] {processor.py:186} INFO - Started process (PID=79) to work on /opt/airflow/dags/example_dag.py
[2025-10-11T14:32:24.485+0000] {processor.py:914} INFO - Processing file /opt/airflow/dags/example_dag.py for tasks to queue
[2025-10-11T14:32:24.488+0000] {logging_mixin.py:190} INFO - [2025-10-11T14:32:24.487+0000] {dagbag.py:588} INFO - Filling up the DagBag from /opt/airflow/dags/example_dag.py
[2025-10-11T14:32:24.502+0000] {processor.py:925} INFO - DAG(s) 'sqlite_example_dag' retrieved from /opt/airflow/dags/example_dag.py
[2025-10-11T14:32:24.524+0000] {logging_mixin.py:190} INFO - [2025-10-11T14:32:24.524+0000] {dag.py:3239} INFO - Sync 1 DAGs
[2025-10-11T14:32:24.535+0000] {logging_mixin.py:190} INFO - [2025-10-11T14:32:24.535+0000] {dag.py:4180} INFO - Setting next_dagrun for sqlite_example_dag to None, run_after=None
[2025-10-11T14:32:24.612+0000] {processor.py:208} INFO - Processing /opt/airflow/dags/example_dag.py took 0.132 seconds
[2025-10-11T14:32:54.952+0000] {processor.py:186} INFO - Started process (PID=81) to work on /opt/airflow/dags/example_dag.py
[2025-10-11T14:32:54.953+0000] {processor.py:914} INFO - Processing file /opt/airflow/dags/example_dag.py for tasks to queue
[2025-10-11T14:32:54.955+0000] {logging_mixin.py:190} INFO - [2025-10-11T14:32:54.955+0000] {dagbag.py:588} INFO - Filling up the DagBag from /opt/airflow/dags/example_dag.py
[2025-10-11T14:32:54.969+0000] {processor.py:925} INFO - DAG(s) 'sqlite_example_dag' retrieved from /opt/airflow/dags/example_dag.py
[2025-10-11T14:32:54.994+0000] {logging_mixin.py:190} INFO - [2025-10-11T14:32:54.994+0000] {dag.py:3239} INFO - Sync 1 DAGs
[2025-10-11T14:32:55.005+0000] {logging_mixin.py:190} INFO - [2025-10-11T14:32:55.005+0000] {dag.py:4180} INFO - Setting next_dagrun for sqlite_example_dag to None, run_after=None
[2025-10-11T14:32:55.153+0000] {processor.py:208} INFO - Processing /opt/airflow/dags/example_dag.py took 0.205 seconds
[2025-10-11T14:33:25.416+0000] {processor.py:186} INFO - Started process (PID=83) to work on /opt/airflow/dags/example_dag.py
[2025-10-11T14:33:25.417+0000] {processor.py:914} INFO - Processing file /opt/airflow/dags/example_dag.py for tasks to queue
[2025-10-11T14:33:25.419+0000] {logging_mixin.py:190} INFO - [2025-10-11T14:33:25.418+0000] {dagbag.py:588} INFO - Filling up the DagBag from /opt/airflow/dags/example_dag.py
[2025-10-11T14:33:25.433+0000] {processor.py:925} INFO - DAG(s) 'sqlite_example_dag' retrieved from /opt/airflow/dags/example_dag.py
[2025-10-11T14:33:25.455+0000] {logging_mixin.py:190} INFO - [2025-10-11T14:33:25.455+0000] {dag.py:3239} INFO - Sync 1 DAGs
[2025-10-11T14:33:25.577+0000] {logging_mixin.py:190} INFO - [2025-10-11T14:33:25.576+0000] {dag.py:4180} INFO - Setting next_dagrun for sqlite_example_dag to None, run_after=None
[2025-10-11T14:33:25.703+0000] {processor.py:208} INFO - Processing /opt/airflow/dags/example_dag.py took 0.291 seconds
[2025-10-11T14:33:55.876+0000] {processor.py:186} INFO - Started process (PID=85) to work on /opt/airflow/dags/example_dag.py
[2025-10-11T14:33:55.877+0000] {processor.py:914} INFO - Processing file /opt/airflow/dags/example_dag.py for tasks to queue
[2025-10-11T14:33:55.879+0000] {logging_mixin.py:190} INFO - [2025-10-11T14:33:55.879+0000] {dagbag.py:588} INFO - Filling up the DagBag from /opt/airflow/dags/example_dag.py
[2025-10-11T14:33:55.893+0000] {processor.py:925} INFO - DAG(s) 'sqlite_example_dag' retrieved from /opt/airflow/dags/example_dag.py
[2025-10-11T14:33:55.917+0000] {logging_mixin.py:190} INFO - [2025-10-11T14:33:55.917+0000] {dag.py:3239} INFO - Sync 1 DAGs
[2025-10-11T14:33:56.036+0000] {logging_mixin.py:190} INFO - [2025-10-11T14:33:56.036+0000] {dag.py:4180} INFO - Setting next_dagrun for sqlite_example_dag to None, run_after=None
[2025-10-11T14:33:56.111+0000] {processor.py:208} INFO - Processing /opt/airflow/dags/example_dag.py took 0.240 seconds
[2025-10-11T14:34:26.292+0000] {processor.py:186} INFO - Started process (PID=87) to work on /opt/airflow/dags/example_dag.py
[2025-10-11T14:34:26.293+0000] {processor.py:914} INFO - Processing file /opt/airflow/dags/example_dag.py for tasks to queue
[2025-10-11T14:34:26.295+0000] {logging_mixin.py:190} INFO - [2025-10-11T14:34:26.295+0000] {dagbag.py:588} INFO - Filling up the DagBag from /opt/airflow/dags/example_dag.py
[2025-10-11T14:34:26.309+0000] {processor.py:925} INFO - DAG(s) 'sqlite_example_dag' retrieved from /opt/airflow/dags/example_dag.py
[2025-10-11T14:34:26.333+0000] {logging_mixin.py:190} INFO - [2025-10-11T14:34:26.333+0000] {dag.py:3239} INFO - Sync 1 DAGs
[2025-10-11T14:34:26.344+0000] {logging_mixin.py:190} INFO - [2025-10-11T14:34:26.344+0000] {dag.py:4180} INFO - Setting next_dagrun for sqlite_example_dag to None, run_after=None
[2025-10-11T14:34:26.386+0000] {processor.py:208} INFO - Processing /opt/airflow/dags/example_dag.py took 0.098 seconds
[2025-10-11T14:34:56.643+0000] {processor.py:186} INFO - Started process (PID=89) to work on /opt/airflow/dags/example_dag.py
[2025-10-11T14:34:56.644+0000] {processor.py:914} INFO - Processing file /opt/airflow/dags/example_dag.py for tasks to queue
[2025-10-11T14:34:56.647+0000] {logging_mixin.py:190} INFO - [2025-10-11T14:34:56.646+0000] {dagbag.py:588} INFO - Filling up the DagBag from /opt/airflow/dags/example_dag.py
[2025-10-11T14:34:56.662+0000] {processor.py:925} INFO - DAG(s) 'sqlite_example_dag' retrieved from /opt/airflow/dags/example_dag.py
[2025-10-11T14:34:56.686+0000] {logging_mixin.py:190} INFO - [2025-10-11T14:34:56.686+0000] {dag.py:3239} INFO - Sync 1 DAGs
[2025-10-11T14:34:56.698+0000] {logging_mixin.py:190} INFO - [2025-10-11T14:34:56.697+0000] {dag.py:4180} INFO - Setting next_dagrun for sqlite_example_dag to None, run_after=None
[2025-10-11T14:34:56.784+0000] {processor.py:208} INFO - Processing /opt/airflow/dags/example_dag.py took 0.146 seconds
[2025-10-11T14:53:17.647+0000] {processor.py:186} INFO - Started process (PID=93) to work on /opt/airflow/dags/example_dag.py
[2025-10-11T14:53:17.648+0000] {processor.py:914} INFO - Processing file /opt/airflow/dags/example_dag.py for tasks to queue
[2025-10-11T14:53:17.652+0000] {logging_mixin.py:190} INFO - [2025-10-11T14:53:17.652+0000] {dagbag.py:588} INFO - Filling up the DagBag from /opt/airflow/dags/example_dag.py
[2025-10-11T14:53:17.671+0000] {processor.py:925} INFO - DAG(s) 'sqlite_example_dag' retrieved from /opt/airflow/dags/example_dag.py
[2025-10-11T14:53:17.702+0000] {logging_mixin.py:190} INFO - [2025-10-11T14:53:17.702+0000] {dag.py:3239} INFO - Sync 1 DAGs
[2025-10-11T14:53:17.719+0000] {logging_mixin.py:190} INFO - [2025-10-11T14:53:17.719+0000] {dag.py:4180} INFO - Setting next_dagrun for sqlite_example_dag to None, run_after=None
[2025-10-11T14:53:17.774+0000] {processor.py:208} INFO - Processing /opt/airflow/dags/example_dag.py took 0.134 seconds
[2025-10-11T14:53:48.869+0000] {processor.py:186} INFO - Started process (PID=95) to work on /opt/airflow/dags/example_dag.py
[2025-10-11T14:53:48.870+0000] {processor.py:914} INFO - Processing file /opt/airflow/dags/example_dag.py for tasks to queue
[2025-10-11T14:53:48.872+0000] {logging_mixin.py:190} INFO - [2025-10-11T14:53:48.871+0000] {dagbag.py:588} INFO - Filling up the DagBag from /opt/airflow/dags/example_dag.py
[2025-10-11T14:53:48.892+0000] {processor.py:925} INFO - DAG(s) 'sqlite_example_dag' retrieved from /opt/airflow/dags/example_dag.py
[2025-10-11T14:53:48.922+0000] {logging_mixin.py:190} INFO - [2025-10-11T14:53:48.922+0000] {dag.py:3239} INFO - Sync 1 DAGs
[2025-10-11T14:53:48.937+0000] {logging_mixin.py:190} INFO - [2025-10-11T14:53:48.936+0000] {dag.py:4180} INFO - Setting next_dagrun for sqlite_example_dag to None, run_after=None
[2025-10-11T14:53:49.037+0000] {processor.py:208} INFO - Processing /opt/airflow/dags/example_dag.py took 0.175 seconds
[2025-10-11T14:54:19.777+0000] {processor.py:186} INFO - Started process (PID=97) to work on /opt/airflow/dags/example_dag.py
[2025-10-11T14:54:19.778+0000] {processor.py:914} INFO - Processing file /opt/airflow/dags/example_dag.py for tasks to queue
[2025-10-11T14:54:19.781+0000] {logging_mixin.py:190} INFO - [2025-10-11T14:54:19.781+0000] {dagbag.py:588} INFO - Filling up the DagBag from /opt/airflow/dags/example_dag.py
[2025-10-11T14:54:19.798+0000] {processor.py:925} INFO - DAG(s) 'sqlite_example_dag' retrieved from /opt/airflow/dags/example_dag.py
[2025-10-11T14:54:19.826+0000] {logging_mixin.py:190} INFO - [2025-10-11T14:54:19.826+0000] {dag.py:3239} INFO - Sync 1 DAGs
[2025-10-11T14:54:19.839+0000] {logging_mixin.py:190} INFO - [2025-10-11T14:54:19.839+0000] {dag.py:4180} INFO - Setting next_dagrun for sqlite_example_dag to None, run_after=None
[2025-10-11T14:54:19.930+0000] {processor.py:208} INFO - Processing /opt/airflow/dags/example_dag.py took 0.156 seconds
[2025-10-11T14:54:50.822+0000] {processor.py:186} INFO - Started process (PID=99) to work on /opt/airflow/dags/example_dag.py
[2025-10-11T14:54:50.823+0000] {processor.py:914} INFO - Processing file /opt/airflow/dags/example_dag.py for tasks to queue
[2025-10-11T14:54:50.826+0000] {logging_mixin.py:190} INFO - [2025-10-11T14:54:50.825+0000] {dagbag.py:588} INFO - Filling up the DagBag from /opt/airflow/dags/example_dag.py
[2025-10-11T14:54:50.852+0000] {processor.py:925} INFO - DAG(s) 'sqlite_example_dag' retrieved from /opt/airflow/dags/example_dag.py
[2025-10-11T14:54:50.884+0000] {logging_mixin.py:190} INFO - [2025-10-11T14:54:50.884+0000] {dag.py:3239} INFO - Sync 1 DAGs
[2025-10-11T14:54:50.902+0000] {logging_mixin.py:190} INFO - [2025-10-11T14:54:50.902+0000] {dag.py:4180} INFO - Setting next_dagrun for sqlite_example_dag to None, run_after=None
[2025-10-11T14:54:51.028+0000] {processor.py:208} INFO - Processing /opt/airflow/dags/example_dag.py took 0.210 seconds
[2025-10-11T14:55:21.836+0000] {processor.py:186} INFO - Started process (PID=101) to work on /opt/airflow/dags/example_dag.py
[2025-10-11T14:55:21.837+0000] {processor.py:914} INFO - Processing file /opt/airflow/dags/example_dag.py for tasks to queue
[2025-10-11T14:55:21.840+0000] {logging_mixin.py:190} INFO - [2025-10-11T14:55:21.840+0000] {dagbag.py:588} INFO - Filling up the DagBag from /opt/airflow/dags/example_dag.py
[2025-10-11T14:55:21.872+0000] {processor.py:925} INFO - DAG(s) 'sqlite_example_dag' retrieved from /opt/airflow/dags/example_dag.py
[2025-10-11T14:55:21.897+0000] {logging_mixin.py:190} INFO - [2025-10-11T14:55:21.897+0000] {dag.py:3239} INFO - Sync 1 DAGs
[2025-10-11T14:55:21.908+0000] {logging_mixin.py:190} INFO - [2025-10-11T14:55:21.908+0000] {dag.py:4180} INFO - Setting next_dagrun for sqlite_example_dag to None, run_after=None
[2025-10-11T14:55:22.105+0000] {processor.py:208} INFO - Processing /opt/airflow/dags/example_dag.py took 0.273 seconds
[2025-10-11T14:55:52.936+0000] {processor.py:186} INFO - Started process (PID=103) to work on /opt/airflow/dags/example_dag.py
[2025-10-11T14:55:52.937+0000] {processor.py:914} INFO - Processing file /opt/airflow/dags/example_dag.py for tasks to queue
[2025-10-11T14:55:52.940+0000] {logging_mixin.py:190} INFO - [2025-10-11T14:55:52.940+0000] {dagbag.py:588} INFO - Filling up the DagBag from /opt/airflow/dags/example_dag.py
[2025-10-11T14:55:52.962+0000] {processor.py:925} INFO - DAG(s) 'sqlite_example_dag' retrieved from /opt/airflow/dags/example_dag.py
[2025-10-11T14:55:52.995+0000] {logging_mixin.py:190} INFO - [2025-10-11T14:55:52.995+0000] {dag.py:3239} INFO - Sync 1 DAGs
[2025-10-11T14:55:53.123+0000] {logging_mixin.py:190} INFO - [2025-10-11T14:55:53.123+0000] {dag.py:4180} INFO - Setting next_dagrun for sqlite_example_dag to None, run_after=None
[2025-10-11T14:55:53.176+0000] {processor.py:208} INFO - Processing /opt/airflow/dags/example_dag.py took 0.244 seconds
[2025-10-11T14:56:23.978+0000] {processor.py:186} INFO - Started process (PID=105) to work on /opt/airflow/dags/example_dag.py
[2025-10-11T14:56:23.979+0000] {processor.py:914} INFO - Processing file /opt/airflow/dags/example_dag.py for tasks to queue
[2025-10-11T14:56:23.982+0000] {logging_mixin.py:190} INFO - [2025-10-11T14:56:23.981+0000] {dagbag.py:588} INFO - Filling up the DagBag from /opt/airflow/dags/example_dag.py
[2025-10-11T14:56:24.012+0000] {processor.py:925} INFO - DAG(s) 'sqlite_example_dag' retrieved from /opt/airflow/dags/example_dag.py
[2025-10-11T14:56:24.044+0000] {logging_mixin.py:190} INFO - [2025-10-11T14:56:24.044+0000] {dag.py:3239} INFO - Sync 1 DAGs
[2025-10-11T14:56:24.173+0000] {logging_mixin.py:190} INFO - [2025-10-11T14:56:24.173+0000] {dag.py:4180} INFO - Setting next_dagrun for sqlite_example_dag to None, run_after=None
[2025-10-11T14:56:24.260+0000] {processor.py:208} INFO - Processing /opt/airflow/dags/example_dag.py took 0.286 seconds
[2025-10-11T14:56:55.165+0000] {processor.py:186} INFO - Started process (PID=107) to work on /opt/airflow/dags/example_dag.py
[2025-10-11T14:56:55.166+0000] {processor.py:914} INFO - Processing file /opt/airflow/dags/example_dag.py for tasks to queue
[2025-10-11T14:56:55.168+0000] {logging_mixin.py:190} INFO - [2025-10-11T14:56:55.168+0000] {dagbag.py:588} INFO - Filling up the DagBag from /opt/airflow/dags/example_dag.py
[2025-10-11T14:56:55.192+0000] {processor.py:925} INFO - DAG(s) 'sqlite_example_dag' retrieved from /opt/airflow/dags/example_dag.py
[2025-10-11T14:56:55.229+0000] {logging_mixin.py:190} INFO - [2025-10-11T14:56:55.229+0000] {dag.py:3239} INFO - Sync 1 DAGs
[2025-10-11T14:56:55.245+0000] {logging_mixin.py:190} INFO - [2025-10-11T14:56:55.245+0000] {dag.py:4180} INFO - Setting next_dagrun for sqlite_example_dag to None, run_after=None
[2025-10-11T14:56:55.369+0000] {processor.py:208} INFO - Processing /opt/airflow/dags/example_dag.py took 0.209 seconds
[2025-10-11T14:57:26.394+0000] {processor.py:186} INFO - Started process (PID=109) to work on /opt/airflow/dags/example_dag.py
[2025-10-11T14:57:26.395+0000] {processor.py:914} INFO - Processing file /opt/airflow/dags/example_dag.py for tasks to queue
[2025-10-11T14:57:26.397+0000] {logging_mixin.py:190} INFO - [2025-10-11T14:57:26.397+0000] {dagbag.py:588} INFO - Filling up the DagBag from /opt/airflow/dags/example_dag.py
[2025-10-11T14:57:26.416+0000] {processor.py:925} INFO - DAG(s) 'sqlite_example_dag' retrieved from /opt/airflow/dags/example_dag.py
[2025-10-11T14:57:26.447+0000] {logging_mixin.py:190} INFO - [2025-10-11T14:57:26.447+0000] {dag.py:3239} INFO - Sync 1 DAGs
[2025-10-11T14:57:26.463+0000] {logging_mixin.py:190} INFO - [2025-10-11T14:57:26.463+0000] {dag.py:4180} INFO - Setting next_dagrun for sqlite_example_dag to None, run_after=None
[2025-10-11T14:57:26.590+0000] {processor.py:208} INFO - Processing /opt/airflow/dags/example_dag.py took 0.202 seconds
[2025-10-11T14:57:57.636+0000] {processor.py:186} INFO - Started process (PID=111) to work on /opt/airflow/dags/example_dag.py
[2025-10-11T14:57:57.637+0000] {processor.py:914} INFO - Processing file /opt/airflow/dags/example_dag.py for tasks to queue
[2025-10-11T14:57:57.639+0000] {logging_mixin.py:190} INFO - [2025-10-11T14:57:57.639+0000] {dagbag.py:588} INFO - Filling up the DagBag from /opt/airflow/dags/example_dag.py
[2025-10-11T14:57:57.655+0000] {processor.py:925} INFO - DAG(s) 'sqlite_example_dag' retrieved from /opt/airflow/dags/example_dag.py
[2025-10-11T14:57:57.679+0000] {logging_mixin.py:190} INFO - [2025-10-11T14:57:57.679+0000] {dag.py:3239} INFO - Sync 1 DAGs
[2025-10-11T14:57:57.690+0000] {logging_mixin.py:190} INFO - [2025-10-11T14:57:57.690+0000] {dag.py:4180} INFO - Setting next_dagrun for sqlite_example_dag to None, run_after=None
[2025-10-11T14:57:57.788+0000] {processor.py:208} INFO - Processing /opt/airflow/dags/example_dag.py took 0.156 seconds
[2025-10-11T14:58:28.744+0000] {processor.py:186} INFO - Started process (PID=113) to work on /opt/airflow/dags/example_dag.py
[2025-10-11T14:58:28.745+0000] {processor.py:914} INFO - Processing file /opt/airflow/dags/example_dag.py for tasks to queue
[2025-10-11T14:58:28.748+0000] {logging_mixin.py:190} INFO - [2025-10-11T14:58:28.748+0000] {dagbag.py:588} INFO - Filling up the DagBag from /opt/airflow/dags/example_dag.py
[2025-10-11T14:58:28.775+0000] {processor.py:925} INFO - DAG(s) 'sqlite_example_dag' retrieved from /opt/airflow/dags/example_dag.py
[2025-10-11T14:58:28.810+0000] {logging_mixin.py:190} INFO - [2025-10-11T14:58:28.810+0000] {dag.py:3239} INFO - Sync 1 DAGs
[2025-10-11T14:58:28.828+0000] {logging_mixin.py:190} INFO - [2025-10-11T14:58:28.828+0000] {dag.py:4180} INFO - Setting next_dagrun for sqlite_example_dag to None, run_after=None
[2025-10-11T14:58:28.934+0000] {processor.py:208} INFO - Processing /opt/airflow/dags/example_dag.py took 0.195 seconds
[2025-10-11T14:58:59.789+0000] {processor.py:186} INFO - Started process (PID=115) to work on /opt/airflow/dags/example_dag.py
[2025-10-11T14:58:59.790+0000] {processor.py:914} INFO - Processing file /opt/airflow/dags/example_dag.py for tasks to queue
[2025-10-11T14:58:59.793+0000] {logging_mixin.py:190} INFO - [2025-10-11T14:58:59.793+0000] {dagbag.py:588} INFO - Filling up the DagBag from /opt/airflow/dags/example_dag.py
[2025-10-11T14:58:59.824+0000] {processor.py:925} INFO - DAG(s) 'sqlite_example_dag' retrieved from /opt/airflow/dags/example_dag.py
[2025-10-11T14:58:59.860+0000] {logging_mixin.py:190} INFO - [2025-10-11T14:58:59.860+0000] {dag.py:3239} INFO - Sync 1 DAGs
[2025-10-11T14:58:59.874+0000] {logging_mixin.py:190} INFO - [2025-10-11T14:58:59.874+0000] {dag.py:4180} INFO - Setting next_dagrun for sqlite_example_dag to None, run_after=None
[2025-10-11T14:58:59.989+0000] {processor.py:208} INFO - Processing /opt/airflow/dags/example_dag.py took 0.204 seconds
[2025-10-11T14:59:31.072+0000] {processor.py:186} INFO - Started process (PID=117) to work on /opt/airflow/dags/example_dag.py
[2025-10-11T14:59:31.074+0000] {processor.py:914} INFO - Processing file /opt/airflow/dags/example_dag.py for tasks to queue
[2025-10-11T14:59:31.077+0000] {logging_mixin.py:190} INFO - [2025-10-11T14:59:31.077+0000] {dagbag.py:588} INFO - Filling up the DagBag from /opt/airflow/dags/example_dag.py
[2025-10-11T14:59:31.107+0000] {processor.py:925} INFO - DAG(s) 'sqlite_example_dag' retrieved from /opt/airflow/dags/example_dag.py
[2025-10-11T14:59:31.145+0000] {logging_mixin.py:190} INFO - [2025-10-11T14:59:31.145+0000] {dag.py:3239} INFO - Sync 1 DAGs
[2025-10-11T14:59:31.161+0000] {logging_mixin.py:190} INFO - [2025-10-11T14:59:31.161+0000] {dag.py:4180} INFO - Setting next_dagrun for sqlite_example_dag to None, run_after=None
[2025-10-11T14:59:31.287+0000] {processor.py:208} INFO - Processing /opt/airflow/dags/example_dag.py took 0.220 seconds
[2025-10-11T15:00:39.498+0000] {processor.py:186} INFO - Started process (PID=28) to work on /opt/airflow/dags/example_dag.py
[2025-10-11T15:00:39.500+0000] {processor.py:914} INFO - Processing file /opt/airflow/dags/example_dag.py for tasks to queue
[2025-10-11T15:00:39.502+0000] {logging_mixin.py:190} INFO - [2025-10-11T15:00:39.502+0000] {dagbag.py:588} INFO - Filling up the DagBag from /opt/airflow/dags/example_dag.py
[2025-10-11T15:00:39.520+0000] {processor.py:925} INFO - DAG(s) 'sqlite_example_dag' retrieved from /opt/airflow/dags/example_dag.py
[2025-10-11T15:00:39.549+0000] {logging_mixin.py:190} INFO - [2025-10-11T15:00:39.549+0000] {dag.py:3239} INFO - Sync 1 DAGs
[2025-10-11T15:00:39.569+0000] {logging_mixin.py:190} INFO - [2025-10-11T15:00:39.569+0000] {dag.py:4180} INFO - Setting next_dagrun for sqlite_example_dag to None, run_after=None
[2025-10-11T15:00:39.614+0000] {processor.py:208} INFO - Processing /opt/airflow/dags/example_dag.py took 0.121 seconds
[2025-10-11T15:01:10.046+0000] {processor.py:186} INFO - Started process (PID=31) to work on /opt/airflow/dags/example_dag.py
[2025-10-11T15:01:10.048+0000] {processor.py:914} INFO - Processing file /opt/airflow/dags/example_dag.py for tasks to queue
[2025-10-11T15:01:10.050+0000] {logging_mixin.py:190} INFO - [2025-10-11T15:01:10.050+0000] {dagbag.py:588} INFO - Filling up the DagBag from /opt/airflow/dags/example_dag.py
[2025-10-11T15:01:10.075+0000] {processor.py:925} INFO - DAG(s) 'sqlite_example_dag' retrieved from /opt/airflow/dags/example_dag.py
[2025-10-11T15:01:10.104+0000] {logging_mixin.py:190} INFO - [2025-10-11T15:01:10.103+0000] {dag.py:3239} INFO - Sync 1 DAGs
[2025-10-11T15:01:10.116+0000] {logging_mixin.py:190} INFO - [2025-10-11T15:01:10.115+0000] {dag.py:4180} INFO - Setting next_dagrun for sqlite_example_dag to None, run_after=None
[2025-10-11T15:01:10.208+0000] {processor.py:208} INFO - Processing /opt/airflow/dags/example_dag.py took 0.166 seconds
[2025-10-11T15:01:41.112+0000] {processor.py:186} INFO - Started process (PID=44) to work on /opt/airflow/dags/example_dag.py
[2025-10-11T15:01:41.113+0000] {processor.py:914} INFO - Processing file /opt/airflow/dags/example_dag.py for tasks to queue
[2025-10-11T15:01:41.116+0000] {logging_mixin.py:190} INFO - [2025-10-11T15:01:41.116+0000] {dagbag.py:588} INFO - Filling up the DagBag from /opt/airflow/dags/example_dag.py
[2025-10-11T15:01:41.144+0000] {processor.py:925} INFO - DAG(s) 'sqlite_example_dag' retrieved from /opt/airflow/dags/example_dag.py
[2025-10-11T15:01:41.186+0000] {logging_mixin.py:190} INFO - [2025-10-11T15:01:41.186+0000] {dag.py:3239} INFO - Sync 1 DAGs
[2025-10-11T15:01:41.203+0000] {logging_mixin.py:190} INFO - [2025-10-11T15:01:41.203+0000] {dag.py:4180} INFO - Setting next_dagrun for sqlite_example_dag to None, run_after=None
[2025-10-11T15:01:41.289+0000] {processor.py:208} INFO - Processing /opt/airflow/dags/example_dag.py took 0.181 seconds
[2025-10-11T15:02:12.258+0000] {processor.py:186} INFO - Started process (PID=47) to work on /opt/airflow/dags/example_dag.py
[2025-10-11T15:02:12.259+0000] {processor.py:914} INFO - Processing file /opt/airflow/dags/example_dag.py for tasks to queue
[2025-10-11T15:02:12.261+0000] {logging_mixin.py:190} INFO - [2025-10-11T15:02:12.261+0000] {dagbag.py:588} INFO - Filling up the DagBag from /opt/airflow/dags/example_dag.py
[2025-10-11T15:02:12.280+0000] {processor.py:925} INFO - DAG(s) 'sqlite_example_dag' retrieved from /opt/airflow/dags/example_dag.py
[2025-10-11T15:02:12.308+0000] {logging_mixin.py:190} INFO - [2025-10-11T15:02:12.308+0000] {dag.py:3239} INFO - Sync 1 DAGs
[2025-10-11T15:02:12.321+0000] {logging_mixin.py:190} INFO - [2025-10-11T15:02:12.321+0000] {dag.py:4180} INFO - Setting next_dagrun for sqlite_example_dag to None, run_after=None
[2025-10-11T15:02:12.441+0000] {processor.py:208} INFO - Processing /opt/airflow/dags/example_dag.py took 0.187 seconds
[2025-10-11T15:02:43.341+0000] {processor.py:186} INFO - Started process (PID=50) to work on /opt/airflow/dags/example_dag.py
[2025-10-11T15:02:43.342+0000] {processor.py:914} INFO - Processing file /opt/airflow/dags/example_dag.py for tasks to queue
[2025-10-11T15:02:43.345+0000] {logging_mixin.py:190} INFO - [2025-10-11T15:02:43.345+0000] {dagbag.py:588} INFO - Filling up the DagBag from /opt/airflow/dags/example_dag.py
[2025-10-11T15:02:43.388+0000] {processor.py:925} INFO - DAG(s) 'sqlite_example_dag' retrieved from /opt/airflow/dags/example_dag.py
[2025-10-11T15:02:43.414+0000] {logging_mixin.py:190} INFO - [2025-10-11T15:02:43.414+0000] {dag.py:3239} INFO - Sync 1 DAGs
[2025-10-11T15:02:43.425+0000] {logging_mixin.py:190} INFO - [2025-10-11T15:02:43.425+0000] {dag.py:4180} INFO - Setting next_dagrun for sqlite_example_dag to None, run_after=None
[2025-10-11T15:02:43.511+0000] {processor.py:208} INFO - Processing /opt/airflow/dags/example_dag.py took 0.174 seconds
[2025-10-11T15:03:14.446+0000] {processor.py:186} INFO - Started process (PID=53) to work on /opt/airflow/dags/example_dag.py
[2025-10-11T15:03:14.447+0000] {processor.py:914} INFO - Processing file /opt/airflow/dags/example_dag.py for tasks to queue
[2025-10-11T15:03:14.450+0000] {logging_mixin.py:190} INFO - [2025-10-11T15:03:14.449+0000] {dagbag.py:588} INFO - Filling up the DagBag from /opt/airflow/dags/example_dag.py
[2025-10-11T15:03:14.472+0000] {processor.py:925} INFO - DAG(s) 'sqlite_example_dag' retrieved from /opt/airflow/dags/example_dag.py
[2025-10-11T15:03:14.513+0000] {logging_mixin.py:190} INFO - [2025-10-11T15:03:14.513+0000] {dag.py:3239} INFO - Sync 1 DAGs
[2025-10-11T15:03:14.530+0000] {logging_mixin.py:190} INFO - [2025-10-11T15:03:14.530+0000] {dag.py:4180} INFO - Setting next_dagrun for sqlite_example_dag to None, run_after=None
[2025-10-11T15:03:14.661+0000] {processor.py:208} INFO - Processing /opt/airflow/dags/example_dag.py took 0.219 seconds
[2025-10-11T15:03:45.555+0000] {processor.py:186} INFO - Started process (PID=56) to work on /opt/airflow/dags/example_dag.py
[2025-10-11T15:03:45.557+0000] {processor.py:914} INFO - Processing file /opt/airflow/dags/example_dag.py for tasks to queue
[2025-10-11T15:03:45.559+0000] {logging_mixin.py:190} INFO - [2025-10-11T15:03:45.559+0000] {dagbag.py:588} INFO - Filling up the DagBag from /opt/airflow/dags/example_dag.py
[2025-10-11T15:03:45.594+0000] {processor.py:925} INFO - DAG(s) 'sqlite_example_dag' retrieved from /opt/airflow/dags/example_dag.py
[2025-10-11T15:03:45.635+0000] {logging_mixin.py:190} INFO - [2025-10-11T15:03:45.635+0000] {dag.py:3239} INFO - Sync 1 DAGs
[2025-10-11T15:03:45.652+0000] {logging_mixin.py:190} INFO - [2025-10-11T15:03:45.652+0000] {dag.py:4180} INFO - Setting next_dagrun for sqlite_example_dag to None, run_after=None
[2025-10-11T15:03:45.759+0000] {processor.py:208} INFO - Processing /opt/airflow/dags/example_dag.py took 0.209 seconds
[2025-10-11T15:04:16.704+0000] {processor.py:186} INFO - Started process (PID=69) to work on /opt/airflow/dags/example_dag.py
[2025-10-11T15:04:16.705+0000] {processor.py:914} INFO - Processing file /opt/airflow/dags/example_dag.py for tasks to queue
[2025-10-11T15:04:16.707+0000] {logging_mixin.py:190} INFO - [2025-10-11T15:04:16.707+0000] {dagbag.py:588} INFO - Filling up the DagBag from /opt/airflow/dags/example_dag.py
[2025-10-11T15:04:16.742+0000] {processor.py:925} INFO - DAG(s) 'sqlite_example_dag' retrieved from /opt/airflow/dags/example_dag.py
[2025-10-11T15:04:16.779+0000] {logging_mixin.py:190} INFO - [2025-10-11T15:04:16.779+0000] {dag.py:3239} INFO - Sync 1 DAGs
[2025-10-11T15:04:16.797+0000] {logging_mixin.py:190} INFO - [2025-10-11T15:04:16.797+0000] {dag.py:4180} INFO - Setting next_dagrun for sqlite_example_dag to None, run_after=None
[2025-10-11T15:04:16.908+0000] {processor.py:208} INFO - Processing /opt/airflow/dags/example_dag.py took 0.209 seconds
[2025-10-11T15:04:47.663+0000] {processor.py:186} INFO - Started process (PID=72) to work on /opt/airflow/dags/example_dag.py
[2025-10-11T15:04:47.664+0000] {processor.py:914} INFO - Processing file /opt/airflow/dags/example_dag.py for tasks to queue
[2025-10-11T15:04:47.667+0000] {logging_mixin.py:190} INFO - [2025-10-11T15:04:47.667+0000] {dagbag.py:588} INFO - Filling up the DagBag from /opt/airflow/dags/example_dag.py
[2025-10-11T15:04:47.701+0000] {processor.py:925} INFO - DAG(s) 'sqlite_example_dag' retrieved from /opt/airflow/dags/example_dag.py
[2025-10-11T15:04:47.740+0000] {logging_mixin.py:190} INFO - [2025-10-11T15:04:47.739+0000] {dag.py:3239} INFO - Sync 1 DAGs
[2025-10-11T15:04:47.751+0000] {logging_mixin.py:190} INFO - [2025-10-11T15:04:47.751+0000] {dag.py:4180} INFO - Setting next_dagrun for sqlite_example_dag to None, run_after=None
[2025-10-11T15:04:47.848+0000] {processor.py:208} INFO - Processing /opt/airflow/dags/example_dag.py took 0.190 seconds
[2025-10-11T15:05:18.826+0000] {processor.py:186} INFO - Started process (PID=75) to work on /opt/airflow/dags/example_dag.py
[2025-10-11T15:05:18.827+0000] {processor.py:914} INFO - Processing file /opt/airflow/dags/example_dag.py for tasks to queue
[2025-10-11T15:05:18.829+0000] {logging_mixin.py:190} INFO - [2025-10-11T15:05:18.829+0000] {dagbag.py:588} INFO - Filling up the DagBag from /opt/airflow/dags/example_dag.py
[2025-10-11T15:05:18.854+0000] {processor.py:925} INFO - DAG(s) 'sqlite_example_dag' retrieved from /opt/airflow/dags/example_dag.py
[2025-10-11T15:05:18.890+0000] {logging_mixin.py:190} INFO - [2025-10-11T15:05:18.890+0000] {dag.py:3239} INFO - Sync 1 DAGs
[2025-10-11T15:05:18.907+0000] {logging_mixin.py:190} INFO - [2025-10-11T15:05:18.907+0000] {dag.py:4180} INFO - Setting next_dagrun for sqlite_example_dag to None, run_after=None
[2025-10-11T15:05:18.991+0000] {processor.py:208} INFO - Processing /opt/airflow/dags/example_dag.py took 0.170 seconds
