[2025-10-11T14:13:02.116+0000] {processor.py:186} INFO - Started process (PID=26) to work on /opt/airflow/dags/init_sqlite_db.py
[2025-10-11T14:13:02.118+0000] {processor.py:914} INFO - Processing file /opt/airflow/dags/init_sqlite_db.py for tasks to queue
[2025-10-11T14:13:02.120+0000] {logging_mixin.py:190} INFO - [2025-10-11T14:13:02.120+0000] {dagbag.py:588} INFO - Filling up the DagBag from /opt/airflow/dags/init_sqlite_db.py
[2025-10-11T14:13:02.160+0000] {processor.py:925} INFO - DAG(s) 'init_sqlite_db' retrieved from /opt/airflow/dags/init_sqlite_db.py
[2025-10-11T14:13:02.560+0000] {logging_mixin.py:190} INFO - [2025-10-11T14:13:02.559+0000] {override.py:1900} INFO - Created Permission View: can delete on DAG:init_sqlite_db
[2025-10-11T14:13:02.599+0000] {logging_mixin.py:190} INFO - [2025-10-11T14:13:02.599+0000] {override.py:1900} INFO - Created Permission View: can edit on DAG:init_sqlite_db
[2025-10-11T14:13:02.636+0000] {logging_mixin.py:190} INFO - [2025-10-11T14:13:02.636+0000] {override.py:1900} INFO - Created Permission View: can read on DAG:init_sqlite_db
[2025-10-11T14:13:02.687+0000] {logging_mixin.py:190} INFO - [2025-10-11T14:13:02.686+0000] {override.py:1900} INFO - Created Permission View: can delete on DAG Run:init_sqlite_db
[2025-10-11T14:13:02.717+0000] {logging_mixin.py:190} INFO - [2025-10-11T14:13:02.716+0000] {override.py:1900} INFO - Created Permission View: can create on DAG Run:init_sqlite_db
[2025-10-11T14:13:02.749+0000] {logging_mixin.py:190} INFO - [2025-10-11T14:13:02.748+0000] {override.py:1900} INFO - Created Permission View: menu access on DAG Run:init_sqlite_db
[2025-10-11T14:13:02.778+0000] {logging_mixin.py:190} INFO - [2025-10-11T14:13:02.778+0000] {override.py:1900} INFO - Created Permission View: can read on DAG Run:init_sqlite_db
[2025-10-11T14:13:02.779+0000] {logging_mixin.py:190} INFO - [2025-10-11T14:13:02.779+0000] {dag.py:3239} INFO - Sync 1 DAGs
[2025-10-11T14:13:02.798+0000] {logging_mixin.py:190} INFO - [2025-10-11T14:13:02.798+0000] {dag.py:3262} INFO - Creating ORM DAG for init_sqlite_db
[2025-10-11T14:13:02.799+0000] {logging_mixin.py:190} INFO - [2025-10-11T14:13:02.799+0000] {dag.py:4180} INFO - Setting next_dagrun for init_sqlite_db to None, run_after=None
[2025-10-11T14:13:02.862+0000] {processor.py:208} INFO - Processing /opt/airflow/dags/init_sqlite_db.py took 0.752 seconds
[2025-10-11T14:13:34.163+0000] {processor.py:186} INFO - Started process (PID=28) to work on /opt/airflow/dags/init_sqlite_db.py
[2025-10-11T14:13:34.164+0000] {processor.py:914} INFO - Processing file /opt/airflow/dags/init_sqlite_db.py for tasks to queue
[2025-10-11T14:13:34.167+0000] {logging_mixin.py:190} INFO - [2025-10-11T14:13:34.167+0000] {dagbag.py:588} INFO - Filling up the DagBag from /opt/airflow/dags/init_sqlite_db.py
[2025-10-11T14:13:34.198+0000] {processor.py:925} INFO - DAG(s) 'init_sqlite_db' retrieved from /opt/airflow/dags/init_sqlite_db.py
[2025-10-11T14:13:34.245+0000] {logging_mixin.py:190} INFO - [2025-10-11T14:13:34.245+0000] {dag.py:3239} INFO - Sync 1 DAGs
[2025-10-11T14:13:34.268+0000] {logging_mixin.py:190} INFO - [2025-10-11T14:13:34.268+0000] {dag.py:4180} INFO - Setting next_dagrun for init_sqlite_db to None, run_after=None
[2025-10-11T14:13:34.409+0000] {processor.py:208} INFO - Processing /opt/airflow/dags/init_sqlite_db.py took 0.251 seconds
[2025-10-11T14:14:05.283+0000] {processor.py:186} INFO - Started process (PID=40) to work on /opt/airflow/dags/init_sqlite_db.py
[2025-10-11T14:14:05.284+0000] {processor.py:914} INFO - Processing file /opt/airflow/dags/init_sqlite_db.py for tasks to queue
[2025-10-11T14:14:05.287+0000] {logging_mixin.py:190} INFO - [2025-10-11T14:14:05.287+0000] {dagbag.py:588} INFO - Filling up the DagBag from /opt/airflow/dags/init_sqlite_db.py
[2025-10-11T14:14:05.307+0000] {processor.py:925} INFO - DAG(s) 'init_sqlite_db' retrieved from /opt/airflow/dags/init_sqlite_db.py
[2025-10-11T14:14:05.343+0000] {logging_mixin.py:190} INFO - [2025-10-11T14:14:05.343+0000] {dag.py:3239} INFO - Sync 1 DAGs
[2025-10-11T14:14:05.360+0000] {logging_mixin.py:190} INFO - [2025-10-11T14:14:05.360+0000] {dag.py:4180} INFO - Setting next_dagrun for init_sqlite_db to None, run_after=None
[2025-10-11T14:14:05.417+0000] {processor.py:208} INFO - Processing /opt/airflow/dags/init_sqlite_db.py took 0.140 seconds
[2025-10-11T14:14:35.790+0000] {processor.py:186} INFO - Started process (PID=42) to work on /opt/airflow/dags/init_sqlite_db.py
[2025-10-11T14:14:35.792+0000] {processor.py:914} INFO - Processing file /opt/airflow/dags/init_sqlite_db.py for tasks to queue
[2025-10-11T14:14:35.794+0000] {logging_mixin.py:190} INFO - [2025-10-11T14:14:35.794+0000] {dagbag.py:588} INFO - Filling up the DagBag from /opt/airflow/dags/init_sqlite_db.py
[2025-10-11T14:14:35.837+0000] {processor.py:925} INFO - DAG(s) 'init_sqlite_db' retrieved from /opt/airflow/dags/init_sqlite_db.py
[2025-10-11T14:14:35.883+0000] {logging_mixin.py:190} INFO - [2025-10-11T14:14:35.883+0000] {dag.py:3239} INFO - Sync 1 DAGs
[2025-10-11T14:14:35.902+0000] {logging_mixin.py:190} INFO - [2025-10-11T14:14:35.902+0000] {dag.py:4180} INFO - Setting next_dagrun for init_sqlite_db to None, run_after=None
[2025-10-11T14:14:36.081+0000] {processor.py:208} INFO - Processing /opt/airflow/dags/init_sqlite_db.py took 0.296 seconds
[2025-10-11T14:15:06.593+0000] {processor.py:186} INFO - Started process (PID=44) to work on /opt/airflow/dags/init_sqlite_db.py
[2025-10-11T14:15:06.594+0000] {processor.py:914} INFO - Processing file /opt/airflow/dags/init_sqlite_db.py for tasks to queue
[2025-10-11T14:15:06.597+0000] {logging_mixin.py:190} INFO - [2025-10-11T14:15:06.596+0000] {dagbag.py:588} INFO - Filling up the DagBag from /opt/airflow/dags/init_sqlite_db.py
[2025-10-11T14:15:06.640+0000] {processor.py:925} INFO - DAG(s) 'init_sqlite_db' retrieved from /opt/airflow/dags/init_sqlite_db.py
[2025-10-11T14:15:06.688+0000] {logging_mixin.py:190} INFO - [2025-10-11T14:15:06.688+0000] {dag.py:3239} INFO - Sync 1 DAGs
[2025-10-11T14:15:06.707+0000] {logging_mixin.py:190} INFO - [2025-10-11T14:15:06.707+0000] {dag.py:4180} INFO - Setting next_dagrun for init_sqlite_db to None, run_after=None
[2025-10-11T14:15:06.853+0000] {processor.py:208} INFO - Processing /opt/airflow/dags/init_sqlite_db.py took 0.265 seconds
[2025-10-11T14:15:36.910+0000] {processor.py:186} INFO - Started process (PID=46) to work on /opt/airflow/dags/init_sqlite_db.py
[2025-10-11T14:15:36.911+0000] {processor.py:914} INFO - Processing file /opt/airflow/dags/init_sqlite_db.py for tasks to queue
[2025-10-11T14:15:36.913+0000] {logging_mixin.py:190} INFO - [2025-10-11T14:15:36.913+0000] {dagbag.py:588} INFO - Filling up the DagBag from /opt/airflow/dags/init_sqlite_db.py
[2025-10-11T14:15:36.937+0000] {processor.py:925} INFO - DAG(s) 'init_sqlite_db' retrieved from /opt/airflow/dags/init_sqlite_db.py
[2025-10-11T14:15:36.985+0000] {logging_mixin.py:190} INFO - [2025-10-11T14:15:36.985+0000] {dag.py:3239} INFO - Sync 1 DAGs
[2025-10-11T14:15:37.006+0000] {logging_mixin.py:190} INFO - [2025-10-11T14:15:37.006+0000] {dag.py:4180} INFO - Setting next_dagrun for init_sqlite_db to None, run_after=None
[2025-10-11T14:15:37.164+0000] {processor.py:208} INFO - Processing /opt/airflow/dags/init_sqlite_db.py took 0.259 seconds
[2025-10-11T14:16:07.535+0000] {processor.py:186} INFO - Started process (PID=48) to work on /opt/airflow/dags/init_sqlite_db.py
[2025-10-11T14:16:07.536+0000] {processor.py:914} INFO - Processing file /opt/airflow/dags/init_sqlite_db.py for tasks to queue
[2025-10-11T14:16:07.540+0000] {logging_mixin.py:190} INFO - [2025-10-11T14:16:07.539+0000] {dagbag.py:588} INFO - Filling up the DagBag from /opt/airflow/dags/init_sqlite_db.py
[2025-10-11T14:16:07.583+0000] {processor.py:925} INFO - DAG(s) 'init_sqlite_db' retrieved from /opt/airflow/dags/init_sqlite_db.py
[2025-10-11T14:16:07.633+0000] {logging_mixin.py:190} INFO - [2025-10-11T14:16:07.633+0000] {dag.py:3239} INFO - Sync 1 DAGs
[2025-10-11T14:16:07.655+0000] {logging_mixin.py:190} INFO - [2025-10-11T14:16:07.654+0000] {dag.py:4180} INFO - Setting next_dagrun for init_sqlite_db to None, run_after=None
[2025-10-11T14:16:07.785+0000] {processor.py:208} INFO - Processing /opt/airflow/dags/init_sqlite_db.py took 0.254 seconds
[2025-10-11T14:19:00.274+0000] {processor.py:186} INFO - Started process (PID=26) to work on /opt/airflow/dags/init_sqlite_db.py
[2025-10-11T14:19:00.275+0000] {processor.py:914} INFO - Processing file /opt/airflow/dags/init_sqlite_db.py for tasks to queue
[2025-10-11T14:19:00.278+0000] {logging_mixin.py:190} INFO - [2025-10-11T14:19:00.277+0000] {dagbag.py:588} INFO - Filling up the DagBag from /opt/airflow/dags/init_sqlite_db.py
[2025-10-11T14:19:00.309+0000] {processor.py:925} INFO - DAG(s) 'init_sqlite_db' retrieved from /opt/airflow/dags/init_sqlite_db.py
[2025-10-11T14:19:00.361+0000] {logging_mixin.py:190} INFO - [2025-10-11T14:19:00.360+0000] {dag.py:3239} INFO - Sync 1 DAGs
[2025-10-11T14:19:00.381+0000] {logging_mixin.py:190} INFO - [2025-10-11T14:19:00.381+0000] {dag.py:4180} INFO - Setting next_dagrun for init_sqlite_db to None, run_after=None
[2025-10-11T14:19:00.583+0000] {processor.py:208} INFO - Processing /opt/airflow/dags/init_sqlite_db.py took 0.314 seconds
[2025-10-11T14:19:30.955+0000] {processor.py:186} INFO - Started process (PID=28) to work on /opt/airflow/dags/init_sqlite_db.py
[2025-10-11T14:19:30.956+0000] {processor.py:914} INFO - Processing file /opt/airflow/dags/init_sqlite_db.py for tasks to queue
[2025-10-11T14:19:30.959+0000] {logging_mixin.py:190} INFO - [2025-10-11T14:19:30.959+0000] {dagbag.py:588} INFO - Filling up the DagBag from /opt/airflow/dags/init_sqlite_db.py
[2025-10-11T14:19:30.999+0000] {processor.py:925} INFO - DAG(s) 'init_sqlite_db' retrieved from /opt/airflow/dags/init_sqlite_db.py
[2025-10-11T14:19:31.047+0000] {logging_mixin.py:190} INFO - [2025-10-11T14:19:31.046+0000] {dag.py:3239} INFO - Sync 1 DAGs
[2025-10-11T14:19:31.070+0000] {logging_mixin.py:190} INFO - [2025-10-11T14:19:31.069+0000] {dag.py:4180} INFO - Setting next_dagrun for init_sqlite_db to None, run_after=None
[2025-10-11T14:19:31.173+0000] {processor.py:208} INFO - Processing /opt/airflow/dags/init_sqlite_db.py took 0.224 seconds
[2025-10-11T14:20:02.166+0000] {processor.py:186} INFO - Started process (PID=30) to work on /opt/airflow/dags/init_sqlite_db.py
[2025-10-11T14:20:02.168+0000] {processor.py:914} INFO - Processing file /opt/airflow/dags/init_sqlite_db.py for tasks to queue
[2025-10-11T14:20:02.172+0000] {logging_mixin.py:190} INFO - [2025-10-11T14:20:02.171+0000] {dagbag.py:588} INFO - Filling up the DagBag from /opt/airflow/dags/init_sqlite_db.py
[2025-10-11T14:20:02.214+0000] {processor.py:925} INFO - DAG(s) 'init_sqlite_db' retrieved from /opt/airflow/dags/init_sqlite_db.py
[2025-10-11T14:20:02.263+0000] {logging_mixin.py:190} INFO - [2025-10-11T14:20:02.263+0000] {dag.py:3239} INFO - Sync 1 DAGs
[2025-10-11T14:20:02.282+0000] {logging_mixin.py:190} INFO - [2025-10-11T14:20:02.282+0000] {dag.py:4180} INFO - Setting next_dagrun for init_sqlite_db to None, run_after=None
[2025-10-11T14:20:02.444+0000] {processor.py:208} INFO - Processing /opt/airflow/dags/init_sqlite_db.py took 0.283 seconds
[2025-10-11T14:20:32.652+0000] {processor.py:186} INFO - Started process (PID=32) to work on /opt/airflow/dags/init_sqlite_db.py
[2025-10-11T14:20:32.653+0000] {processor.py:914} INFO - Processing file /opt/airflow/dags/init_sqlite_db.py for tasks to queue
[2025-10-11T14:20:32.656+0000] {logging_mixin.py:190} INFO - [2025-10-11T14:20:32.656+0000] {dagbag.py:588} INFO - Filling up the DagBag from /opt/airflow/dags/init_sqlite_db.py
[2025-10-11T14:20:32.699+0000] {processor.py:925} INFO - DAG(s) 'init_sqlite_db' retrieved from /opt/airflow/dags/init_sqlite_db.py
[2025-10-11T14:20:32.748+0000] {logging_mixin.py:190} INFO - [2025-10-11T14:20:32.748+0000] {dag.py:3239} INFO - Sync 1 DAGs
[2025-10-11T14:20:32.771+0000] {logging_mixin.py:190} INFO - [2025-10-11T14:20:32.771+0000] {dag.py:4180} INFO - Setting next_dagrun for init_sqlite_db to None, run_after=None
[2025-10-11T14:20:32.910+0000] {processor.py:208} INFO - Processing /opt/airflow/dags/init_sqlite_db.py took 0.264 seconds
[2025-10-11T14:21:03.143+0000] {processor.py:186} INFO - Started process (PID=34) to work on /opt/airflow/dags/init_sqlite_db.py
[2025-10-11T14:21:03.145+0000] {processor.py:914} INFO - Processing file /opt/airflow/dags/init_sqlite_db.py for tasks to queue
[2025-10-11T14:21:03.148+0000] {logging_mixin.py:190} INFO - [2025-10-11T14:21:03.148+0000] {dagbag.py:588} INFO - Filling up the DagBag from /opt/airflow/dags/init_sqlite_db.py
[2025-10-11T14:21:03.186+0000] {processor.py:925} INFO - DAG(s) 'init_sqlite_db' retrieved from /opt/airflow/dags/init_sqlite_db.py
[2025-10-11T14:21:03.233+0000] {logging_mixin.py:190} INFO - [2025-10-11T14:21:03.233+0000] {dag.py:3239} INFO - Sync 1 DAGs
[2025-10-11T14:21:03.255+0000] {logging_mixin.py:190} INFO - [2025-10-11T14:21:03.254+0000] {dag.py:4180} INFO - Setting next_dagrun for init_sqlite_db to None, run_after=None
[2025-10-11T14:21:03.423+0000] {processor.py:208} INFO - Processing /opt/airflow/dags/init_sqlite_db.py took 0.284 seconds
[2025-10-11T14:21:33.674+0000] {processor.py:186} INFO - Started process (PID=36) to work on /opt/airflow/dags/init_sqlite_db.py
[2025-10-11T14:21:33.675+0000] {processor.py:914} INFO - Processing file /opt/airflow/dags/init_sqlite_db.py for tasks to queue
[2025-10-11T14:21:33.678+0000] {logging_mixin.py:190} INFO - [2025-10-11T14:21:33.677+0000] {dagbag.py:588} INFO - Filling up the DagBag from /opt/airflow/dags/init_sqlite_db.py
[2025-10-11T14:21:33.718+0000] {processor.py:925} INFO - DAG(s) 'init_sqlite_db' retrieved from /opt/airflow/dags/init_sqlite_db.py
[2025-10-11T14:21:33.764+0000] {logging_mixin.py:190} INFO - [2025-10-11T14:21:33.763+0000] {dag.py:3239} INFO - Sync 1 DAGs
[2025-10-11T14:21:33.784+0000] {logging_mixin.py:190} INFO - [2025-10-11T14:21:33.784+0000] {dag.py:4180} INFO - Setting next_dagrun for init_sqlite_db to None, run_after=None
[2025-10-11T14:21:33.945+0000] {processor.py:208} INFO - Processing /opt/airflow/dags/init_sqlite_db.py took 0.276 seconds
[2025-10-11T14:22:04.956+0000] {processor.py:186} INFO - Started process (PID=38) to work on /opt/airflow/dags/init_sqlite_db.py
[2025-10-11T14:22:04.958+0000] {processor.py:914} INFO - Processing file /opt/airflow/dags/init_sqlite_db.py for tasks to queue
[2025-10-11T14:22:04.961+0000] {logging_mixin.py:190} INFO - [2025-10-11T14:22:04.961+0000] {dagbag.py:588} INFO - Filling up the DagBag from /opt/airflow/dags/init_sqlite_db.py
[2025-10-11T14:22:05.006+0000] {processor.py:925} INFO - DAG(s) 'init_sqlite_db' retrieved from /opt/airflow/dags/init_sqlite_db.py
[2025-10-11T14:22:05.058+0000] {logging_mixin.py:190} INFO - [2025-10-11T14:22:05.058+0000] {dag.py:3239} INFO - Sync 1 DAGs
[2025-10-11T14:22:05.079+0000] {logging_mixin.py:190} INFO - [2025-10-11T14:22:05.079+0000] {dag.py:4180} INFO - Setting next_dagrun for init_sqlite_db to None, run_after=None
[2025-10-11T14:22:05.239+0000] {processor.py:208} INFO - Processing /opt/airflow/dags/init_sqlite_db.py took 0.289 seconds
[2025-10-11T14:22:36.200+0000] {processor.py:186} INFO - Started process (PID=40) to work on /opt/airflow/dags/init_sqlite_db.py
[2025-10-11T14:22:36.202+0000] {processor.py:914} INFO - Processing file /opt/airflow/dags/init_sqlite_db.py for tasks to queue
[2025-10-11T14:22:36.205+0000] {logging_mixin.py:190} INFO - [2025-10-11T14:22:36.204+0000] {dagbag.py:588} INFO - Filling up the DagBag from /opt/airflow/dags/init_sqlite_db.py
[2025-10-11T14:22:36.247+0000] {processor.py:925} INFO - DAG(s) 'init_sqlite_db' retrieved from /opt/airflow/dags/init_sqlite_db.py
[2025-10-11T14:22:36.296+0000] {logging_mixin.py:190} INFO - [2025-10-11T14:22:36.296+0000] {dag.py:3239} INFO - Sync 1 DAGs
[2025-10-11T14:22:36.317+0000] {logging_mixin.py:190} INFO - [2025-10-11T14:22:36.316+0000] {dag.py:4180} INFO - Setting next_dagrun for init_sqlite_db to None, run_after=None
[2025-10-11T14:22:36.441+0000] {processor.py:208} INFO - Processing /opt/airflow/dags/init_sqlite_db.py took 0.246 seconds
[2025-10-11T14:23:07.533+0000] {processor.py:186} INFO - Started process (PID=42) to work on /opt/airflow/dags/init_sqlite_db.py
[2025-10-11T14:23:07.534+0000] {processor.py:914} INFO - Processing file /opt/airflow/dags/init_sqlite_db.py for tasks to queue
[2025-10-11T14:23:07.536+0000] {logging_mixin.py:190} INFO - [2025-10-11T14:23:07.536+0000] {dagbag.py:588} INFO - Filling up the DagBag from /opt/airflow/dags/init_sqlite_db.py
[2025-10-11T14:23:07.562+0000] {processor.py:925} INFO - DAG(s) 'init_sqlite_db' retrieved from /opt/airflow/dags/init_sqlite_db.py
[2025-10-11T14:23:07.605+0000] {logging_mixin.py:190} INFO - [2025-10-11T14:23:07.605+0000] {dag.py:3239} INFO - Sync 1 DAGs
[2025-10-11T14:23:07.626+0000] {logging_mixin.py:190} INFO - [2025-10-11T14:23:07.625+0000] {dag.py:4180} INFO - Setting next_dagrun for init_sqlite_db to None, run_after=None
[2025-10-11T14:23:07.761+0000] {processor.py:208} INFO - Processing /opt/airflow/dags/init_sqlite_db.py took 0.233 seconds
[2025-10-11T14:23:39.087+0000] {processor.py:186} INFO - Started process (PID=44) to work on /opt/airflow/dags/init_sqlite_db.py
[2025-10-11T14:23:39.113+0000] {processor.py:914} INFO - Processing file /opt/airflow/dags/init_sqlite_db.py for tasks to queue
[2025-10-11T14:23:39.118+0000] {logging_mixin.py:190} INFO - [2025-10-11T14:23:39.118+0000] {dagbag.py:588} INFO - Filling up the DagBag from /opt/airflow/dags/init_sqlite_db.py
[2025-10-11T14:23:39.172+0000] {processor.py:925} INFO - DAG(s) 'init_sqlite_db' retrieved from /opt/airflow/dags/init_sqlite_db.py
[2025-10-11T14:23:39.238+0000] {logging_mixin.py:190} INFO - [2025-10-11T14:23:39.238+0000] {dag.py:3239} INFO - Sync 1 DAGs
[2025-10-11T14:23:39.259+0000] {logging_mixin.py:190} INFO - [2025-10-11T14:23:39.259+0000] {dag.py:4180} INFO - Setting next_dagrun for init_sqlite_db to None, run_after=None
[2025-10-11T14:23:39.361+0000] {processor.py:208} INFO - Processing /opt/airflow/dags/init_sqlite_db.py took 0.278 seconds
[2025-10-11T14:24:09.570+0000] {processor.py:186} INFO - Started process (PID=46) to work on /opt/airflow/dags/init_sqlite_db.py
[2025-10-11T14:24:09.571+0000] {processor.py:914} INFO - Processing file /opt/airflow/dags/init_sqlite_db.py for tasks to queue
[2025-10-11T14:24:09.574+0000] {logging_mixin.py:190} INFO - [2025-10-11T14:24:09.573+0000] {dagbag.py:588} INFO - Filling up the DagBag from /opt/airflow/dags/init_sqlite_db.py
[2025-10-11T14:24:09.617+0000] {processor.py:925} INFO - DAG(s) 'init_sqlite_db' retrieved from /opt/airflow/dags/init_sqlite_db.py
[2025-10-11T14:24:09.668+0000] {logging_mixin.py:190} INFO - [2025-10-11T14:24:09.668+0000] {dag.py:3239} INFO - Sync 1 DAGs
[2025-10-11T14:24:09.690+0000] {logging_mixin.py:190} INFO - [2025-10-11T14:24:09.689+0000] {dag.py:4180} INFO - Setting next_dagrun for init_sqlite_db to None, run_after=None
[2025-10-11T14:24:09.827+0000] {processor.py:208} INFO - Processing /opt/airflow/dags/init_sqlite_db.py took 0.261 seconds
[2025-10-11T14:24:40.005+0000] {processor.py:186} INFO - Started process (PID=48) to work on /opt/airflow/dags/init_sqlite_db.py
[2025-10-11T14:24:40.006+0000] {processor.py:914} INFO - Processing file /opt/airflow/dags/init_sqlite_db.py for tasks to queue
[2025-10-11T14:24:40.008+0000] {logging_mixin.py:190} INFO - [2025-10-11T14:24:40.008+0000] {dagbag.py:588} INFO - Filling up the DagBag from /opt/airflow/dags/init_sqlite_db.py
[2025-10-11T14:24:40.036+0000] {processor.py:925} INFO - DAG(s) 'init_sqlite_db' retrieved from /opt/airflow/dags/init_sqlite_db.py
[2025-10-11T14:24:40.088+0000] {logging_mixin.py:190} INFO - [2025-10-11T14:24:40.087+0000] {dag.py:3239} INFO - Sync 1 DAGs
[2025-10-11T14:24:40.109+0000] {logging_mixin.py:190} INFO - [2025-10-11T14:24:40.109+0000] {dag.py:4180} INFO - Setting next_dagrun for init_sqlite_db to None, run_after=None
[2025-10-11T14:24:40.243+0000] {processor.py:208} INFO - Processing /opt/airflow/dags/init_sqlite_db.py took 0.243 seconds
[2025-10-11T14:25:10.595+0000] {processor.py:186} INFO - Started process (PID=50) to work on /opt/airflow/dags/init_sqlite_db.py
[2025-10-11T14:25:10.597+0000] {processor.py:914} INFO - Processing file /opt/airflow/dags/init_sqlite_db.py for tasks to queue
[2025-10-11T14:25:10.599+0000] {logging_mixin.py:190} INFO - [2025-10-11T14:25:10.599+0000] {dagbag.py:588} INFO - Filling up the DagBag from /opt/airflow/dags/init_sqlite_db.py
[2025-10-11T14:25:10.641+0000] {processor.py:925} INFO - DAG(s) 'init_sqlite_db' retrieved from /opt/airflow/dags/init_sqlite_db.py
[2025-10-11T14:25:10.686+0000] {logging_mixin.py:190} INFO - [2025-10-11T14:25:10.686+0000] {dag.py:3239} INFO - Sync 1 DAGs
[2025-10-11T14:25:10.706+0000] {logging_mixin.py:190} INFO - [2025-10-11T14:25:10.706+0000] {dag.py:4180} INFO - Setting next_dagrun for init_sqlite_db to None, run_after=None
[2025-10-11T14:25:10.845+0000] {processor.py:208} INFO - Processing /opt/airflow/dags/init_sqlite_db.py took 0.254 seconds
[2025-10-11T14:25:42.048+0000] {processor.py:186} INFO - Started process (PID=52) to work on /opt/airflow/dags/init_sqlite_db.py
[2025-10-11T14:25:42.050+0000] {processor.py:914} INFO - Processing file /opt/airflow/dags/init_sqlite_db.py for tasks to queue
[2025-10-11T14:25:42.052+0000] {logging_mixin.py:190} INFO - [2025-10-11T14:25:42.052+0000] {dagbag.py:588} INFO - Filling up the DagBag from /opt/airflow/dags/init_sqlite_db.py
[2025-10-11T14:25:42.097+0000] {processor.py:925} INFO - DAG(s) 'init_sqlite_db' retrieved from /opt/airflow/dags/init_sqlite_db.py
[2025-10-11T14:25:42.145+0000] {logging_mixin.py:190} INFO - [2025-10-11T14:25:42.145+0000] {dag.py:3239} INFO - Sync 1 DAGs
[2025-10-11T14:25:42.166+0000] {logging_mixin.py:190} INFO - [2025-10-11T14:25:42.166+0000] {dag.py:4180} INFO - Setting next_dagrun for init_sqlite_db to None, run_after=None
[2025-10-11T14:25:42.342+0000] {processor.py:208} INFO - Processing /opt/airflow/dags/init_sqlite_db.py took 0.298 seconds
[2025-10-11T14:26:12.872+0000] {processor.py:186} INFO - Started process (PID=54) to work on /opt/airflow/dags/init_sqlite_db.py
[2025-10-11T14:26:12.873+0000] {processor.py:914} INFO - Processing file /opt/airflow/dags/init_sqlite_db.py for tasks to queue
[2025-10-11T14:26:12.876+0000] {logging_mixin.py:190} INFO - [2025-10-11T14:26:12.876+0000] {dagbag.py:588} INFO - Filling up the DagBag from /opt/airflow/dags/init_sqlite_db.py
[2025-10-11T14:26:12.894+0000] {processor.py:925} INFO - DAG(s) 'init_sqlite_db' retrieved from /opt/airflow/dags/init_sqlite_db.py
[2025-10-11T14:26:12.942+0000] {logging_mixin.py:190} INFO - [2025-10-11T14:26:12.942+0000] {dag.py:3239} INFO - Sync 1 DAGs
[2025-10-11T14:26:12.962+0000] {logging_mixin.py:190} INFO - [2025-10-11T14:26:12.962+0000] {dag.py:4180} INFO - Setting next_dagrun for init_sqlite_db to None, run_after=None
[2025-10-11T14:26:13.124+0000] {processor.py:208} INFO - Processing /opt/airflow/dags/init_sqlite_db.py took 0.256 seconds
[2025-10-11T14:26:44.269+0000] {processor.py:186} INFO - Started process (PID=56) to work on /opt/airflow/dags/init_sqlite_db.py
[2025-10-11T14:26:44.270+0000] {processor.py:914} INFO - Processing file /opt/airflow/dags/init_sqlite_db.py for tasks to queue
[2025-10-11T14:26:44.273+0000] {logging_mixin.py:190} INFO - [2025-10-11T14:26:44.272+0000] {dagbag.py:588} INFO - Filling up the DagBag from /opt/airflow/dags/init_sqlite_db.py
[2025-10-11T14:26:44.293+0000] {processor.py:925} INFO - DAG(s) 'init_sqlite_db' retrieved from /opt/airflow/dags/init_sqlite_db.py
[2025-10-11T14:26:44.332+0000] {logging_mixin.py:190} INFO - [2025-10-11T14:26:44.331+0000] {dag.py:3239} INFO - Sync 1 DAGs
[2025-10-11T14:26:44.351+0000] {logging_mixin.py:190} INFO - [2025-10-11T14:26:44.351+0000] {dag.py:4180} INFO - Setting next_dagrun for init_sqlite_db to None, run_after=None
[2025-10-11T14:26:44.483+0000] {processor.py:208} INFO - Processing /opt/airflow/dags/init_sqlite_db.py took 0.219 seconds
[2025-10-11T14:27:14.794+0000] {processor.py:186} INFO - Started process (PID=58) to work on /opt/airflow/dags/init_sqlite_db.py
[2025-10-11T14:27:14.796+0000] {processor.py:914} INFO - Processing file /opt/airflow/dags/init_sqlite_db.py for tasks to queue
[2025-10-11T14:27:14.799+0000] {logging_mixin.py:190} INFO - [2025-10-11T14:27:14.798+0000] {dagbag.py:588} INFO - Filling up the DagBag from /opt/airflow/dags/init_sqlite_db.py
[2025-10-11T14:27:14.834+0000] {processor.py:925} INFO - DAG(s) 'init_sqlite_db' retrieved from /opt/airflow/dags/init_sqlite_db.py
[2025-10-11T14:27:14.878+0000] {logging_mixin.py:190} INFO - [2025-10-11T14:27:14.878+0000] {dag.py:3239} INFO - Sync 1 DAGs
[2025-10-11T14:27:14.900+0000] {logging_mixin.py:190} INFO - [2025-10-11T14:27:14.900+0000] {dag.py:4180} INFO - Setting next_dagrun for init_sqlite_db to None, run_after=None
[2025-10-11T14:27:15.062+0000] {processor.py:208} INFO - Processing /opt/airflow/dags/init_sqlite_db.py took 0.274 seconds
[2025-10-11T14:27:45.497+0000] {processor.py:186} INFO - Started process (PID=60) to work on /opt/airflow/dags/init_sqlite_db.py
[2025-10-11T14:27:45.498+0000] {processor.py:914} INFO - Processing file /opt/airflow/dags/init_sqlite_db.py for tasks to queue
[2025-10-11T14:27:45.501+0000] {logging_mixin.py:190} INFO - [2025-10-11T14:27:45.500+0000] {dagbag.py:588} INFO - Filling up the DagBag from /opt/airflow/dags/init_sqlite_db.py
[2025-10-11T14:27:45.526+0000] {processor.py:925} INFO - DAG(s) 'init_sqlite_db' retrieved from /opt/airflow/dags/init_sqlite_db.py
[2025-10-11T14:27:45.572+0000] {logging_mixin.py:190} INFO - [2025-10-11T14:27:45.571+0000] {dag.py:3239} INFO - Sync 1 DAGs
[2025-10-11T14:27:45.592+0000] {logging_mixin.py:190} INFO - [2025-10-11T14:27:45.592+0000] {dag.py:4180} INFO - Setting next_dagrun for init_sqlite_db to None, run_after=None
[2025-10-11T14:27:45.734+0000] {processor.py:208} INFO - Processing /opt/airflow/dags/init_sqlite_db.py took 0.241 seconds
[2025-10-11T14:28:16.386+0000] {processor.py:186} INFO - Started process (PID=62) to work on /opt/airflow/dags/init_sqlite_db.py
[2025-10-11T14:28:16.388+0000] {processor.py:914} INFO - Processing file /opt/airflow/dags/init_sqlite_db.py for tasks to queue
[2025-10-11T14:28:16.391+0000] {logging_mixin.py:190} INFO - [2025-10-11T14:28:16.390+0000] {dagbag.py:588} INFO - Filling up the DagBag from /opt/airflow/dags/init_sqlite_db.py
[2025-10-11T14:28:16.408+0000] {processor.py:925} INFO - DAG(s) 'init_sqlite_db' retrieved from /opt/airflow/dags/init_sqlite_db.py
[2025-10-11T14:28:16.441+0000] {logging_mixin.py:190} INFO - [2025-10-11T14:28:16.441+0000] {dag.py:3239} INFO - Sync 1 DAGs
[2025-10-11T14:28:16.464+0000] {logging_mixin.py:190} INFO - [2025-10-11T14:28:16.464+0000] {dag.py:4180} INFO - Setting next_dagrun for init_sqlite_db to None, run_after=None
[2025-10-11T14:28:16.566+0000] {processor.py:208} INFO - Processing /opt/airflow/dags/init_sqlite_db.py took 0.185 seconds
[2025-10-11T14:28:47.208+0000] {processor.py:186} INFO - Started process (PID=64) to work on /opt/airflow/dags/init_sqlite_db.py
[2025-10-11T14:28:47.209+0000] {processor.py:914} INFO - Processing file /opt/airflow/dags/init_sqlite_db.py for tasks to queue
[2025-10-11T14:28:47.211+0000] {logging_mixin.py:190} INFO - [2025-10-11T14:28:47.210+0000] {dagbag.py:588} INFO - Filling up the DagBag from /opt/airflow/dags/init_sqlite_db.py
[2025-10-11T14:28:47.224+0000] {processor.py:925} INFO - DAG(s) 'init_sqlite_db' retrieved from /opt/airflow/dags/init_sqlite_db.py
[2025-10-11T14:28:47.249+0000] {logging_mixin.py:190} INFO - [2025-10-11T14:28:47.249+0000] {dag.py:3239} INFO - Sync 1 DAGs
[2025-10-11T14:28:47.389+0000] {logging_mixin.py:190} INFO - [2025-10-11T14:28:47.389+0000] {dag.py:4180} INFO - Setting next_dagrun for init_sqlite_db to None, run_after=None
[2025-10-11T14:28:47.495+0000] {processor.py:208} INFO - Processing /opt/airflow/dags/init_sqlite_db.py took 0.291 seconds
[2025-10-11T14:29:18.199+0000] {processor.py:186} INFO - Started process (PID=66) to work on /opt/airflow/dags/init_sqlite_db.py
[2025-10-11T14:29:18.200+0000] {processor.py:914} INFO - Processing file /opt/airflow/dags/init_sqlite_db.py for tasks to queue
[2025-10-11T14:29:18.203+0000] {logging_mixin.py:190} INFO - [2025-10-11T14:29:18.203+0000] {dagbag.py:588} INFO - Filling up the DagBag from /opt/airflow/dags/init_sqlite_db.py
[2025-10-11T14:29:18.216+0000] {processor.py:925} INFO - DAG(s) 'init_sqlite_db' retrieved from /opt/airflow/dags/init_sqlite_db.py
[2025-10-11T14:29:18.238+0000] {logging_mixin.py:190} INFO - [2025-10-11T14:29:18.238+0000] {dag.py:3239} INFO - Sync 1 DAGs
[2025-10-11T14:29:18.387+0000] {logging_mixin.py:190} INFO - [2025-10-11T14:29:18.387+0000] {dag.py:4180} INFO - Setting next_dagrun for init_sqlite_db to None, run_after=None
[2025-10-11T14:29:18.468+0000] {processor.py:208} INFO - Processing /opt/airflow/dags/init_sqlite_db.py took 0.273 seconds
[2025-10-11T14:29:49.102+0000] {processor.py:186} INFO - Started process (PID=68) to work on /opt/airflow/dags/init_sqlite_db.py
[2025-10-11T14:29:49.103+0000] {processor.py:914} INFO - Processing file /opt/airflow/dags/init_sqlite_db.py for tasks to queue
[2025-10-11T14:29:49.105+0000] {logging_mixin.py:190} INFO - [2025-10-11T14:29:49.105+0000] {dagbag.py:588} INFO - Filling up the DagBag from /opt/airflow/dags/init_sqlite_db.py
[2025-10-11T14:29:49.119+0000] {processor.py:925} INFO - DAG(s) 'init_sqlite_db' retrieved from /opt/airflow/dags/init_sqlite_db.py
[2025-10-11T14:29:49.145+0000] {logging_mixin.py:190} INFO - [2025-10-11T14:29:49.145+0000] {dag.py:3239} INFO - Sync 1 DAGs
[2025-10-11T14:29:49.158+0000] {logging_mixin.py:190} INFO - [2025-10-11T14:29:49.158+0000] {dag.py:4180} INFO - Setting next_dagrun for init_sqlite_db to None, run_after=None
[2025-10-11T14:29:49.238+0000] {processor.py:208} INFO - Processing /opt/airflow/dags/init_sqlite_db.py took 0.139 seconds
[2025-10-11T14:30:19.932+0000] {processor.py:186} INFO - Started process (PID=70) to work on /opt/airflow/dags/init_sqlite_db.py
[2025-10-11T14:30:19.933+0000] {processor.py:914} INFO - Processing file /opt/airflow/dags/init_sqlite_db.py for tasks to queue
[2025-10-11T14:30:19.935+0000] {logging_mixin.py:190} INFO - [2025-10-11T14:30:19.935+0000] {dagbag.py:588} INFO - Filling up the DagBag from /opt/airflow/dags/init_sqlite_db.py
[2025-10-11T14:30:19.954+0000] {processor.py:925} INFO - DAG(s) 'init_sqlite_db' retrieved from /opt/airflow/dags/init_sqlite_db.py
[2025-10-11T14:30:19.985+0000] {logging_mixin.py:190} INFO - [2025-10-11T14:30:19.984+0000] {dag.py:3239} INFO - Sync 1 DAGs
[2025-10-11T14:30:19.996+0000] {logging_mixin.py:190} INFO - [2025-10-11T14:30:19.996+0000] {dag.py:4180} INFO - Setting next_dagrun for init_sqlite_db to None, run_after=None
[2025-10-11T14:30:20.036+0000] {processor.py:208} INFO - Processing /opt/airflow/dags/init_sqlite_db.py took 0.112 seconds
[2025-10-11T14:30:51.028+0000] {processor.py:186} INFO - Started process (PID=72) to work on /opt/airflow/dags/init_sqlite_db.py
[2025-10-11T14:30:51.029+0000] {processor.py:914} INFO - Processing file /opt/airflow/dags/init_sqlite_db.py for tasks to queue
[2025-10-11T14:30:51.032+0000] {logging_mixin.py:190} INFO - [2025-10-11T14:30:51.031+0000] {dagbag.py:588} INFO - Filling up the DagBag from /opt/airflow/dags/init_sqlite_db.py
[2025-10-11T14:30:51.045+0000] {processor.py:925} INFO - DAG(s) 'init_sqlite_db' retrieved from /opt/airflow/dags/init_sqlite_db.py
[2025-10-11T14:30:51.067+0000] {logging_mixin.py:190} INFO - [2025-10-11T14:30:51.067+0000] {dag.py:3239} INFO - Sync 1 DAGs
[2025-10-11T14:30:51.078+0000] {logging_mixin.py:190} INFO - [2025-10-11T14:30:51.078+0000] {dag.py:4180} INFO - Setting next_dagrun for init_sqlite_db to None, run_after=None
[2025-10-11T14:30:51.158+0000] {processor.py:208} INFO - Processing /opt/airflow/dags/init_sqlite_db.py took 0.133 seconds
[2025-10-11T14:31:22.043+0000] {processor.py:186} INFO - Started process (PID=74) to work on /opt/airflow/dags/init_sqlite_db.py
[2025-10-11T14:31:22.044+0000] {processor.py:914} INFO - Processing file /opt/airflow/dags/init_sqlite_db.py for tasks to queue
[2025-10-11T14:31:22.046+0000] {logging_mixin.py:190} INFO - [2025-10-11T14:31:22.046+0000] {dagbag.py:588} INFO - Filling up the DagBag from /opt/airflow/dags/init_sqlite_db.py
[2025-10-11T14:31:22.066+0000] {processor.py:925} INFO - DAG(s) 'init_sqlite_db' retrieved from /opt/airflow/dags/init_sqlite_db.py
[2025-10-11T14:31:22.093+0000] {logging_mixin.py:190} INFO - [2025-10-11T14:31:22.093+0000] {dag.py:3239} INFO - Sync 1 DAGs
[2025-10-11T14:31:22.104+0000] {logging_mixin.py:190} INFO - [2025-10-11T14:31:22.104+0000] {dag.py:4180} INFO - Setting next_dagrun for init_sqlite_db to None, run_after=None
[2025-10-11T14:31:22.142+0000] {processor.py:208} INFO - Processing /opt/airflow/dags/init_sqlite_db.py took 0.142 seconds
[2025-10-11T14:31:52.721+0000] {processor.py:186} INFO - Started process (PID=76) to work on /opt/airflow/dags/init_sqlite_db.py
[2025-10-11T14:31:52.722+0000] {processor.py:914} INFO - Processing file /opt/airflow/dags/init_sqlite_db.py for tasks to queue
[2025-10-11T14:31:52.724+0000] {logging_mixin.py:190} INFO - [2025-10-11T14:31:52.723+0000] {dagbag.py:588} INFO - Filling up the DagBag from /opt/airflow/dags/init_sqlite_db.py
[2025-10-11T14:31:52.751+0000] {processor.py:925} INFO - DAG(s) 'init_sqlite_db' retrieved from /opt/airflow/dags/init_sqlite_db.py
[2025-10-11T14:31:52.787+0000] {logging_mixin.py:190} INFO - [2025-10-11T14:31:52.787+0000] {dag.py:3239} INFO - Sync 1 DAGs
[2025-10-11T14:31:52.801+0000] {logging_mixin.py:190} INFO - [2025-10-11T14:31:52.801+0000] {dag.py:4180} INFO - Setting next_dagrun for init_sqlite_db to None, run_after=None
[2025-10-11T14:31:52.908+0000] {processor.py:208} INFO - Processing /opt/airflow/dags/init_sqlite_db.py took 0.191 seconds
[2025-10-11T14:32:23.226+0000] {processor.py:186} INFO - Started process (PID=78) to work on /opt/airflow/dags/init_sqlite_db.py
[2025-10-11T14:32:23.227+0000] {processor.py:914} INFO - Processing file /opt/airflow/dags/init_sqlite_db.py for tasks to queue
[2025-10-11T14:32:23.229+0000] {logging_mixin.py:190} INFO - [2025-10-11T14:32:23.229+0000] {dagbag.py:588} INFO - Filling up the DagBag from /opt/airflow/dags/init_sqlite_db.py
[2025-10-11T14:32:23.248+0000] {processor.py:925} INFO - DAG(s) 'init_sqlite_db' retrieved from /opt/airflow/dags/init_sqlite_db.py
[2025-10-11T14:32:23.276+0000] {logging_mixin.py:190} INFO - [2025-10-11T14:32:23.276+0000] {dag.py:3239} INFO - Sync 1 DAGs
[2025-10-11T14:32:23.288+0000] {logging_mixin.py:190} INFO - [2025-10-11T14:32:23.288+0000] {dag.py:4180} INFO - Setting next_dagrun for init_sqlite_db to None, run_after=None
[2025-10-11T14:32:23.328+0000] {processor.py:208} INFO - Processing /opt/airflow/dags/init_sqlite_db.py took 0.145 seconds
[2025-10-11T14:32:53.557+0000] {processor.py:186} INFO - Started process (PID=80) to work on /opt/airflow/dags/init_sqlite_db.py
[2025-10-11T14:32:53.558+0000] {processor.py:914} INFO - Processing file /opt/airflow/dags/init_sqlite_db.py for tasks to queue
[2025-10-11T14:32:53.560+0000] {logging_mixin.py:190} INFO - [2025-10-11T14:32:53.560+0000] {dagbag.py:588} INFO - Filling up the DagBag from /opt/airflow/dags/init_sqlite_db.py
[2025-10-11T14:32:53.574+0000] {processor.py:925} INFO - DAG(s) 'init_sqlite_db' retrieved from /opt/airflow/dags/init_sqlite_db.py
[2025-10-11T14:32:53.597+0000] {logging_mixin.py:190} INFO - [2025-10-11T14:32:53.597+0000] {dag.py:3239} INFO - Sync 1 DAGs
[2025-10-11T14:32:53.610+0000] {logging_mixin.py:190} INFO - [2025-10-11T14:32:53.610+0000] {dag.py:4180} INFO - Setting next_dagrun for init_sqlite_db to None, run_after=None
[2025-10-11T14:32:53.766+0000] {processor.py:208} INFO - Processing /opt/airflow/dags/init_sqlite_db.py took 0.212 seconds
[2025-10-11T14:33:24.060+0000] {processor.py:186} INFO - Started process (PID=82) to work on /opt/airflow/dags/init_sqlite_db.py
[2025-10-11T14:33:24.061+0000] {processor.py:914} INFO - Processing file /opt/airflow/dags/init_sqlite_db.py for tasks to queue
[2025-10-11T14:33:24.063+0000] {logging_mixin.py:190} INFO - [2025-10-11T14:33:24.063+0000] {dagbag.py:588} INFO - Filling up the DagBag from /opt/airflow/dags/init_sqlite_db.py
[2025-10-11T14:33:24.082+0000] {processor.py:925} INFO - DAG(s) 'init_sqlite_db' retrieved from /opt/airflow/dags/init_sqlite_db.py
[2025-10-11T14:33:24.110+0000] {logging_mixin.py:190} INFO - [2025-10-11T14:33:24.109+0000] {dag.py:3239} INFO - Sync 1 DAGs
[2025-10-11T14:33:24.243+0000] {logging_mixin.py:190} INFO - [2025-10-11T14:33:24.243+0000] {dag.py:4180} INFO - Setting next_dagrun for init_sqlite_db to None, run_after=None
[2025-10-11T14:33:24.281+0000] {processor.py:208} INFO - Processing /opt/airflow/dags/init_sqlite_db.py took 0.264 seconds
[2025-10-11T14:33:54.480+0000] {processor.py:186} INFO - Started process (PID=84) to work on /opt/airflow/dags/init_sqlite_db.py
[2025-10-11T14:33:54.481+0000] {processor.py:914} INFO - Processing file /opt/airflow/dags/init_sqlite_db.py for tasks to queue
[2025-10-11T14:33:54.483+0000] {logging_mixin.py:190} INFO - [2025-10-11T14:33:54.483+0000] {dagbag.py:588} INFO - Filling up the DagBag from /opt/airflow/dags/init_sqlite_db.py
[2025-10-11T14:33:54.497+0000] {processor.py:925} INFO - DAG(s) 'init_sqlite_db' retrieved from /opt/airflow/dags/init_sqlite_db.py
[2025-10-11T14:33:54.519+0000] {logging_mixin.py:190} INFO - [2025-10-11T14:33:54.519+0000] {dag.py:3239} INFO - Sync 1 DAGs
[2025-10-11T14:33:54.648+0000] {logging_mixin.py:190} INFO - [2025-10-11T14:33:54.648+0000] {dag.py:4180} INFO - Setting next_dagrun for init_sqlite_db to None, run_after=None
[2025-10-11T14:33:54.724+0000] {processor.py:208} INFO - Processing /opt/airflow/dags/init_sqlite_db.py took 0.248 seconds
[2025-10-11T14:34:24.977+0000] {processor.py:186} INFO - Started process (PID=86) to work on /opt/airflow/dags/init_sqlite_db.py
[2025-10-11T14:34:24.978+0000] {processor.py:914} INFO - Processing file /opt/airflow/dags/init_sqlite_db.py for tasks to queue
[2025-10-11T14:34:24.980+0000] {logging_mixin.py:190} INFO - [2025-10-11T14:34:24.980+0000] {dagbag.py:588} INFO - Filling up the DagBag from /opt/airflow/dags/init_sqlite_db.py
[2025-10-11T14:34:25.000+0000] {processor.py:925} INFO - DAG(s) 'init_sqlite_db' retrieved from /opt/airflow/dags/init_sqlite_db.py
[2025-10-11T14:34:25.028+0000] {logging_mixin.py:190} INFO - [2025-10-11T14:34:25.028+0000] {dag.py:3239} INFO - Sync 1 DAGs
[2025-10-11T14:34:25.039+0000] {logging_mixin.py:190} INFO - [2025-10-11T14:34:25.039+0000] {dag.py:4180} INFO - Setting next_dagrun for init_sqlite_db to None, run_after=None
[2025-10-11T14:34:25.078+0000] {processor.py:208} INFO - Processing /opt/airflow/dags/init_sqlite_db.py took 0.143 seconds
[2025-10-11T14:34:55.345+0000] {processor.py:186} INFO - Started process (PID=88) to work on /opt/airflow/dags/init_sqlite_db.py
[2025-10-11T14:34:55.346+0000] {processor.py:914} INFO - Processing file /opt/airflow/dags/init_sqlite_db.py for tasks to queue
[2025-10-11T14:34:55.348+0000] {logging_mixin.py:190} INFO - [2025-10-11T14:34:55.348+0000] {dagbag.py:588} INFO - Filling up the DagBag from /opt/airflow/dags/init_sqlite_db.py
[2025-10-11T14:34:55.362+0000] {processor.py:925} INFO - DAG(s) 'init_sqlite_db' retrieved from /opt/airflow/dags/init_sqlite_db.py
[2025-10-11T14:34:55.384+0000] {logging_mixin.py:190} INFO - [2025-10-11T14:34:55.383+0000] {dag.py:3239} INFO - Sync 1 DAGs
[2025-10-11T14:34:55.394+0000] {logging_mixin.py:190} INFO - [2025-10-11T14:34:55.394+0000] {dag.py:4180} INFO - Setting next_dagrun for init_sqlite_db to None, run_after=None
[2025-10-11T14:34:55.476+0000] {processor.py:208} INFO - Processing /opt/airflow/dags/init_sqlite_db.py took 0.135 seconds
[2025-10-11T14:35:25.663+0000] {processor.py:186} INFO - Started process (PID=90) to work on /opt/airflow/dags/init_sqlite_db.py
[2025-10-11T14:35:25.664+0000] {processor.py:914} INFO - Processing file /opt/airflow/dags/init_sqlite_db.py for tasks to queue
[2025-10-11T14:35:25.666+0000] {logging_mixin.py:190} INFO - [2025-10-11T14:35:25.665+0000] {dagbag.py:588} INFO - Filling up the DagBag from /opt/airflow/dags/init_sqlite_db.py
[2025-10-11T14:35:25.685+0000] {processor.py:925} INFO - DAG(s) 'init_sqlite_db' retrieved from /opt/airflow/dags/init_sqlite_db.py
[2025-10-11T14:35:25.713+0000] {logging_mixin.py:190} INFO - [2025-10-11T14:35:25.713+0000] {dag.py:3239} INFO - Sync 1 DAGs
[2025-10-11T14:35:25.726+0000] {logging_mixin.py:190} INFO - [2025-10-11T14:35:25.726+0000] {dag.py:4180} INFO - Setting next_dagrun for init_sqlite_db to None, run_after=None
[2025-10-11T14:35:25.766+0000] {processor.py:208} INFO - Processing /opt/airflow/dags/init_sqlite_db.py took 0.146 seconds
[2025-10-11T14:53:15.485+0000] {processor.py:186} INFO - Started process (PID=92) to work on /opt/airflow/dags/init_sqlite_db.py
[2025-10-11T14:53:15.532+0000] {processor.py:914} INFO - Processing file /opt/airflow/dags/init_sqlite_db.py for tasks to queue
[2025-10-11T14:53:15.550+0000] {logging_mixin.py:190} INFO - [2025-10-11T14:53:15.549+0000] {dagbag.py:588} INFO - Filling up the DagBag from /opt/airflow/dags/init_sqlite_db.py
[2025-10-11T14:53:15.977+0000] {processor.py:925} INFO - DAG(s) 'init_sqlite_db' retrieved from /opt/airflow/dags/init_sqlite_db.py
[2025-10-11T14:53:16.089+0000] {logging_mixin.py:190} INFO - [2025-10-11T14:53:16.086+0000] {dag.py:3239} INFO - Sync 1 DAGs
[2025-10-11T14:53:16.158+0000] {logging_mixin.py:190} INFO - [2025-10-11T14:53:16.158+0000] {dag.py:4180} INFO - Setting next_dagrun for init_sqlite_db to None, run_after=None
[2025-10-11T14:53:16.263+0000] {processor.py:208} INFO - Processing /opt/airflow/dags/init_sqlite_db.py took 0.834 seconds
[2025-10-11T14:53:46.630+0000] {processor.py:186} INFO - Started process (PID=94) to work on /opt/airflow/dags/init_sqlite_db.py
[2025-10-11T14:53:46.631+0000] {processor.py:914} INFO - Processing file /opt/airflow/dags/init_sqlite_db.py for tasks to queue
[2025-10-11T14:53:46.633+0000] {logging_mixin.py:190} INFO - [2025-10-11T14:53:46.633+0000] {dagbag.py:588} INFO - Filling up the DagBag from /opt/airflow/dags/init_sqlite_db.py
[2025-10-11T14:53:46.649+0000] {processor.py:925} INFO - DAG(s) 'init_sqlite_db' retrieved from /opt/airflow/dags/init_sqlite_db.py
[2025-10-11T14:53:46.677+0000] {logging_mixin.py:190} INFO - [2025-10-11T14:53:46.677+0000] {dag.py:3239} INFO - Sync 1 DAGs
[2025-10-11T14:53:46.690+0000] {logging_mixin.py:190} INFO - [2025-10-11T14:53:46.690+0000] {dag.py:4180} INFO - Setting next_dagrun for init_sqlite_db to None, run_after=None
[2025-10-11T14:53:46.780+0000] {processor.py:208} INFO - Processing /opt/airflow/dags/init_sqlite_db.py took 0.153 seconds
[2025-10-11T14:54:17.127+0000] {processor.py:186} INFO - Started process (PID=96) to work on /opt/airflow/dags/init_sqlite_db.py
[2025-10-11T14:54:17.128+0000] {processor.py:914} INFO - Processing file /opt/airflow/dags/init_sqlite_db.py for tasks to queue
[2025-10-11T14:54:17.132+0000] {logging_mixin.py:190} INFO - [2025-10-11T14:54:17.132+0000] {dagbag.py:588} INFO - Filling up the DagBag from /opt/airflow/dags/init_sqlite_db.py
[2025-10-11T14:54:17.163+0000] {processor.py:925} INFO - DAG(s) 'init_sqlite_db' retrieved from /opt/airflow/dags/init_sqlite_db.py
[2025-10-11T14:54:17.194+0000] {logging_mixin.py:190} INFO - [2025-10-11T14:54:17.194+0000] {dag.py:3239} INFO - Sync 1 DAGs
[2025-10-11T14:54:17.210+0000] {logging_mixin.py:190} INFO - [2025-10-11T14:54:17.210+0000] {dag.py:4180} INFO - Setting next_dagrun for init_sqlite_db to None, run_after=None
[2025-10-11T14:54:17.307+0000] {processor.py:208} INFO - Processing /opt/airflow/dags/init_sqlite_db.py took 0.184 seconds
[2025-10-11T14:54:47.640+0000] {processor.py:186} INFO - Started process (PID=98) to work on /opt/airflow/dags/init_sqlite_db.py
[2025-10-11T14:54:47.641+0000] {processor.py:914} INFO - Processing file /opt/airflow/dags/init_sqlite_db.py for tasks to queue
[2025-10-11T14:54:47.643+0000] {logging_mixin.py:190} INFO - [2025-10-11T14:54:47.643+0000] {dagbag.py:588} INFO - Filling up the DagBag from /opt/airflow/dags/init_sqlite_db.py
[2025-10-11T14:54:47.658+0000] {processor.py:925} INFO - DAG(s) 'init_sqlite_db' retrieved from /opt/airflow/dags/init_sqlite_db.py
[2025-10-11T14:54:47.684+0000] {logging_mixin.py:190} INFO - [2025-10-11T14:54:47.684+0000] {dag.py:3239} INFO - Sync 1 DAGs
[2025-10-11T14:54:47.696+0000] {logging_mixin.py:190} INFO - [2025-10-11T14:54:47.696+0000] {dag.py:4180} INFO - Setting next_dagrun for init_sqlite_db to None, run_after=None
[2025-10-11T14:54:47.798+0000] {processor.py:208} INFO - Processing /opt/airflow/dags/init_sqlite_db.py took 0.162 seconds
[2025-10-11T14:55:18.119+0000] {processor.py:186} INFO - Started process (PID=100) to work on /opt/airflow/dags/init_sqlite_db.py
[2025-10-11T14:55:18.120+0000] {processor.py:914} INFO - Processing file /opt/airflow/dags/init_sqlite_db.py for tasks to queue
[2025-10-11T14:55:18.124+0000] {logging_mixin.py:190} INFO - [2025-10-11T14:55:18.123+0000] {dagbag.py:588} INFO - Filling up the DagBag from /opt/airflow/dags/init_sqlite_db.py
[2025-10-11T14:55:18.151+0000] {processor.py:925} INFO - DAG(s) 'init_sqlite_db' retrieved from /opt/airflow/dags/init_sqlite_db.py
[2025-10-11T14:55:18.186+0000] {logging_mixin.py:190} INFO - [2025-10-11T14:55:18.186+0000] {dag.py:3239} INFO - Sync 1 DAGs
[2025-10-11T14:55:18.203+0000] {logging_mixin.py:190} INFO - [2025-10-11T14:55:18.203+0000] {dag.py:4180} INFO - Setting next_dagrun for init_sqlite_db to None, run_after=None
[2025-10-11T14:55:18.460+0000] {processor.py:208} INFO - Processing /opt/airflow/dags/init_sqlite_db.py took 0.348 seconds
[2025-10-11T14:55:48.741+0000] {processor.py:186} INFO - Started process (PID=102) to work on /opt/airflow/dags/init_sqlite_db.py
[2025-10-11T14:55:48.742+0000] {processor.py:914} INFO - Processing file /opt/airflow/dags/init_sqlite_db.py for tasks to queue
[2025-10-11T14:55:48.745+0000] {logging_mixin.py:190} INFO - [2025-10-11T14:55:48.744+0000] {dagbag.py:588} INFO - Filling up the DagBag from /opt/airflow/dags/init_sqlite_db.py
[2025-10-11T14:55:48.760+0000] {processor.py:925} INFO - DAG(s) 'init_sqlite_db' retrieved from /opt/airflow/dags/init_sqlite_db.py
[2025-10-11T14:55:48.784+0000] {logging_mixin.py:190} INFO - [2025-10-11T14:55:48.783+0000] {dag.py:3239} INFO - Sync 1 DAGs
[2025-10-11T14:55:48.908+0000] {logging_mixin.py:190} INFO - [2025-10-11T14:55:48.908+0000] {dag.py:4180} INFO - Setting next_dagrun for init_sqlite_db to None, run_after=None
[2025-10-11T14:55:49.021+0000] {processor.py:208} INFO - Processing /opt/airflow/dags/init_sqlite_db.py took 0.284 seconds
[2025-10-11T14:56:19.283+0000] {processor.py:186} INFO - Started process (PID=104) to work on /opt/airflow/dags/init_sqlite_db.py
[2025-10-11T14:56:19.284+0000] {processor.py:914} INFO - Processing file /opt/airflow/dags/init_sqlite_db.py for tasks to queue
[2025-10-11T14:56:19.287+0000] {logging_mixin.py:190} INFO - [2025-10-11T14:56:19.286+0000] {dagbag.py:588} INFO - Filling up the DagBag from /opt/airflow/dags/init_sqlite_db.py
[2025-10-11T14:56:19.317+0000] {processor.py:925} INFO - DAG(s) 'init_sqlite_db' retrieved from /opt/airflow/dags/init_sqlite_db.py
[2025-10-11T14:56:19.353+0000] {logging_mixin.py:190} INFO - [2025-10-11T14:56:19.352+0000] {dag.py:3239} INFO - Sync 1 DAGs
[2025-10-11T14:56:19.484+0000] {logging_mixin.py:190} INFO - [2025-10-11T14:56:19.483+0000] {dag.py:4180} INFO - Setting next_dagrun for init_sqlite_db to None, run_after=None
[2025-10-11T14:56:19.554+0000] {processor.py:208} INFO - Processing /opt/airflow/dags/init_sqlite_db.py took 0.275 seconds
[2025-10-11T14:56:49.804+0000] {processor.py:186} INFO - Started process (PID=106) to work on /opt/airflow/dags/init_sqlite_db.py
[2025-10-11T14:56:49.806+0000] {processor.py:914} INFO - Processing file /opt/airflow/dags/init_sqlite_db.py for tasks to queue
[2025-10-11T14:56:49.808+0000] {logging_mixin.py:190} INFO - [2025-10-11T14:56:49.808+0000] {dagbag.py:588} INFO - Filling up the DagBag from /opt/airflow/dags/init_sqlite_db.py
[2025-10-11T14:56:49.841+0000] {processor.py:925} INFO - DAG(s) 'init_sqlite_db' retrieved from /opt/airflow/dags/init_sqlite_db.py
[2025-10-11T14:56:49.992+0000] {logging_mixin.py:190} INFO - [2025-10-11T14:56:49.992+0000] {dag.py:3239} INFO - Sync 1 DAGs
[2025-10-11T14:56:50.003+0000] {logging_mixin.py:190} INFO - [2025-10-11T14:56:50.002+0000] {dag.py:4180} INFO - Setting next_dagrun for init_sqlite_db to None, run_after=None
[2025-10-11T14:56:50.092+0000] {processor.py:208} INFO - Processing /opt/airflow/dags/init_sqlite_db.py took 0.292 seconds
[2025-10-11T14:57:20.503+0000] {processor.py:186} INFO - Started process (PID=108) to work on /opt/airflow/dags/init_sqlite_db.py
[2025-10-11T14:57:20.505+0000] {processor.py:914} INFO - Processing file /opt/airflow/dags/init_sqlite_db.py for tasks to queue
[2025-10-11T14:57:20.507+0000] {logging_mixin.py:190} INFO - [2025-10-11T14:57:20.507+0000] {dagbag.py:588} INFO - Filling up the DagBag from /opt/airflow/dags/init_sqlite_db.py
[2025-10-11T14:57:20.524+0000] {processor.py:925} INFO - DAG(s) 'init_sqlite_db' retrieved from /opt/airflow/dags/init_sqlite_db.py
[2025-10-11T14:57:20.550+0000] {logging_mixin.py:190} INFO - [2025-10-11T14:57:20.550+0000] {dag.py:3239} INFO - Sync 1 DAGs
[2025-10-11T14:57:20.562+0000] {logging_mixin.py:190} INFO - [2025-10-11T14:57:20.562+0000] {dag.py:4180} INFO - Setting next_dagrun for init_sqlite_db to None, run_after=None
[2025-10-11T14:57:20.683+0000] {processor.py:208} INFO - Processing /opt/airflow/dags/init_sqlite_db.py took 0.183 seconds
[2025-10-11T14:57:51.000+0000] {processor.py:186} INFO - Started process (PID=110) to work on /opt/airflow/dags/init_sqlite_db.py
[2025-10-11T14:57:51.001+0000] {processor.py:914} INFO - Processing file /opt/airflow/dags/init_sqlite_db.py for tasks to queue
[2025-10-11T14:57:51.003+0000] {logging_mixin.py:190} INFO - [2025-10-11T14:57:51.003+0000] {dagbag.py:588} INFO - Filling up the DagBag from /opt/airflow/dags/init_sqlite_db.py
[2025-10-11T14:57:51.019+0000] {processor.py:925} INFO - DAG(s) 'init_sqlite_db' retrieved from /opt/airflow/dags/init_sqlite_db.py
[2025-10-11T14:57:51.043+0000] {logging_mixin.py:190} INFO - [2025-10-11T14:57:51.043+0000] {dag.py:3239} INFO - Sync 1 DAGs
[2025-10-11T14:57:51.055+0000] {logging_mixin.py:190} INFO - [2025-10-11T14:57:51.055+0000] {dag.py:4180} INFO - Setting next_dagrun for init_sqlite_db to None, run_after=None
[2025-10-11T14:57:51.112+0000] {processor.py:208} INFO - Processing /opt/airflow/dags/init_sqlite_db.py took 0.116 seconds
[2025-10-11T14:58:21.491+0000] {processor.py:186} INFO - Started process (PID=112) to work on /opt/airflow/dags/init_sqlite_db.py
[2025-10-11T14:58:21.492+0000] {processor.py:914} INFO - Processing file /opt/airflow/dags/init_sqlite_db.py for tasks to queue
[2025-10-11T14:58:21.494+0000] {logging_mixin.py:190} INFO - [2025-10-11T14:58:21.494+0000] {dagbag.py:588} INFO - Filling up the DagBag from /opt/airflow/dags/init_sqlite_db.py
[2025-10-11T14:58:21.511+0000] {processor.py:925} INFO - DAG(s) 'init_sqlite_db' retrieved from /opt/airflow/dags/init_sqlite_db.py
[2025-10-11T14:58:21.537+0000] {logging_mixin.py:190} INFO - [2025-10-11T14:58:21.537+0000] {dag.py:3239} INFO - Sync 1 DAGs
[2025-10-11T14:58:21.549+0000] {logging_mixin.py:190} INFO - [2025-10-11T14:58:21.549+0000] {dag.py:4180} INFO - Setting next_dagrun for init_sqlite_db to None, run_after=None
[2025-10-11T14:58:21.647+0000] {processor.py:208} INFO - Processing /opt/airflow/dags/init_sqlite_db.py took 0.161 seconds
[2025-10-11T14:58:51.985+0000] {processor.py:186} INFO - Started process (PID=114) to work on /opt/airflow/dags/init_sqlite_db.py
[2025-10-11T14:58:51.986+0000] {processor.py:914} INFO - Processing file /opt/airflow/dags/init_sqlite_db.py for tasks to queue
[2025-10-11T14:58:51.989+0000] {logging_mixin.py:190} INFO - [2025-10-11T14:58:51.988+0000] {dagbag.py:588} INFO - Filling up the DagBag from /opt/airflow/dags/init_sqlite_db.py
[2025-10-11T14:58:52.020+0000] {processor.py:925} INFO - DAG(s) 'init_sqlite_db' retrieved from /opt/airflow/dags/init_sqlite_db.py
[2025-10-11T14:58:52.057+0000] {logging_mixin.py:190} INFO - [2025-10-11T14:58:52.057+0000] {dag.py:3239} INFO - Sync 1 DAGs
[2025-10-11T14:58:52.074+0000] {logging_mixin.py:190} INFO - [2025-10-11T14:58:52.074+0000] {dag.py:4180} INFO - Setting next_dagrun for init_sqlite_db to None, run_after=None
[2025-10-11T14:58:52.163+0000] {processor.py:208} INFO - Processing /opt/airflow/dags/init_sqlite_db.py took 0.182 seconds
[2025-10-11T14:59:22.427+0000] {processor.py:186} INFO - Started process (PID=116) to work on /opt/airflow/dags/init_sqlite_db.py
[2025-10-11T14:59:22.428+0000] {processor.py:914} INFO - Processing file /opt/airflow/dags/init_sqlite_db.py for tasks to queue
[2025-10-11T14:59:22.430+0000] {logging_mixin.py:190} INFO - [2025-10-11T14:59:22.430+0000] {dagbag.py:588} INFO - Filling up the DagBag from /opt/airflow/dags/init_sqlite_db.py
[2025-10-11T14:59:22.445+0000] {processor.py:925} INFO - DAG(s) 'init_sqlite_db' retrieved from /opt/airflow/dags/init_sqlite_db.py
[2025-10-11T14:59:22.472+0000] {logging_mixin.py:190} INFO - [2025-10-11T14:59:22.471+0000] {dag.py:3239} INFO - Sync 1 DAGs
[2025-10-11T14:59:22.485+0000] {logging_mixin.py:190} INFO - [2025-10-11T14:59:22.485+0000] {dag.py:4180} INFO - Setting next_dagrun for init_sqlite_db to None, run_after=None
[2025-10-11T14:59:22.594+0000] {processor.py:208} INFO - Processing /opt/airflow/dags/init_sqlite_db.py took 0.171 seconds
[2025-10-11T15:00:38.093+0000] {processor.py:186} INFO - Started process (PID=27) to work on /opt/airflow/dags/init_sqlite_db.py
[2025-10-11T15:00:38.094+0000] {processor.py:914} INFO - Processing file /opt/airflow/dags/init_sqlite_db.py for tasks to queue
[2025-10-11T15:00:38.097+0000] {logging_mixin.py:190} INFO - [2025-10-11T15:00:38.096+0000] {dagbag.py:588} INFO - Filling up the DagBag from /opt/airflow/dags/init_sqlite_db.py
[2025-10-11T15:00:38.118+0000] {processor.py:925} INFO - DAG(s) 'init_sqlite_db' retrieved from /opt/airflow/dags/init_sqlite_db.py
[2025-10-11T15:00:38.153+0000] {logging_mixin.py:190} INFO - [2025-10-11T15:00:38.152+0000] {dag.py:3239} INFO - Sync 1 DAGs
[2025-10-11T15:00:38.166+0000] {logging_mixin.py:190} INFO - [2025-10-11T15:00:38.166+0000] {dag.py:4180} INFO - Setting next_dagrun for init_sqlite_db to None, run_after=None
[2025-10-11T15:00:38.227+0000] {processor.py:208} INFO - Processing /opt/airflow/dags/init_sqlite_db.py took 0.137 seconds
[2025-10-11T15:01:08.603+0000] {processor.py:186} INFO - Started process (PID=30) to work on /opt/airflow/dags/init_sqlite_db.py
[2025-10-11T15:01:08.604+0000] {processor.py:914} INFO - Processing file /opt/airflow/dags/init_sqlite_db.py for tasks to queue
[2025-10-11T15:01:08.606+0000] {logging_mixin.py:190} INFO - [2025-10-11T15:01:08.606+0000] {dagbag.py:588} INFO - Filling up the DagBag from /opt/airflow/dags/init_sqlite_db.py
[2025-10-11T15:01:08.638+0000] {processor.py:925} INFO - DAG(s) 'init_sqlite_db' retrieved from /opt/airflow/dags/init_sqlite_db.py
[2025-10-11T15:01:08.675+0000] {logging_mixin.py:190} INFO - [2025-10-11T15:01:08.674+0000] {dag.py:3239} INFO - Sync 1 DAGs
[2025-10-11T15:01:08.695+0000] {logging_mixin.py:190} INFO - [2025-10-11T15:01:08.695+0000] {dag.py:4180} INFO - Setting next_dagrun for init_sqlite_db to None, run_after=None
[2025-10-11T15:01:08.833+0000] {processor.py:208} INFO - Processing /opt/airflow/dags/init_sqlite_db.py took 0.234 seconds
[2025-10-11T15:01:38.986+0000] {processor.py:186} INFO - Started process (PID=43) to work on /opt/airflow/dags/init_sqlite_db.py
[2025-10-11T15:01:38.987+0000] {processor.py:914} INFO - Processing file /opt/airflow/dags/init_sqlite_db.py for tasks to queue
[2025-10-11T15:01:38.989+0000] {logging_mixin.py:190} INFO - [2025-10-11T15:01:38.989+0000] {dagbag.py:588} INFO - Filling up the DagBag from /opt/airflow/dags/init_sqlite_db.py
[2025-10-11T15:01:39.006+0000] {processor.py:925} INFO - DAG(s) 'init_sqlite_db' retrieved from /opt/airflow/dags/init_sqlite_db.py
[2025-10-11T15:01:39.030+0000] {logging_mixin.py:190} INFO - [2025-10-11T15:01:39.030+0000] {dag.py:3239} INFO - Sync 1 DAGs
[2025-10-11T15:01:39.042+0000] {logging_mixin.py:190} INFO - [2025-10-11T15:01:39.042+0000] {dag.py:4180} INFO - Setting next_dagrun for init_sqlite_db to None, run_after=None
[2025-10-11T15:01:39.144+0000] {processor.py:208} INFO - Processing /opt/airflow/dags/init_sqlite_db.py took 0.163 seconds
[2025-10-11T15:02:09.808+0000] {processor.py:186} INFO - Started process (PID=46) to work on /opt/airflow/dags/init_sqlite_db.py
[2025-10-11T15:02:09.809+0000] {processor.py:914} INFO - Processing file /opt/airflow/dags/init_sqlite_db.py for tasks to queue
[2025-10-11T15:02:09.812+0000] {logging_mixin.py:190} INFO - [2025-10-11T15:02:09.811+0000] {dagbag.py:588} INFO - Filling up the DagBag from /opt/airflow/dags/init_sqlite_db.py
[2025-10-11T15:02:09.830+0000] {processor.py:925} INFO - DAG(s) 'init_sqlite_db' retrieved from /opt/airflow/dags/init_sqlite_db.py
[2025-10-11T15:02:09.858+0000] {logging_mixin.py:190} INFO - [2025-10-11T15:02:09.857+0000] {dag.py:3239} INFO - Sync 1 DAGs
[2025-10-11T15:02:09.870+0000] {logging_mixin.py:190} INFO - [2025-10-11T15:02:09.870+0000] {dag.py:4180} INFO - Setting next_dagrun for init_sqlite_db to None, run_after=None
[2025-10-11T15:02:09.988+0000] {processor.py:208} INFO - Processing /opt/airflow/dags/init_sqlite_db.py took 0.185 seconds
[2025-10-11T15:02:40.298+0000] {processor.py:186} INFO - Started process (PID=49) to work on /opt/airflow/dags/init_sqlite_db.py
[2025-10-11T15:02:40.299+0000] {processor.py:914} INFO - Processing file /opt/airflow/dags/init_sqlite_db.py for tasks to queue
[2025-10-11T15:02:40.302+0000] {logging_mixin.py:190} INFO - [2025-10-11T15:02:40.302+0000] {dagbag.py:588} INFO - Filling up the DagBag from /opt/airflow/dags/init_sqlite_db.py
[2025-10-11T15:02:40.344+0000] {processor.py:925} INFO - DAG(s) 'init_sqlite_db' retrieved from /opt/airflow/dags/init_sqlite_db.py
[2025-10-11T15:02:40.381+0000] {logging_mixin.py:190} INFO - [2025-10-11T15:02:40.381+0000] {dag.py:3239} INFO - Sync 1 DAGs
[2025-10-11T15:02:40.398+0000] {logging_mixin.py:190} INFO - [2025-10-11T15:02:40.397+0000] {dag.py:4180} INFO - Setting next_dagrun for init_sqlite_db to None, run_after=None
[2025-10-11T15:02:40.507+0000] {processor.py:208} INFO - Processing /opt/airflow/dags/init_sqlite_db.py took 0.213 seconds
[2025-10-11T15:03:10.946+0000] {processor.py:186} INFO - Started process (PID=52) to work on /opt/airflow/dags/init_sqlite_db.py
[2025-10-11T15:03:10.947+0000] {processor.py:914} INFO - Processing file /opt/airflow/dags/init_sqlite_db.py for tasks to queue
[2025-10-11T15:03:10.950+0000] {logging_mixin.py:190} INFO - [2025-10-11T15:03:10.950+0000] {dagbag.py:588} INFO - Filling up the DagBag from /opt/airflow/dags/init_sqlite_db.py
[2025-10-11T15:03:10.966+0000] {processor.py:925} INFO - DAG(s) 'init_sqlite_db' retrieved from /opt/airflow/dags/init_sqlite_db.py
[2025-10-11T15:03:10.995+0000] {logging_mixin.py:190} INFO - [2025-10-11T15:03:10.995+0000] {dag.py:3239} INFO - Sync 1 DAGs
[2025-10-11T15:03:11.008+0000] {logging_mixin.py:190} INFO - [2025-10-11T15:03:11.008+0000] {dag.py:4180} INFO - Setting next_dagrun for init_sqlite_db to None, run_after=None
[2025-10-11T15:03:11.123+0000] {processor.py:208} INFO - Processing /opt/airflow/dags/init_sqlite_db.py took 0.182 seconds
[2025-10-11T15:03:41.373+0000] {processor.py:186} INFO - Started process (PID=55) to work on /opt/airflow/dags/init_sqlite_db.py
[2025-10-11T15:03:41.374+0000] {processor.py:914} INFO - Processing file /opt/airflow/dags/init_sqlite_db.py for tasks to queue
[2025-10-11T15:03:41.377+0000] {logging_mixin.py:190} INFO - [2025-10-11T15:03:41.376+0000] {dagbag.py:588} INFO - Filling up the DagBag from /opt/airflow/dags/init_sqlite_db.py
[2025-10-11T15:03:41.395+0000] {processor.py:925} INFO - DAG(s) 'init_sqlite_db' retrieved from /opt/airflow/dags/init_sqlite_db.py
[2025-10-11T15:03:41.429+0000] {logging_mixin.py:190} INFO - [2025-10-11T15:03:41.429+0000] {dag.py:3239} INFO - Sync 1 DAGs
[2025-10-11T15:03:41.446+0000] {logging_mixin.py:190} INFO - [2025-10-11T15:03:41.446+0000] {dag.py:4180} INFO - Setting next_dagrun for init_sqlite_db to None, run_after=None
[2025-10-11T15:03:41.572+0000] {processor.py:208} INFO - Processing /opt/airflow/dags/init_sqlite_db.py took 0.204 seconds
[2025-10-11T15:04:11.999+0000] {processor.py:186} INFO - Started process (PID=68) to work on /opt/airflow/dags/init_sqlite_db.py
[2025-10-11T15:04:12.000+0000] {processor.py:914} INFO - Processing file /opt/airflow/dags/init_sqlite_db.py for tasks to queue
[2025-10-11T15:04:12.005+0000] {logging_mixin.py:190} INFO - [2025-10-11T15:04:12.005+0000] {dagbag.py:588} INFO - Filling up the DagBag from /opt/airflow/dags/init_sqlite_db.py
[2025-10-11T15:04:12.036+0000] {processor.py:925} INFO - DAG(s) 'init_sqlite_db' retrieved from /opt/airflow/dags/init_sqlite_db.py
[2025-10-11T15:04:12.075+0000] {logging_mixin.py:190} INFO - [2025-10-11T15:04:12.075+0000] {dag.py:3239} INFO - Sync 1 DAGs
[2025-10-11T15:04:12.092+0000] {logging_mixin.py:190} INFO - [2025-10-11T15:04:12.092+0000] {dag.py:4180} INFO - Setting next_dagrun for init_sqlite_db to None, run_after=None
[2025-10-11T15:04:12.152+0000] {processor.py:208} INFO - Processing /opt/airflow/dags/init_sqlite_db.py took 0.157 seconds
[2025-10-11T15:04:42.443+0000] {processor.py:186} INFO - Started process (PID=71) to work on /opt/airflow/dags/init_sqlite_db.py
[2025-10-11T15:04:42.444+0000] {processor.py:914} INFO - Processing file /opt/airflow/dags/init_sqlite_db.py for tasks to queue
[2025-10-11T15:04:42.447+0000] {logging_mixin.py:190} INFO - [2025-10-11T15:04:42.446+0000] {dagbag.py:588} INFO - Filling up the DagBag from /opt/airflow/dags/init_sqlite_db.py
[2025-10-11T15:04:42.472+0000] {processor.py:925} INFO - DAG(s) 'init_sqlite_db' retrieved from /opt/airflow/dags/init_sqlite_db.py
[2025-10-11T15:04:42.508+0000] {logging_mixin.py:190} INFO - [2025-10-11T15:04:42.508+0000] {dag.py:3239} INFO - Sync 1 DAGs
[2025-10-11T15:04:42.527+0000] {logging_mixin.py:190} INFO - [2025-10-11T15:04:42.527+0000] {dag.py:4180} INFO - Setting next_dagrun for init_sqlite_db to None, run_after=None
[2025-10-11T15:04:42.614+0000] {processor.py:208} INFO - Processing /opt/airflow/dags/init_sqlite_db.py took 0.177 seconds
[2025-10-11T15:05:12.994+0000] {processor.py:186} INFO - Started process (PID=74) to work on /opt/airflow/dags/init_sqlite_db.py
[2025-10-11T15:05:12.995+0000] {processor.py:914} INFO - Processing file /opt/airflow/dags/init_sqlite_db.py for tasks to queue
[2025-10-11T15:05:12.997+0000] {logging_mixin.py:190} INFO - [2025-10-11T15:05:12.997+0000] {dagbag.py:588} INFO - Filling up the DagBag from /opt/airflow/dags/init_sqlite_db.py
[2025-10-11T15:05:13.015+0000] {processor.py:925} INFO - DAG(s) 'init_sqlite_db' retrieved from /opt/airflow/dags/init_sqlite_db.py
[2025-10-11T15:05:13.043+0000] {logging_mixin.py:190} INFO - [2025-10-11T15:05:13.043+0000] {dag.py:3239} INFO - Sync 1 DAGs
[2025-10-11T15:05:13.057+0000] {logging_mixin.py:190} INFO - [2025-10-11T15:05:13.057+0000] {dag.py:4180} INFO - Setting next_dagrun for init_sqlite_db to None, run_after=None
[2025-10-11T15:05:13.168+0000] {processor.py:208} INFO - Processing /opt/airflow/dags/init_sqlite_db.py took 0.178 seconds
