[2025-10-12T07:46:23.207+0000] {processor.py:186} INFO - Started process (PID=28) to work on /opt/airflow/dags/example_dag.py
[2025-10-12T07:46:23.209+0000] {processor.py:914} INFO - Processing file /opt/airflow/dags/example_dag.py for tasks to queue
[2025-10-12T07:46:23.212+0000] {logging_mixin.py:190} INFO - [2025-10-12T07:46:23.211+0000] {dagbag.py:588} INFO - Filling up the DagBag from /opt/airflow/dags/example_dag.py
[2025-10-12T07:46:23.229+0000] {processor.py:925} INFO - DAG(s) 'sqlite_example_dag' retrieved from /opt/airflow/dags/example_dag.py
[2025-10-12T07:46:23.261+0000] {logging_mixin.py:190} INFO - [2025-10-12T07:46:23.261+0000] {dag.py:3239} INFO - Sync 1 DAGs
[2025-10-12T07:46:23.280+0000] {logging_mixin.py:190} INFO - [2025-10-12T07:46:23.280+0000] {dag.py:4180} INFO - Setting next_dagrun for sqlite_example_dag to None, run_after=None
[2025-10-12T07:46:23.323+0000] {processor.py:208} INFO - Processing /opt/airflow/dags/example_dag.py took 0.120 seconds
[2025-10-12T07:46:53.577+0000] {processor.py:186} INFO - Started process (PID=31) to work on /opt/airflow/dags/example_dag.py
[2025-10-12T07:46:53.578+0000] {processor.py:914} INFO - Processing file /opt/airflow/dags/example_dag.py for tasks to queue
[2025-10-12T07:46:53.582+0000] {logging_mixin.py:190} INFO - [2025-10-12T07:46:53.581+0000] {dagbag.py:588} INFO - Filling up the DagBag from /opt/airflow/dags/example_dag.py
[2025-10-12T07:46:53.600+0000] {processor.py:925} INFO - DAG(s) 'sqlite_example_dag' retrieved from /opt/airflow/dags/example_dag.py
[2025-10-12T07:46:53.637+0000] {logging_mixin.py:190} INFO - [2025-10-12T07:46:53.636+0000] {dag.py:3239} INFO - Sync 1 DAGs
[2025-10-12T07:46:53.654+0000] {logging_mixin.py:190} INFO - [2025-10-12T07:46:53.653+0000] {dag.py:4180} INFO - Setting next_dagrun for sqlite_example_dag to None, run_after=None
[2025-10-12T07:46:53.704+0000] {processor.py:208} INFO - Processing /opt/airflow/dags/example_dag.py took 0.134 seconds
[2025-10-12T07:47:24.507+0000] {processor.py:186} INFO - Started process (PID=44) to work on /opt/airflow/dags/example_dag.py
[2025-10-12T07:47:24.509+0000] {processor.py:914} INFO - Processing file /opt/airflow/dags/example_dag.py for tasks to queue
[2025-10-12T07:47:24.512+0000] {logging_mixin.py:190} INFO - [2025-10-12T07:47:24.512+0000] {dagbag.py:588} INFO - Filling up the DagBag from /opt/airflow/dags/example_dag.py
[2025-10-12T07:47:24.536+0000] {processor.py:925} INFO - DAG(s) 'sqlite_example_dag' retrieved from /opt/airflow/dags/example_dag.py
[2025-10-12T07:47:24.577+0000] {logging_mixin.py:190} INFO - [2025-10-12T07:47:24.577+0000] {dag.py:3239} INFO - Sync 1 DAGs
[2025-10-12T07:47:24.592+0000] {logging_mixin.py:190} INFO - [2025-10-12T07:47:24.591+0000] {dag.py:4180} INFO - Setting next_dagrun for sqlite_example_dag to None, run_after=None
[2025-10-12T07:47:24.634+0000] {processor.py:208} INFO - Processing /opt/airflow/dags/example_dag.py took 0.133 seconds
[2025-10-12T07:47:54.828+0000] {processor.py:186} INFO - Started process (PID=47) to work on /opt/airflow/dags/example_dag.py
[2025-10-12T07:47:54.829+0000] {processor.py:914} INFO - Processing file /opt/airflow/dags/example_dag.py for tasks to queue
[2025-10-12T07:47:54.831+0000] {logging_mixin.py:190} INFO - [2025-10-12T07:47:54.831+0000] {dagbag.py:588} INFO - Filling up the DagBag from /opt/airflow/dags/example_dag.py
[2025-10-12T07:47:54.847+0000] {processor.py:925} INFO - DAG(s) 'sqlite_example_dag' retrieved from /opt/airflow/dags/example_dag.py
[2025-10-12T07:47:54.876+0000] {logging_mixin.py:190} INFO - [2025-10-12T07:47:54.876+0000] {dag.py:3239} INFO - Sync 1 DAGs
[2025-10-12T07:47:54.894+0000] {logging_mixin.py:190} INFO - [2025-10-12T07:47:54.894+0000] {dag.py:4180} INFO - Setting next_dagrun for sqlite_example_dag to None, run_after=None
[2025-10-12T07:47:54.943+0000] {processor.py:208} INFO - Processing /opt/airflow/dags/example_dag.py took 0.119 seconds
[2025-10-12T07:48:25.049+0000] {processor.py:186} INFO - Started process (PID=50) to work on /opt/airflow/dags/example_dag.py
[2025-10-12T07:48:25.050+0000] {processor.py:914} INFO - Processing file /opt/airflow/dags/example_dag.py for tasks to queue
[2025-10-12T07:48:25.052+0000] {logging_mixin.py:190} INFO - [2025-10-12T07:48:25.052+0000] {dagbag.py:588} INFO - Filling up the DagBag from /opt/airflow/dags/example_dag.py
[2025-10-12T07:48:25.066+0000] {processor.py:925} INFO - DAG(s) 'sqlite_example_dag' retrieved from /opt/airflow/dags/example_dag.py
[2025-10-12T07:48:25.094+0000] {logging_mixin.py:190} INFO - [2025-10-12T07:48:25.094+0000] {dag.py:3239} INFO - Sync 1 DAGs
[2025-10-12T07:48:25.109+0000] {logging_mixin.py:190} INFO - [2025-10-12T07:48:25.108+0000] {dag.py:4180} INFO - Setting next_dagrun for sqlite_example_dag to None, run_after=None
[2025-10-12T07:48:25.151+0000] {processor.py:208} INFO - Processing /opt/airflow/dags/example_dag.py took 0.107 seconds
[2025-10-12T07:49:43.162+0000] {processor.py:186} INFO - Started process (PID=28) to work on /opt/airflow/dags/example_dag.py
[2025-10-12T07:49:43.163+0000] {processor.py:914} INFO - Processing file /opt/airflow/dags/example_dag.py for tasks to queue
[2025-10-12T07:49:43.167+0000] {logging_mixin.py:190} INFO - [2025-10-12T07:49:43.166+0000] {dagbag.py:588} INFO - Filling up the DagBag from /opt/airflow/dags/example_dag.py
[2025-10-12T07:49:43.188+0000] {processor.py:925} INFO - DAG(s) 'sqlite_example_dag' retrieved from /opt/airflow/dags/example_dag.py
[2025-10-12T07:49:43.223+0000] {logging_mixin.py:190} INFO - [2025-10-12T07:49:43.223+0000] {dag.py:3239} INFO - Sync 1 DAGs
[2025-10-12T07:49:43.248+0000] {logging_mixin.py:190} INFO - [2025-10-12T07:49:43.248+0000] {dag.py:4180} INFO - Setting next_dagrun for sqlite_example_dag to None, run_after=None
[2025-10-12T07:49:43.303+0000] {processor.py:208} INFO - Processing /opt/airflow/dags/example_dag.py took 0.147 seconds
[2025-10-12T07:50:13.379+0000] {processor.py:186} INFO - Started process (PID=31) to work on /opt/airflow/dags/example_dag.py
[2025-10-12T07:50:13.380+0000] {processor.py:914} INFO - Processing file /opt/airflow/dags/example_dag.py for tasks to queue
[2025-10-12T07:50:13.383+0000] {logging_mixin.py:190} INFO - [2025-10-12T07:50:13.382+0000] {dagbag.py:588} INFO - Filling up the DagBag from /opt/airflow/dags/example_dag.py
[2025-10-12T07:50:13.399+0000] {processor.py:925} INFO - DAG(s) 'sqlite_example_dag' retrieved from /opt/airflow/dags/example_dag.py
[2025-10-12T07:50:13.428+0000] {logging_mixin.py:190} INFO - [2025-10-12T07:50:13.427+0000] {dag.py:3239} INFO - Sync 1 DAGs
[2025-10-12T07:50:13.445+0000] {logging_mixin.py:190} INFO - [2025-10-12T07:50:13.445+0000] {dag.py:4180} INFO - Setting next_dagrun for sqlite_example_dag to None, run_after=None
[2025-10-12T07:50:13.495+0000] {processor.py:208} INFO - Processing /opt/airflow/dags/example_dag.py took 0.120 seconds
[2025-10-12T07:50:44.273+0000] {processor.py:186} INFO - Started process (PID=34) to work on /opt/airflow/dags/example_dag.py
[2025-10-12T07:50:44.274+0000] {processor.py:914} INFO - Processing file /opt/airflow/dags/example_dag.py for tasks to queue
[2025-10-12T07:50:44.276+0000] {logging_mixin.py:190} INFO - [2025-10-12T07:50:44.276+0000] {dagbag.py:588} INFO - Filling up the DagBag from /opt/airflow/dags/example_dag.py
[2025-10-12T07:50:44.292+0000] {processor.py:925} INFO - DAG(s) 'sqlite_example_dag' retrieved from /opt/airflow/dags/example_dag.py
[2025-10-12T07:50:44.321+0000] {logging_mixin.py:190} INFO - [2025-10-12T07:50:44.321+0000] {dag.py:3239} INFO - Sync 1 DAGs
[2025-10-12T07:50:44.335+0000] {logging_mixin.py:190} INFO - [2025-10-12T07:50:44.335+0000] {dag.py:4180} INFO - Setting next_dagrun for sqlite_example_dag to None, run_after=None
[2025-10-12T07:50:44.375+0000] {processor.py:208} INFO - Processing /opt/airflow/dags/example_dag.py took 0.107 seconds
[2025-10-12T07:51:14.941+0000] {processor.py:186} INFO - Started process (PID=37) to work on /opt/airflow/dags/example_dag.py
[2025-10-12T07:51:14.942+0000] {processor.py:914} INFO - Processing file /opt/airflow/dags/example_dag.py for tasks to queue
[2025-10-12T07:51:14.945+0000] {logging_mixin.py:190} INFO - [2025-10-12T07:51:14.944+0000] {dagbag.py:588} INFO - Filling up the DagBag from /opt/airflow/dags/example_dag.py
[2025-10-12T07:51:14.963+0000] {processor.py:925} INFO - DAG(s) 'sqlite_example_dag' retrieved from /opt/airflow/dags/example_dag.py
[2025-10-12T07:51:14.995+0000] {logging_mixin.py:190} INFO - [2025-10-12T07:51:14.995+0000] {dag.py:3239} INFO - Sync 1 DAGs
[2025-10-12T07:51:15.011+0000] {logging_mixin.py:190} INFO - [2025-10-12T07:51:15.010+0000] {dag.py:4180} INFO - Setting next_dagrun for sqlite_example_dag to None, run_after=None
[2025-10-12T07:51:15.058+0000] {processor.py:208} INFO - Processing /opt/airflow/dags/example_dag.py took 0.123 seconds
[2025-10-12T07:51:45.597+0000] {processor.py:186} INFO - Started process (PID=40) to work on /opt/airflow/dags/example_dag.py
[2025-10-12T07:51:45.598+0000] {processor.py:914} INFO - Processing file /opt/airflow/dags/example_dag.py for tasks to queue
[2025-10-12T07:51:45.601+0000] {logging_mixin.py:190} INFO - [2025-10-12T07:51:45.601+0000] {dagbag.py:588} INFO - Filling up the DagBag from /opt/airflow/dags/example_dag.py
[2025-10-12T07:51:45.615+0000] {processor.py:925} INFO - DAG(s) 'sqlite_example_dag' retrieved from /opt/airflow/dags/example_dag.py
[2025-10-12T07:51:45.641+0000] {logging_mixin.py:190} INFO - [2025-10-12T07:51:45.641+0000] {dag.py:3239} INFO - Sync 1 DAGs
[2025-10-12T07:51:45.653+0000] {logging_mixin.py:190} INFO - [2025-10-12T07:51:45.653+0000] {dag.py:4180} INFO - Setting next_dagrun for sqlite_example_dag to None, run_after=None
[2025-10-12T07:51:45.692+0000] {processor.py:208} INFO - Processing /opt/airflow/dags/example_dag.py took 0.099 seconds
[2025-10-12T07:52:17.877+0000] {processor.py:186} INFO - Started process (PID=53) to work on /opt/airflow/dags/example_dag.py
[2025-10-12T07:52:17.879+0000] {processor.py:914} INFO - Processing file /opt/airflow/dags/example_dag.py for tasks to queue
[2025-10-12T07:52:17.881+0000] {logging_mixin.py:190} INFO - [2025-10-12T07:52:17.880+0000] {dagbag.py:588} INFO - Filling up the DagBag from /opt/airflow/dags/example_dag.py
[2025-10-12T07:52:17.896+0000] {processor.py:925} INFO - DAG(s) 'sqlite_example_dag' retrieved from /opt/airflow/dags/example_dag.py
[2025-10-12T07:52:17.923+0000] {logging_mixin.py:190} INFO - [2025-10-12T07:52:17.923+0000] {dag.py:3239} INFO - Sync 1 DAGs
[2025-10-12T07:52:17.938+0000] {logging_mixin.py:190} INFO - [2025-10-12T07:52:17.938+0000] {dag.py:4180} INFO - Setting next_dagrun for sqlite_example_dag to None, run_after=None
[2025-10-12T07:52:17.982+0000] {processor.py:208} INFO - Processing /opt/airflow/dags/example_dag.py took 0.111 seconds
[2025-10-12T07:52:49.154+0000] {processor.py:186} INFO - Started process (PID=56) to work on /opt/airflow/dags/example_dag.py
[2025-10-12T07:52:49.155+0000] {processor.py:914} INFO - Processing file /opt/airflow/dags/example_dag.py for tasks to queue
[2025-10-12T07:52:49.157+0000] {logging_mixin.py:190} INFO - [2025-10-12T07:52:49.157+0000] {dagbag.py:588} INFO - Filling up the DagBag from /opt/airflow/dags/example_dag.py
[2025-10-12T07:52:49.221+0000] {processor.py:925} INFO - DAG(s) 'sqlite_example_dag' retrieved from /opt/airflow/dags/example_dag.py
[2025-10-12T07:52:49.261+0000] {logging_mixin.py:190} INFO - [2025-10-12T07:52:49.261+0000] {dag.py:3239} INFO - Sync 1 DAGs
[2025-10-12T07:52:49.277+0000] {logging_mixin.py:190} INFO - [2025-10-12T07:52:49.277+0000] {dag.py:4180} INFO - Setting next_dagrun for sqlite_example_dag to None, run_after=None
[2025-10-12T07:52:49.328+0000] {processor.py:208} INFO - Processing /opt/airflow/dags/example_dag.py took 0.179 seconds
[2025-10-12T07:53:19.725+0000] {processor.py:186} INFO - Started process (PID=59) to work on /opt/airflow/dags/example_dag.py
[2025-10-12T07:53:19.726+0000] {processor.py:914} INFO - Processing file /opt/airflow/dags/example_dag.py for tasks to queue
[2025-10-12T07:53:19.728+0000] {logging_mixin.py:190} INFO - [2025-10-12T07:53:19.728+0000] {dagbag.py:588} INFO - Filling up the DagBag from /opt/airflow/dags/example_dag.py
[2025-10-12T07:53:19.744+0000] {processor.py:925} INFO - DAG(s) 'sqlite_example_dag' retrieved from /opt/airflow/dags/example_dag.py
[2025-10-12T07:53:19.775+0000] {logging_mixin.py:190} INFO - [2025-10-12T07:53:19.775+0000] {dag.py:3239} INFO - Sync 1 DAGs
[2025-10-12T07:53:19.791+0000] {logging_mixin.py:190} INFO - [2025-10-12T07:53:19.791+0000] {dag.py:4180} INFO - Setting next_dagrun for sqlite_example_dag to None, run_after=None
[2025-10-12T07:53:19.831+0000] {processor.py:208} INFO - Processing /opt/airflow/dags/example_dag.py took 0.111 seconds
[2025-10-12T07:53:50.450+0000] {processor.py:186} INFO - Started process (PID=62) to work on /opt/airflow/dags/example_dag.py
[2025-10-12T07:53:50.451+0000] {processor.py:914} INFO - Processing file /opt/airflow/dags/example_dag.py for tasks to queue
[2025-10-12T07:53:50.453+0000] {logging_mixin.py:190} INFO - [2025-10-12T07:53:50.453+0000] {dagbag.py:588} INFO - Filling up the DagBag from /opt/airflow/dags/example_dag.py
[2025-10-12T07:53:50.468+0000] {processor.py:925} INFO - DAG(s) 'sqlite_example_dag' retrieved from /opt/airflow/dags/example_dag.py
[2025-10-12T07:53:50.493+0000] {logging_mixin.py:190} INFO - [2025-10-12T07:53:50.493+0000] {dag.py:3239} INFO - Sync 1 DAGs
[2025-10-12T07:53:50.510+0000] {logging_mixin.py:190} INFO - [2025-10-12T07:53:50.510+0000] {dag.py:4180} INFO - Setting next_dagrun for sqlite_example_dag to None, run_after=None
[2025-10-12T07:53:50.551+0000] {processor.py:208} INFO - Processing /opt/airflow/dags/example_dag.py took 0.105 seconds
[2025-10-12T07:54:21.055+0000] {processor.py:186} INFO - Started process (PID=65) to work on /opt/airflow/dags/example_dag.py
[2025-10-12T07:54:21.056+0000] {processor.py:914} INFO - Processing file /opt/airflow/dags/example_dag.py for tasks to queue
[2025-10-12T07:54:21.059+0000] {logging_mixin.py:190} INFO - [2025-10-12T07:54:21.058+0000] {dagbag.py:588} INFO - Filling up the DagBag from /opt/airflow/dags/example_dag.py
[2025-10-12T07:54:21.075+0000] {processor.py:925} INFO - DAG(s) 'sqlite_example_dag' retrieved from /opt/airflow/dags/example_dag.py
[2025-10-12T07:54:21.103+0000] {logging_mixin.py:190} INFO - [2025-10-12T07:54:21.103+0000] {dag.py:3239} INFO - Sync 1 DAGs
[2025-10-12T07:54:21.119+0000] {logging_mixin.py:190} INFO - [2025-10-12T07:54:21.119+0000] {dag.py:4180} INFO - Setting next_dagrun for sqlite_example_dag to None, run_after=None
[2025-10-12T07:54:21.177+0000] {processor.py:208} INFO - Processing /opt/airflow/dags/example_dag.py took 0.127 seconds
[2025-10-12T07:54:51.785+0000] {processor.py:186} INFO - Started process (PID=68) to work on /opt/airflow/dags/example_dag.py
[2025-10-12T07:54:51.786+0000] {processor.py:914} INFO - Processing file /opt/airflow/dags/example_dag.py for tasks to queue
[2025-10-12T07:54:51.788+0000] {logging_mixin.py:190} INFO - [2025-10-12T07:54:51.788+0000] {dagbag.py:588} INFO - Filling up the DagBag from /opt/airflow/dags/example_dag.py
[2025-10-12T07:54:51.803+0000] {processor.py:925} INFO - DAG(s) 'sqlite_example_dag' retrieved from /opt/airflow/dags/example_dag.py
[2025-10-12T07:54:51.833+0000] {logging_mixin.py:190} INFO - [2025-10-12T07:54:51.833+0000] {dag.py:3239} INFO - Sync 1 DAGs
[2025-10-12T07:54:51.850+0000] {logging_mixin.py:190} INFO - [2025-10-12T07:54:51.850+0000] {dag.py:4180} INFO - Setting next_dagrun for sqlite_example_dag to None, run_after=None
[2025-10-12T07:54:51.894+0000] {processor.py:208} INFO - Processing /opt/airflow/dags/example_dag.py took 0.114 seconds
[2025-10-12T07:55:22.347+0000] {processor.py:186} INFO - Started process (PID=71) to work on /opt/airflow/dags/example_dag.py
[2025-10-12T07:55:22.348+0000] {processor.py:914} INFO - Processing file /opt/airflow/dags/example_dag.py for tasks to queue
[2025-10-12T07:55:22.352+0000] {logging_mixin.py:190} INFO - [2025-10-12T07:55:22.351+0000] {dagbag.py:588} INFO - Filling up the DagBag from /opt/airflow/dags/example_dag.py
[2025-10-12T07:55:22.368+0000] {processor.py:925} INFO - DAG(s) 'sqlite_example_dag' retrieved from /opt/airflow/dags/example_dag.py
[2025-10-12T07:55:22.400+0000] {logging_mixin.py:190} INFO - [2025-10-12T07:55:22.399+0000] {dag.py:3239} INFO - Sync 1 DAGs
[2025-10-12T07:55:22.416+0000] {logging_mixin.py:190} INFO - [2025-10-12T07:55:22.416+0000] {dag.py:4180} INFO - Setting next_dagrun for sqlite_example_dag to None, run_after=None
[2025-10-12T07:55:22.457+0000] {processor.py:208} INFO - Processing /opt/airflow/dags/example_dag.py took 0.115 seconds
[2025-10-12T07:55:53.159+0000] {processor.py:186} INFO - Started process (PID=75) to work on /opt/airflow/dags/example_dag.py
[2025-10-12T07:55:53.159+0000] {processor.py:914} INFO - Processing file /opt/airflow/dags/example_dag.py for tasks to queue
[2025-10-12T07:55:53.161+0000] {logging_mixin.py:190} INFO - [2025-10-12T07:55:53.161+0000] {dagbag.py:588} INFO - Filling up the DagBag from /opt/airflow/dags/example_dag.py
[2025-10-12T07:55:53.175+0000] {processor.py:925} INFO - DAG(s) 'sqlite_example_dag' retrieved from /opt/airflow/dags/example_dag.py
[2025-10-12T07:55:53.198+0000] {logging_mixin.py:190} INFO - [2025-10-12T07:55:53.197+0000] {dag.py:3239} INFO - Sync 1 DAGs
[2025-10-12T07:55:53.212+0000] {logging_mixin.py:190} INFO - [2025-10-12T07:55:53.211+0000] {dag.py:4180} INFO - Setting next_dagrun for sqlite_example_dag to None, run_after=None
[2025-10-12T07:55:53.255+0000] {processor.py:208} INFO - Processing /opt/airflow/dags/example_dag.py took 0.101 seconds
[2025-10-12T07:56:23.805+0000] {processor.py:186} INFO - Started process (PID=88) to work on /opt/airflow/dags/example_dag.py
[2025-10-12T07:56:23.806+0000] {processor.py:914} INFO - Processing file /opt/airflow/dags/example_dag.py for tasks to queue
[2025-10-12T07:56:23.808+0000] {logging_mixin.py:190} INFO - [2025-10-12T07:56:23.808+0000] {dagbag.py:588} INFO - Filling up the DagBag from /opt/airflow/dags/example_dag.py
[2025-10-12T07:56:23.823+0000] {processor.py:925} INFO - DAG(s) 'sqlite_example_dag' retrieved from /opt/airflow/dags/example_dag.py
[2025-10-12T07:56:23.850+0000] {logging_mixin.py:190} INFO - [2025-10-12T07:56:23.849+0000] {dag.py:3239} INFO - Sync 1 DAGs
[2025-10-12T07:56:23.863+0000] {logging_mixin.py:190} INFO - [2025-10-12T07:56:23.862+0000] {dag.py:4180} INFO - Setting next_dagrun for sqlite_example_dag to None, run_after=None
[2025-10-12T07:56:23.902+0000] {processor.py:208} INFO - Processing /opt/airflow/dags/example_dag.py took 0.101 seconds
