[2025-10-12T07:46:21.855+0000] {processor.py:186} INFO - Started process (PID=27) to work on /opt/airflow/dags/init_sqlite_db.py
[2025-10-12T07:46:21.856+0000] {processor.py:914} INFO - Processing file /opt/airflow/dags/init_sqlite_db.py for tasks to queue
[2025-10-12T07:46:21.858+0000] {logging_mixin.py:190} INFO - [2025-10-12T07:46:21.858+0000] {dagbag.py:588} INFO - Filling up the DagBag from /opt/airflow/dags/init_sqlite_db.py
[2025-10-12T07:46:21.875+0000] {processor.py:925} INFO - DAG(s) 'init_sqlite_db' retrieved from /opt/airflow/dags/init_sqlite_db.py
[2025-10-12T07:46:21.914+0000] {logging_mixin.py:190} INFO - [2025-10-12T07:46:21.913+0000] {dag.py:3239} INFO - Sync 1 DAGs
[2025-10-12T07:46:21.930+0000] {logging_mixin.py:190} INFO - [2025-10-12T07:46:21.930+0000] {dag.py:4180} INFO - Setting next_dagrun for init_sqlite_db to None, run_after=None
[2025-10-12T07:46:21.979+0000] {processor.py:208} INFO - Processing /opt/airflow/dags/init_sqlite_db.py took 0.130 seconds
[2025-10-12T07:46:52.277+0000] {processor.py:186} INFO - Started process (PID=30) to work on /opt/airflow/dags/init_sqlite_db.py
[2025-10-12T07:46:52.278+0000] {processor.py:914} INFO - Processing file /opt/airflow/dags/init_sqlite_db.py for tasks to queue
[2025-10-12T07:46:52.280+0000] {logging_mixin.py:190} INFO - [2025-10-12T07:46:52.280+0000] {dagbag.py:588} INFO - Filling up the DagBag from /opt/airflow/dags/init_sqlite_db.py
[2025-10-12T07:46:52.293+0000] {processor.py:925} INFO - DAG(s) 'init_sqlite_db' retrieved from /opt/airflow/dags/init_sqlite_db.py
[2025-10-12T07:46:52.319+0000] {logging_mixin.py:190} INFO - [2025-10-12T07:46:52.319+0000] {dag.py:3239} INFO - Sync 1 DAGs
[2025-10-12T07:46:52.336+0000] {logging_mixin.py:190} INFO - [2025-10-12T07:46:52.336+0000] {dag.py:4180} INFO - Setting next_dagrun for init_sqlite_db to None, run_after=None
[2025-10-12T07:46:52.378+0000] {processor.py:208} INFO - Processing /opt/airflow/dags/init_sqlite_db.py took 0.105 seconds
[2025-10-12T07:47:23.231+0000] {processor.py:186} INFO - Started process (PID=43) to work on /opt/airflow/dags/init_sqlite_db.py
[2025-10-12T07:47:23.233+0000] {processor.py:914} INFO - Processing file /opt/airflow/dags/init_sqlite_db.py for tasks to queue
[2025-10-12T07:47:23.235+0000] {logging_mixin.py:190} INFO - [2025-10-12T07:47:23.235+0000] {dagbag.py:588} INFO - Filling up the DagBag from /opt/airflow/dags/init_sqlite_db.py
[2025-10-12T07:47:23.258+0000] {processor.py:925} INFO - DAG(s) 'init_sqlite_db' retrieved from /opt/airflow/dags/init_sqlite_db.py
[2025-10-12T07:47:23.290+0000] {logging_mixin.py:190} INFO - [2025-10-12T07:47:23.289+0000] {dag.py:3239} INFO - Sync 1 DAGs
[2025-10-12T07:47:23.307+0000] {logging_mixin.py:190} INFO - [2025-10-12T07:47:23.306+0000] {dag.py:4180} INFO - Setting next_dagrun for init_sqlite_db to None, run_after=None
[2025-10-12T07:47:23.356+0000] {processor.py:208} INFO - Processing /opt/airflow/dags/init_sqlite_db.py took 0.129 seconds
[2025-10-12T07:47:53.502+0000] {processor.py:186} INFO - Started process (PID=46) to work on /opt/airflow/dags/init_sqlite_db.py
[2025-10-12T07:47:53.503+0000] {processor.py:914} INFO - Processing file /opt/airflow/dags/init_sqlite_db.py for tasks to queue
[2025-10-12T07:47:53.505+0000] {logging_mixin.py:190} INFO - [2025-10-12T07:47:53.504+0000] {dagbag.py:588} INFO - Filling up the DagBag from /opt/airflow/dags/init_sqlite_db.py
[2025-10-12T07:47:53.521+0000] {processor.py:925} INFO - DAG(s) 'init_sqlite_db' retrieved from /opt/airflow/dags/init_sqlite_db.py
[2025-10-12T07:47:53.549+0000] {logging_mixin.py:190} INFO - [2025-10-12T07:47:53.548+0000] {dag.py:3239} INFO - Sync 1 DAGs
[2025-10-12T07:47:53.563+0000] {logging_mixin.py:190} INFO - [2025-10-12T07:47:53.563+0000] {dag.py:4180} INFO - Setting next_dagrun for init_sqlite_db to None, run_after=None
[2025-10-12T07:47:53.609+0000] {processor.py:208} INFO - Processing /opt/airflow/dags/init_sqlite_db.py took 0.111 seconds
[2025-10-12T07:48:23.750+0000] {processor.py:186} INFO - Started process (PID=49) to work on /opt/airflow/dags/init_sqlite_db.py
[2025-10-12T07:48:23.751+0000] {processor.py:914} INFO - Processing file /opt/airflow/dags/init_sqlite_db.py for tasks to queue
[2025-10-12T07:48:23.754+0000] {logging_mixin.py:190} INFO - [2025-10-12T07:48:23.753+0000] {dagbag.py:588} INFO - Filling up the DagBag from /opt/airflow/dags/init_sqlite_db.py
[2025-10-12T07:48:23.767+0000] {processor.py:925} INFO - DAG(s) 'init_sqlite_db' retrieved from /opt/airflow/dags/init_sqlite_db.py
[2025-10-12T07:48:23.792+0000] {logging_mixin.py:190} INFO - [2025-10-12T07:48:23.792+0000] {dag.py:3239} INFO - Sync 1 DAGs
[2025-10-12T07:48:23.808+0000] {logging_mixin.py:190} INFO - [2025-10-12T07:48:23.808+0000] {dag.py:4180} INFO - Setting next_dagrun for init_sqlite_db to None, run_after=None
[2025-10-12T07:48:23.854+0000] {processor.py:208} INFO - Processing /opt/airflow/dags/init_sqlite_db.py took 0.108 seconds
[2025-10-12T07:49:41.810+0000] {processor.py:186} INFO - Started process (PID=27) to work on /opt/airflow/dags/init_sqlite_db.py
[2025-10-12T07:49:41.811+0000] {processor.py:914} INFO - Processing file /opt/airflow/dags/init_sqlite_db.py for tasks to queue
[2025-10-12T07:49:41.814+0000] {logging_mixin.py:190} INFO - [2025-10-12T07:49:41.813+0000] {dagbag.py:588} INFO - Filling up the DagBag from /opt/airflow/dags/init_sqlite_db.py
[2025-10-12T07:49:41.832+0000] {processor.py:925} INFO - DAG(s) 'init_sqlite_db' retrieved from /opt/airflow/dags/init_sqlite_db.py
[2025-10-12T07:49:41.871+0000] {logging_mixin.py:190} INFO - [2025-10-12T07:49:41.871+0000] {dag.py:3239} INFO - Sync 1 DAGs
[2025-10-12T07:49:41.891+0000] {logging_mixin.py:190} INFO - [2025-10-12T07:49:41.891+0000] {dag.py:4180} INFO - Setting next_dagrun for init_sqlite_db to None, run_after=None
[2025-10-12T07:49:41.936+0000] {processor.py:208} INFO - Processing /opt/airflow/dags/init_sqlite_db.py took 0.135 seconds
[2025-10-12T07:50:12.084+0000] {processor.py:186} INFO - Started process (PID=30) to work on /opt/airflow/dags/init_sqlite_db.py
[2025-10-12T07:50:12.086+0000] {processor.py:914} INFO - Processing file /opt/airflow/dags/init_sqlite_db.py for tasks to queue
[2025-10-12T07:50:12.089+0000] {logging_mixin.py:190} INFO - [2025-10-12T07:50:12.088+0000] {dagbag.py:588} INFO - Filling up the DagBag from /opt/airflow/dags/init_sqlite_db.py
[2025-10-12T07:50:12.104+0000] {processor.py:925} INFO - DAG(s) 'init_sqlite_db' retrieved from /opt/airflow/dags/init_sqlite_db.py
[2025-10-12T07:50:12.129+0000] {logging_mixin.py:190} INFO - [2025-10-12T07:50:12.128+0000] {dag.py:3239} INFO - Sync 1 DAGs
[2025-10-12T07:50:12.144+0000] {logging_mixin.py:190} INFO - [2025-10-12T07:50:12.144+0000] {dag.py:4180} INFO - Setting next_dagrun for init_sqlite_db to None, run_after=None
[2025-10-12T07:50:12.185+0000] {processor.py:208} INFO - Processing /opt/airflow/dags/init_sqlite_db.py took 0.106 seconds
[2025-10-12T07:50:42.983+0000] {processor.py:186} INFO - Started process (PID=33) to work on /opt/airflow/dags/init_sqlite_db.py
[2025-10-12T07:50:42.984+0000] {processor.py:914} INFO - Processing file /opt/airflow/dags/init_sqlite_db.py for tasks to queue
[2025-10-12T07:50:42.987+0000] {logging_mixin.py:190} INFO - [2025-10-12T07:50:42.986+0000] {dagbag.py:588} INFO - Filling up the DagBag from /opt/airflow/dags/init_sqlite_db.py
[2025-10-12T07:50:43.003+0000] {processor.py:925} INFO - DAG(s) 'init_sqlite_db' retrieved from /opt/airflow/dags/init_sqlite_db.py
[2025-10-12T07:50:43.035+0000] {logging_mixin.py:190} INFO - [2025-10-12T07:50:43.035+0000] {dag.py:3239} INFO - Sync 1 DAGs
[2025-10-12T07:50:43.052+0000] {logging_mixin.py:190} INFO - [2025-10-12T07:50:43.051+0000] {dag.py:4180} INFO - Setting next_dagrun for init_sqlite_db to None, run_after=None
[2025-10-12T07:50:43.092+0000] {processor.py:208} INFO - Processing /opt/airflow/dags/init_sqlite_db.py took 0.113 seconds
[2025-10-12T07:51:13.647+0000] {processor.py:186} INFO - Started process (PID=36) to work on /opt/airflow/dags/init_sqlite_db.py
[2025-10-12T07:51:13.648+0000] {processor.py:914} INFO - Processing file /opt/airflow/dags/init_sqlite_db.py for tasks to queue
[2025-10-12T07:51:13.650+0000] {logging_mixin.py:190} INFO - [2025-10-12T07:51:13.650+0000] {dagbag.py:588} INFO - Filling up the DagBag from /opt/airflow/dags/init_sqlite_db.py
[2025-10-12T07:51:13.665+0000] {processor.py:925} INFO - DAG(s) 'init_sqlite_db' retrieved from /opt/airflow/dags/init_sqlite_db.py
[2025-10-12T07:51:13.690+0000] {logging_mixin.py:190} INFO - [2025-10-12T07:51:13.690+0000] {dag.py:3239} INFO - Sync 1 DAGs
[2025-10-12T07:51:13.704+0000] {logging_mixin.py:190} INFO - [2025-10-12T07:51:13.704+0000] {dag.py:4180} INFO - Setting next_dagrun for init_sqlite_db to None, run_after=None
[2025-10-12T07:51:13.750+0000] {processor.py:208} INFO - Processing /opt/airflow/dags/init_sqlite_db.py took 0.107 seconds
[2025-10-12T07:51:44.306+0000] {processor.py:186} INFO - Started process (PID=39) to work on /opt/airflow/dags/init_sqlite_db.py
[2025-10-12T07:51:44.307+0000] {processor.py:914} INFO - Processing file /opt/airflow/dags/init_sqlite_db.py for tasks to queue
[2025-10-12T07:51:44.309+0000] {logging_mixin.py:190} INFO - [2025-10-12T07:51:44.309+0000] {dagbag.py:588} INFO - Filling up the DagBag from /opt/airflow/dags/init_sqlite_db.py
[2025-10-12T07:51:44.323+0000] {processor.py:925} INFO - DAG(s) 'init_sqlite_db' retrieved from /opt/airflow/dags/init_sqlite_db.py
[2025-10-12T07:51:44.347+0000] {logging_mixin.py:190} INFO - [2025-10-12T07:51:44.347+0000] {dag.py:3239} INFO - Sync 1 DAGs
[2025-10-12T07:51:44.359+0000] {logging_mixin.py:190} INFO - [2025-10-12T07:51:44.359+0000] {dag.py:4180} INFO - Setting next_dagrun for init_sqlite_db to None, run_after=None
[2025-10-12T07:51:44.410+0000] {processor.py:208} INFO - Processing /opt/airflow/dags/init_sqlite_db.py took 0.109 seconds
[2025-10-12T07:52:14.975+0000] {processor.py:186} INFO - Started process (PID=42) to work on /opt/airflow/dags/init_sqlite_db.py
[2025-10-12T07:52:14.976+0000] {processor.py:914} INFO - Processing file /opt/airflow/dags/init_sqlite_db.py for tasks to queue
[2025-10-12T07:52:14.979+0000] {logging_mixin.py:190} INFO - [2025-10-12T07:52:14.979+0000] {dagbag.py:588} INFO - Filling up the DagBag from /opt/airflow/dags/init_sqlite_db.py
[2025-10-12T07:52:15.003+0000] {processor.py:925} INFO - DAG(s) 'init_sqlite_db' retrieved from /opt/airflow/dags/init_sqlite_db.py
[2025-10-12T07:52:15.045+0000] {logging_mixin.py:190} INFO - [2025-10-12T07:52:15.045+0000] {dag.py:3239} INFO - Sync 1 DAGs
[2025-10-12T07:52:15.063+0000] {logging_mixin.py:190} INFO - [2025-10-12T07:52:15.063+0000] {dag.py:4180} INFO - Setting next_dagrun for init_sqlite_db to None, run_after=None
[2025-10-12T07:52:15.124+0000] {processor.py:208} INFO - Processing /opt/airflow/dags/init_sqlite_db.py took 0.157 seconds
[2025-10-12T07:52:45.665+0000] {processor.py:186} INFO - Started process (PID=55) to work on /opt/airflow/dags/init_sqlite_db.py
[2025-10-12T07:52:45.666+0000] {processor.py:914} INFO - Processing file /opt/airflow/dags/init_sqlite_db.py for tasks to queue
[2025-10-12T07:52:45.669+0000] {logging_mixin.py:190} INFO - [2025-10-12T07:52:45.668+0000] {dagbag.py:588} INFO - Filling up the DagBag from /opt/airflow/dags/init_sqlite_db.py
[2025-10-12T07:52:45.682+0000] {processor.py:925} INFO - DAG(s) 'init_sqlite_db' retrieved from /opt/airflow/dags/init_sqlite_db.py
[2025-10-12T07:52:45.707+0000] {logging_mixin.py:190} INFO - [2025-10-12T07:52:45.707+0000] {dag.py:3239} INFO - Sync 1 DAGs
[2025-10-12T07:52:45.722+0000] {logging_mixin.py:190} INFO - [2025-10-12T07:52:45.722+0000] {dag.py:4180} INFO - Setting next_dagrun for init_sqlite_db to None, run_after=None
[2025-10-12T07:52:45.768+0000] {processor.py:208} INFO - Processing /opt/airflow/dags/init_sqlite_db.py took 0.107 seconds
[2025-10-12T07:53:16.248+0000] {processor.py:186} INFO - Started process (PID=58) to work on /opt/airflow/dags/init_sqlite_db.py
[2025-10-12T07:53:16.249+0000] {processor.py:914} INFO - Processing file /opt/airflow/dags/init_sqlite_db.py for tasks to queue
[2025-10-12T07:53:16.252+0000] {logging_mixin.py:190} INFO - [2025-10-12T07:53:16.251+0000] {dagbag.py:588} INFO - Filling up the DagBag from /opt/airflow/dags/init_sqlite_db.py
[2025-10-12T07:53:16.266+0000] {processor.py:925} INFO - DAG(s) 'init_sqlite_db' retrieved from /opt/airflow/dags/init_sqlite_db.py
[2025-10-12T07:53:16.296+0000] {logging_mixin.py:190} INFO - [2025-10-12T07:53:16.296+0000] {dag.py:3239} INFO - Sync 1 DAGs
[2025-10-12T07:53:16.314+0000] {logging_mixin.py:190} INFO - [2025-10-12T07:53:16.314+0000] {dag.py:4180} INFO - Setting next_dagrun for init_sqlite_db to None, run_after=None
[2025-10-12T07:53:16.358+0000] {processor.py:208} INFO - Processing /opt/airflow/dags/init_sqlite_db.py took 0.115 seconds
[2025-10-12T07:53:46.964+0000] {processor.py:186} INFO - Started process (PID=61) to work on /opt/airflow/dags/init_sqlite_db.py
[2025-10-12T07:53:46.965+0000] {processor.py:914} INFO - Processing file /opt/airflow/dags/init_sqlite_db.py for tasks to queue
[2025-10-12T07:53:46.967+0000] {logging_mixin.py:190} INFO - [2025-10-12T07:53:46.967+0000] {dagbag.py:588} INFO - Filling up the DagBag from /opt/airflow/dags/init_sqlite_db.py
[2025-10-12T07:53:46.983+0000] {processor.py:925} INFO - DAG(s) 'init_sqlite_db' retrieved from /opt/airflow/dags/init_sqlite_db.py
[2025-10-12T07:53:47.016+0000] {logging_mixin.py:190} INFO - [2025-10-12T07:53:47.016+0000] {dag.py:3239} INFO - Sync 1 DAGs
[2025-10-12T07:53:47.035+0000] {logging_mixin.py:190} INFO - [2025-10-12T07:53:47.034+0000] {dag.py:4180} INFO - Setting next_dagrun for init_sqlite_db to None, run_after=None
[2025-10-12T07:53:47.096+0000] {processor.py:208} INFO - Processing /opt/airflow/dags/init_sqlite_db.py took 0.137 seconds
[2025-10-12T07:54:17.552+0000] {processor.py:186} INFO - Started process (PID=64) to work on /opt/airflow/dags/init_sqlite_db.py
[2025-10-12T07:54:17.553+0000] {processor.py:914} INFO - Processing file /opt/airflow/dags/init_sqlite_db.py for tasks to queue
[2025-10-12T07:54:17.555+0000] {logging_mixin.py:190} INFO - [2025-10-12T07:54:17.555+0000] {dagbag.py:588} INFO - Filling up the DagBag from /opt/airflow/dags/init_sqlite_db.py
[2025-10-12T07:54:17.568+0000] {processor.py:925} INFO - DAG(s) 'init_sqlite_db' retrieved from /opt/airflow/dags/init_sqlite_db.py
[2025-10-12T07:54:17.592+0000] {logging_mixin.py:190} INFO - [2025-10-12T07:54:17.592+0000] {dag.py:3239} INFO - Sync 1 DAGs
[2025-10-12T07:54:17.608+0000] {logging_mixin.py:190} INFO - [2025-10-12T07:54:17.607+0000] {dag.py:4180} INFO - Setting next_dagrun for init_sqlite_db to None, run_after=None
[2025-10-12T07:54:17.652+0000] {processor.py:208} INFO - Processing /opt/airflow/dags/init_sqlite_db.py took 0.105 seconds
[2025-10-12T07:54:48.270+0000] {processor.py:186} INFO - Started process (PID=67) to work on /opt/airflow/dags/init_sqlite_db.py
[2025-10-12T07:54:48.271+0000] {processor.py:914} INFO - Processing file /opt/airflow/dags/init_sqlite_db.py for tasks to queue
[2025-10-12T07:54:48.273+0000] {logging_mixin.py:190} INFO - [2025-10-12T07:54:48.273+0000] {dagbag.py:588} INFO - Filling up the DagBag from /opt/airflow/dags/init_sqlite_db.py
[2025-10-12T07:54:48.288+0000] {processor.py:925} INFO - DAG(s) 'init_sqlite_db' retrieved from /opt/airflow/dags/init_sqlite_db.py
[2025-10-12T07:54:48.320+0000] {logging_mixin.py:190} INFO - [2025-10-12T07:54:48.320+0000] {dag.py:3239} INFO - Sync 1 DAGs
[2025-10-12T07:54:48.337+0000] {logging_mixin.py:190} INFO - [2025-10-12T07:54:48.337+0000] {dag.py:4180} INFO - Setting next_dagrun for init_sqlite_db to None, run_after=None
[2025-10-12T07:54:48.384+0000] {processor.py:208} INFO - Processing /opt/airflow/dags/init_sqlite_db.py took 0.118 seconds
[2025-10-12T07:55:18.901+0000] {processor.py:186} INFO - Started process (PID=70) to work on /opt/airflow/dags/init_sqlite_db.py
[2025-10-12T07:55:18.903+0000] {processor.py:914} INFO - Processing file /opt/airflow/dags/init_sqlite_db.py for tasks to queue
[2025-10-12T07:55:18.906+0000] {logging_mixin.py:190} INFO - [2025-10-12T07:55:18.905+0000] {dagbag.py:588} INFO - Filling up the DagBag from /opt/airflow/dags/init_sqlite_db.py
[2025-10-12T07:55:18.921+0000] {processor.py:925} INFO - DAG(s) 'init_sqlite_db' retrieved from /opt/airflow/dags/init_sqlite_db.py
[2025-10-12T07:55:18.953+0000] {logging_mixin.py:190} INFO - [2025-10-12T07:55:18.953+0000] {dag.py:3239} INFO - Sync 1 DAGs
[2025-10-12T07:55:18.968+0000] {logging_mixin.py:190} INFO - [2025-10-12T07:55:18.968+0000] {dag.py:4180} INFO - Setting next_dagrun for init_sqlite_db to None, run_after=None
[2025-10-12T07:55:19.009+0000] {processor.py:208} INFO - Processing /opt/airflow/dags/init_sqlite_db.py took 0.112 seconds
[2025-10-12T07:55:49.499+0000] {processor.py:186} INFO - Started process (PID=73) to work on /opt/airflow/dags/init_sqlite_db.py
[2025-10-12T07:55:49.500+0000] {processor.py:914} INFO - Processing file /opt/airflow/dags/init_sqlite_db.py for tasks to queue
[2025-10-12T07:55:49.503+0000] {logging_mixin.py:190} INFO - [2025-10-12T07:55:49.503+0000] {dagbag.py:588} INFO - Filling up the DagBag from /opt/airflow/dags/init_sqlite_db.py
[2025-10-12T07:55:49.520+0000] {processor.py:925} INFO - DAG(s) 'init_sqlite_db' retrieved from /opt/airflow/dags/init_sqlite_db.py
[2025-10-12T07:55:49.552+0000] {logging_mixin.py:190} INFO - [2025-10-12T07:55:49.552+0000] {dag.py:3239} INFO - Sync 1 DAGs
[2025-10-12T07:55:49.568+0000] {logging_mixin.py:190} INFO - [2025-10-12T07:55:49.568+0000] {dag.py:4180} INFO - Setting next_dagrun for init_sqlite_db to None, run_after=None
[2025-10-12T07:55:49.607+0000] {processor.py:208} INFO - Processing /opt/airflow/dags/init_sqlite_db.py took 0.113 seconds
[2025-10-12T07:56:20.089+0000] {processor.py:186} INFO - Started process (PID=86) to work on /opt/airflow/dags/init_sqlite_db.py
[2025-10-12T07:56:20.090+0000] {processor.py:914} INFO - Processing file /opt/airflow/dags/init_sqlite_db.py for tasks to queue
[2025-10-12T07:56:20.092+0000] {logging_mixin.py:190} INFO - [2025-10-12T07:56:20.092+0000] {dagbag.py:588} INFO - Filling up the DagBag from /opt/airflow/dags/init_sqlite_db.py
[2025-10-12T07:56:20.105+0000] {processor.py:925} INFO - DAG(s) 'init_sqlite_db' retrieved from /opt/airflow/dags/init_sqlite_db.py
[2025-10-12T07:56:20.132+0000] {logging_mixin.py:190} INFO - [2025-10-12T07:56:20.132+0000] {dag.py:3239} INFO - Sync 1 DAGs
[2025-10-12T07:56:20.148+0000] {logging_mixin.py:190} INFO - [2025-10-12T07:56:20.148+0000] {dag.py:4180} INFO - Setting next_dagrun for init_sqlite_db to None, run_after=None
[2025-10-12T07:56:20.193+0000] {processor.py:208} INFO - Processing /opt/airflow/dags/init_sqlite_db.py took 0.109 seconds
[2025-10-12T07:56:50.925+0000] {processor.py:186} INFO - Started process (PID=89) to work on /opt/airflow/dags/init_sqlite_db.py
[2025-10-12T07:56:50.927+0000] {processor.py:914} INFO - Processing file /opt/airflow/dags/init_sqlite_db.py for tasks to queue
[2025-10-12T07:56:50.930+0000] {logging_mixin.py:190} INFO - [2025-10-12T07:56:50.930+0000] {dagbag.py:588} INFO - Filling up the DagBag from /opt/airflow/dags/init_sqlite_db.py
[2025-10-12T07:56:50.946+0000] {processor.py:925} INFO - DAG(s) 'init_sqlite_db' retrieved from /opt/airflow/dags/init_sqlite_db.py
[2025-10-12T07:56:50.976+0000] {logging_mixin.py:190} INFO - [2025-10-12T07:56:50.976+0000] {dag.py:3239} INFO - Sync 1 DAGs
[2025-10-12T07:56:50.991+0000] {logging_mixin.py:190} INFO - [2025-10-12T07:56:50.991+0000] {dag.py:4180} INFO - Setting next_dagrun for init_sqlite_db to None, run_after=None
[2025-10-12T07:56:51.033+0000] {processor.py:208} INFO - Processing /opt/airflow/dags/init_sqlite_db.py took 0.112 seconds
