[2025-10-12T07:46:20.545+0000] {processor.py:186} INFO - Started process (PID=26) to work on /opt/airflow/dags/read_sqlite_db.py
[2025-10-12T07:46:20.546+0000] {processor.py:914} INFO - Processing file /opt/airflow/dags/read_sqlite_db.py for tasks to queue
[2025-10-12T07:46:20.549+0000] {logging_mixin.py:190} INFO - [2025-10-12T07:46:20.548+0000] {dagbag.py:588} INFO - Filling up the DagBag from /opt/airflow/dags/read_sqlite_db.py
[2025-10-12T07:46:20.576+0000] {processor.py:925} INFO - DAG(s) 'read_sqlite_db' retrieved from /opt/airflow/dags/read_sqlite_db.py
[2025-10-12T07:46:20.631+0000] {logging_mixin.py:190} INFO - [2025-10-12T07:46:20.630+0000] {dag.py:3239} INFO - Sync 1 DAGs
[2025-10-12T07:46:20.647+0000] {logging_mixin.py:190} INFO - [2025-10-12T07:46:20.646+0000] {dag.py:4180} INFO - Setting next_dagrun for read_sqlite_db to None, run_after=None
[2025-10-12T07:46:20.693+0000] {processor.py:208} INFO - Processing /opt/airflow/dags/read_sqlite_db.py took 0.155 seconds
[2025-10-12T07:46:50.964+0000] {processor.py:186} INFO - Started process (PID=29) to work on /opt/airflow/dags/read_sqlite_db.py
[2025-10-12T07:46:50.966+0000] {processor.py:914} INFO - Processing file /opt/airflow/dags/read_sqlite_db.py for tasks to queue
[2025-10-12T07:46:50.969+0000] {logging_mixin.py:190} INFO - [2025-10-12T07:46:50.968+0000] {dagbag.py:588} INFO - Filling up the DagBag from /opt/airflow/dags/read_sqlite_db.py
[2025-10-12T07:46:50.985+0000] {processor.py:925} INFO - DAG(s) 'read_sqlite_db' retrieved from /opt/airflow/dags/read_sqlite_db.py
[2025-10-12T07:46:51.015+0000] {logging_mixin.py:190} INFO - [2025-10-12T07:46:51.015+0000] {dag.py:3239} INFO - Sync 1 DAGs
[2025-10-12T07:46:51.032+0000] {logging_mixin.py:190} INFO - [2025-10-12T07:46:51.032+0000] {dag.py:4180} INFO - Setting next_dagrun for read_sqlite_db to None, run_after=None
[2025-10-12T07:46:51.072+0000] {processor.py:208} INFO - Processing /opt/airflow/dags/read_sqlite_db.py took 0.113 seconds
[2025-10-12T07:47:21.918+0000] {processor.py:186} INFO - Started process (PID=42) to work on /opt/airflow/dags/read_sqlite_db.py
[2025-10-12T07:47:21.919+0000] {processor.py:914} INFO - Processing file /opt/airflow/dags/read_sqlite_db.py for tasks to queue
[2025-10-12T07:47:21.921+0000] {logging_mixin.py:190} INFO - [2025-10-12T07:47:21.921+0000] {dagbag.py:588} INFO - Filling up the DagBag from /opt/airflow/dags/read_sqlite_db.py
[2025-10-12T07:47:21.939+0000] {processor.py:925} INFO - DAG(s) 'read_sqlite_db' retrieved from /opt/airflow/dags/read_sqlite_db.py
[2025-10-12T07:47:21.976+0000] {logging_mixin.py:190} INFO - [2025-10-12T07:47:21.976+0000] {dag.py:3239} INFO - Sync 1 DAGs
[2025-10-12T07:47:21.993+0000] {logging_mixin.py:190} INFO - [2025-10-12T07:47:21.993+0000] {dag.py:4180} INFO - Setting next_dagrun for read_sqlite_db to None, run_after=None
[2025-10-12T07:47:22.049+0000] {processor.py:208} INFO - Processing /opt/airflow/dags/read_sqlite_db.py took 0.134 seconds
[2025-10-12T07:47:52.192+0000] {processor.py:186} INFO - Started process (PID=45) to work on /opt/airflow/dags/read_sqlite_db.py
[2025-10-12T07:47:52.193+0000] {processor.py:914} INFO - Processing file /opt/airflow/dags/read_sqlite_db.py for tasks to queue
[2025-10-12T07:47:52.195+0000] {logging_mixin.py:190} INFO - [2025-10-12T07:47:52.194+0000] {dagbag.py:588} INFO - Filling up the DagBag from /opt/airflow/dags/read_sqlite_db.py
[2025-10-12T07:47:52.211+0000] {processor.py:925} INFO - DAG(s) 'read_sqlite_db' retrieved from /opt/airflow/dags/read_sqlite_db.py
[2025-10-12T07:47:52.247+0000] {logging_mixin.py:190} INFO - [2025-10-12T07:47:52.247+0000] {dag.py:3239} INFO - Sync 1 DAGs
[2025-10-12T07:47:52.265+0000] {logging_mixin.py:190} INFO - [2025-10-12T07:47:52.265+0000] {dag.py:4180} INFO - Setting next_dagrun for read_sqlite_db to None, run_after=None
[2025-10-12T07:47:52.315+0000] {processor.py:208} INFO - Processing /opt/airflow/dags/read_sqlite_db.py took 0.127 seconds
[2025-10-12T07:48:22.455+0000] {processor.py:186} INFO - Started process (PID=48) to work on /opt/airflow/dags/read_sqlite_db.py
[2025-10-12T07:48:22.456+0000] {processor.py:914} INFO - Processing file /opt/airflow/dags/read_sqlite_db.py for tasks to queue
[2025-10-12T07:48:22.459+0000] {logging_mixin.py:190} INFO - [2025-10-12T07:48:22.458+0000] {dagbag.py:588} INFO - Filling up the DagBag from /opt/airflow/dags/read_sqlite_db.py
[2025-10-12T07:48:22.481+0000] {processor.py:925} INFO - DAG(s) 'read_sqlite_db' retrieved from /opt/airflow/dags/read_sqlite_db.py
[2025-10-12T07:48:22.511+0000] {logging_mixin.py:190} INFO - [2025-10-12T07:48:22.510+0000] {dag.py:3239} INFO - Sync 1 DAGs
[2025-10-12T07:48:22.526+0000] {logging_mixin.py:190} INFO - [2025-10-12T07:48:22.525+0000] {dag.py:4180} INFO - Setting next_dagrun for read_sqlite_db to None, run_after=None
[2025-10-12T07:48:22.570+0000] {processor.py:208} INFO - Processing /opt/airflow/dags/read_sqlite_db.py took 0.122 seconds
[2025-10-12T07:49:40.474+0000] {processor.py:186} INFO - Started process (PID=26) to work on /opt/airflow/dags/read_sqlite_db.py
[2025-10-12T07:49:40.475+0000] {processor.py:914} INFO - Processing file /opt/airflow/dags/read_sqlite_db.py for tasks to queue
[2025-10-12T07:49:40.477+0000] {logging_mixin.py:190} INFO - [2025-10-12T07:49:40.477+0000] {dagbag.py:588} INFO - Filling up the DagBag from /opt/airflow/dags/read_sqlite_db.py
[2025-10-12T07:49:40.502+0000] {processor.py:925} INFO - DAG(s) 'read_sqlite_db' retrieved from /opt/airflow/dags/read_sqlite_db.py
[2025-10-12T07:49:40.542+0000] {logging_mixin.py:190} INFO - [2025-10-12T07:49:40.541+0000] {dag.py:3239} INFO - Sync 1 DAGs
[2025-10-12T07:49:40.555+0000] {logging_mixin.py:190} INFO - [2025-10-12T07:49:40.555+0000] {dag.py:4180} INFO - Setting next_dagrun for read_sqlite_db to None, run_after=None
[2025-10-12T07:49:40.596+0000] {processor.py:208} INFO - Processing /opt/airflow/dags/read_sqlite_db.py took 0.128 seconds
[2025-10-12T07:50:10.776+0000] {processor.py:186} INFO - Started process (PID=29) to work on /opt/airflow/dags/read_sqlite_db.py
[2025-10-12T07:50:10.777+0000] {processor.py:914} INFO - Processing file /opt/airflow/dags/read_sqlite_db.py for tasks to queue
[2025-10-12T07:50:10.780+0000] {logging_mixin.py:190} INFO - [2025-10-12T07:50:10.780+0000] {dagbag.py:588} INFO - Filling up the DagBag from /opt/airflow/dags/read_sqlite_db.py
[2025-10-12T07:50:10.805+0000] {processor.py:925} INFO - DAG(s) 'read_sqlite_db' retrieved from /opt/airflow/dags/read_sqlite_db.py
[2025-10-12T07:50:10.839+0000] {logging_mixin.py:190} INFO - [2025-10-12T07:50:10.839+0000] {dag.py:3239} INFO - Sync 1 DAGs
[2025-10-12T07:50:10.856+0000] {logging_mixin.py:190} INFO - [2025-10-12T07:50:10.856+0000] {dag.py:4180} INFO - Setting next_dagrun for read_sqlite_db to None, run_after=None
[2025-10-12T07:50:10.906+0000] {processor.py:208} INFO - Processing /opt/airflow/dags/read_sqlite_db.py took 0.144 seconds
[2025-10-12T07:50:41.663+0000] {processor.py:186} INFO - Started process (PID=32) to work on /opt/airflow/dags/read_sqlite_db.py
[2025-10-12T07:50:41.664+0000] {processor.py:914} INFO - Processing file /opt/airflow/dags/read_sqlite_db.py for tasks to queue
[2025-10-12T07:50:41.666+0000] {logging_mixin.py:190} INFO - [2025-10-12T07:50:41.666+0000] {dagbag.py:588} INFO - Filling up the DagBag from /opt/airflow/dags/read_sqlite_db.py
[2025-10-12T07:50:41.685+0000] {processor.py:925} INFO - DAG(s) 'read_sqlite_db' retrieved from /opt/airflow/dags/read_sqlite_db.py
[2025-10-12T07:50:41.726+0000] {logging_mixin.py:190} INFO - [2025-10-12T07:50:41.725+0000] {dag.py:3239} INFO - Sync 1 DAGs
[2025-10-12T07:50:41.742+0000] {logging_mixin.py:190} INFO - [2025-10-12T07:50:41.742+0000] {dag.py:4180} INFO - Setting next_dagrun for read_sqlite_db to None, run_after=None
[2025-10-12T07:50:41.797+0000] {processor.py:208} INFO - Processing /opt/airflow/dags/read_sqlite_db.py took 0.138 seconds
[2025-10-12T07:51:12.003+0000] {processor.py:186} INFO - Started process (PID=35) to work on /opt/airflow/dags/read_sqlite_db.py
[2025-10-12T07:51:12.006+0000] {processor.py:914} INFO - Processing file /opt/airflow/dags/read_sqlite_db.py for tasks to queue
[2025-10-12T07:51:12.011+0000] {logging_mixin.py:190} INFO - [2025-10-12T07:51:12.011+0000] {dagbag.py:588} INFO - Filling up the DagBag from /opt/airflow/dags/read_sqlite_db.py
[2025-10-12T07:51:12.032+0000] {processor.py:925} INFO - DAG(s) 'read_sqlite_db' retrieved from /opt/airflow/dags/read_sqlite_db.py
[2025-10-12T07:51:12.081+0000] {logging_mixin.py:190} INFO - [2025-10-12T07:51:12.080+0000] {dag.py:3239} INFO - Sync 1 DAGs
[2025-10-12T07:51:12.099+0000] {logging_mixin.py:190} INFO - [2025-10-12T07:51:12.099+0000] {dag.py:4180} INFO - Setting next_dagrun for read_sqlite_db to None, run_after=None
[2025-10-12T07:51:12.153+0000] {processor.py:208} INFO - Processing /opt/airflow/dags/read_sqlite_db.py took 0.155 seconds
[2025-10-12T07:51:42.254+0000] {processor.py:186} INFO - Started process (PID=38) to work on /opt/airflow/dags/read_sqlite_db.py
[2025-10-12T07:51:42.255+0000] {processor.py:914} INFO - Processing file /opt/airflow/dags/read_sqlite_db.py for tasks to queue
[2025-10-12T07:51:42.257+0000] {logging_mixin.py:190} INFO - [2025-10-12T07:51:42.257+0000] {dagbag.py:588} INFO - Filling up the DagBag from /opt/airflow/dags/read_sqlite_db.py
[2025-10-12T07:51:42.271+0000] {processor.py:925} INFO - DAG(s) 'read_sqlite_db' retrieved from /opt/airflow/dags/read_sqlite_db.py
[2025-10-12T07:51:42.301+0000] {logging_mixin.py:190} INFO - [2025-10-12T07:51:42.301+0000] {dag.py:3239} INFO - Sync 1 DAGs
[2025-10-12T07:51:42.319+0000] {logging_mixin.py:190} INFO - [2025-10-12T07:51:42.319+0000] {dag.py:4180} INFO - Setting next_dagrun for read_sqlite_db to None, run_after=None
[2025-10-12T07:51:42.362+0000] {processor.py:208} INFO - Processing /opt/airflow/dags/read_sqlite_db.py took 0.113 seconds
[2025-10-12T07:52:06.891+0000] {processor.py:186} INFO - Started process (PID=41) to work on /opt/airflow/dags/read_sqlite_db.py
[2025-10-12T07:52:06.892+0000] {processor.py:914} INFO - Processing file /opt/airflow/dags/read_sqlite_db.py for tasks to queue
[2025-10-12T07:52:06.895+0000] {logging_mixin.py:190} INFO - [2025-10-12T07:52:06.895+0000] {dagbag.py:588} INFO - Filling up the DagBag from /opt/airflow/dags/read_sqlite_db.py
[2025-10-12T07:52:06.916+0000] {processor.py:925} INFO - DAG(s) 'read_sqlite_db' retrieved from /opt/airflow/dags/read_sqlite_db.py
[2025-10-12T07:52:06.946+0000] {logging_mixin.py:190} INFO - [2025-10-12T07:52:06.946+0000] {dag.py:3239} INFO - Sync 1 DAGs
[2025-10-12T07:52:06.963+0000] {logging_mixin.py:190} INFO - [2025-10-12T07:52:06.962+0000] {dag.py:4180} INFO - Setting next_dagrun for read_sqlite_db to None, run_after=None
[2025-10-12T07:52:07.012+0000] {processor.py:208} INFO - Processing /opt/airflow/dags/read_sqlite_db.py took 0.125 seconds
[2025-10-12T07:52:37.637+0000] {processor.py:186} INFO - Started process (PID=54) to work on /opt/airflow/dags/read_sqlite_db.py
[2025-10-12T07:52:37.638+0000] {processor.py:914} INFO - Processing file /opt/airflow/dags/read_sqlite_db.py for tasks to queue
[2025-10-12T07:52:37.640+0000] {logging_mixin.py:190} INFO - [2025-10-12T07:52:37.640+0000] {dagbag.py:588} INFO - Filling up the DagBag from /opt/airflow/dags/read_sqlite_db.py
[2025-10-12T07:52:37.654+0000] {processor.py:925} INFO - DAG(s) 'read_sqlite_db' retrieved from /opt/airflow/dags/read_sqlite_db.py
[2025-10-12T07:52:37.679+0000] {logging_mixin.py:190} INFO - [2025-10-12T07:52:37.678+0000] {dag.py:3239} INFO - Sync 1 DAGs
[2025-10-12T07:52:37.695+0000] {logging_mixin.py:190} INFO - [2025-10-12T07:52:37.695+0000] {dag.py:4180} INFO - Setting next_dagrun for read_sqlite_db to None, run_after=None
[2025-10-12T07:52:37.738+0000] {processor.py:208} INFO - Processing /opt/airflow/dags/read_sqlite_db.py took 0.106 seconds
[2025-10-12T07:53:08.216+0000] {processor.py:186} INFO - Started process (PID=57) to work on /opt/airflow/dags/read_sqlite_db.py
[2025-10-12T07:53:08.217+0000] {processor.py:914} INFO - Processing file /opt/airflow/dags/read_sqlite_db.py for tasks to queue
[2025-10-12T07:53:08.219+0000] {logging_mixin.py:190} INFO - [2025-10-12T07:53:08.218+0000] {dagbag.py:588} INFO - Filling up the DagBag from /opt/airflow/dags/read_sqlite_db.py
[2025-10-12T07:53:08.232+0000] {processor.py:925} INFO - DAG(s) 'read_sqlite_db' retrieved from /opt/airflow/dags/read_sqlite_db.py
[2025-10-12T07:53:08.263+0000] {logging_mixin.py:190} INFO - [2025-10-12T07:53:08.263+0000] {dag.py:3239} INFO - Sync 1 DAGs
[2025-10-12T07:53:08.280+0000] {logging_mixin.py:190} INFO - [2025-10-12T07:53:08.280+0000] {dag.py:4180} INFO - Setting next_dagrun for read_sqlite_db to None, run_after=None
[2025-10-12T07:53:08.324+0000] {processor.py:208} INFO - Processing /opt/airflow/dags/read_sqlite_db.py took 0.112 seconds
[2025-10-12T07:53:38.904+0000] {processor.py:186} INFO - Started process (PID=60) to work on /opt/airflow/dags/read_sqlite_db.py
[2025-10-12T07:53:38.905+0000] {processor.py:914} INFO - Processing file /opt/airflow/dags/read_sqlite_db.py for tasks to queue
[2025-10-12T07:53:38.908+0000] {logging_mixin.py:190} INFO - [2025-10-12T07:53:38.907+0000] {dagbag.py:588} INFO - Filling up the DagBag from /opt/airflow/dags/read_sqlite_db.py
[2025-10-12T07:53:38.925+0000] {processor.py:925} INFO - DAG(s) 'read_sqlite_db' retrieved from /opt/airflow/dags/read_sqlite_db.py
[2025-10-12T07:53:38.958+0000] {logging_mixin.py:190} INFO - [2025-10-12T07:53:38.958+0000] {dag.py:3239} INFO - Sync 1 DAGs
[2025-10-12T07:53:38.973+0000] {logging_mixin.py:190} INFO - [2025-10-12T07:53:38.973+0000] {dag.py:4180} INFO - Setting next_dagrun for read_sqlite_db to None, run_after=None
[2025-10-12T07:53:39.016+0000] {processor.py:208} INFO - Processing /opt/airflow/dags/read_sqlite_db.py took 0.116 seconds
[2025-10-12T07:54:09.522+0000] {processor.py:186} INFO - Started process (PID=63) to work on /opt/airflow/dags/read_sqlite_db.py
[2025-10-12T07:54:09.523+0000] {processor.py:914} INFO - Processing file /opt/airflow/dags/read_sqlite_db.py for tasks to queue
[2025-10-12T07:54:09.525+0000] {logging_mixin.py:190} INFO - [2025-10-12T07:54:09.524+0000] {dagbag.py:588} INFO - Filling up the DagBag from /opt/airflow/dags/read_sqlite_db.py
[2025-10-12T07:54:09.539+0000] {processor.py:925} INFO - DAG(s) 'read_sqlite_db' retrieved from /opt/airflow/dags/read_sqlite_db.py
[2025-10-12T07:54:09.564+0000] {logging_mixin.py:190} INFO - [2025-10-12T07:54:09.563+0000] {dag.py:3239} INFO - Sync 1 DAGs
[2025-10-12T07:54:09.578+0000] {logging_mixin.py:190} INFO - [2025-10-12T07:54:09.578+0000] {dag.py:4180} INFO - Setting next_dagrun for read_sqlite_db to None, run_after=None
[2025-10-12T07:54:09.621+0000] {processor.py:208} INFO - Processing /opt/airflow/dags/read_sqlite_db.py took 0.104 seconds
[2025-10-12T07:54:40.202+0000] {processor.py:186} INFO - Started process (PID=66) to work on /opt/airflow/dags/read_sqlite_db.py
[2025-10-12T07:54:40.203+0000] {processor.py:914} INFO - Processing file /opt/airflow/dags/read_sqlite_db.py for tasks to queue
[2025-10-12T07:54:40.205+0000] {logging_mixin.py:190} INFO - [2025-10-12T07:54:40.205+0000] {dagbag.py:588} INFO - Filling up the DagBag from /opt/airflow/dags/read_sqlite_db.py
[2025-10-12T07:54:40.218+0000] {processor.py:925} INFO - DAG(s) 'read_sqlite_db' retrieved from /opt/airflow/dags/read_sqlite_db.py
[2025-10-12T07:54:40.251+0000] {logging_mixin.py:190} INFO - [2025-10-12T07:54:40.251+0000] {dag.py:3239} INFO - Sync 1 DAGs
[2025-10-12T07:54:40.271+0000] {logging_mixin.py:190} INFO - [2025-10-12T07:54:40.270+0000] {dag.py:4180} INFO - Setting next_dagrun for read_sqlite_db to None, run_after=None
[2025-10-12T07:54:40.317+0000] {processor.py:208} INFO - Processing /opt/airflow/dags/read_sqlite_db.py took 0.121 seconds
[2025-10-12T07:54:57.153+0000] {processor.py:186} INFO - Started process (PID=69) to work on /opt/airflow/dags/read_sqlite_db.py
[2025-10-12T07:54:57.154+0000] {processor.py:914} INFO - Processing file /opt/airflow/dags/read_sqlite_db.py for tasks to queue
[2025-10-12T07:54:57.157+0000] {logging_mixin.py:190} INFO - [2025-10-12T07:54:57.157+0000] {dagbag.py:588} INFO - Filling up the DagBag from /opt/airflow/dags/read_sqlite_db.py
[2025-10-12T07:54:57.179+0000] {processor.py:925} INFO - DAG(s) 'read_sqlite_db' retrieved from /opt/airflow/dags/read_sqlite_db.py
[2025-10-12T07:54:57.213+0000] {logging_mixin.py:190} INFO - [2025-10-12T07:54:57.213+0000] {dag.py:3239} INFO - Sync 1 DAGs
[2025-10-12T07:54:57.230+0000] {logging_mixin.py:190} INFO - [2025-10-12T07:54:57.230+0000] {dag.py:4180} INFO - Setting next_dagrun for read_sqlite_db to None, run_after=None
[2025-10-12T07:54:57.285+0000] {processor.py:208} INFO - Processing /opt/airflow/dags/read_sqlite_db.py took 0.136 seconds
[2025-10-12T07:55:27.463+0000] {processor.py:186} INFO - Started process (PID=72) to work on /opt/airflow/dags/read_sqlite_db.py
[2025-10-12T07:55:27.464+0000] {processor.py:914} INFO - Processing file /opt/airflow/dags/read_sqlite_db.py for tasks to queue
[2025-10-12T07:55:27.467+0000] {logging_mixin.py:190} INFO - [2025-10-12T07:55:27.467+0000] {dagbag.py:588} INFO - Filling up the DagBag from /opt/airflow/dags/read_sqlite_db.py
[2025-10-12T07:55:27.483+0000] {processor.py:925} INFO - DAG(s) 'read_sqlite_db' retrieved from /opt/airflow/dags/read_sqlite_db.py
[2025-10-12T07:55:27.514+0000] {logging_mixin.py:190} INFO - [2025-10-12T07:55:27.514+0000] {dag.py:3239} INFO - Sync 1 DAGs
[2025-10-12T07:55:27.531+0000] {logging_mixin.py:190} INFO - [2025-10-12T07:55:27.530+0000] {dag.py:4180} INFO - Setting next_dagrun for read_sqlite_db to None, run_after=None
[2025-10-12T07:55:27.583+0000] {processor.py:208} INFO - Processing /opt/airflow/dags/read_sqlite_db.py took 0.125 seconds
[2025-10-12T07:55:51.875+0000] {processor.py:186} INFO - Started process (PID=74) to work on /opt/airflow/dags/read_sqlite_db.py
[2025-10-12T07:55:51.876+0000] {processor.py:914} INFO - Processing file /opt/airflow/dags/read_sqlite_db.py for tasks to queue
[2025-10-12T07:55:51.878+0000] {logging_mixin.py:190} INFO - [2025-10-12T07:55:51.878+0000] {dagbag.py:588} INFO - Filling up the DagBag from /opt/airflow/dags/read_sqlite_db.py
[2025-10-12T07:55:51.904+0000] {processor.py:925} INFO - DAG(s) 'read_sqlite_db' retrieved from /opt/airflow/dags/read_sqlite_db.py
[2025-10-12T07:55:51.936+0000] {logging_mixin.py:190} INFO - [2025-10-12T07:55:51.936+0000] {dag.py:3239} INFO - Sync 1 DAGs
[2025-10-12T07:55:51.952+0000] {logging_mixin.py:190} INFO - [2025-10-12T07:55:51.952+0000] {dag.py:4180} INFO - Setting next_dagrun for read_sqlite_db to None, run_after=None
[2025-10-12T07:55:52.002+0000] {processor.py:208} INFO - Processing /opt/airflow/dags/read_sqlite_db.py took 0.131 seconds
[2025-10-12T07:56:22.525+0000] {processor.py:186} INFO - Started process (PID=87) to work on /opt/airflow/dags/read_sqlite_db.py
[2025-10-12T07:56:22.526+0000] {processor.py:914} INFO - Processing file /opt/airflow/dags/read_sqlite_db.py for tasks to queue
[2025-10-12T07:56:22.528+0000] {logging_mixin.py:190} INFO - [2025-10-12T07:56:22.527+0000] {dagbag.py:588} INFO - Filling up the DagBag from /opt/airflow/dags/read_sqlite_db.py
[2025-10-12T07:56:22.541+0000] {processor.py:925} INFO - DAG(s) 'read_sqlite_db' retrieved from /opt/airflow/dags/read_sqlite_db.py
[2025-10-12T07:56:22.567+0000] {logging_mixin.py:190} INFO - [2025-10-12T07:56:22.567+0000] {dag.py:3239} INFO - Sync 1 DAGs
[2025-10-12T07:56:22.584+0000] {logging_mixin.py:190} INFO - [2025-10-12T07:56:22.584+0000] {dag.py:4180} INFO - Setting next_dagrun for read_sqlite_db to None, run_after=None
[2025-10-12T07:56:22.629+0000] {processor.py:208} INFO - Processing /opt/airflow/dags/read_sqlite_db.py took 0.109 seconds
