[2025-10-20T14:39:30.176+0000] {local_task_job_runner.py:123} INFO - ::group::Pre task execution logs
[2025-10-20T14:39:30.210+0000] {taskinstance.py:2612} INFO - Dependencies all met for dep_context=non-requeueable deps ti=<TaskInstance: Anomaly_Detection_Daily.send_email_notification manual__2025-10-18T10:35:56.705718+00:00 [queued]>
[2025-10-20T14:39:30.236+0000] {taskinstance.py:2612} INFO - Dependencies all met for dep_context=requeueable deps ti=<TaskInstance: Anomaly_Detection_Daily.send_email_notification manual__2025-10-18T10:35:56.705718+00:00 [queued]>
[2025-10-20T14:39:30.238+0000] {taskinstance.py:2865} INFO - Starting attempt 1 of 1
[2025-10-20T14:39:30.319+0000] {taskinstance.py:2888} INFO - Executing <Task(PythonOperator): send_email_notification> on 2025-10-18 10:35:56.705718+00:00
[2025-10-20T14:39:30.329+0000] {logging_mixin.py:190} WARNING - /home/airflow/.local/lib/python3.12/site-packages/airflow/task/task_runner/standard_task_runner.py:70 DeprecationWarning: This process (pid=2189) is multi-threaded, use of fork() may lead to deadlocks in the child.
[2025-10-20T14:39:30.329+0000] {standard_task_runner.py:104} INFO - Running: ['airflow', 'tasks', 'run', 'Anomaly_Detection_Daily', 'send_email_notification', 'manual__2025-10-18T10:35:56.705718+00:00', '--job-id', '106', '--raw', '--subdir', 'DAGS_FOLDER/anomaly_detection.py', '--cfg-path', '/tmp/tmpzedl6w9n']
[2025-10-20T14:39:30.330+0000] {standard_task_runner.py:72} INFO - Started process 2205 to run task
[2025-10-20T14:39:30.331+0000] {standard_task_runner.py:105} INFO - Job 106: Subtask send_email_notification
[2025-10-20T14:39:30.384+0000] {logging_mixin.py:190} WARNING - /home/airflow/.local/lib/python3.12/site-packages/airflow/settings.py:209 DeprecationWarning: The sql_alchemy_conn option in [core] has been moved to the sql_alchemy_conn option in [database] - the old setting has been used, but please update your config.
[2025-10-20T14:39:30.484+0000] {task_command.py:467} INFO - Running <TaskInstance: Anomaly_Detection_Daily.send_email_notification manual__2025-10-18T10:35:56.705718+00:00 [running]> on host 9a3624a83b26
[2025-10-20T14:39:30.676+0000] {taskinstance.py:3131} INFO - Exporting env vars: AIRFLOW_CTX_DAG_OWNER='airflow' AIRFLOW_CTX_DAG_ID='Anomaly_Detection_Daily' AIRFLOW_CTX_TASK_ID='send_email_notification' AIRFLOW_CTX_EXECUTION_DATE='2025-10-18T10:35:56.705718+00:00' AIRFLOW_CTX_TRY_NUMBER='1' AIRFLOW_CTX_DAG_RUN_ID='manual__2025-10-18T10:35:56.705718+00:00'
[2025-10-20T14:39:30.678+0000] {taskinstance.py:731} INFO - ::endgroup::
[2025-10-20T14:39:30.846+0000] {logging_mixin.py:190} WARNING - /home/airflow/.local/lib/python3.12/site-packages/airflow/utils/email.py:155 RemovedInAirflow3Warning: Fetching SMTP credentials from configuration variables will be deprecated in a future release. Please set credentials using a connection instead.
[2025-10-20T14:39:30.847+0000] {email.py:272} INFO - Email alerting: attempt 1
[2025-10-20T14:39:31.056+0000] {email.py:283} INFO - Sent an alert email to ['subhrosmukherjee@gmail.com']
[2025-10-20T14:39:31.689+0000] {python.py:240} INFO - Done. Returned value was: None
[2025-10-20T14:39:31.701+0000] {taskinstance.py:340} INFO - ::group::Post task execution logs
[2025-10-20T14:39:31.701+0000] {taskinstance.py:352} INFO - Marking task as SUCCESS. dag_id=Anomaly_Detection_Daily, task_id=send_email_notification, run_id=manual__2025-10-18T10:35:56.705718+00:00, execution_date=20251018T103556, start_date=20251020T143930, end_date=20251020T143931
[2025-10-20T14:39:31.753+0000] {local_task_job_runner.py:266} INFO - Task exited with return code 0
[2025-10-20T14:39:31.775+0000] {taskinstance.py:3900} INFO - 0 downstream tasks scheduled from follow-on schedule check
[2025-10-20T14:39:31.777+0000] {local_task_job_runner.py:245} INFO - ::endgroup::
