[2025-10-09T16:49:22.061+0000] {local_task_job_runner.py:123} INFO - ::group::Pre task execution logs
[2025-10-09T16:49:22.067+0000] {taskinstance.py:2612} INFO - Dependencies all met for dep_context=non-requeueable deps ti=<TaskInstance: sqlite_example_dag.create_table manual__2025-10-09T16:49:19.404102+00:00 [queued]>
[2025-10-09T16:49:22.071+0000] {taskinstance.py:2612} INFO - Dependencies all met for dep_context=requeueable deps ti=<TaskInstance: sqlite_example_dag.create_table manual__2025-10-09T16:49:19.404102+00:00 [queued]>
[2025-10-09T16:49:22.072+0000] {taskinstance.py:2865} INFO - Starting attempt 1 of 1
[2025-10-09T16:49:22.084+0000] {taskinstance.py:2888} INFO - Executing <Task(SQLExecuteQueryOperator): create_table> on 2025-10-09 16:49:19.404102+00:00
[2025-10-09T16:49:22.087+0000] {standard_task_runner.py:72} INFO - Started process 68 to run task
[2025-10-09T16:49:22.090+0000] {standard_task_runner.py:104} INFO - Running: ['airflow', 'tasks', 'run', 'sqlite_example_dag', 'create_table', 'manual__2025-10-09T16:49:19.404102+00:00', '--job-id', '2', '--raw', '--subdir', 'DAGS_FOLDER/example_dag.py', '--cfg-path', '/tmp/tmpme1t2ugc']
[2025-10-09T16:49:22.092+0000] {standard_task_runner.py:105} INFO - Job 2: Subtask create_table
[2025-10-09T16:49:22.108+0000] {logging_mixin.py:190} WARNING - /home/airflow/.local/lib/python3.12/site-packages/airflow/settings.py:209 DeprecationWarning: The sql_alchemy_conn option in [core] has been moved to the sql_alchemy_conn option in [database] - the old setting has been used, but please update your config.
[2025-10-09T16:49:22.138+0000] {task_command.py:467} INFO - Running <TaskInstance: sqlite_example_dag.create_table manual__2025-10-09T16:49:19.404102+00:00 [running]> on host 020cf4d88b8c
[2025-10-09T16:49:22.183+0000] {taskinstance.py:3131} INFO - Exporting env vars: AIRFLOW_CTX_DAG_OWNER='airflow' AIRFLOW_CTX_DAG_ID='sqlite_example_dag' AIRFLOW_CTX_TASK_ID='create_table' AIRFLOW_CTX_EXECUTION_DATE='2025-10-09T16:49:19.404102+00:00' AIRFLOW_CTX_TRY_NUMBER='1' AIRFLOW_CTX_DAG_RUN_ID='manual__2025-10-09T16:49:19.404102+00:00'
[2025-10-09T16:49:22.185+0000] {taskinstance.py:731} INFO - ::endgroup::
[2025-10-09T16:49:22.225+0000] {sql.py:266} INFO - Executing: 
        CREATE TABLE IF NOT EXISTS users (
            id INTEGER PRIMARY KEY AUTOINCREMENT,
            name TEXT NOT NULL,
            age INTEGER
        );
        
[2025-10-09T16:49:22.228+0000] {base.py:84} INFO - Retrieving connection 'sqlite_default'
[2025-10-09T16:49:22.276+0000] {base.py:84} INFO - Retrieving connection 'sqlite_default'
[2025-10-09T16:49:22.277+0000] {sql.py:509} INFO - Running statement: 
        CREATE TABLE IF NOT EXISTS users (
            id INTEGER PRIMARY KEY AUTOINCREMENT,
            name TEXT NOT NULL,
            age INTEGER
        );
        , parameters: None
[2025-10-09T16:49:22.287+0000] {taskinstance.py:340} INFO - ::group::Post task execution logs
[2025-10-09T16:49:22.288+0000] {taskinstance.py:352} INFO - Marking task as SUCCESS. dag_id=sqlite_example_dag, task_id=create_table, run_id=manual__2025-10-09T16:49:19.404102+00:00, execution_date=20251009T164919, start_date=20251009T164922, end_date=20251009T164922
[2025-10-09T16:49:22.303+0000] {local_task_job_runner.py:266} INFO - Task exited with return code 0
[2025-10-09T16:49:22.314+0000] {taskinstance.py:3900} INFO - 1 downstream tasks scheduled from follow-on schedule check
[2025-10-09T16:49:22.320+0000] {local_task_job_runner.py:245} INFO - ::endgroup::
