[2025-10-13T15:09:56.244+0000] {processor.py:186} INFO - Started process (PID=26) to work on /opt/airflow/dags/fetch_clean_save_covid_data.py
[2025-10-13T15:09:56.245+0000] {processor.py:914} INFO - Processing file /opt/airflow/dags/fetch_clean_save_covid_data.py for tasks to queue
[2025-10-13T15:09:56.247+0000] {logging_mixin.py:190} INFO - [2025-10-13T15:09:56.247+0000] {dagbag.py:588} INFO - Filling up the DagBag from /opt/airflow/dags/fetch_clean_save_covid_data.py
[2025-10-13T15:09:57.746+0000] {processor.py:925} INFO - DAG(s) 'save_cleaned_covid_data' retrieved from /opt/airflow/dags/fetch_clean_save_covid_data.py
[2025-10-13T15:09:57.932+0000] {logging_mixin.py:190} INFO - [2025-10-13T15:09:57.931+0000] {override.py:1900} INFO - Created Permission View: can read on DAG:save_cleaned_covid_data
[2025-10-13T15:09:57.957+0000] {logging_mixin.py:190} INFO - [2025-10-13T15:09:57.957+0000] {override.py:1900} INFO - Created Permission View: can delete on DAG:save_cleaned_covid_data
[2025-10-13T15:09:57.977+0000] {logging_mixin.py:190} INFO - [2025-10-13T15:09:57.976+0000] {override.py:1900} INFO - Created Permission View: can edit on DAG:save_cleaned_covid_data
[2025-10-13T15:09:58.009+0000] {logging_mixin.py:190} INFO - [2025-10-13T15:09:58.008+0000] {override.py:1900} INFO - Created Permission View: can read on DAG Run:save_cleaned_covid_data
[2025-10-13T15:09:58.030+0000] {logging_mixin.py:190} INFO - [2025-10-13T15:09:58.030+0000] {override.py:1900} INFO - Created Permission View: can create on DAG Run:save_cleaned_covid_data
[2025-10-13T15:09:58.050+0000] {logging_mixin.py:190} INFO - [2025-10-13T15:09:58.049+0000] {override.py:1900} INFO - Created Permission View: can delete on DAG Run:save_cleaned_covid_data
[2025-10-13T15:09:58.069+0000] {logging_mixin.py:190} INFO - [2025-10-13T15:09:58.068+0000] {override.py:1900} INFO - Created Permission View: menu access on DAG Run:save_cleaned_covid_data
[2025-10-13T15:09:58.069+0000] {logging_mixin.py:190} INFO - [2025-10-13T15:09:58.069+0000] {dag.py:3239} INFO - Sync 1 DAGs
[2025-10-13T15:09:58.081+0000] {logging_mixin.py:190} INFO - [2025-10-13T15:09:58.081+0000] {dag.py:3262} INFO - Creating ORM DAG for save_cleaned_covid_data
[2025-10-13T15:09:58.082+0000] {logging_mixin.py:190} INFO - [2025-10-13T15:09:58.082+0000] {dag.py:4180} INFO - Setting next_dagrun for save_cleaned_covid_data to None, run_after=None
[2025-10-13T15:09:58.124+0000] {processor.py:208} INFO - Processing /opt/airflow/dags/fetch_clean_save_covid_data.py took 1.886 seconds
[2025-10-13T15:10:28.643+0000] {processor.py:186} INFO - Started process (PID=30) to work on /opt/airflow/dags/fetch_clean_save_covid_data.py
[2025-10-13T15:10:28.644+0000] {processor.py:914} INFO - Processing file /opt/airflow/dags/fetch_clean_save_covid_data.py for tasks to queue
[2025-10-13T15:10:28.646+0000] {logging_mixin.py:190} INFO - [2025-10-13T15:10:28.646+0000] {dagbag.py:588} INFO - Filling up the DagBag from /opt/airflow/dags/fetch_clean_save_covid_data.py
[2025-10-13T15:10:28.982+0000] {processor.py:925} INFO - DAG(s) 'save_cleaned_covid_data' retrieved from /opt/airflow/dags/fetch_clean_save_covid_data.py
[2025-10-13T15:10:29.002+0000] {logging_mixin.py:190} INFO - [2025-10-13T15:10:29.002+0000] {dag.py:3239} INFO - Sync 1 DAGs
[2025-10-13T15:10:29.012+0000] {logging_mixin.py:190} INFO - [2025-10-13T15:10:29.012+0000] {dag.py:4180} INFO - Setting next_dagrun for save_cleaned_covid_data to None, run_after=None
[2025-10-13T15:10:29.051+0000] {processor.py:208} INFO - Processing /opt/airflow/dags/fetch_clean_save_covid_data.py took 0.413 seconds
[2025-10-13T15:10:59.492+0000] {processor.py:186} INFO - Started process (PID=34) to work on /opt/airflow/dags/fetch_clean_save_covid_data.py
[2025-10-13T15:10:59.493+0000] {processor.py:914} INFO - Processing file /opt/airflow/dags/fetch_clean_save_covid_data.py for tasks to queue
[2025-10-13T15:10:59.495+0000] {logging_mixin.py:190} INFO - [2025-10-13T15:10:59.495+0000] {dagbag.py:588} INFO - Filling up the DagBag from /opt/airflow/dags/fetch_clean_save_covid_data.py
[2025-10-13T15:10:59.879+0000] {processor.py:925} INFO - DAG(s) 'save_cleaned_covid_data' retrieved from /opt/airflow/dags/fetch_clean_save_covid_data.py
[2025-10-13T15:10:59.898+0000] {logging_mixin.py:190} INFO - [2025-10-13T15:10:59.898+0000] {dag.py:3239} INFO - Sync 1 DAGs
[2025-10-13T15:10:59.907+0000] {logging_mixin.py:190} INFO - [2025-10-13T15:10:59.907+0000] {dag.py:4180} INFO - Setting next_dagrun for save_cleaned_covid_data to None, run_after=None
[2025-10-13T15:10:59.949+0000] {processor.py:208} INFO - Processing /opt/airflow/dags/fetch_clean_save_covid_data.py took 0.461 seconds
[2025-10-13T15:11:30.269+0000] {processor.py:186} INFO - Started process (PID=38) to work on /opt/airflow/dags/fetch_clean_save_covid_data.py
[2025-10-13T15:11:30.270+0000] {processor.py:914} INFO - Processing file /opt/airflow/dags/fetch_clean_save_covid_data.py for tasks to queue
[2025-10-13T15:11:30.272+0000] {logging_mixin.py:190} INFO - [2025-10-13T15:11:30.272+0000] {dagbag.py:588} INFO - Filling up the DagBag from /opt/airflow/dags/fetch_clean_save_covid_data.py
[2025-10-13T15:11:30.656+0000] {processor.py:925} INFO - DAG(s) 'save_cleaned_covid_data' retrieved from /opt/airflow/dags/fetch_clean_save_covid_data.py
[2025-10-13T15:11:30.684+0000] {logging_mixin.py:190} INFO - [2025-10-13T15:11:30.684+0000] {dag.py:3239} INFO - Sync 1 DAGs
[2025-10-13T15:11:30.697+0000] {logging_mixin.py:190} INFO - [2025-10-13T15:11:30.697+0000] {dag.py:4180} INFO - Setting next_dagrun for save_cleaned_covid_data to None, run_after=None
[2025-10-13T15:11:30.754+0000] {processor.py:208} INFO - Processing /opt/airflow/dags/fetch_clean_save_covid_data.py took 0.490 seconds
[2025-10-13T15:12:01.103+0000] {processor.py:186} INFO - Started process (PID=53) to work on /opt/airflow/dags/fetch_clean_save_covid_data.py
[2025-10-13T15:12:01.104+0000] {processor.py:914} INFO - Processing file /opt/airflow/dags/fetch_clean_save_covid_data.py for tasks to queue
[2025-10-13T15:12:01.106+0000] {logging_mixin.py:190} INFO - [2025-10-13T15:12:01.106+0000] {dagbag.py:588} INFO - Filling up the DagBag from /opt/airflow/dags/fetch_clean_save_covid_data.py
[2025-10-13T15:12:01.424+0000] {processor.py:925} INFO - DAG(s) 'save_cleaned_covid_data' retrieved from /opt/airflow/dags/fetch_clean_save_covid_data.py
[2025-10-13T15:12:01.448+0000] {logging_mixin.py:190} INFO - [2025-10-13T15:12:01.448+0000] {dag.py:3239} INFO - Sync 1 DAGs
[2025-10-13T15:12:01.463+0000] {logging_mixin.py:190} INFO - [2025-10-13T15:12:01.463+0000] {dag.py:4180} INFO - Setting next_dagrun for save_cleaned_covid_data to None, run_after=None
[2025-10-13T15:12:01.526+0000] {processor.py:208} INFO - Processing /opt/airflow/dags/fetch_clean_save_covid_data.py took 0.428 seconds
[2025-10-13T15:12:32.278+0000] {processor.py:186} INFO - Started process (PID=57) to work on /opt/airflow/dags/fetch_clean_save_covid_data.py
[2025-10-13T15:12:32.279+0000] {processor.py:914} INFO - Processing file /opt/airflow/dags/fetch_clean_save_covid_data.py for tasks to queue
[2025-10-13T15:12:32.281+0000] {logging_mixin.py:190} INFO - [2025-10-13T15:12:32.281+0000] {dagbag.py:588} INFO - Filling up the DagBag from /opt/airflow/dags/fetch_clean_save_covid_data.py
[2025-10-13T15:12:32.621+0000] {processor.py:925} INFO - DAG(s) 'save_cleaned_covid_data' retrieved from /opt/airflow/dags/fetch_clean_save_covid_data.py
[2025-10-13T15:12:32.646+0000] {logging_mixin.py:190} INFO - [2025-10-13T15:12:32.646+0000] {dag.py:3239} INFO - Sync 1 DAGs
[2025-10-13T15:12:32.660+0000] {logging_mixin.py:190} INFO - [2025-10-13T15:12:32.660+0000] {dag.py:4180} INFO - Setting next_dagrun for save_cleaned_covid_data to None, run_after=None
[2025-10-13T15:12:32.703+0000] {processor.py:208} INFO - Processing /opt/airflow/dags/fetch_clean_save_covid_data.py took 0.429 seconds
[2025-10-13T15:13:03.345+0000] {processor.py:186} INFO - Started process (PID=61) to work on /opt/airflow/dags/fetch_clean_save_covid_data.py
[2025-10-13T15:13:03.346+0000] {processor.py:914} INFO - Processing file /opt/airflow/dags/fetch_clean_save_covid_data.py for tasks to queue
[2025-10-13T15:13:03.348+0000] {logging_mixin.py:190} INFO - [2025-10-13T15:13:03.347+0000] {dagbag.py:588} INFO - Filling up the DagBag from /opt/airflow/dags/fetch_clean_save_covid_data.py
[2025-10-13T15:13:03.709+0000] {processor.py:925} INFO - DAG(s) 'save_cleaned_covid_data' retrieved from /opt/airflow/dags/fetch_clean_save_covid_data.py
[2025-10-13T15:13:03.726+0000] {logging_mixin.py:190} INFO - [2025-10-13T15:13:03.726+0000] {dag.py:3239} INFO - Sync 1 DAGs
[2025-10-13T15:13:03.738+0000] {logging_mixin.py:190} INFO - [2025-10-13T15:13:03.738+0000] {dag.py:4180} INFO - Setting next_dagrun for save_cleaned_covid_data to None, run_after=None
[2025-10-13T15:13:03.783+0000] {processor.py:208} INFO - Processing /opt/airflow/dags/fetch_clean_save_covid_data.py took 0.442 seconds
[2025-10-13T15:13:34.473+0000] {processor.py:186} INFO - Started process (PID=65) to work on /opt/airflow/dags/fetch_clean_save_covid_data.py
[2025-10-13T15:13:34.474+0000] {processor.py:914} INFO - Processing file /opt/airflow/dags/fetch_clean_save_covid_data.py for tasks to queue
[2025-10-13T15:13:34.475+0000] {logging_mixin.py:190} INFO - [2025-10-13T15:13:34.475+0000] {dagbag.py:588} INFO - Filling up the DagBag from /opt/airflow/dags/fetch_clean_save_covid_data.py
[2025-10-13T15:13:34.806+0000] {processor.py:925} INFO - DAG(s) 'save_cleaned_covid_data' retrieved from /opt/airflow/dags/fetch_clean_save_covid_data.py
[2025-10-13T15:13:34.837+0000] {logging_mixin.py:190} INFO - [2025-10-13T15:13:34.837+0000] {dag.py:3239} INFO - Sync 1 DAGs
[2025-10-13T15:13:34.849+0000] {logging_mixin.py:190} INFO - [2025-10-13T15:13:34.849+0000] {dag.py:4180} INFO - Setting next_dagrun for save_cleaned_covid_data to None, run_after=None
[2025-10-13T15:13:34.886+0000] {processor.py:208} INFO - Processing /opt/airflow/dags/fetch_clean_save_covid_data.py took 0.418 seconds
[2025-10-13T15:14:05.631+0000] {processor.py:186} INFO - Started process (PID=69) to work on /opt/airflow/dags/fetch_clean_save_covid_data.py
[2025-10-13T15:14:05.632+0000] {processor.py:914} INFO - Processing file /opt/airflow/dags/fetch_clean_save_covid_data.py for tasks to queue
[2025-10-13T15:14:05.633+0000] {logging_mixin.py:190} INFO - [2025-10-13T15:14:05.633+0000] {dagbag.py:588} INFO - Filling up the DagBag from /opt/airflow/dags/fetch_clean_save_covid_data.py
[2025-10-13T15:14:06.000+0000] {processor.py:925} INFO - DAG(s) 'save_cleaned_covid_data' retrieved from /opt/airflow/dags/fetch_clean_save_covid_data.py
[2025-10-13T15:14:06.070+0000] {logging_mixin.py:190} INFO - [2025-10-13T15:14:06.069+0000] {dag.py:3239} INFO - Sync 1 DAGs
[2025-10-13T15:14:06.085+0000] {logging_mixin.py:190} INFO - [2025-10-13T15:14:06.085+0000] {dag.py:4180} INFO - Setting next_dagrun for save_cleaned_covid_data to None, run_after=None
[2025-10-13T15:14:06.127+0000] {processor.py:208} INFO - Processing /opt/airflow/dags/fetch_clean_save_covid_data.py took 0.501 seconds
[2025-10-13T15:14:36.921+0000] {processor.py:186} INFO - Started process (PID=73) to work on /opt/airflow/dags/fetch_clean_save_covid_data.py
[2025-10-13T15:14:36.922+0000] {processor.py:914} INFO - Processing file /opt/airflow/dags/fetch_clean_save_covid_data.py for tasks to queue
[2025-10-13T15:14:36.924+0000] {logging_mixin.py:190} INFO - [2025-10-13T15:14:36.924+0000] {dagbag.py:588} INFO - Filling up the DagBag from /opt/airflow/dags/fetch_clean_save_covid_data.py
[2025-10-13T15:14:37.273+0000] {processor.py:925} INFO - DAG(s) 'save_cleaned_covid_data' retrieved from /opt/airflow/dags/fetch_clean_save_covid_data.py
[2025-10-13T15:14:37.296+0000] {logging_mixin.py:190} INFO - [2025-10-13T15:14:37.296+0000] {dag.py:3239} INFO - Sync 1 DAGs
[2025-10-13T15:14:37.307+0000] {logging_mixin.py:190} INFO - [2025-10-13T15:14:37.306+0000] {dag.py:4180} INFO - Setting next_dagrun for save_cleaned_covid_data to None, run_after=None
[2025-10-13T15:14:37.337+0000] {processor.py:208} INFO - Processing /opt/airflow/dags/fetch_clean_save_covid_data.py took 0.419 seconds
[2025-10-13T15:15:08.163+0000] {processor.py:186} INFO - Started process (PID=77) to work on /opt/airflow/dags/fetch_clean_save_covid_data.py
[2025-10-13T15:15:08.164+0000] {processor.py:914} INFO - Processing file /opt/airflow/dags/fetch_clean_save_covid_data.py for tasks to queue
[2025-10-13T15:15:08.166+0000] {logging_mixin.py:190} INFO - [2025-10-13T15:15:08.166+0000] {dagbag.py:588} INFO - Filling up the DagBag from /opt/airflow/dags/fetch_clean_save_covid_data.py
[2025-10-13T15:15:08.495+0000] {processor.py:925} INFO - DAG(s) 'save_cleaned_covid_data' retrieved from /opt/airflow/dags/fetch_clean_save_covid_data.py
[2025-10-13T15:15:08.521+0000] {logging_mixin.py:190} INFO - [2025-10-13T15:15:08.521+0000] {dag.py:3239} INFO - Sync 1 DAGs
[2025-10-13T15:15:08.533+0000] {logging_mixin.py:190} INFO - [2025-10-13T15:15:08.533+0000] {dag.py:4180} INFO - Setting next_dagrun for save_cleaned_covid_data to None, run_after=None
[2025-10-13T15:15:08.575+0000] {processor.py:208} INFO - Processing /opt/airflow/dags/fetch_clean_save_covid_data.py took 0.416 seconds
[2025-10-13T15:15:14.914+0000] {processor.py:186} INFO - Started process (PID=81) to work on /opt/airflow/dags/fetch_clean_save_covid_data.py
[2025-10-13T15:15:14.915+0000] {processor.py:914} INFO - Processing file /opt/airflow/dags/fetch_clean_save_covid_data.py for tasks to queue
[2025-10-13T15:15:14.917+0000] {logging_mixin.py:190} INFO - [2025-10-13T15:15:14.917+0000] {dagbag.py:588} INFO - Filling up the DagBag from /opt/airflow/dags/fetch_clean_save_covid_data.py
[2025-10-13T15:15:15.249+0000] {processor.py:925} INFO - DAG(s) 'save_cleaned_covid_data' retrieved from /opt/airflow/dags/fetch_clean_save_covid_data.py
[2025-10-13T15:15:15.285+0000] {logging_mixin.py:190} INFO - [2025-10-13T15:15:15.284+0000] {dag.py:3239} INFO - Sync 1 DAGs
[2025-10-13T15:15:15.300+0000] {logging_mixin.py:190} INFO - [2025-10-13T15:15:15.300+0000] {dag.py:4180} INFO - Setting next_dagrun for save_cleaned_covid_data to None, run_after=None
[2025-10-13T15:15:15.350+0000] {processor.py:208} INFO - Processing /opt/airflow/dags/fetch_clean_save_covid_data.py took 0.440 seconds
[2025-10-13T15:15:46.227+0000] {processor.py:186} INFO - Started process (PID=96) to work on /opt/airflow/dags/fetch_clean_save_covid_data.py
[2025-10-13T15:15:46.228+0000] {processor.py:914} INFO - Processing file /opt/airflow/dags/fetch_clean_save_covid_data.py for tasks to queue
[2025-10-13T15:15:46.231+0000] {logging_mixin.py:190} INFO - [2025-10-13T15:15:46.231+0000] {dagbag.py:588} INFO - Filling up the DagBag from /opt/airflow/dags/fetch_clean_save_covid_data.py
[2025-10-13T15:15:46.582+0000] {processor.py:925} INFO - DAG(s) 'save_cleaned_covid_data' retrieved from /opt/airflow/dags/fetch_clean_save_covid_data.py
[2025-10-13T15:15:46.608+0000] {logging_mixin.py:190} INFO - [2025-10-13T15:15:46.608+0000] {dag.py:3239} INFO - Sync 1 DAGs
[2025-10-13T15:15:46.620+0000] {logging_mixin.py:190} INFO - [2025-10-13T15:15:46.620+0000] {dag.py:4180} INFO - Setting next_dagrun for save_cleaned_covid_data to None, run_after=None
[2025-10-13T15:15:46.668+0000] {processor.py:208} INFO - Processing /opt/airflow/dags/fetch_clean_save_covid_data.py took 0.448 seconds
[2025-10-13T15:16:17.016+0000] {processor.py:186} INFO - Started process (PID=100) to work on /opt/airflow/dags/fetch_clean_save_covid_data.py
[2025-10-13T15:16:17.017+0000] {processor.py:914} INFO - Processing file /opt/airflow/dags/fetch_clean_save_covid_data.py for tasks to queue
[2025-10-13T15:16:17.019+0000] {logging_mixin.py:190} INFO - [2025-10-13T15:16:17.019+0000] {dagbag.py:588} INFO - Filling up the DagBag from /opt/airflow/dags/fetch_clean_save_covid_data.py
[2025-10-13T15:16:17.355+0000] {processor.py:925} INFO - DAG(s) 'save_cleaned_covid_data' retrieved from /opt/airflow/dags/fetch_clean_save_covid_data.py
[2025-10-13T15:16:17.387+0000] {logging_mixin.py:190} INFO - [2025-10-13T15:16:17.387+0000] {dag.py:3239} INFO - Sync 1 DAGs
[2025-10-13T15:16:17.402+0000] {logging_mixin.py:190} INFO - [2025-10-13T15:16:17.402+0000] {dag.py:4180} INFO - Setting next_dagrun for save_cleaned_covid_data to None, run_after=None
[2025-10-13T15:16:17.450+0000] {processor.py:208} INFO - Processing /opt/airflow/dags/fetch_clean_save_covid_data.py took 0.437 seconds
