[2025-10-13T15:09:59.261+0000] {processor.py:186} INFO - Started process (PID=28) to work on /opt/airflow/dags/read_sqlite_db.py
[2025-10-13T15:09:59.262+0000] {processor.py:914} INFO - Processing file /opt/airflow/dags/read_sqlite_db.py for tasks to queue
[2025-10-13T15:09:59.266+0000] {logging_mixin.py:190} INFO - [2025-10-13T15:09:59.266+0000] {dagbag.py:588} INFO - Filling up the DagBag from /opt/airflow/dags/read_sqlite_db.py
[2025-10-13T15:09:59.289+0000] {processor.py:925} INFO - DAG(s) 'read_sqlite_db' retrieved from /opt/airflow/dags/read_sqlite_db.py
[2025-10-13T15:09:59.413+0000] {logging_mixin.py:190} INFO - [2025-10-13T15:09:59.413+0000] {dag.py:3239} INFO - Sync 1 DAGs
[2025-10-13T15:09:59.425+0000] {logging_mixin.py:190} INFO - [2025-10-13T15:09:59.425+0000] {dag.py:4180} INFO - Setting next_dagrun for read_sqlite_db to None, run_after=None
[2025-10-13T15:09:59.479+0000] {processor.py:208} INFO - Processing /opt/airflow/dags/read_sqlite_db.py took 0.223 seconds
[2025-10-13T15:10:30.240+0000] {processor.py:186} INFO - Started process (PID=32) to work on /opt/airflow/dags/read_sqlite_db.py
[2025-10-13T15:10:30.241+0000] {processor.py:914} INFO - Processing file /opt/airflow/dags/read_sqlite_db.py for tasks to queue
[2025-10-13T15:10:30.243+0000] {logging_mixin.py:190} INFO - [2025-10-13T15:10:30.242+0000] {dagbag.py:588} INFO - Filling up the DagBag from /opt/airflow/dags/read_sqlite_db.py
[2025-10-13T15:10:30.255+0000] {processor.py:925} INFO - DAG(s) 'read_sqlite_db' retrieved from /opt/airflow/dags/read_sqlite_db.py
[2025-10-13T15:10:30.279+0000] {logging_mixin.py:190} INFO - [2025-10-13T15:10:30.279+0000] {dag.py:3239} INFO - Sync 1 DAGs
[2025-10-13T15:10:30.295+0000] {logging_mixin.py:190} INFO - [2025-10-13T15:10:30.295+0000] {dag.py:4180} INFO - Setting next_dagrun for read_sqlite_db to None, run_after=None
[2025-10-13T15:10:30.344+0000] {processor.py:208} INFO - Processing /opt/airflow/dags/read_sqlite_db.py took 0.109 seconds
[2025-10-13T15:11:01.079+0000] {processor.py:186} INFO - Started process (PID=36) to work on /opt/airflow/dags/read_sqlite_db.py
[2025-10-13T15:11:01.080+0000] {processor.py:914} INFO - Processing file /opt/airflow/dags/read_sqlite_db.py for tasks to queue
[2025-10-13T15:11:01.082+0000] {logging_mixin.py:190} INFO - [2025-10-13T15:11:01.082+0000] {dagbag.py:588} INFO - Filling up the DagBag from /opt/airflow/dags/read_sqlite_db.py
[2025-10-13T15:11:01.099+0000] {processor.py:925} INFO - DAG(s) 'read_sqlite_db' retrieved from /opt/airflow/dags/read_sqlite_db.py
[2025-10-13T15:11:01.122+0000] {logging_mixin.py:190} INFO - [2025-10-13T15:11:01.122+0000] {dag.py:3239} INFO - Sync 1 DAGs
[2025-10-13T15:11:01.137+0000] {logging_mixin.py:190} INFO - [2025-10-13T15:11:01.137+0000] {dag.py:4180} INFO - Setting next_dagrun for read_sqlite_db to None, run_after=None
[2025-10-13T15:11:01.179+0000] {processor.py:208} INFO - Processing /opt/airflow/dags/read_sqlite_db.py took 0.104 seconds
[2025-10-13T15:11:31.854+0000] {processor.py:186} INFO - Started process (PID=40) to work on /opt/airflow/dags/read_sqlite_db.py
[2025-10-13T15:11:31.855+0000] {processor.py:914} INFO - Processing file /opt/airflow/dags/read_sqlite_db.py for tasks to queue
[2025-10-13T15:11:31.857+0000] {logging_mixin.py:190} INFO - [2025-10-13T15:11:31.856+0000] {dagbag.py:588} INFO - Filling up the DagBag from /opt/airflow/dags/read_sqlite_db.py
[2025-10-13T15:11:31.871+0000] {processor.py:925} INFO - DAG(s) 'read_sqlite_db' retrieved from /opt/airflow/dags/read_sqlite_db.py
[2025-10-13T15:11:31.895+0000] {logging_mixin.py:190} INFO - [2025-10-13T15:11:31.895+0000] {dag.py:3239} INFO - Sync 1 DAGs
[2025-10-13T15:11:31.911+0000] {logging_mixin.py:190} INFO - [2025-10-13T15:11:31.911+0000] {dag.py:4180} INFO - Setting next_dagrun for read_sqlite_db to None, run_after=None
[2025-10-13T15:11:31.959+0000] {processor.py:208} INFO - Processing /opt/airflow/dags/read_sqlite_db.py took 0.109 seconds
[2025-10-13T15:12:02.725+0000] {processor.py:186} INFO - Started process (PID=55) to work on /opt/airflow/dags/read_sqlite_db.py
[2025-10-13T15:12:02.726+0000] {processor.py:914} INFO - Processing file /opt/airflow/dags/read_sqlite_db.py for tasks to queue
[2025-10-13T15:12:02.728+0000] {logging_mixin.py:190} INFO - [2025-10-13T15:12:02.728+0000] {dagbag.py:588} INFO - Filling up the DagBag from /opt/airflow/dags/read_sqlite_db.py
[2025-10-13T15:12:02.741+0000] {processor.py:925} INFO - DAG(s) 'read_sqlite_db' retrieved from /opt/airflow/dags/read_sqlite_db.py
[2025-10-13T15:12:02.764+0000] {logging_mixin.py:190} INFO - [2025-10-13T15:12:02.764+0000] {dag.py:3239} INFO - Sync 1 DAGs
[2025-10-13T15:12:02.778+0000] {logging_mixin.py:190} INFO - [2025-10-13T15:12:02.778+0000] {dag.py:4180} INFO - Setting next_dagrun for read_sqlite_db to None, run_after=None
[2025-10-13T15:12:02.814+0000] {processor.py:208} INFO - Processing /opt/airflow/dags/read_sqlite_db.py took 0.093 seconds
[2025-10-13T15:12:33.912+0000] {processor.py:186} INFO - Started process (PID=59) to work on /opt/airflow/dags/read_sqlite_db.py
[2025-10-13T15:12:33.913+0000] {processor.py:914} INFO - Processing file /opt/airflow/dags/read_sqlite_db.py for tasks to queue
[2025-10-13T15:12:33.915+0000] {logging_mixin.py:190} INFO - [2025-10-13T15:12:33.914+0000] {dagbag.py:588} INFO - Filling up the DagBag from /opt/airflow/dags/read_sqlite_db.py
[2025-10-13T15:12:33.928+0000] {processor.py:925} INFO - DAG(s) 'read_sqlite_db' retrieved from /opt/airflow/dags/read_sqlite_db.py
[2025-10-13T15:12:33.951+0000] {logging_mixin.py:190} INFO - [2025-10-13T15:12:33.951+0000] {dag.py:3239} INFO - Sync 1 DAGs
[2025-10-13T15:12:33.964+0000] {logging_mixin.py:190} INFO - [2025-10-13T15:12:33.964+0000] {dag.py:4180} INFO - Setting next_dagrun for read_sqlite_db to None, run_after=None
[2025-10-13T15:12:34.009+0000] {processor.py:208} INFO - Processing /opt/airflow/dags/read_sqlite_db.py took 0.102 seconds
[2025-10-13T15:13:04.977+0000] {processor.py:186} INFO - Started process (PID=63) to work on /opt/airflow/dags/read_sqlite_db.py
[2025-10-13T15:13:04.977+0000] {processor.py:914} INFO - Processing file /opt/airflow/dags/read_sqlite_db.py for tasks to queue
[2025-10-13T15:13:04.979+0000] {logging_mixin.py:190} INFO - [2025-10-13T15:13:04.979+0000] {dagbag.py:588} INFO - Filling up the DagBag from /opt/airflow/dags/read_sqlite_db.py
[2025-10-13T15:13:04.991+0000] {processor.py:925} INFO - DAG(s) 'read_sqlite_db' retrieved from /opt/airflow/dags/read_sqlite_db.py
[2025-10-13T15:13:05.014+0000] {logging_mixin.py:190} INFO - [2025-10-13T15:13:05.013+0000] {dag.py:3239} INFO - Sync 1 DAGs
[2025-10-13T15:13:05.030+0000] {logging_mixin.py:190} INFO - [2025-10-13T15:13:05.030+0000] {dag.py:4180} INFO - Setting next_dagrun for read_sqlite_db to None, run_after=None
[2025-10-13T15:13:05.102+0000] {processor.py:208} INFO - Processing /opt/airflow/dags/read_sqlite_db.py took 0.130 seconds
[2025-10-13T15:13:36.095+0000] {processor.py:186} INFO - Started process (PID=67) to work on /opt/airflow/dags/read_sqlite_db.py
[2025-10-13T15:13:36.096+0000] {processor.py:914} INFO - Processing file /opt/airflow/dags/read_sqlite_db.py for tasks to queue
[2025-10-13T15:13:36.098+0000] {logging_mixin.py:190} INFO - [2025-10-13T15:13:36.098+0000] {dagbag.py:588} INFO - Filling up the DagBag from /opt/airflow/dags/read_sqlite_db.py
[2025-10-13T15:13:36.112+0000] {processor.py:925} INFO - DAG(s) 'read_sqlite_db' retrieved from /opt/airflow/dags/read_sqlite_db.py
[2025-10-13T15:13:36.141+0000] {logging_mixin.py:190} INFO - [2025-10-13T15:13:36.140+0000] {dag.py:3239} INFO - Sync 1 DAGs
[2025-10-13T15:13:36.155+0000] {logging_mixin.py:190} INFO - [2025-10-13T15:13:36.155+0000] {dag.py:4180} INFO - Setting next_dagrun for read_sqlite_db to None, run_after=None
[2025-10-13T15:13:36.189+0000] {processor.py:208} INFO - Processing /opt/airflow/dags/read_sqlite_db.py took 0.100 seconds
[2025-10-13T15:14:07.364+0000] {processor.py:186} INFO - Started process (PID=71) to work on /opt/airflow/dags/read_sqlite_db.py
[2025-10-13T15:14:07.365+0000] {processor.py:914} INFO - Processing file /opt/airflow/dags/read_sqlite_db.py for tasks to queue
[2025-10-13T15:14:07.367+0000] {logging_mixin.py:190} INFO - [2025-10-13T15:14:07.367+0000] {dagbag.py:588} INFO - Filling up the DagBag from /opt/airflow/dags/read_sqlite_db.py
[2025-10-13T15:14:07.380+0000] {processor.py:925} INFO - DAG(s) 'read_sqlite_db' retrieved from /opt/airflow/dags/read_sqlite_db.py
[2025-10-13T15:14:07.404+0000] {logging_mixin.py:190} INFO - [2025-10-13T15:14:07.403+0000] {dag.py:3239} INFO - Sync 1 DAGs
[2025-10-13T15:14:07.421+0000] {logging_mixin.py:190} INFO - [2025-10-13T15:14:07.421+0000] {dag.py:4180} INFO - Setting next_dagrun for read_sqlite_db to None, run_after=None
[2025-10-13T15:14:07.467+0000] {processor.py:208} INFO - Processing /opt/airflow/dags/read_sqlite_db.py took 0.107 seconds
[2025-10-13T15:14:38.358+0000] {processor.py:186} INFO - Started process (PID=75) to work on /opt/airflow/dags/read_sqlite_db.py
[2025-10-13T15:14:38.359+0000] {processor.py:914} INFO - Processing file /opt/airflow/dags/read_sqlite_db.py for tasks to queue
[2025-10-13T15:14:38.361+0000] {logging_mixin.py:190} INFO - [2025-10-13T15:14:38.360+0000] {dagbag.py:588} INFO - Filling up the DagBag from /opt/airflow/dags/read_sqlite_db.py
[2025-10-13T15:14:38.373+0000] {processor.py:925} INFO - DAG(s) 'read_sqlite_db' retrieved from /opt/airflow/dags/read_sqlite_db.py
[2025-10-13T15:14:38.396+0000] {logging_mixin.py:190} INFO - [2025-10-13T15:14:38.396+0000] {dag.py:3239} INFO - Sync 1 DAGs
[2025-10-13T15:14:38.413+0000] {logging_mixin.py:190} INFO - [2025-10-13T15:14:38.413+0000] {dag.py:4180} INFO - Setting next_dagrun for read_sqlite_db to None, run_after=None
[2025-10-13T15:14:38.459+0000] {processor.py:208} INFO - Processing /opt/airflow/dags/read_sqlite_db.py took 0.105 seconds
[2025-10-13T15:15:08.854+0000] {processor.py:186} INFO - Started process (PID=79) to work on /opt/airflow/dags/read_sqlite_db.py
[2025-10-13T15:15:08.855+0000] {processor.py:914} INFO - Processing file /opt/airflow/dags/read_sqlite_db.py for tasks to queue
[2025-10-13T15:15:08.857+0000] {logging_mixin.py:190} INFO - [2025-10-13T15:15:08.856+0000] {dagbag.py:588} INFO - Filling up the DagBag from /opt/airflow/dags/read_sqlite_db.py
[2025-10-13T15:15:08.869+0000] {processor.py:925} INFO - DAG(s) 'read_sqlite_db' retrieved from /opt/airflow/dags/read_sqlite_db.py
[2025-10-13T15:15:08.893+0000] {logging_mixin.py:190} INFO - [2025-10-13T15:15:08.892+0000] {dag.py:3239} INFO - Sync 1 DAGs
[2025-10-13T15:15:08.907+0000] {logging_mixin.py:190} INFO - [2025-10-13T15:15:08.907+0000] {dag.py:4180} INFO - Setting next_dagrun for read_sqlite_db to None, run_after=None
[2025-10-13T15:15:08.942+0000] {processor.py:208} INFO - Processing /opt/airflow/dags/read_sqlite_db.py took 0.092 seconds
[2025-10-13T15:15:40.179+0000] {processor.py:186} INFO - Started process (PID=94) to work on /opt/airflow/dags/read_sqlite_db.py
[2025-10-13T15:15:40.180+0000] {processor.py:914} INFO - Processing file /opt/airflow/dags/read_sqlite_db.py for tasks to queue
[2025-10-13T15:15:40.182+0000] {logging_mixin.py:190} INFO - [2025-10-13T15:15:40.182+0000] {dagbag.py:588} INFO - Filling up the DagBag from /opt/airflow/dags/read_sqlite_db.py
[2025-10-13T15:15:40.195+0000] {processor.py:925} INFO - DAG(s) 'read_sqlite_db' retrieved from /opt/airflow/dags/read_sqlite_db.py
[2025-10-13T15:15:40.221+0000] {logging_mixin.py:190} INFO - [2025-10-13T15:15:40.220+0000] {dag.py:3239} INFO - Sync 1 DAGs
[2025-10-13T15:15:40.235+0000] {logging_mixin.py:190} INFO - [2025-10-13T15:15:40.235+0000] {dag.py:4180} INFO - Setting next_dagrun for read_sqlite_db to None, run_after=None
[2025-10-13T15:15:40.273+0000] {processor.py:208} INFO - Processing /opt/airflow/dags/read_sqlite_db.py took 0.099 seconds
[2025-10-13T15:16:10.595+0000] {processor.py:186} INFO - Started process (PID=98) to work on /opt/airflow/dags/read_sqlite_db.py
[2025-10-13T15:16:10.596+0000] {processor.py:914} INFO - Processing file /opt/airflow/dags/read_sqlite_db.py for tasks to queue
[2025-10-13T15:16:10.597+0000] {logging_mixin.py:190} INFO - [2025-10-13T15:16:10.597+0000] {dagbag.py:588} INFO - Filling up the DagBag from /opt/airflow/dags/read_sqlite_db.py
[2025-10-13T15:16:10.610+0000] {processor.py:925} INFO - DAG(s) 'read_sqlite_db' retrieved from /opt/airflow/dags/read_sqlite_db.py
[2025-10-13T15:16:10.635+0000] {logging_mixin.py:190} INFO - [2025-10-13T15:16:10.635+0000] {dag.py:3239} INFO - Sync 1 DAGs
[2025-10-13T15:16:10.651+0000] {logging_mixin.py:190} INFO - [2025-10-13T15:16:10.651+0000] {dag.py:4180} INFO - Setting next_dagrun for read_sqlite_db to None, run_after=None
[2025-10-13T15:16:10.700+0000] {processor.py:208} INFO - Processing /opt/airflow/dags/read_sqlite_db.py took 0.110 seconds
