[2025-10-18T09:34:08.536+0000] {local_task_job_runner.py:123} INFO - ::group::Pre task execution logs
[2025-10-18T09:34:08.551+0000] {taskinstance.py:2612} INFO - Dependencies all met for dep_context=non-requeueable deps ti=<TaskInstance: Anomaly_Detection_Daily.read_advertising_data manual__2025-10-18T09:34:05.320229+00:00 [queued]>
[2025-10-18T09:34:08.559+0000] {taskinstance.py:2612} INFO - Dependencies all met for dep_context=requeueable deps ti=<TaskInstance: Anomaly_Detection_Daily.read_advertising_data manual__2025-10-18T09:34:05.320229+00:00 [queued]>
[2025-10-18T09:34:08.560+0000] {taskinstance.py:2865} INFO - Starting attempt 1 of 1
[2025-10-18T09:34:08.583+0000] {taskinstance.py:2888} INFO - Executing <Task(PythonOperator): read_advertising_data> on 2025-10-18 09:34:05.320229+00:00
[2025-10-18T09:34:08.591+0000] {logging_mixin.py:190} WARNING - /home/airflow/.local/lib/python3.12/site-packages/airflow/task/task_runner/standard_task_runner.py:70 DeprecationWarning: This process (pid=39) is multi-threaded, use of fork() may lead to deadlocks in the child.
[2025-10-18T09:34:08.592+0000] {standard_task_runner.py:72} INFO - Started process 55 to run task
[2025-10-18T09:34:08.591+0000] {standard_task_runner.py:104} INFO - Running: ['airflow', 'tasks', 'run', 'Anomaly_Detection_Daily', 'read_advertising_data', 'manual__2025-10-18T09:34:05.320229+00:00', '--job-id', '42', '--raw', '--subdir', 'DAGS_FOLDER/anomaly_detection.py', '--cfg-path', '/tmp/tmp0bqmyjvs']
[2025-10-18T09:34:08.593+0000] {standard_task_runner.py:105} INFO - Job 42: Subtask read_advertising_data
[2025-10-18T09:34:08.617+0000] {logging_mixin.py:190} WARNING - /home/airflow/.local/lib/python3.12/site-packages/airflow/settings.py:209 DeprecationWarning: The sql_alchemy_conn option in [core] has been moved to the sql_alchemy_conn option in [database] - the old setting has been used, but please update your config.
[2025-10-18T09:34:08.658+0000] {task_command.py:467} INFO - Running <TaskInstance: Anomaly_Detection_Daily.read_advertising_data manual__2025-10-18T09:34:05.320229+00:00 [running]> on host 5f340ea247aa
[2025-10-18T09:34:08.741+0000] {taskinstance.py:3131} INFO - Exporting env vars: AIRFLOW_CTX_DAG_OWNER='airflow' AIRFLOW_CTX_DAG_ID='Anomaly_Detection_Daily' AIRFLOW_CTX_TASK_ID='read_advertising_data' AIRFLOW_CTX_EXECUTION_DATE='2025-10-18T09:34:05.320229+00:00' AIRFLOW_CTX_TRY_NUMBER='1' AIRFLOW_CTX_DAG_RUN_ID='manual__2025-10-18T09:34:05.320229+00:00'
[2025-10-18T09:34:08.743+0000] {taskinstance.py:731} INFO - ::endgroup::
[2025-10-18T09:34:08.766+0000] {python.py:240} INFO - Done. Returned value was:          TV  Billboards  ...  Affiliate_Marketing  Product_Sold
0    281.42      538.80  ...               910.10        7164.0
1    702.97      296.53  ...               132.43        5055.0
2    313.14      295.94  ...               464.23        6154.0
3    898.52       61.27  ...               432.27        5480.0
4    766.52      550.72  ...               841.93        9669.0
..      ...         ...  ...                  ...           ...
295  770.05      501.36  ...               410.56        6851.0
296  512.38      250.83  ...               509.03        6477.0
297  998.10      858.75  ...               213.53        6949.0
298  322.35      681.22  ...               648.71        7737.0
299  476.45      884.77  ...               401.69        8187.0

[300 rows x 7 columns]
[2025-10-18T09:34:08.821+0000] {taskinstance.py:340} INFO - ::group::Post task execution logs
[2025-10-18T09:34:08.821+0000] {taskinstance.py:352} INFO - Marking task as SUCCESS. dag_id=Anomaly_Detection_Daily, task_id=read_advertising_data, run_id=manual__2025-10-18T09:34:05.320229+00:00, execution_date=20251018T093405, start_date=20251018T093408, end_date=20251018T093408
[2025-10-18T09:34:08.887+0000] {local_task_job_runner.py:266} INFO - Task exited with return code 0
[2025-10-18T09:34:08.923+0000] {taskinstance.py:3900} INFO - 1 downstream tasks scheduled from follow-on schedule check
[2025-10-18T09:34:08.929+0000] {local_task_job_runner.py:245} INFO - ::endgroup::
