[2025-10-09T16:24:22.238+0000] {processor.py:186} INFO - Started process (PID=211) to work on /opt/airflow/dags/example_dag.py
[2025-10-09T16:24:22.240+0000] {processor.py:914} INFO - Processing file /opt/airflow/dags/example_dag.py for tasks to queue
[2025-10-09T16:24:22.242+0000] {logging_mixin.py:190} INFO - [2025-10-09T16:24:22.241+0000] {dagbag.py:588} INFO - Filling up the DagBag from /opt/airflow/dags/example_dag.py
[2025-10-09T16:24:22.258+0000] {processor.py:925} INFO - DAG(s) 'sqlite_example_dag' retrieved from /opt/airflow/dags/example_dag.py
[2025-10-09T16:24:22.278+0000] {logging_mixin.py:190} INFO - [2025-10-09T16:24:22.278+0000] {dag.py:3239} INFO - Sync 1 DAGs
[2025-10-09T16:24:22.290+0000] {logging_mixin.py:190} INFO - [2025-10-09T16:24:22.290+0000] {dag.py:4180} INFO - Setting next_dagrun for sqlite_example_dag to None, run_after=None
[2025-10-09T16:24:22.310+0000] {processor.py:208} INFO - Processing /opt/airflow/dags/example_dag.py took 0.077 seconds
[2025-10-09T16:24:52.451+0000] {processor.py:186} INFO - Started process (PID=212) to work on /opt/airflow/dags/example_dag.py
[2025-10-09T16:24:52.452+0000] {processor.py:914} INFO - Processing file /opt/airflow/dags/example_dag.py for tasks to queue
[2025-10-09T16:24:52.454+0000] {logging_mixin.py:190} INFO - [2025-10-09T16:24:52.453+0000] {dagbag.py:588} INFO - Filling up the DagBag from /opt/airflow/dags/example_dag.py
[2025-10-09T16:24:52.470+0000] {processor.py:925} INFO - DAG(s) 'sqlite_example_dag' retrieved from /opt/airflow/dags/example_dag.py
[2025-10-09T16:24:52.487+0000] {logging_mixin.py:190} INFO - [2025-10-09T16:24:52.487+0000] {dag.py:3239} INFO - Sync 1 DAGs
[2025-10-09T16:24:52.498+0000] {logging_mixin.py:190} INFO - [2025-10-09T16:24:52.498+0000] {dag.py:4180} INFO - Setting next_dagrun for sqlite_example_dag to None, run_after=None
[2025-10-09T16:24:52.529+0000] {processor.py:208} INFO - Processing /opt/airflow/dags/example_dag.py took 0.083 seconds
[2025-10-09T16:25:22.658+0000] {processor.py:186} INFO - Started process (PID=213) to work on /opt/airflow/dags/example_dag.py
[2025-10-09T16:25:22.659+0000] {processor.py:914} INFO - Processing file /opt/airflow/dags/example_dag.py for tasks to queue
[2025-10-09T16:25:22.661+0000] {logging_mixin.py:190} INFO - [2025-10-09T16:25:22.661+0000] {dagbag.py:588} INFO - Filling up the DagBag from /opt/airflow/dags/example_dag.py
[2025-10-09T16:25:22.676+0000] {processor.py:925} INFO - DAG(s) 'sqlite_example_dag' retrieved from /opt/airflow/dags/example_dag.py
[2025-10-09T16:25:22.692+0000] {logging_mixin.py:190} INFO - [2025-10-09T16:25:22.692+0000] {dag.py:3239} INFO - Sync 1 DAGs
[2025-10-09T16:25:22.701+0000] {logging_mixin.py:190} INFO - [2025-10-09T16:25:22.701+0000] {dag.py:4180} INFO - Setting next_dagrun for sqlite_example_dag to None, run_after=None
[2025-10-09T16:25:22.730+0000] {processor.py:208} INFO - Processing /opt/airflow/dags/example_dag.py took 0.076 seconds
[2025-10-09T16:25:52.883+0000] {processor.py:186} INFO - Started process (PID=214) to work on /opt/airflow/dags/example_dag.py
[2025-10-09T16:25:52.884+0000] {processor.py:914} INFO - Processing file /opt/airflow/dags/example_dag.py for tasks to queue
[2025-10-09T16:25:52.886+0000] {logging_mixin.py:190} INFO - [2025-10-09T16:25:52.885+0000] {dagbag.py:588} INFO - Filling up the DagBag from /opt/airflow/dags/example_dag.py
[2025-10-09T16:25:52.901+0000] {processor.py:925} INFO - DAG(s) 'sqlite_example_dag' retrieved from /opt/airflow/dags/example_dag.py
[2025-10-09T16:25:52.917+0000] {logging_mixin.py:190} INFO - [2025-10-09T16:25:52.917+0000] {dag.py:3239} INFO - Sync 1 DAGs
[2025-10-09T16:25:52.927+0000] {logging_mixin.py:190} INFO - [2025-10-09T16:25:52.927+0000] {dag.py:4180} INFO - Setting next_dagrun for sqlite_example_dag to None, run_after=None
[2025-10-09T16:25:52.959+0000] {processor.py:208} INFO - Processing /opt/airflow/dags/example_dag.py took 0.080 seconds
[2025-10-09T16:26:23.089+0000] {processor.py:186} INFO - Started process (PID=215) to work on /opt/airflow/dags/example_dag.py
[2025-10-09T16:26:23.090+0000] {processor.py:914} INFO - Processing file /opt/airflow/dags/example_dag.py for tasks to queue
[2025-10-09T16:26:23.092+0000] {logging_mixin.py:190} INFO - [2025-10-09T16:26:23.092+0000] {dagbag.py:588} INFO - Filling up the DagBag from /opt/airflow/dags/example_dag.py
[2025-10-09T16:26:23.106+0000] {processor.py:925} INFO - DAG(s) 'sqlite_example_dag' retrieved from /opt/airflow/dags/example_dag.py
[2025-10-09T16:26:23.122+0000] {logging_mixin.py:190} INFO - [2025-10-09T16:26:23.121+0000] {dag.py:3239} INFO - Sync 1 DAGs
[2025-10-09T16:26:23.131+0000] {logging_mixin.py:190} INFO - [2025-10-09T16:26:23.131+0000] {dag.py:4180} INFO - Setting next_dagrun for sqlite_example_dag to None, run_after=None
[2025-10-09T16:26:23.161+0000] {processor.py:208} INFO - Processing /opt/airflow/dags/example_dag.py took 0.077 seconds
[2025-10-09T16:27:16.676+0000] {processor.py:186} INFO - Started process (PID=26) to work on /opt/airflow/dags/example_dag.py
[2025-10-09T16:27:16.677+0000] {processor.py:914} INFO - Processing file /opt/airflow/dags/example_dag.py for tasks to queue
[2025-10-09T16:27:16.679+0000] {logging_mixin.py:190} INFO - [2025-10-09T16:27:16.679+0000] {dagbag.py:588} INFO - Filling up the DagBag from /opt/airflow/dags/example_dag.py
[2025-10-09T16:27:16.703+0000] {processor.py:925} INFO - DAG(s) 'sqlite_example_dag' retrieved from /opt/airflow/dags/example_dag.py
[2025-10-09T16:27:16.923+0000] {logging_mixin.py:190} INFO - [2025-10-09T16:27:16.922+0000] {override.py:1900} INFO - Created Permission View: can edit on DAG:sqlite_example_dag
[2025-10-09T16:27:16.953+0000] {logging_mixin.py:190} INFO - [2025-10-09T16:27:16.952+0000] {override.py:1900} INFO - Created Permission View: can delete on DAG:sqlite_example_dag
[2025-10-09T16:27:16.989+0000] {logging_mixin.py:190} INFO - [2025-10-09T16:27:16.988+0000] {override.py:1900} INFO - Created Permission View: can read on DAG:sqlite_example_dag
[2025-10-09T16:27:17.031+0000] {logging_mixin.py:190} INFO - [2025-10-09T16:27:17.031+0000] {override.py:1900} INFO - Created Permission View: can create on DAG Run:sqlite_example_dag
[2025-10-09T16:27:17.054+0000] {logging_mixin.py:190} INFO - [2025-10-09T16:27:17.053+0000] {override.py:1900} INFO - Created Permission View: can delete on DAG Run:sqlite_example_dag
[2025-10-09T16:27:17.085+0000] {logging_mixin.py:190} INFO - [2025-10-09T16:27:17.084+0000] {override.py:1900} INFO - Created Permission View: menu access on DAG Run:sqlite_example_dag
[2025-10-09T16:27:17.104+0000] {logging_mixin.py:190} INFO - [2025-10-09T16:27:17.104+0000] {override.py:1900} INFO - Created Permission View: can read on DAG Run:sqlite_example_dag
[2025-10-09T16:27:17.105+0000] {logging_mixin.py:190} INFO - [2025-10-09T16:27:17.105+0000] {dag.py:3239} INFO - Sync 1 DAGs
[2025-10-09T16:27:17.120+0000] {logging_mixin.py:190} INFO - [2025-10-09T16:27:17.119+0000] {dag.py:3262} INFO - Creating ORM DAG for sqlite_example_dag
[2025-10-09T16:27:17.120+0000] {logging_mixin.py:190} INFO - [2025-10-09T16:27:17.120+0000] {dag.py:4180} INFO - Setting next_dagrun for sqlite_example_dag to None, run_after=None
[2025-10-09T16:27:17.156+0000] {processor.py:208} INFO - Processing /opt/airflow/dags/example_dag.py took 0.485 seconds
[2025-10-09T16:27:48.142+0000] {processor.py:186} INFO - Started process (PID=27) to work on /opt/airflow/dags/example_dag.py
[2025-10-09T16:27:48.143+0000] {processor.py:914} INFO - Processing file /opt/airflow/dags/example_dag.py for tasks to queue
[2025-10-09T16:27:48.145+0000] {logging_mixin.py:190} INFO - [2025-10-09T16:27:48.145+0000] {dagbag.py:588} INFO - Filling up the DagBag from /opt/airflow/dags/example_dag.py
[2025-10-09T16:27:48.164+0000] {processor.py:925} INFO - DAG(s) 'sqlite_example_dag' retrieved from /opt/airflow/dags/example_dag.py
[2025-10-09T16:27:48.197+0000] {logging_mixin.py:190} INFO - [2025-10-09T16:27:48.197+0000] {dag.py:3239} INFO - Sync 1 DAGs
[2025-10-09T16:27:48.220+0000] {logging_mixin.py:190} INFO - [2025-10-09T16:27:48.220+0000] {dag.py:4180} INFO - Setting next_dagrun for sqlite_example_dag to None, run_after=None
[2025-10-09T16:27:48.276+0000] {processor.py:208} INFO - Processing /opt/airflow/dags/example_dag.py took 0.139 seconds
[2025-10-09T16:28:18.729+0000] {processor.py:186} INFO - Started process (PID=28) to work on /opt/airflow/dags/example_dag.py
[2025-10-09T16:28:18.730+0000] {processor.py:914} INFO - Processing file /opt/airflow/dags/example_dag.py for tasks to queue
[2025-10-09T16:28:18.733+0000] {logging_mixin.py:190} INFO - [2025-10-09T16:28:18.733+0000] {dagbag.py:588} INFO - Filling up the DagBag from /opt/airflow/dags/example_dag.py
[2025-10-09T16:28:18.749+0000] {processor.py:925} INFO - DAG(s) 'sqlite_example_dag' retrieved from /opt/airflow/dags/example_dag.py
[2025-10-09T16:28:18.780+0000] {logging_mixin.py:190} INFO - [2025-10-09T16:28:18.779+0000] {dag.py:3239} INFO - Sync 1 DAGs
[2025-10-09T16:28:18.797+0000] {logging_mixin.py:190} INFO - [2025-10-09T16:28:18.797+0000] {dag.py:4180} INFO - Setting next_dagrun for sqlite_example_dag to None, run_after=None
[2025-10-09T16:28:18.851+0000] {processor.py:208} INFO - Processing /opt/airflow/dags/example_dag.py took 0.127 seconds
[2025-10-09T16:28:49.372+0000] {processor.py:186} INFO - Started process (PID=39) to work on /opt/airflow/dags/example_dag.py
[2025-10-09T16:28:49.373+0000] {processor.py:914} INFO - Processing file /opt/airflow/dags/example_dag.py for tasks to queue
[2025-10-09T16:28:49.376+0000] {logging_mixin.py:190} INFO - [2025-10-09T16:28:49.375+0000] {dagbag.py:588} INFO - Filling up the DagBag from /opt/airflow/dags/example_dag.py
[2025-10-09T16:28:49.390+0000] {processor.py:925} INFO - DAG(s) 'sqlite_example_dag' retrieved from /opt/airflow/dags/example_dag.py
[2025-10-09T16:28:49.415+0000] {logging_mixin.py:190} INFO - [2025-10-09T16:28:49.415+0000] {dag.py:3239} INFO - Sync 1 DAGs
[2025-10-09T16:28:49.427+0000] {logging_mixin.py:190} INFO - [2025-10-09T16:28:49.427+0000] {dag.py:4180} INFO - Setting next_dagrun for sqlite_example_dag to None, run_after=None
[2025-10-09T16:28:49.463+0000] {processor.py:208} INFO - Processing /opt/airflow/dags/example_dag.py took 0.095 seconds
[2025-10-09T16:29:19.965+0000] {processor.py:186} INFO - Started process (PID=40) to work on /opt/airflow/dags/example_dag.py
[2025-10-09T16:29:19.966+0000] {processor.py:914} INFO - Processing file /opt/airflow/dags/example_dag.py for tasks to queue
[2025-10-09T16:29:19.970+0000] {logging_mixin.py:190} INFO - [2025-10-09T16:29:19.968+0000] {dagbag.py:588} INFO - Filling up the DagBag from /opt/airflow/dags/example_dag.py
[2025-10-09T16:29:19.983+0000] {processor.py:925} INFO - DAG(s) 'sqlite_example_dag' retrieved from /opt/airflow/dags/example_dag.py
[2025-10-09T16:29:20.008+0000] {logging_mixin.py:190} INFO - [2025-10-09T16:29:20.008+0000] {dag.py:3239} INFO - Sync 1 DAGs
[2025-10-09T16:29:20.023+0000] {logging_mixin.py:190} INFO - [2025-10-09T16:29:20.023+0000] {dag.py:4180} INFO - Setting next_dagrun for sqlite_example_dag to None, run_after=None
[2025-10-09T16:29:20.077+0000] {processor.py:208} INFO - Processing /opt/airflow/dags/example_dag.py took 0.116 seconds
[2025-10-09T16:29:50.592+0000] {processor.py:186} INFO - Started process (PID=41) to work on /opt/airflow/dags/example_dag.py
[2025-10-09T16:29:50.592+0000] {processor.py:914} INFO - Processing file /opt/airflow/dags/example_dag.py for tasks to queue
[2025-10-09T16:29:50.595+0000] {logging_mixin.py:190} INFO - [2025-10-09T16:29:50.595+0000] {dagbag.py:588} INFO - Filling up the DagBag from /opt/airflow/dags/example_dag.py
[2025-10-09T16:29:50.610+0000] {processor.py:925} INFO - DAG(s) 'sqlite_example_dag' retrieved from /opt/airflow/dags/example_dag.py
[2025-10-09T16:29:50.633+0000] {logging_mixin.py:190} INFO - [2025-10-09T16:29:50.633+0000] {dag.py:3239} INFO - Sync 1 DAGs
[2025-10-09T16:29:50.646+0000] {logging_mixin.py:190} INFO - [2025-10-09T16:29:50.646+0000] {dag.py:4180} INFO - Setting next_dagrun for sqlite_example_dag to None, run_after=None
[2025-10-09T16:29:50.691+0000] {processor.py:208} INFO - Processing /opt/airflow/dags/example_dag.py took 0.104 seconds
[2025-10-09T16:30:21.215+0000] {processor.py:186} INFO - Started process (PID=42) to work on /opt/airflow/dags/example_dag.py
[2025-10-09T16:30:21.216+0000] {processor.py:914} INFO - Processing file /opt/airflow/dags/example_dag.py for tasks to queue
[2025-10-09T16:30:21.218+0000] {logging_mixin.py:190} INFO - [2025-10-09T16:30:21.217+0000] {dagbag.py:588} INFO - Filling up the DagBag from /opt/airflow/dags/example_dag.py
[2025-10-09T16:30:21.231+0000] {processor.py:925} INFO - DAG(s) 'sqlite_example_dag' retrieved from /opt/airflow/dags/example_dag.py
[2025-10-09T16:30:21.254+0000] {logging_mixin.py:190} INFO - [2025-10-09T16:30:21.254+0000] {dag.py:3239} INFO - Sync 1 DAGs
[2025-10-09T16:30:21.267+0000] {logging_mixin.py:190} INFO - [2025-10-09T16:30:21.267+0000] {dag.py:4180} INFO - Setting next_dagrun for sqlite_example_dag to None, run_after=None
[2025-10-09T16:30:21.311+0000] {processor.py:208} INFO - Processing /opt/airflow/dags/example_dag.py took 0.100 seconds
[2025-10-09T16:30:51.878+0000] {processor.py:186} INFO - Started process (PID=43) to work on /opt/airflow/dags/example_dag.py
[2025-10-09T16:30:51.879+0000] {processor.py:914} INFO - Processing file /opt/airflow/dags/example_dag.py for tasks to queue
[2025-10-09T16:30:51.881+0000] {logging_mixin.py:190} INFO - [2025-10-09T16:30:51.881+0000] {dagbag.py:588} INFO - Filling up the DagBag from /opt/airflow/dags/example_dag.py
[2025-10-09T16:30:51.895+0000] {processor.py:925} INFO - DAG(s) 'sqlite_example_dag' retrieved from /opt/airflow/dags/example_dag.py
[2025-10-09T16:30:51.948+0000] {logging_mixin.py:190} INFO - [2025-10-09T16:30:51.948+0000] {dag.py:3239} INFO - Sync 1 DAGs
[2025-10-09T16:30:51.975+0000] {logging_mixin.py:190} INFO - [2025-10-09T16:30:51.975+0000] {dag.py:4180} INFO - Setting next_dagrun for sqlite_example_dag to None, run_after=None
[2025-10-09T16:30:52.031+0000] {processor.py:208} INFO - Processing /opt/airflow/dags/example_dag.py took 0.157 seconds
[2025-10-09T16:31:22.505+0000] {processor.py:186} INFO - Started process (PID=44) to work on /opt/airflow/dags/example_dag.py
[2025-10-09T16:31:22.506+0000] {processor.py:914} INFO - Processing file /opt/airflow/dags/example_dag.py for tasks to queue
[2025-10-09T16:31:22.508+0000] {logging_mixin.py:190} INFO - [2025-10-09T16:31:22.508+0000] {dagbag.py:588} INFO - Filling up the DagBag from /opt/airflow/dags/example_dag.py
[2025-10-09T16:31:22.524+0000] {processor.py:925} INFO - DAG(s) 'sqlite_example_dag' retrieved from /opt/airflow/dags/example_dag.py
[2025-10-09T16:31:22.552+0000] {logging_mixin.py:190} INFO - [2025-10-09T16:31:22.552+0000] {dag.py:3239} INFO - Sync 1 DAGs
[2025-10-09T16:31:22.568+0000] {logging_mixin.py:190} INFO - [2025-10-09T16:31:22.568+0000] {dag.py:4180} INFO - Setting next_dagrun for sqlite_example_dag to None, run_after=None
[2025-10-09T16:31:22.633+0000] {processor.py:208} INFO - Processing /opt/airflow/dags/example_dag.py took 0.132 seconds
[2025-10-09T16:31:53.162+0000] {processor.py:186} INFO - Started process (PID=45) to work on /opt/airflow/dags/example_dag.py
[2025-10-09T16:31:53.163+0000] {processor.py:914} INFO - Processing file /opt/airflow/dags/example_dag.py for tasks to queue
[2025-10-09T16:31:53.165+0000] {logging_mixin.py:190} INFO - [2025-10-09T16:31:53.165+0000] {dagbag.py:588} INFO - Filling up the DagBag from /opt/airflow/dags/example_dag.py
[2025-10-09T16:31:53.180+0000] {processor.py:925} INFO - DAG(s) 'sqlite_example_dag' retrieved from /opt/airflow/dags/example_dag.py
[2025-10-09T16:31:53.203+0000] {logging_mixin.py:190} INFO - [2025-10-09T16:31:53.203+0000] {dag.py:3239} INFO - Sync 1 DAGs
[2025-10-09T16:31:53.219+0000] {logging_mixin.py:190} INFO - [2025-10-09T16:31:53.218+0000] {dag.py:4180} INFO - Setting next_dagrun for sqlite_example_dag to None, run_after=None
[2025-10-09T16:31:53.259+0000] {processor.py:208} INFO - Processing /opt/airflow/dags/example_dag.py took 0.101 seconds
[2025-10-09T16:32:23.916+0000] {processor.py:186} INFO - Started process (PID=46) to work on /opt/airflow/dags/example_dag.py
[2025-10-09T16:32:23.917+0000] {processor.py:914} INFO - Processing file /opt/airflow/dags/example_dag.py for tasks to queue
[2025-10-09T16:32:23.919+0000] {logging_mixin.py:190} INFO - [2025-10-09T16:32:23.919+0000] {dagbag.py:588} INFO - Filling up the DagBag from /opt/airflow/dags/example_dag.py
[2025-10-09T16:32:23.935+0000] {processor.py:925} INFO - DAG(s) 'sqlite_example_dag' retrieved from /opt/airflow/dags/example_dag.py
[2025-10-09T16:32:23.963+0000] {logging_mixin.py:190} INFO - [2025-10-09T16:32:23.963+0000] {dag.py:3239} INFO - Sync 1 DAGs
[2025-10-09T16:32:23.979+0000] {logging_mixin.py:190} INFO - [2025-10-09T16:32:23.979+0000] {dag.py:4180} INFO - Setting next_dagrun for sqlite_example_dag to None, run_after=None
[2025-10-09T16:32:24.036+0000] {processor.py:208} INFO - Processing /opt/airflow/dags/example_dag.py took 0.125 seconds
[2025-10-09T16:32:54.564+0000] {processor.py:186} INFO - Started process (PID=47) to work on /opt/airflow/dags/example_dag.py
[2025-10-09T16:32:54.565+0000] {processor.py:914} INFO - Processing file /opt/airflow/dags/example_dag.py for tasks to queue
[2025-10-09T16:32:54.567+0000] {logging_mixin.py:190} INFO - [2025-10-09T16:32:54.566+0000] {dagbag.py:588} INFO - Filling up the DagBag from /opt/airflow/dags/example_dag.py
[2025-10-09T16:32:54.580+0000] {processor.py:925} INFO - DAG(s) 'sqlite_example_dag' retrieved from /opt/airflow/dags/example_dag.py
[2025-10-09T16:32:54.606+0000] {logging_mixin.py:190} INFO - [2025-10-09T16:32:54.605+0000] {dag.py:3239} INFO - Sync 1 DAGs
[2025-10-09T16:32:54.620+0000] {logging_mixin.py:190} INFO - [2025-10-09T16:32:54.620+0000] {dag.py:4180} INFO - Setting next_dagrun for sqlite_example_dag to None, run_after=None
[2025-10-09T16:32:54.675+0000] {processor.py:208} INFO - Processing /opt/airflow/dags/example_dag.py took 0.116 seconds
[2025-10-09T16:33:25.192+0000] {processor.py:186} INFO - Started process (PID=48) to work on /opt/airflow/dags/example_dag.py
[2025-10-09T16:33:25.193+0000] {processor.py:914} INFO - Processing file /opt/airflow/dags/example_dag.py for tasks to queue
[2025-10-09T16:33:25.196+0000] {logging_mixin.py:190} INFO - [2025-10-09T16:33:25.196+0000] {dagbag.py:588} INFO - Filling up the DagBag from /opt/airflow/dags/example_dag.py
[2025-10-09T16:33:25.213+0000] {processor.py:925} INFO - DAG(s) 'sqlite_example_dag' retrieved from /opt/airflow/dags/example_dag.py
[2025-10-09T16:33:25.243+0000] {logging_mixin.py:190} INFO - [2025-10-09T16:33:25.243+0000] {dag.py:3239} INFO - Sync 1 DAGs
[2025-10-09T16:33:25.260+0000] {logging_mixin.py:190} INFO - [2025-10-09T16:33:25.260+0000] {dag.py:4180} INFO - Setting next_dagrun for sqlite_example_dag to None, run_after=None
[2025-10-09T16:33:25.311+0000] {processor.py:208} INFO - Processing /opt/airflow/dags/example_dag.py took 0.127 seconds
[2025-10-09T16:33:55.789+0000] {processor.py:186} INFO - Started process (PID=49) to work on /opt/airflow/dags/example_dag.py
[2025-10-09T16:33:55.790+0000] {processor.py:914} INFO - Processing file /opt/airflow/dags/example_dag.py for tasks to queue
[2025-10-09T16:33:55.792+0000] {logging_mixin.py:190} INFO - [2025-10-09T16:33:55.792+0000] {dagbag.py:588} INFO - Filling up the DagBag from /opt/airflow/dags/example_dag.py
[2025-10-09T16:33:55.807+0000] {processor.py:925} INFO - DAG(s) 'sqlite_example_dag' retrieved from /opt/airflow/dags/example_dag.py
[2025-10-09T16:33:55.830+0000] {logging_mixin.py:190} INFO - [2025-10-09T16:33:55.830+0000] {dag.py:3239} INFO - Sync 1 DAGs
[2025-10-09T16:33:55.843+0000] {logging_mixin.py:190} INFO - [2025-10-09T16:33:55.843+0000] {dag.py:4180} INFO - Setting next_dagrun for sqlite_example_dag to None, run_after=None
[2025-10-09T16:33:55.890+0000] {processor.py:208} INFO - Processing /opt/airflow/dags/example_dag.py took 0.105 seconds
[2025-10-09T16:34:26.370+0000] {processor.py:186} INFO - Started process (PID=50) to work on /opt/airflow/dags/example_dag.py
[2025-10-09T16:34:26.371+0000] {processor.py:914} INFO - Processing file /opt/airflow/dags/example_dag.py for tasks to queue
[2025-10-09T16:34:26.373+0000] {logging_mixin.py:190} INFO - [2025-10-09T16:34:26.373+0000] {dagbag.py:588} INFO - Filling up the DagBag from /opt/airflow/dags/example_dag.py
[2025-10-09T16:34:26.388+0000] {processor.py:925} INFO - DAG(s) 'sqlite_example_dag' retrieved from /opt/airflow/dags/example_dag.py
[2025-10-09T16:34:26.416+0000] {logging_mixin.py:190} INFO - [2025-10-09T16:34:26.416+0000] {dag.py:3239} INFO - Sync 1 DAGs
[2025-10-09T16:34:26.433+0000] {logging_mixin.py:190} INFO - [2025-10-09T16:34:26.433+0000] {dag.py:4180} INFO - Setting next_dagrun for sqlite_example_dag to None, run_after=None
[2025-10-09T16:34:26.504+0000] {processor.py:208} INFO - Processing /opt/airflow/dags/example_dag.py took 0.139 seconds
[2025-10-09T16:34:57.061+0000] {processor.py:186} INFO - Started process (PID=51) to work on /opt/airflow/dags/example_dag.py
[2025-10-09T16:34:57.062+0000] {processor.py:914} INFO - Processing file /opt/airflow/dags/example_dag.py for tasks to queue
[2025-10-09T16:34:57.064+0000] {logging_mixin.py:190} INFO - [2025-10-09T16:34:57.064+0000] {dagbag.py:588} INFO - Filling up the DagBag from /opt/airflow/dags/example_dag.py
[2025-10-09T16:34:57.077+0000] {processor.py:925} INFO - DAG(s) 'sqlite_example_dag' retrieved from /opt/airflow/dags/example_dag.py
[2025-10-09T16:34:57.105+0000] {logging_mixin.py:190} INFO - [2025-10-09T16:34:57.105+0000] {dag.py:3239} INFO - Sync 1 DAGs
[2025-10-09T16:34:57.121+0000] {logging_mixin.py:190} INFO - [2025-10-09T16:34:57.121+0000] {dag.py:4180} INFO - Setting next_dagrun for sqlite_example_dag to None, run_after=None
[2025-10-09T16:34:57.184+0000] {processor.py:208} INFO - Processing /opt/airflow/dags/example_dag.py took 0.127 seconds
[2025-10-09T16:35:27.724+0000] {processor.py:186} INFO - Started process (PID=52) to work on /opt/airflow/dags/example_dag.py
[2025-10-09T16:35:27.725+0000] {processor.py:914} INFO - Processing file /opt/airflow/dags/example_dag.py for tasks to queue
[2025-10-09T16:35:27.728+0000] {logging_mixin.py:190} INFO - [2025-10-09T16:35:27.727+0000] {dagbag.py:588} INFO - Filling up the DagBag from /opt/airflow/dags/example_dag.py
[2025-10-09T16:35:27.744+0000] {processor.py:925} INFO - DAG(s) 'sqlite_example_dag' retrieved from /opt/airflow/dags/example_dag.py
[2025-10-09T16:35:27.779+0000] {logging_mixin.py:190} INFO - [2025-10-09T16:35:27.779+0000] {dag.py:3239} INFO - Sync 1 DAGs
[2025-10-09T16:35:27.794+0000] {logging_mixin.py:190} INFO - [2025-10-09T16:35:27.794+0000] {dag.py:4180} INFO - Setting next_dagrun for sqlite_example_dag to None, run_after=None
[2025-10-09T16:35:27.848+0000] {processor.py:208} INFO - Processing /opt/airflow/dags/example_dag.py took 0.130 seconds
[2025-10-09T16:35:58.411+0000] {processor.py:186} INFO - Started process (PID=53) to work on /opt/airflow/dags/example_dag.py
[2025-10-09T16:35:58.412+0000] {processor.py:914} INFO - Processing file /opt/airflow/dags/example_dag.py for tasks to queue
[2025-10-09T16:35:58.414+0000] {logging_mixin.py:190} INFO - [2025-10-09T16:35:58.414+0000] {dagbag.py:588} INFO - Filling up the DagBag from /opt/airflow/dags/example_dag.py
[2025-10-09T16:35:58.429+0000] {processor.py:925} INFO - DAG(s) 'sqlite_example_dag' retrieved from /opt/airflow/dags/example_dag.py
[2025-10-09T16:35:58.453+0000] {logging_mixin.py:190} INFO - [2025-10-09T16:35:58.453+0000] {dag.py:3239} INFO - Sync 1 DAGs
[2025-10-09T16:35:58.467+0000] {logging_mixin.py:190} INFO - [2025-10-09T16:35:58.467+0000] {dag.py:4180} INFO - Setting next_dagrun for sqlite_example_dag to None, run_after=None
[2025-10-09T16:35:58.646+0000] {processor.py:208} INFO - Processing /opt/airflow/dags/example_dag.py took 0.240 seconds
[2025-10-09T16:48:31.887+0000] {processor.py:186} INFO - Started process (PID=46) to work on /opt/airflow/dags/example_dag.py
[2025-10-09T16:48:31.888+0000] {processor.py:914} INFO - Processing file /opt/airflow/dags/example_dag.py for tasks to queue
[2025-10-09T16:48:31.891+0000] {logging_mixin.py:190} INFO - [2025-10-09T16:48:31.891+0000] {dagbag.py:588} INFO - Filling up the DagBag from /opt/airflow/dags/example_dag.py
[2025-10-09T16:48:31.912+0000] {processor.py:925} INFO - DAG(s) 'sqlite_example_dag' retrieved from /opt/airflow/dags/example_dag.py
[2025-10-09T16:48:32.021+0000] {logging_mixin.py:190} INFO - [2025-10-09T16:48:32.020+0000] {override.py:1900} INFO - Created Permission View: can edit on DAG:sqlite_example_dag
[2025-10-09T16:48:32.034+0000] {logging_mixin.py:190} INFO - [2025-10-09T16:48:32.033+0000] {override.py:1900} INFO - Created Permission View: can read on DAG:sqlite_example_dag
[2025-10-09T16:48:32.044+0000] {logging_mixin.py:190} INFO - [2025-10-09T16:48:32.044+0000] {override.py:1900} INFO - Created Permission View: can delete on DAG:sqlite_example_dag
[2025-10-09T16:48:32.057+0000] {logging_mixin.py:190} INFO - [2025-10-09T16:48:32.057+0000] {override.py:1900} INFO - Created Permission View: menu access on DAG Run:sqlite_example_dag
[2025-10-09T16:48:32.065+0000] {logging_mixin.py:190} INFO - [2025-10-09T16:48:32.064+0000] {override.py:1900} INFO - Created Permission View: can create on DAG Run:sqlite_example_dag
[2025-10-09T16:48:32.072+0000] {logging_mixin.py:190} INFO - [2025-10-09T16:48:32.072+0000] {override.py:1900} INFO - Created Permission View: can read on DAG Run:sqlite_example_dag
[2025-10-09T16:48:32.079+0000] {logging_mixin.py:190} INFO - [2025-10-09T16:48:32.079+0000] {override.py:1900} INFO - Created Permission View: can delete on DAG Run:sqlite_example_dag
[2025-10-09T16:48:32.080+0000] {logging_mixin.py:190} INFO - [2025-10-09T16:48:32.080+0000] {dag.py:3239} INFO - Sync 1 DAGs
[2025-10-09T16:48:32.089+0000] {logging_mixin.py:190} INFO - [2025-10-09T16:48:32.089+0000] {dag.py:3262} INFO - Creating ORM DAG for sqlite_example_dag
[2025-10-09T16:48:32.090+0000] {logging_mixin.py:190} INFO - [2025-10-09T16:48:32.090+0000] {dag.py:4180} INFO - Setting next_dagrun for sqlite_example_dag to None, run_after=None
[2025-10-09T16:48:32.110+0000] {processor.py:208} INFO - Processing /opt/airflow/dags/example_dag.py took 0.228 seconds
[2025-10-09T16:49:03.112+0000] {processor.py:186} INFO - Started process (PID=58) to work on /opt/airflow/dags/example_dag.py
[2025-10-09T16:49:03.113+0000] {processor.py:914} INFO - Processing file /opt/airflow/dags/example_dag.py for tasks to queue
[2025-10-09T16:49:03.115+0000] {logging_mixin.py:190} INFO - [2025-10-09T16:49:03.115+0000] {dagbag.py:588} INFO - Filling up the DagBag from /opt/airflow/dags/example_dag.py
[2025-10-09T16:49:03.131+0000] {processor.py:925} INFO - DAG(s) 'sqlite_example_dag' retrieved from /opt/airflow/dags/example_dag.py
[2025-10-09T16:49:03.153+0000] {logging_mixin.py:190} INFO - [2025-10-09T16:49:03.153+0000] {dag.py:3239} INFO - Sync 1 DAGs
[2025-10-09T16:49:03.165+0000] {logging_mixin.py:190} INFO - [2025-10-09T16:49:03.164+0000] {dag.py:4180} INFO - Setting next_dagrun for sqlite_example_dag to None, run_after=None
[2025-10-09T16:49:03.185+0000] {processor.py:208} INFO - Processing /opt/airflow/dags/example_dag.py took 0.079 seconds
[2025-10-09T16:49:33.805+0000] {processor.py:186} INFO - Started process (PID=80) to work on /opt/airflow/dags/example_dag.py
[2025-10-09T16:49:33.806+0000] {processor.py:914} INFO - Processing file /opt/airflow/dags/example_dag.py for tasks to queue
[2025-10-09T16:49:33.809+0000] {logging_mixin.py:190} INFO - [2025-10-09T16:49:33.809+0000] {dagbag.py:588} INFO - Filling up the DagBag from /opt/airflow/dags/example_dag.py
[2025-10-09T16:49:33.828+0000] {processor.py:925} INFO - DAG(s) 'sqlite_example_dag' retrieved from /opt/airflow/dags/example_dag.py
[2025-10-09T16:49:33.849+0000] {logging_mixin.py:190} INFO - [2025-10-09T16:49:33.849+0000] {dag.py:3239} INFO - Sync 1 DAGs
[2025-10-09T16:49:33.861+0000] {logging_mixin.py:190} INFO - [2025-10-09T16:49:33.861+0000] {dag.py:4180} INFO - Setting next_dagrun for sqlite_example_dag to None, run_after=None
[2025-10-09T16:49:33.881+0000] {processor.py:208} INFO - Processing /opt/airflow/dags/example_dag.py took 0.081 seconds
[2025-10-09T16:50:04.197+0000] {processor.py:186} INFO - Started process (PID=81) to work on /opt/airflow/dags/example_dag.py
[2025-10-09T16:50:04.198+0000] {processor.py:914} INFO - Processing file /opt/airflow/dags/example_dag.py for tasks to queue
[2025-10-09T16:50:04.201+0000] {logging_mixin.py:190} INFO - [2025-10-09T16:50:04.200+0000] {dagbag.py:588} INFO - Filling up the DagBag from /opt/airflow/dags/example_dag.py
[2025-10-09T16:50:04.216+0000] {processor.py:925} INFO - DAG(s) 'sqlite_example_dag' retrieved from /opt/airflow/dags/example_dag.py
[2025-10-09T16:50:04.235+0000] {logging_mixin.py:190} INFO - [2025-10-09T16:50:04.234+0000] {dag.py:3239} INFO - Sync 1 DAGs
[2025-10-09T16:50:04.246+0000] {logging_mixin.py:190} INFO - [2025-10-09T16:50:04.245+0000] {dag.py:4180} INFO - Setting next_dagrun for sqlite_example_dag to None, run_after=None
[2025-10-09T16:50:04.276+0000] {processor.py:208} INFO - Processing /opt/airflow/dags/example_dag.py took 0.084 seconds
[2025-10-09T16:50:34.472+0000] {processor.py:186} INFO - Started process (PID=89) to work on /opt/airflow/dags/example_dag.py
[2025-10-09T16:50:34.473+0000] {processor.py:914} INFO - Processing file /opt/airflow/dags/example_dag.py for tasks to queue
[2025-10-09T16:50:34.476+0000] {logging_mixin.py:190} INFO - [2025-10-09T16:50:34.476+0000] {dagbag.py:588} INFO - Filling up the DagBag from /opt/airflow/dags/example_dag.py
[2025-10-09T16:50:34.492+0000] {processor.py:925} INFO - DAG(s) 'sqlite_example_dag' retrieved from /opt/airflow/dags/example_dag.py
[2025-10-09T16:50:34.512+0000] {logging_mixin.py:190} INFO - [2025-10-09T16:50:34.512+0000] {dag.py:3239} INFO - Sync 1 DAGs
[2025-10-09T16:50:34.524+0000] {logging_mixin.py:190} INFO - [2025-10-09T16:50:34.524+0000] {dag.py:4180} INFO - Setting next_dagrun for sqlite_example_dag to None, run_after=None
[2025-10-09T16:50:34.556+0000] {processor.py:208} INFO - Processing /opt/airflow/dags/example_dag.py took 0.090 seconds
