[2025-10-20T13:51:23.910+0000] {local_task_job_runner.py:123} INFO - ::group::Pre task execution logs
[2025-10-20T13:51:23.950+0000] {taskinstance.py:2612} INFO - Dependencies all met for dep_context=non-requeueable deps ti=<TaskInstance: Anomaly_Detection_Daily.calculate_forecast_range manual__2025-10-20T13:51:08.202586+00:00 [queued]>
[2025-10-20T13:51:23.976+0000] {taskinstance.py:2612} INFO - Dependencies all met for dep_context=requeueable deps ti=<TaskInstance: Anomaly_Detection_Daily.calculate_forecast_range manual__2025-10-20T13:51:08.202586+00:00 [queued]>
[2025-10-20T13:51:24.009+0000] {taskinstance.py:2865} INFO - Starting attempt 1 of 1
[2025-10-20T13:51:24.070+0000] {taskinstance.py:2888} INFO - Executing <Task(PythonOperator): calculate_forecast_range> on 2025-10-20 13:51:08.202586+00:00
[2025-10-20T13:51:24.081+0000] {logging_mixin.py:190} WARNING - /home/airflow/.local/lib/python3.12/site-packages/airflow/task/task_runner/standard_task_runner.py:70 DeprecationWarning: This process (pid=1075) is multi-threaded, use of fork() may lead to deadlocks in the child.
[2025-10-20T13:51:24.081+0000] {standard_task_runner.py:104} INFO - Running: ['airflow', 'tasks', 'run', 'Anomaly_Detection_Daily', 'calculate_forecast_range', 'manual__2025-10-20T13:51:08.202586+00:00', '--job-id', '95', '--raw', '--subdir', 'DAGS_FOLDER/anomaly_detection.py', '--cfg-path', '/tmp/tmp0vq6rd88']
[2025-10-20T13:51:24.083+0000] {standard_task_runner.py:72} INFO - Started process 1091 to run task
[2025-10-20T13:51:24.084+0000] {standard_task_runner.py:105} INFO - Job 95: Subtask calculate_forecast_range
[2025-10-20T13:51:24.166+0000] {logging_mixin.py:190} WARNING - /home/airflow/.local/lib/python3.12/site-packages/airflow/settings.py:209 DeprecationWarning: The sql_alchemy_conn option in [core] has been moved to the sql_alchemy_conn option in [database] - the old setting has been used, but please update your config.
[2025-10-20T13:51:24.324+0000] {task_command.py:467} INFO - Running <TaskInstance: Anomaly_Detection_Daily.calculate_forecast_range manual__2025-10-20T13:51:08.202586+00:00 [running]> on host 9a3624a83b26
[2025-10-20T13:51:24.540+0000] {taskinstance.py:3131} INFO - Exporting env vars: AIRFLOW_CTX_DAG_OWNER='airflow' AIRFLOW_CTX_DAG_ID='Anomaly_Detection_Daily' AIRFLOW_CTX_TASK_ID='calculate_forecast_range' AIRFLOW_CTX_EXECUTION_DATE='2025-10-20T13:51:08.202586+00:00' AIRFLOW_CTX_TRY_NUMBER='1' AIRFLOW_CTX_DAG_RUN_ID='manual__2025-10-20T13:51:08.202586+00:00'
[2025-10-20T13:51:24.542+0000] {taskinstance.py:731} INFO - ::endgroup::
[2025-10-20T13:52:32.334+0000] {logging_mixin.py:190} WARNING - /home/airflow/.local/lib/python3.12/site-packages/statsmodels/base/model.py:607 ConvergenceWarning: Maximum Likelihood optimization failed to converge. Check mle_retvals
[2025-10-20T13:53:07.717+0000] {logging_mixin.py:190} WARNING - /home/airflow/.local/lib/python3.12/site-packages/statsmodels/base/model.py:607 ConvergenceWarning: Maximum Likelihood optimization failed to converge. Check mle_retvals
[2025-10-20T13:53:08.341+0000] {logging_mixin.py:190} WARNING - /home/airflow/.local/lib/python3.12/site-packages/statsmodels/base/model.py:607 ConvergenceWarning: Maximum Likelihood optimization failed to converge. Check mle_retvals
[2025-10-20T13:53:37.698+0000] {python.py:240} INFO - Done. Returned value was: /tmp/results.pkl
[2025-10-20T13:53:37.762+0000] {taskinstance.py:340} INFO - ::group::Post task execution logs
[2025-10-20T13:53:37.762+0000] {taskinstance.py:352} INFO - Marking task as SUCCESS. dag_id=Anomaly_Detection_Daily, task_id=calculate_forecast_range, run_id=manual__2025-10-20T13:51:08.202586+00:00, execution_date=20251020T135108, start_date=20251020T135123, end_date=20251020T135337
[2025-10-20T13:53:37.805+0000] {local_task_job_runner.py:266} INFO - Task exited with return code 0
[2025-10-20T13:53:37.859+0000] {taskinstance.py:3900} INFO - 2 downstream tasks scheduled from follow-on schedule check
[2025-10-20T13:53:37.885+0000] {local_task_job_runner.py:245} INFO - ::endgroup::
