[2025-10-10T07:43:52.470+0000] {processor.py:186} INFO - Started process (PID=26) to work on /opt/airflow/dags/example_dag.py
[2025-10-10T07:43:52.471+0000] {processor.py:914} INFO - Processing file /opt/airflow/dags/example_dag.py for tasks to queue
[2025-10-10T07:43:52.474+0000] {logging_mixin.py:190} INFO - [2025-10-10T07:43:52.474+0000] {dagbag.py:588} INFO - Filling up the DagBag from /opt/airflow/dags/example_dag.py
[2025-10-10T07:43:52.504+0000] {processor.py:925} INFO - DAG(s) 'sqlite_example_dag' retrieved from /opt/airflow/dags/example_dag.py
[2025-10-10T07:43:52.746+0000] {logging_mixin.py:190} INFO - [2025-10-10T07:43:52.746+0000] {override.py:1900} INFO - Created Permission View: can read on DAG:sqlite_example_dag
[2025-10-10T07:43:52.769+0000] {logging_mixin.py:190} INFO - [2025-10-10T07:43:52.768+0000] {override.py:1900} INFO - Created Permission View: can delete on DAG:sqlite_example_dag
[2025-10-10T07:43:52.794+0000] {logging_mixin.py:190} INFO - [2025-10-10T07:43:52.793+0000] {override.py:1900} INFO - Created Permission View: can edit on DAG:sqlite_example_dag
[2025-10-10T07:43:52.827+0000] {logging_mixin.py:190} INFO - [2025-10-10T07:43:52.827+0000] {override.py:1900} INFO - Created Permission View: can read on DAG Run:sqlite_example_dag
[2025-10-10T07:43:52.851+0000] {logging_mixin.py:190} INFO - [2025-10-10T07:43:52.850+0000] {override.py:1900} INFO - Created Permission View: menu access on DAG Run:sqlite_example_dag
[2025-10-10T07:43:52.872+0000] {logging_mixin.py:190} INFO - [2025-10-10T07:43:52.872+0000] {override.py:1900} INFO - Created Permission View: can create on DAG Run:sqlite_example_dag
[2025-10-10T07:43:52.895+0000] {logging_mixin.py:190} INFO - [2025-10-10T07:43:52.894+0000] {override.py:1900} INFO - Created Permission View: can delete on DAG Run:sqlite_example_dag
[2025-10-10T07:43:52.895+0000] {logging_mixin.py:190} INFO - [2025-10-10T07:43:52.895+0000] {dag.py:3239} INFO - Sync 1 DAGs
[2025-10-10T07:43:52.911+0000] {logging_mixin.py:190} INFO - [2025-10-10T07:43:52.911+0000] {dag.py:3262} INFO - Creating ORM DAG for sqlite_example_dag
[2025-10-10T07:43:52.912+0000] {logging_mixin.py:190} INFO - [2025-10-10T07:43:52.912+0000] {dag.py:4180} INFO - Setting next_dagrun for sqlite_example_dag to None, run_after=None
[2025-10-10T07:43:52.956+0000] {processor.py:208} INFO - Processing /opt/airflow/dags/example_dag.py took 0.493 seconds
[2025-10-10T07:44:23.912+0000] {processor.py:186} INFO - Started process (PID=27) to work on /opt/airflow/dags/example_dag.py
[2025-10-10T07:44:23.913+0000] {processor.py:914} INFO - Processing file /opt/airflow/dags/example_dag.py for tasks to queue
[2025-10-10T07:44:23.916+0000] {logging_mixin.py:190} INFO - [2025-10-10T07:44:23.915+0000] {dagbag.py:588} INFO - Filling up the DagBag from /opt/airflow/dags/example_dag.py
[2025-10-10T07:44:23.931+0000] {processor.py:925} INFO - DAG(s) 'sqlite_example_dag' retrieved from /opt/airflow/dags/example_dag.py
[2025-10-10T07:44:23.961+0000] {logging_mixin.py:190} INFO - [2025-10-10T07:44:23.961+0000] {dag.py:3239} INFO - Sync 1 DAGs
[2025-10-10T07:44:23.979+0000] {logging_mixin.py:190} INFO - [2025-10-10T07:44:23.979+0000] {dag.py:4180} INFO - Setting next_dagrun for sqlite_example_dag to None, run_after=None
[2025-10-10T07:44:24.019+0000] {processor.py:208} INFO - Processing /opt/airflow/dags/example_dag.py took 0.112 seconds
[2025-10-10T07:44:54.551+0000] {processor.py:186} INFO - Started process (PID=28) to work on /opt/airflow/dags/example_dag.py
[2025-10-10T07:44:54.552+0000] {processor.py:914} INFO - Processing file /opt/airflow/dags/example_dag.py for tasks to queue
[2025-10-10T07:44:54.555+0000] {logging_mixin.py:190} INFO - [2025-10-10T07:44:54.554+0000] {dagbag.py:588} INFO - Filling up the DagBag from /opt/airflow/dags/example_dag.py
[2025-10-10T07:44:54.569+0000] {processor.py:925} INFO - DAG(s) 'sqlite_example_dag' retrieved from /opt/airflow/dags/example_dag.py
[2025-10-10T07:44:54.597+0000] {logging_mixin.py:190} INFO - [2025-10-10T07:44:54.597+0000] {dag.py:3239} INFO - Sync 1 DAGs
[2025-10-10T07:44:54.612+0000] {logging_mixin.py:190} INFO - [2025-10-10T07:44:54.612+0000] {dag.py:4180} INFO - Setting next_dagrun for sqlite_example_dag to None, run_after=None
[2025-10-10T07:44:54.685+0000] {processor.py:208} INFO - Processing /opt/airflow/dags/example_dag.py took 0.139 seconds
[2025-10-10T07:45:25.232+0000] {processor.py:186} INFO - Started process (PID=29) to work on /opt/airflow/dags/example_dag.py
[2025-10-10T07:45:25.233+0000] {processor.py:914} INFO - Processing file /opt/airflow/dags/example_dag.py for tasks to queue
[2025-10-10T07:45:25.236+0000] {logging_mixin.py:190} INFO - [2025-10-10T07:45:25.235+0000] {dagbag.py:588} INFO - Filling up the DagBag from /opt/airflow/dags/example_dag.py
[2025-10-10T07:45:25.251+0000] {processor.py:925} INFO - DAG(s) 'sqlite_example_dag' retrieved from /opt/airflow/dags/example_dag.py
[2025-10-10T07:45:25.281+0000] {logging_mixin.py:190} INFO - [2025-10-10T07:45:25.281+0000] {dag.py:3239} INFO - Sync 1 DAGs
[2025-10-10T07:45:25.294+0000] {logging_mixin.py:190} INFO - [2025-10-10T07:45:25.294+0000] {dag.py:4180} INFO - Setting next_dagrun for sqlite_example_dag to None, run_after=None
[2025-10-10T07:45:25.328+0000] {processor.py:208} INFO - Processing /opt/airflow/dags/example_dag.py took 0.101 seconds
[2025-10-10T07:45:55.944+0000] {processor.py:186} INFO - Started process (PID=30) to work on /opt/airflow/dags/example_dag.py
[2025-10-10T07:45:55.945+0000] {processor.py:914} INFO - Processing file /opt/airflow/dags/example_dag.py for tasks to queue
[2025-10-10T07:45:55.948+0000] {logging_mixin.py:190} INFO - [2025-10-10T07:45:55.948+0000] {dagbag.py:588} INFO - Filling up the DagBag from /opt/airflow/dags/example_dag.py
[2025-10-10T07:45:55.962+0000] {processor.py:925} INFO - DAG(s) 'sqlite_example_dag' retrieved from /opt/airflow/dags/example_dag.py
[2025-10-10T07:45:55.991+0000] {logging_mixin.py:190} INFO - [2025-10-10T07:45:55.991+0000] {dag.py:3239} INFO - Sync 1 DAGs
[2025-10-10T07:45:56.009+0000] {logging_mixin.py:190} INFO - [2025-10-10T07:45:56.009+0000] {dag.py:4180} INFO - Setting next_dagrun for sqlite_example_dag to None, run_after=None
[2025-10-10T07:45:56.063+0000] {processor.py:208} INFO - Processing /opt/airflow/dags/example_dag.py took 0.123 seconds
[2025-10-10T07:46:26.609+0000] {processor.py:186} INFO - Started process (PID=31) to work on /opt/airflow/dags/example_dag.py
[2025-10-10T07:46:26.610+0000] {processor.py:914} INFO - Processing file /opt/airflow/dags/example_dag.py for tasks to queue
[2025-10-10T07:46:26.612+0000] {logging_mixin.py:190} INFO - [2025-10-10T07:46:26.612+0000] {dagbag.py:588} INFO - Filling up the DagBag from /opt/airflow/dags/example_dag.py
[2025-10-10T07:46:26.625+0000] {processor.py:925} INFO - DAG(s) 'sqlite_example_dag' retrieved from /opt/airflow/dags/example_dag.py
[2025-10-10T07:46:26.648+0000] {logging_mixin.py:190} INFO - [2025-10-10T07:46:26.648+0000] {dag.py:3239} INFO - Sync 1 DAGs
[2025-10-10T07:46:26.663+0000] {logging_mixin.py:190} INFO - [2025-10-10T07:46:26.662+0000] {dag.py:4180} INFO - Setting next_dagrun for sqlite_example_dag to None, run_after=None
[2025-10-10T07:46:26.699+0000] {processor.py:208} INFO - Processing /opt/airflow/dags/example_dag.py took 0.095 seconds
[2025-10-10T07:46:57.135+0000] {processor.py:186} INFO - Started process (PID=32) to work on /opt/airflow/dags/example_dag.py
[2025-10-10T07:46:57.136+0000] {processor.py:914} INFO - Processing file /opt/airflow/dags/example_dag.py for tasks to queue
[2025-10-10T07:46:57.138+0000] {logging_mixin.py:190} INFO - [2025-10-10T07:46:57.138+0000] {dagbag.py:588} INFO - Filling up the DagBag from /opt/airflow/dags/example_dag.py
[2025-10-10T07:46:57.153+0000] {processor.py:925} INFO - DAG(s) 'sqlite_example_dag' retrieved from /opt/airflow/dags/example_dag.py
[2025-10-10T07:46:57.180+0000] {logging_mixin.py:190} INFO - [2025-10-10T07:46:57.180+0000] {dag.py:3239} INFO - Sync 1 DAGs
[2025-10-10T07:46:57.197+0000] {logging_mixin.py:190} INFO - [2025-10-10T07:46:57.197+0000] {dag.py:4180} INFO - Setting next_dagrun for sqlite_example_dag to None, run_after=None
[2025-10-10T07:46:57.252+0000] {processor.py:208} INFO - Processing /opt/airflow/dags/example_dag.py took 0.122 seconds
[2025-10-10T07:47:27.834+0000] {processor.py:186} INFO - Started process (PID=33) to work on /opt/airflow/dags/example_dag.py
[2025-10-10T07:47:27.835+0000] {processor.py:914} INFO - Processing file /opt/airflow/dags/example_dag.py for tasks to queue
[2025-10-10T07:47:27.837+0000] {logging_mixin.py:190} INFO - [2025-10-10T07:47:27.837+0000] {dagbag.py:588} INFO - Filling up the DagBag from /opt/airflow/dags/example_dag.py
[2025-10-10T07:47:27.851+0000] {processor.py:925} INFO - DAG(s) 'sqlite_example_dag' retrieved from /opt/airflow/dags/example_dag.py
[2025-10-10T07:47:27.874+0000] {logging_mixin.py:190} INFO - [2025-10-10T07:47:27.873+0000] {dag.py:3239} INFO - Sync 1 DAGs
[2025-10-10T07:47:27.886+0000] {logging_mixin.py:190} INFO - [2025-10-10T07:47:27.886+0000] {dag.py:4180} INFO - Setting next_dagrun for sqlite_example_dag to None, run_after=None
[2025-10-10T07:47:27.926+0000] {processor.py:208} INFO - Processing /opt/airflow/dags/example_dag.py took 0.097 seconds
[2025-10-10T07:47:58.520+0000] {processor.py:186} INFO - Started process (PID=34) to work on /opt/airflow/dags/example_dag.py
[2025-10-10T07:47:58.521+0000] {processor.py:914} INFO - Processing file /opt/airflow/dags/example_dag.py for tasks to queue
[2025-10-10T07:47:58.523+0000] {logging_mixin.py:190} INFO - [2025-10-10T07:47:58.523+0000] {dagbag.py:588} INFO - Filling up the DagBag from /opt/airflow/dags/example_dag.py
[2025-10-10T07:47:58.536+0000] {processor.py:925} INFO - DAG(s) 'sqlite_example_dag' retrieved from /opt/airflow/dags/example_dag.py
[2025-10-10T07:47:58.563+0000] {logging_mixin.py:190} INFO - [2025-10-10T07:47:58.563+0000] {dag.py:3239} INFO - Sync 1 DAGs
[2025-10-10T07:47:58.580+0000] {logging_mixin.py:190} INFO - [2025-10-10T07:47:58.580+0000] {dag.py:4180} INFO - Setting next_dagrun for sqlite_example_dag to None, run_after=None
[2025-10-10T07:47:58.629+0000] {processor.py:208} INFO - Processing /opt/airflow/dags/example_dag.py took 0.113 seconds
[2025-10-10T07:48:30.318+0000] {processor.py:186} INFO - Started process (PID=55) to work on /opt/airflow/dags/example_dag.py
[2025-10-10T07:48:30.319+0000] {processor.py:914} INFO - Processing file /opt/airflow/dags/example_dag.py for tasks to queue
[2025-10-10T07:48:30.321+0000] {logging_mixin.py:190} INFO - [2025-10-10T07:48:30.321+0000] {dagbag.py:588} INFO - Filling up the DagBag from /opt/airflow/dags/example_dag.py
[2025-10-10T07:48:30.334+0000] {processor.py:925} INFO - DAG(s) 'sqlite_example_dag' retrieved from /opt/airflow/dags/example_dag.py
[2025-10-10T07:48:30.357+0000] {logging_mixin.py:190} INFO - [2025-10-10T07:48:30.357+0000] {dag.py:3239} INFO - Sync 1 DAGs
[2025-10-10T07:48:30.372+0000] {logging_mixin.py:190} INFO - [2025-10-10T07:48:30.372+0000] {dag.py:4180} INFO - Setting next_dagrun for sqlite_example_dag to None, run_after=None
[2025-10-10T07:48:30.424+0000] {processor.py:208} INFO - Processing /opt/airflow/dags/example_dag.py took 0.110 seconds
[2025-10-10T07:49:00.811+0000] {processor.py:186} INFO - Started process (PID=56) to work on /opt/airflow/dags/example_dag.py
[2025-10-10T07:49:00.812+0000] {processor.py:914} INFO - Processing file /opt/airflow/dags/example_dag.py for tasks to queue
[2025-10-10T07:49:00.814+0000] {logging_mixin.py:190} INFO - [2025-10-10T07:49:00.813+0000] {dagbag.py:588} INFO - Filling up the DagBag from /opt/airflow/dags/example_dag.py
[2025-10-10T07:49:00.827+0000] {processor.py:925} INFO - DAG(s) 'sqlite_example_dag' retrieved from /opt/airflow/dags/example_dag.py
[2025-10-10T07:49:00.852+0000] {logging_mixin.py:190} INFO - [2025-10-10T07:49:00.851+0000] {dag.py:3239} INFO - Sync 1 DAGs
[2025-10-10T07:49:00.867+0000] {logging_mixin.py:190} INFO - [2025-10-10T07:49:00.867+0000] {dag.py:4180} INFO - Setting next_dagrun for sqlite_example_dag to None, run_after=None
[2025-10-10T07:49:00.923+0000] {processor.py:208} INFO - Processing /opt/airflow/dags/example_dag.py took 0.116 seconds
[2025-10-10T07:49:31.424+0000] {processor.py:186} INFO - Started process (PID=57) to work on /opt/airflow/dags/example_dag.py
[2025-10-10T07:49:31.425+0000] {processor.py:914} INFO - Processing file /opt/airflow/dags/example_dag.py for tasks to queue
[2025-10-10T07:49:31.427+0000] {logging_mixin.py:190} INFO - [2025-10-10T07:49:31.426+0000] {dagbag.py:588} INFO - Filling up the DagBag from /opt/airflow/dags/example_dag.py
[2025-10-10T07:49:31.440+0000] {processor.py:925} INFO - DAG(s) 'sqlite_example_dag' retrieved from /opt/airflow/dags/example_dag.py
[2025-10-10T07:49:31.463+0000] {logging_mixin.py:190} INFO - [2025-10-10T07:49:31.463+0000] {dag.py:3239} INFO - Sync 1 DAGs
[2025-10-10T07:49:31.476+0000] {logging_mixin.py:190} INFO - [2025-10-10T07:49:31.476+0000] {dag.py:4180} INFO - Setting next_dagrun for sqlite_example_dag to None, run_after=None
[2025-10-10T07:49:31.525+0000] {processor.py:208} INFO - Processing /opt/airflow/dags/example_dag.py took 0.105 seconds
[2025-10-10T07:50:02.025+0000] {processor.py:186} INFO - Started process (PID=58) to work on /opt/airflow/dags/example_dag.py
[2025-10-10T07:50:02.026+0000] {processor.py:914} INFO - Processing file /opt/airflow/dags/example_dag.py for tasks to queue
[2025-10-10T07:50:02.029+0000] {logging_mixin.py:190} INFO - [2025-10-10T07:50:02.028+0000] {dagbag.py:588} INFO - Filling up the DagBag from /opt/airflow/dags/example_dag.py
[2025-10-10T07:50:02.043+0000] {processor.py:925} INFO - DAG(s) 'sqlite_example_dag' retrieved from /opt/airflow/dags/example_dag.py
[2025-10-10T07:50:02.077+0000] {logging_mixin.py:190} INFO - [2025-10-10T07:50:02.077+0000] {dag.py:3239} INFO - Sync 1 DAGs
[2025-10-10T07:50:02.093+0000] {logging_mixin.py:190} INFO - [2025-10-10T07:50:02.092+0000] {dag.py:4180} INFO - Setting next_dagrun for sqlite_example_dag to None, run_after=None
[2025-10-10T07:50:02.143+0000] {processor.py:208} INFO - Processing /opt/airflow/dags/example_dag.py took 0.121 seconds
[2025-10-10T07:50:32.608+0000] {processor.py:186} INFO - Started process (PID=59) to work on /opt/airflow/dags/example_dag.py
[2025-10-10T07:50:32.609+0000] {processor.py:914} INFO - Processing file /opt/airflow/dags/example_dag.py for tasks to queue
[2025-10-10T07:50:32.611+0000] {logging_mixin.py:190} INFO - [2025-10-10T07:50:32.611+0000] {dagbag.py:588} INFO - Filling up the DagBag from /opt/airflow/dags/example_dag.py
[2025-10-10T07:50:32.624+0000] {processor.py:925} INFO - DAG(s) 'sqlite_example_dag' retrieved from /opt/airflow/dags/example_dag.py
[2025-10-10T07:50:32.648+0000] {logging_mixin.py:190} INFO - [2025-10-10T07:50:32.647+0000] {dag.py:3239} INFO - Sync 1 DAGs
[2025-10-10T07:50:32.662+0000] {logging_mixin.py:190} INFO - [2025-10-10T07:50:32.661+0000] {dag.py:4180} INFO - Setting next_dagrun for sqlite_example_dag to None, run_after=None
[2025-10-10T07:50:32.711+0000] {processor.py:208} INFO - Processing /opt/airflow/dags/example_dag.py took 0.108 seconds
[2025-10-10T08:00:48.832+0000] {processor.py:186} INFO - Started process (PID=26) to work on /opt/airflow/dags/example_dag.py
[2025-10-10T08:00:48.833+0000] {processor.py:914} INFO - Processing file /opt/airflow/dags/example_dag.py for tasks to queue
[2025-10-10T08:00:48.837+0000] {logging_mixin.py:190} INFO - [2025-10-10T08:00:48.837+0000] {dagbag.py:588} INFO - Filling up the DagBag from /opt/airflow/dags/example_dag.py
[2025-10-10T08:00:48.877+0000] {processor.py:925} INFO - DAG(s) 'sqlite_example_dag' retrieved from /opt/airflow/dags/example_dag.py
[2025-10-10T08:00:48.919+0000] {logging_mixin.py:190} INFO - [2025-10-10T08:00:48.918+0000] {dag.py:3239} INFO - Sync 1 DAGs
[2025-10-10T08:00:48.932+0000] {logging_mixin.py:190} INFO - [2025-10-10T08:00:48.931+0000] {dag.py:4180} INFO - Setting next_dagrun for sqlite_example_dag to None, run_after=None
[2025-10-10T08:00:48.970+0000] {processor.py:208} INFO - Processing /opt/airflow/dags/example_dag.py took 0.145 seconds
[2025-10-10T08:01:19.950+0000] {processor.py:186} INFO - Started process (PID=27) to work on /opt/airflow/dags/example_dag.py
[2025-10-10T08:01:19.951+0000] {processor.py:914} INFO - Processing file /opt/airflow/dags/example_dag.py for tasks to queue
[2025-10-10T08:01:19.954+0000] {logging_mixin.py:190} INFO - [2025-10-10T08:01:19.953+0000] {dagbag.py:588} INFO - Filling up the DagBag from /opt/airflow/dags/example_dag.py
[2025-10-10T08:01:19.970+0000] {processor.py:925} INFO - DAG(s) 'sqlite_example_dag' retrieved from /opt/airflow/dags/example_dag.py
[2025-10-10T08:01:19.997+0000] {logging_mixin.py:190} INFO - [2025-10-10T08:01:19.997+0000] {dag.py:3239} INFO - Sync 1 DAGs
[2025-10-10T08:01:20.012+0000] {logging_mixin.py:190} INFO - [2025-10-10T08:01:20.012+0000] {dag.py:4180} INFO - Setting next_dagrun for sqlite_example_dag to None, run_after=None
[2025-10-10T08:01:20.060+0000] {processor.py:208} INFO - Processing /opt/airflow/dags/example_dag.py took 0.115 seconds
[2025-10-10T08:01:51.045+0000] {processor.py:186} INFO - Started process (PID=48) to work on /opt/airflow/dags/example_dag.py
[2025-10-10T08:01:51.047+0000] {processor.py:914} INFO - Processing file /opt/airflow/dags/example_dag.py for tasks to queue
[2025-10-10T08:01:51.050+0000] {logging_mixin.py:190} INFO - [2025-10-10T08:01:51.049+0000] {dagbag.py:588} INFO - Filling up the DagBag from /opt/airflow/dags/example_dag.py
[2025-10-10T08:01:51.063+0000] {processor.py:925} INFO - DAG(s) 'sqlite_example_dag' retrieved from /opt/airflow/dags/example_dag.py
[2025-10-10T08:01:51.089+0000] {logging_mixin.py:190} INFO - [2025-10-10T08:01:51.088+0000] {dag.py:3239} INFO - Sync 1 DAGs
[2025-10-10T08:01:51.101+0000] {logging_mixin.py:190} INFO - [2025-10-10T08:01:51.101+0000] {dag.py:4180} INFO - Setting next_dagrun for sqlite_example_dag to None, run_after=None
[2025-10-10T08:01:51.147+0000] {processor.py:208} INFO - Processing /opt/airflow/dags/example_dag.py took 0.106 seconds
[2025-10-10T08:02:21.580+0000] {processor.py:186} INFO - Started process (PID=49) to work on /opt/airflow/dags/example_dag.py
[2025-10-10T08:02:21.581+0000] {processor.py:914} INFO - Processing file /opt/airflow/dags/example_dag.py for tasks to queue
[2025-10-10T08:02:21.583+0000] {logging_mixin.py:190} INFO - [2025-10-10T08:02:21.582+0000] {dagbag.py:588} INFO - Filling up the DagBag from /opt/airflow/dags/example_dag.py
[2025-10-10T08:02:21.595+0000] {processor.py:925} INFO - DAG(s) 'sqlite_example_dag' retrieved from /opt/airflow/dags/example_dag.py
[2025-10-10T08:02:21.624+0000] {logging_mixin.py:190} INFO - [2025-10-10T08:02:21.623+0000] {dag.py:3239} INFO - Sync 1 DAGs
[2025-10-10T08:02:21.640+0000] {logging_mixin.py:190} INFO - [2025-10-10T08:02:21.640+0000] {dag.py:4180} INFO - Setting next_dagrun for sqlite_example_dag to None, run_after=None
[2025-10-10T08:02:21.704+0000] {processor.py:208} INFO - Processing /opt/airflow/dags/example_dag.py took 0.129 seconds
[2025-10-10T08:02:52.135+0000] {processor.py:186} INFO - Started process (PID=50) to work on /opt/airflow/dags/example_dag.py
[2025-10-10T08:02:52.136+0000] {processor.py:914} INFO - Processing file /opt/airflow/dags/example_dag.py for tasks to queue
[2025-10-10T08:02:52.138+0000] {logging_mixin.py:190} INFO - [2025-10-10T08:02:52.137+0000] {dagbag.py:588} INFO - Filling up the DagBag from /opt/airflow/dags/example_dag.py
[2025-10-10T08:02:52.153+0000] {processor.py:925} INFO - DAG(s) 'sqlite_example_dag' retrieved from /opt/airflow/dags/example_dag.py
[2025-10-10T08:02:52.192+0000] {logging_mixin.py:190} INFO - [2025-10-10T08:02:52.192+0000] {dag.py:3239} INFO - Sync 1 DAGs
[2025-10-10T08:02:52.209+0000] {logging_mixin.py:190} INFO - [2025-10-10T08:02:52.209+0000] {dag.py:4180} INFO - Setting next_dagrun for sqlite_example_dag to None, run_after=None
[2025-10-10T08:02:52.274+0000] {processor.py:208} INFO - Processing /opt/airflow/dags/example_dag.py took 0.143 seconds
[2025-10-10T08:03:22.633+0000] {processor.py:186} INFO - Started process (PID=51) to work on /opt/airflow/dags/example_dag.py
[2025-10-10T08:03:22.634+0000] {processor.py:914} INFO - Processing file /opt/airflow/dags/example_dag.py for tasks to queue
[2025-10-10T08:03:22.637+0000] {logging_mixin.py:190} INFO - [2025-10-10T08:03:22.636+0000] {dagbag.py:588} INFO - Filling up the DagBag from /opt/airflow/dags/example_dag.py
[2025-10-10T08:03:22.650+0000] {processor.py:925} INFO - DAG(s) 'sqlite_example_dag' retrieved from /opt/airflow/dags/example_dag.py
[2025-10-10T08:03:22.674+0000] {logging_mixin.py:190} INFO - [2025-10-10T08:03:22.674+0000] {dag.py:3239} INFO - Sync 1 DAGs
[2025-10-10T08:03:22.689+0000] {logging_mixin.py:190} INFO - [2025-10-10T08:03:22.689+0000] {dag.py:4180} INFO - Setting next_dagrun for sqlite_example_dag to None, run_after=None
[2025-10-10T08:03:22.741+0000] {processor.py:208} INFO - Processing /opt/airflow/dags/example_dag.py took 0.112 seconds
[2025-10-10T08:04:10.837+0000] {processor.py:186} INFO - Started process (PID=26) to work on /opt/airflow/dags/example_dag.py
[2025-10-10T08:04:10.838+0000] {processor.py:914} INFO - Processing file /opt/airflow/dags/example_dag.py for tasks to queue
[2025-10-10T08:04:10.841+0000] {logging_mixin.py:190} INFO - [2025-10-10T08:04:10.840+0000] {dagbag.py:588} INFO - Filling up the DagBag from /opt/airflow/dags/example_dag.py
[2025-10-10T08:04:10.862+0000] {processor.py:925} INFO - DAG(s) 'sqlite_example_dag' retrieved from /opt/airflow/dags/example_dag.py
[2025-10-10T08:04:10.899+0000] {logging_mixin.py:190} INFO - [2025-10-10T08:04:10.899+0000] {dag.py:3239} INFO - Sync 1 DAGs
[2025-10-10T08:04:10.911+0000] {logging_mixin.py:190} INFO - [2025-10-10T08:04:10.911+0000] {dag.py:4180} INFO - Setting next_dagrun for sqlite_example_dag to None, run_after=None
[2025-10-10T08:04:10.957+0000] {processor.py:208} INFO - Processing /opt/airflow/dags/example_dag.py took 0.125 seconds
[2025-10-10T08:04:41.116+0000] {processor.py:186} INFO - Started process (PID=27) to work on /opt/airflow/dags/example_dag.py
[2025-10-10T08:04:41.117+0000] {processor.py:914} INFO - Processing file /opt/airflow/dags/example_dag.py for tasks to queue
[2025-10-10T08:04:41.119+0000] {logging_mixin.py:190} INFO - [2025-10-10T08:04:41.119+0000] {dagbag.py:588} INFO - Filling up the DagBag from /opt/airflow/dags/example_dag.py
[2025-10-10T08:04:41.134+0000] {processor.py:925} INFO - DAG(s) 'sqlite_example_dag' retrieved from /opt/airflow/dags/example_dag.py
[2025-10-10T08:04:41.163+0000] {logging_mixin.py:190} INFO - [2025-10-10T08:04:41.162+0000] {dag.py:3239} INFO - Sync 1 DAGs
[2025-10-10T08:04:41.209+0000] {logging_mixin.py:190} INFO - [2025-10-10T08:04:41.209+0000] {dag.py:4180} INFO - Setting next_dagrun for sqlite_example_dag to None, run_after=None
[2025-10-10T08:04:41.260+0000] {processor.py:208} INFO - Processing /opt/airflow/dags/example_dag.py took 0.149 seconds
[2025-10-10T08:05:11.949+0000] {processor.py:186} INFO - Started process (PID=48) to work on /opt/airflow/dags/example_dag.py
[2025-10-10T08:05:11.950+0000] {processor.py:914} INFO - Processing file /opt/airflow/dags/example_dag.py for tasks to queue
[2025-10-10T08:05:11.953+0000] {logging_mixin.py:190} INFO - [2025-10-10T08:05:11.952+0000] {dagbag.py:588} INFO - Filling up the DagBag from /opt/airflow/dags/example_dag.py
[2025-10-10T08:05:11.969+0000] {processor.py:925} INFO - DAG(s) 'sqlite_example_dag' retrieved from /opt/airflow/dags/example_dag.py
[2025-10-10T08:05:12.002+0000] {logging_mixin.py:190} INFO - [2025-10-10T08:05:12.002+0000] {dag.py:3239} INFO - Sync 1 DAGs
[2025-10-10T08:05:12.017+0000] {logging_mixin.py:190} INFO - [2025-10-10T08:05:12.017+0000] {dag.py:4180} INFO - Setting next_dagrun for sqlite_example_dag to None, run_after=None
[2025-10-10T08:05:12.068+0000] {processor.py:208} INFO - Processing /opt/airflow/dags/example_dag.py took 0.124 seconds
